!SESSION 2022-11-04 09:48:23.122 -----------------------------------------------
eclipse.buildId=unknown
java.version=1.8.0_341
java.vendor=Oracle Corporation
BootLoader constants: OS=win32, ARCH=x86_64, WS=win32, NL=es_ES

!ENTRY es.capgemini.practicas.sb.tienda.service 4 0 2022-11-04 09:48:23.122
!MESSAGE [Refresh Thread: Equinox Container: dc1283ed-45bb-4926-b6b3-74e2c15bdc92] Invocation of 'start' failed.
!STACK 0
java.lang.IndexOutOfBoundsException: Index: 0, Size: 0
	at java.util.ArrayList.rangeCheck(ArrayList.java:659)
	at java.util.ArrayList.get(ArrayList.java:435)
	at java.util.Collections$UnmodifiableList.get(Collections.java:1311)
	at com.liferay.portal.service.impl.ServiceComponentLocalServiceImpl.initServiceComponent(ServiceComponentLocalServiceImpl.java:153)
	at sun.reflect.GeneratedMethodAccessor132.invoke(Unknown Source)
	at sun.reflect.DelegatingMethodAccessorImpl.invoke(DelegatingMethodAccessorImpl.java:43)
	at java.lang.reflect.Method.invoke(Method.java:498)
	at com.liferay.portal.spring.aop.AopMethodInvocationImpl.proceed(AopMethodInvocationImpl.java:50)
	at com.liferay.portal.spring.transaction.TransactionInterceptor.invoke(TransactionInterceptor.java:69)
	at com.liferay.portal.spring.aop.AopMethodInvocationImpl.proceed(AopMethodInvocationImpl.java:57)
	at com.liferay.change.tracking.internal.aop.CTTransactionAdvice.invoke(CTTransactionAdvice.java:79)
	at com.liferay.portal.spring.aop.AopMethodInvocationImpl.proceed(AopMethodInvocationImpl.java:57)
	at com.liferay.portal.spring.aop.AopInvocationHandler.invoke(AopInvocationHandler.java:49)
	at com.sun.proxy.$Proxy253.initServiceComponent(Unknown Source)
	at com.liferay.portal.spring.extender.internal.configuration.ServiceConfigurationInitializer._initServiceComponent(ServiceConfigurationInitializer.java:99)
	at com.liferay.portal.spring.extender.internal.configuration.ServiceConfigurationInitializer.start(ServiceConfigurationInitializer.java:61)
	at sun.reflect.GeneratedMethodAccessor131.invoke(Unknown Source)
	at sun.reflect.DelegatingMethodAccessorImpl.invoke(DelegatingMethodAccessorImpl.java:43)
	at java.lang.reflect.Method.invoke(Method.java:498)
	at org.apache.felix.dm.impl.InvocationUtil.invokeMethod(InvocationUtil.java:157)
	at org.apache.felix.dm.impl.InvocationUtil.invokeCallbackMethod(InvocationUtil.java:112)
	at org.apache.felix.dm.impl.ComponentImpl.invokeCallbackMethod(ComponentImpl.java:638)
	at org.apache.felix.dm.impl.ComponentImpl.invoke(ComponentImpl.java:1783)
	at org.apache.felix.dm.impl.ComponentImpl.invokeStart(ComponentImpl.java:1281)
	at org.apache.felix.dm.impl.ComponentImpl.performTransition(ComponentImpl.java:1232)
	at org.apache.felix.dm.impl.ComponentImpl.handleChange(ComponentImpl.java:1166)
	at org.apache.felix.dm.impl.ComponentImpl.lambda$start$2(ComponentImpl.java:502)
	at org.apache.felix.dm.impl.SerialExecutor.runTask(SerialExecutor.java:138)
	at org.apache.felix.dm.impl.SerialExecutor.runTasks(SerialExecutor.java:120)
	at org.apache.felix.dm.impl.SerialExecutor.execute(SerialExecutor.java:86)
	at org.apache.felix.dm.impl.SerialExecutor.execute(SerialExecutor.java:105)
	at org.apache.felix.dm.impl.ComponentImpl.start(ComponentImpl.java:500)
	at org.apache.felix.dm.impl.ComponentScheduler.add(ComponentScheduler.java:69)
	at org.apache.felix.dm.DependencyManager.add(DependencyManager.java:141)
	at com.liferay.portal.spring.extender.internal.configuration.ServiceConfigurationExtender$ServiceConfigurationExtension.start(ServiceConfigurationExtender.java:111)
	at com.liferay.portal.spring.extender.internal.configuration.ServiceConfigurationExtender.addingBundle(ServiceConfigurationExtender.java:85)
	at com.liferay.portal.spring.extender.internal.configuration.ServiceConfigurationExtender.addingBundle(ServiceConfigurationExtender.java:46)
	at org.osgi.util.tracker.BundleTracker$Tracked.customizerAdding(BundleTracker.java:475)
	at org.osgi.util.tracker.BundleTracker$Tracked.customizerAdding(BundleTracker.java:1)
	at org.osgi.util.tracker.AbstractTracked.trackAdding(AbstractTracked.java:256)
	at org.osgi.util.tracker.AbstractTracked.track(AbstractTracked.java:229)
	at org.osgi.util.tracker.BundleTracker$Tracked.bundleChanged(BundleTracker.java:450)
	at org.eclipse.osgi.internal.framework.BundleContextImpl.dispatchEvent(BundleContextImpl.java:908)
	at org.eclipse.osgi.framework.eventmgr.EventManager.dispatchEvent(EventManager.java:230)
	at org.eclipse.osgi.framework.eventmgr.ListenerQueue.dispatchEventSynchronous(ListenerQueue.java:148)
	at org.eclipse.osgi.internal.framework.EquinoxEventPublisher.publishBundleEventPrivileged(EquinoxEventPublisher.java:230)
	at org.eclipse.osgi.internal.framework.EquinoxEventPublisher.publishBundleEvent(EquinoxEventPublisher.java:137)
	at org.eclipse.osgi.internal.framework.EquinoxEventPublisher.publishBundleEvent(EquinoxEventPublisher.java:129)
	at org.eclipse.osgi.internal.framework.EquinoxContainerAdaptor.publishModuleEvent(EquinoxContainerAdaptor.java:191)
	at org.eclipse.osgi.container.Module.publishEvent(Module.java:476)
	at org.eclipse.osgi.container.Module.doStart(Module.java:578)
	at org.eclipse.osgi.container.Module.start(Module.java:449)
	at org.eclipse.osgi.framework.util.SecureAction.start(SecureAction.java:468)
	at org.eclipse.osgi.container.ModuleContainer.start(ModuleContainer.java:777)
	at org.eclipse.osgi.container.ModuleContainer.applyDelta(ModuleContainer.java:768)
	at org.eclipse.osgi.container.ModuleContainer.resolveAndApply(ModuleContainer.java:538)
	at org.eclipse.osgi.container.ModuleContainer.resolve(ModuleContainer.java:484)
	at org.eclipse.osgi.container.ModuleContainer.refresh(ModuleContainer.java:1028)
	at org.eclipse.osgi.container.ModuleContainer$ContainerWiring.dispatchEvent(ModuleContainer.java:1409)
	at org.eclipse.osgi.container.ModuleContainer$ContainerWiring.dispatchEvent(ModuleContainer.java:1)
	at org.eclipse.osgi.framework.eventmgr.EventManager.dispatchEvent(EventManager.java:230)
	at org.eclipse.osgi.framework.eventmgr.EventManager$EventThread.run(EventManager.java:340)
