2022-12-01 08:41:51.310 INFO  [main][PortalContextLoaderListener:123] JVM arguments: -XX:MaxMetaspaceSize=768m -XX:MetaspaceSize=768m -Dcatalina.base=C:/Entornos/Entornos-7.4-local/liferay-ce-portal-7.4.3.44-ga44/tomcat-9.0.56 -Dcatalina.home=C:/Entornos/Entornos-7.4-local/liferay-ce-portal-7.4.3.44-ga44/tomcat-9.0.56 -Djdk.tls.ephemeralDHKeySize=2048 -Djava.protocol.handler.pkgs=org.apache.catalina.webresources -Dorg.apache.catalina.security.SecurityListener.UMASK=0027 -Dcom.sun.management.jmxremote -Dcom.sun.management.jmxremote.authenticate=false -Dcom.sun.management.jmxremote.port=8099 -Dcom.sun.management.jmxremote.ssl=false -Dfile.encoding=UTF8 -Djava.endorsed.dirs=C:/Entornos/Entornos-7.4-local/liferay-ce-portal-7.4.3.44-ga44/tomcat-9.0.56/endorsed -Djava.io.tmpdir=C:/Entornos/Entornos-7.4-local/liferay-ce-portal-7.4.3.44-ga44/tomcat-9.0.56/temp -Djava.net.preferIPv4Stack=true -Djava.util.logging.config.file=C:/Entornos/Entornos-7.4-local/liferay-ce-portal-7.4.3.44-ga44/tomcat-9.0.56/conf/logging.properties -Djava.util.logging.manager=org.apache.juli.ClassLoaderLogManager -Dorg.apache.catalina.loader.WebappClassLoader.ENABLE_CLEAR_REFERENCES=false -Duser.timezone=GMT -Xmx2560m
2022-12-01 08:41:54.573 INFO  [main][DialectDetector:153] Using dialect com.liferay.portal.dao.orm.hibernate.MariaDBDialect for MariaDB 10.11
2022-12-01 08:41:56.770 INFO  [main][ModuleFrameworkImpl:1279] Starting initial bundles
2022-12-01 08:41:57.217 INFO  [ModuleFramework-Static-Bundles-4][InterpolationConfigurationPlugin:109] Configured directory for secrets: C:/Entornos/Entornos-7.4-local/liferay-ce-portal-7.4.3.44-ga44/osgi/configs
2022-12-01 08:41:58.949 INFO  [main][ModuleFrameworkImpl:1576] Started initial bundles
2022-12-01 08:41:58.949 INFO  [main][ModuleFrameworkImpl:1625] Starting dynamic bundles
2022-12-01 08:42:13.040 INFO  [main][ModuleFrameworkImpl:1647] Started dynamic bundles
2022-12-01 08:42:13.040 INFO  [main][ModuleFrameworkImpl:1654] Starting web bundles
2022-12-01 08:42:15.085 INFO  [main][ModuleFrameworkImpl:1708] Started web bundles
2022-12-01 08:42:15.086 INFO  [main][ModuleFrameworkImpl:278] Navigate to Control Panel > System > Gogo Shell and enter "lb" to see all bundles
2022-12-01 08:42:15.095 INFO  [main][LoggingTimer:83] Starting com.liferay.portal.verify.VerifyProperties#verifySystemProperties
2022-12-01 08:42:15.095 INFO  [main][LoggingTimer:44] Completed com.liferay.portal.verify.VerifyProperties#verifySystemProperties in 0 ms
2022-12-01 08:42:15.096 INFO  [main][LoggingTimer:83] Starting com.liferay.portal.verify.VerifyProperties#verifyPortalProperties
2022-12-01 08:42:15.106 INFO  [main][LoggingTimer:44] Completed com.liferay.portal.verify.VerifyProperties#verifyPortalProperties in 10 ms
2022-12-01 08:42:15.107 INFO  [main][LoggingTimer:83] Starting com.liferay.portal.verify.VerifyProperties#verifyDocumentLibrary
2022-12-01 08:42:15.107 INFO  [main][LoggingTimer:44] Completed com.liferay.portal.verify.VerifyProperties#verifyDocumentLibrary in 0 ms
2022-12-01 08:42:15.453 INFO  [main][LoggingTimer:83] Starting com.liferay.portal.events.StartupHelperUtil#initResourceActions
2022-12-01 08:42:15.505 INFO  [main][LoggingTimer:44] Completed com.liferay.portal.events.StartupHelperUtil#initResourceActions in 52 ms
2022-12-01 08:42:17.800 WARN  [main][SidecarManager:103] Liferay automatically starts a child process of Elasticsearch named sidecar for convenient development and demonstration purposes. Do NOT use sidecar in production. Refer to the documentation for details on the limitations of sidecar and instructions on configuring a remote Elasticsearch connection in the Control Panel.
2022-12-01 08:42:43.052 INFO  [main][Sidecar:119] Sidecar Elasticsearch liferay started at 127.0.0.1:9201
2022-12-01 08:42:47.872 INFO  [main][StartupHelperUtil:86] There are no patches installed
2022-12-01 08:42:47.890 INFO  [main][LoggingTimer:83] Starting com.liferay.portal.events.StartupHelperUtil#initResourceActions
2022-12-01 08:42:47.921 INFO  [main][LoggingTimer:44] Completed com.liferay.portal.events.StartupHelperUtil#initResourceActions in 31 ms
2022-12-01 08:42:48.443 INFO  [main][AutoDeployDir:176] Auto deploy scanner started for C:\Entornos\Entornos-7.4-local\liferay-ce-portal-7.4.3.44-ga44\deploy
2022-12-01 08:43:13.057 INFO  [com.liferay.portal.osgi.web.wab.extender.internal.WabFactory-BundleTrackerOpener][ThemeHotDeployListener:108] 1 theme for speedwell-theme is available for use
2022-12-01 08:43:13.180 INFO  [com.liferay.portal.osgi.web.wab.extender.internal.WabFactory-BundleTrackerOpener][ThemeHotDeployListener:108] 1 theme for minium-theme is available for use
2022-12-01 08:43:13.281 INFO  [com.liferay.portal.osgi.web.wab.extender.internal.WabFactory-BundleTrackerOpener][ThemeHotDeployListener:108] 1 theme for dialect-theme is available for use
2022-12-01 08:43:13.373 INFO  [com.liferay.portal.osgi.web.wab.extender.internal.WabFactory-BundleTrackerOpener][ThemeHotDeployListener:108] 1 theme for classic-theme is available for use
2022-12-01 08:43:13.473 INFO  [com.liferay.portal.osgi.web.wab.extender.internal.WabFactory-BundleTrackerOpener][ThemeHotDeployListener:108] 1 theme for admin-theme is available for use
2022-12-01 08:43:13.578 INFO  [com.liferay.portal.osgi.web.wab.extender.internal.WabFactory-BundleTrackerOpener][ThemeHotDeployListener:108] 1 theme for practica-theme is available for use
2022-12-01 08:43:13.684 INFO  [com.liferay.portal.osgi.web.wab.extender.internal.WabFactory-BundleTrackerOpener][ThemeHotDeployListener:108] 1 theme for wecanbs-theme is available for use
2022-12-01 09:07:41.243 INFO  [fileinstall-directory-watcher][BundleStartStopLogger:80] STOPPED es.capgemini.proyecto.pedidoform.portlet_1.0.0 [1598]
2022-12-01 09:07:41.496 INFO  [Refresh Thread: Equinox Container: 84bfd615-804b-4f75-8b87-4f1d9408dbae][BundleStartStopLogger:77] STARTED es.capgemini.proyecto.pedidoform.portlet_1.0.0 [1598]
2022-12-01 09:23:39.953 INFO  [fileinstall-directory-watcher][BundleStartStopLogger:80] STOPPED es.capgemini.proyecto.pedidoform.portlet_1.0.0 [1598]
2022-12-01 09:23:40.141 INFO  [Refresh Thread: Equinox Container: 84bfd615-804b-4f75-8b87-4f1d9408dbae][BundleStartStopLogger:77] STARTED es.capgemini.proyecto.pedidoform.portlet_1.0.0 [1598]
2022-12-01 09:51:20.371 INFO  [fileinstall-directory-watcher][BundleStartStopLogger:80] STOPPED es.capgemini.proyecto.pedidoform.portlet_1.0.0 [1598]
2022-12-01 09:51:20.551 INFO  [Refresh Thread: Equinox Container: 84bfd615-804b-4f75-8b87-4f1d9408dbae][BundleStartStopLogger:77] STARTED es.capgemini.proyecto.pedidoform.portlet_1.0.0 [1598]
2022-12-01 09:54:22.298 INFO  [fileinstall-directory-watcher][BundleStartStopLogger:80] STOPPED es.capgemini.proyecto.pedidoform.portlet_1.0.0 [1598]
2022-12-01 09:54:22.461 INFO  [Refresh Thread: Equinox Container: 84bfd615-804b-4f75-8b87-4f1d9408dbae][BundleStartStopLogger:77] STARTED es.capgemini.proyecto.pedidoform.portlet_1.0.0 [1598]
2022-12-01 16:22:04.183 INFO  [main][ThemeHotDeployListener:171] 1 theme for wecanbs-theme was unregistered
2022-12-01 16:22:04.229 INFO  [main][ThemeHotDeployListener:171] 1 theme for practica-theme was unregistered
2022-12-01 16:22:04.246 INFO  [main][ThemeHotDeployListener:171] 1 theme for admin-theme was unregistered
2022-12-01 16:22:04.270 INFO  [main][ThemeHotDeployListener:171] 1 theme for classic-theme was unregistered
2022-12-01 16:22:04.287 INFO  [main][ThemeHotDeployListener:171] 1 theme for dialect-theme was unregistered
2022-12-01 16:22:04.304 INFO  [main][ThemeHotDeployListener:171] 1 theme for minium-theme was unregistered
2022-12-01 16:22:04.321 INFO  [main][ThemeHotDeployListener:171] 1 theme for speedwell-theme was unregistered
