2022-10-04 06:54:03.558 INFO  [main][PortalContextLoaderListener:123] JVM arguments: -Djava.util.logging.config.file=C:\Entornos\Entornos-7.4-local\liferay-ce-portal-7.4.3.44-ga44\tomcat-9.0.56\conf\logging.properties -Djava.util.logging.manager=org.apache.juli.ClassLoaderLogManager -Djdk.tls.ephemeralDHKeySize=2048 -Djava.protocol.handler.pkgs=org.apache.catalina.webresources -Dfile.encoding=UTF-8 -Djava.locale.providers=JRE,COMPAT,CLDR -Djava.net.preferIPv4Stack=true -Duser.timezone=GMT -Xms2560m -Xmx2560m -XX:MaxNewSize=1536m -XX:MaxMetaspaceSize=768m -XX:MetaspaceSize=768m -XX:NewSize=1536m -XX:SurvivorRatio=7 -Dignore.endorsed.dirs= -Dcatalina.base=C:\Entornos\Entornos-7.4-local\liferay-ce-portal-7.4.3.44-ga44\tomcat-9.0.56 -Dcatalina.home=C:\Entornos\Entornos-7.4-local\liferay-ce-portal-7.4.3.44-ga44\tomcat-9.0.56 -Djava.io.tmpdir=C:\Entornos\Entornos-7.4-local\liferay-ce-portal-7.4.3.44-ga44\tomcat-9.0.56\temp
2022-10-04 06:54:11.006 INFO  [main][DialectDetector:153] Using dialect com.liferay.portal.dao.orm.hibernate.MariaDBDialect for MariaDB 10.11
2022-10-04 06:54:16.238 INFO  [main][ModuleFrameworkImpl:1279] Starting initial bundles
2022-10-04 06:54:16.834 INFO  [ModuleFramework-Static-Bundles-1][InterpolationConfigurationPlugin:109] Configured directory for secrets: C:/Entornos/Entornos-7.4-local/liferay-ce-portal-7.4.3.44-ga44/osgi/configs
2022-10-04 06:54:21.099 INFO  [main][ModuleFrameworkImpl:1576] Started initial bundles
2022-10-04 06:54:21.100 INFO  [main][ModuleFrameworkImpl:1625] Starting dynamic bundles
2022-10-04 06:54:44.416 INFO  [main][ModuleFrameworkImpl:1647] Started dynamic bundles
2022-10-04 06:54:44.418 INFO  [main][ModuleFrameworkImpl:1654] Starting web bundles
2022-10-04 06:54:47.708 INFO  [main][ModuleFrameworkImpl:1708] Started web bundles
2022-10-04 06:54:47.709 INFO  [main][ModuleFrameworkImpl:278] Navigate to Control Panel > System > Gogo Shell and enter "lb" to see all bundles
2022-10-04 06:54:47.723 INFO  [main][LoggingTimer:83] Starting com.liferay.portal.verify.VerifyProperties#verifySystemProperties
2022-10-04 06:54:47.725 INFO  [main][LoggingTimer:44] Completed com.liferay.portal.verify.VerifyProperties#verifySystemProperties in 2 ms
2022-10-04 06:54:47.726 INFO  [main][LoggingTimer:83] Starting com.liferay.portal.verify.VerifyProperties#verifyPortalProperties
2022-10-04 06:54:47.746 INFO  [main][LoggingTimer:44] Completed com.liferay.portal.verify.VerifyProperties#verifyPortalProperties in 20 ms
2022-10-04 06:54:47.747 INFO  [main][LoggingTimer:83] Starting com.liferay.portal.verify.VerifyProperties#verifyDocumentLibrary
2022-10-04 06:54:47.748 INFO  [main][LoggingTimer:44] Completed com.liferay.portal.verify.VerifyProperties#verifyDocumentLibrary in 1 ms
2022-10-04 06:54:48.347 INFO  [main][LoggingTimer:83] Starting com.liferay.portal.events.StartupHelperUtil#initResourceActions
2022-10-04 06:54:48.420 INFO  [main][LoggingTimer:44] Completed com.liferay.portal.events.StartupHelperUtil#initResourceActions in 73 ms
2022-10-04 06:54:52.002 WARN  [main][SidecarManager:103] Liferay automatically starts a child process of Elasticsearch named sidecar for convenient development and demonstration purposes. Do NOT use sidecar in production. Refer to the documentation for details on the limitations of sidecar and instructions on configuring a remote Elasticsearch connection in the Control Panel.
2022-10-04 06:55:33.518 INFO  [main][Sidecar:119] Sidecar Elasticsearch liferay started at 127.0.0.1:9201
2022-10-04 06:55:39.252 INFO  [main][StartupHelperUtil:86] There are no patches installed
2022-10-04 06:55:39.275 INFO  [main][LoggingTimer:83] Starting com.liferay.portal.events.StartupHelperUtil#initResourceActions
2022-10-04 06:55:39.316 INFO  [main][LoggingTimer:44] Completed com.liferay.portal.events.StartupHelperUtil#initResourceActions in 41 ms
2022-10-04 06:55:40.009 INFO  [main][AutoDeployDir:176] Auto deploy scanner started for C:\Entornos\Entornos-7.4-local\liferay-ce-portal-7.4.3.44-ga44\deploy
2022-10-04 07:34:33.734 INFO  [main][PortalContextLoaderListener:123] JVM arguments: -Djava.util.logging.config.file=C:\Entornos\Entornos-7.4-local\liferay-ce-portal-7.4.3.44-ga44\tomcat-9.0.56\conf\logging.properties -Djava.util.logging.manager=org.apache.juli.ClassLoaderLogManager -Djdk.tls.ephemeralDHKeySize=2048 -Djava.protocol.handler.pkgs=org.apache.catalina.webresources -Dfile.encoding=UTF-8 -Djava.locale.providers=JRE,COMPAT,CLDR -Djava.net.preferIPv4Stack=true -Duser.timezone=GMT -Xms2560m -Xmx2560m -XX:MaxNewSize=1536m -XX:MaxMetaspaceSize=768m -XX:MetaspaceSize=768m -XX:NewSize=1536m -XX:SurvivorRatio=7 -Dignore.endorsed.dirs= -Dcatalina.base=C:\Entornos\Entornos-7.4-local\liferay-ce-portal-7.4.3.44-ga44\tomcat-9.0.56 -Dcatalina.home=C:\Entornos\Entornos-7.4-local\liferay-ce-portal-7.4.3.44-ga44\tomcat-9.0.56 -Djava.io.tmpdir=C:\Entornos\Entornos-7.4-local\liferay-ce-portal-7.4.3.44-ga44\tomcat-9.0.56\temp
2022-10-04 07:34:38.597 INFO  [main][DialectDetector:153] Using dialect com.liferay.portal.dao.orm.hibernate.MariaDBDialect for MariaDB 10.11
2022-10-04 07:34:41.701 INFO  [main][ModuleFrameworkImpl:1279] Starting initial bundles
2022-10-04 07:34:42.267 INFO  [ModuleFramework-Static-Bundles-6][InterpolationConfigurationPlugin:109] Configured directory for secrets: C:/Entornos/Entornos-7.4-local/liferay-ce-portal-7.4.3.44-ga44/osgi/configs
2022-10-04 07:34:44.881 INFO  [main][ModuleFrameworkImpl:1576] Started initial bundles
2022-10-04 07:34:44.882 INFO  [main][ModuleFrameworkImpl:1625] Starting dynamic bundles
2022-10-04 07:35:07.757 INFO  [main][ModuleFrameworkImpl:1647] Started dynamic bundles
2022-10-04 07:35:07.759 INFO  [main][ModuleFrameworkImpl:1654] Starting web bundles
2022-10-04 07:35:10.797 INFO  [main][ModuleFrameworkImpl:1708] Started web bundles
2022-10-04 07:35:10.798 INFO  [main][ModuleFrameworkImpl:278] Navigate to Control Panel > System > Gogo Shell and enter "lb" to see all bundles
2022-10-04 07:35:10.816 INFO  [main][LoggingTimer:83] Starting com.liferay.portal.verify.VerifyProperties#verifySystemProperties
2022-10-04 07:35:10.817 INFO  [main][LoggingTimer:44] Completed com.liferay.portal.verify.VerifyProperties#verifySystemProperties in 2 ms
2022-10-04 07:35:10.818 INFO  [main][LoggingTimer:83] Starting com.liferay.portal.verify.VerifyProperties#verifyPortalProperties
2022-10-04 07:35:10.838 INFO  [main][LoggingTimer:44] Completed com.liferay.portal.verify.VerifyProperties#verifyPortalProperties in 20 ms
2022-10-04 07:35:10.839 INFO  [main][LoggingTimer:83] Starting com.liferay.portal.verify.VerifyProperties#verifyDocumentLibrary
2022-10-04 07:35:10.840 INFO  [main][LoggingTimer:44] Completed com.liferay.portal.verify.VerifyProperties#verifyDocumentLibrary in 1 ms
2022-10-04 07:35:11.453 INFO  [main][LoggingTimer:83] Starting com.liferay.portal.events.StartupHelperUtil#initResourceActions
2022-10-04 07:35:11.537 INFO  [main][LoggingTimer:44] Completed com.liferay.portal.events.StartupHelperUtil#initResourceActions in 84 ms
2022-10-04 07:35:14.749 WARN  [main][SidecarManager:103] Liferay automatically starts a child process of Elasticsearch named sidecar for convenient development and demonstration purposes. Do NOT use sidecar in production. Refer to the documentation for details on the limitations of sidecar and instructions on configuring a remote Elasticsearch connection in the Control Panel.
2022-10-04 07:35:58.129 INFO  [main][Sidecar:119] Sidecar Elasticsearch liferay started at 127.0.0.1:9201
2022-10-04 07:40:15.558 INFO  [main][StartupHelperUtil:86] There are no patches installed
2022-10-04 07:40:15.570 INFO  [main][LoggingTimer:83] Starting com.liferay.portal.events.StartupHelperUtil#initResourceActions
2022-10-04 07:40:15.608 INFO  [main][LoggingTimer:44] Completed com.liferay.portal.events.StartupHelperUtil#initResourceActions in 39 ms
2022-10-04 07:40:16.038 INFO  [main][AutoDeployDir:176] Auto deploy scanner started for C:\Entornos\Entornos-7.4-local\liferay-ce-portal-7.4.3.44-ga44\deploy
2022-10-04 07:40:24.655 INFO  [com.liferay.portal.osgi.web.wab.extender.internal.WabFactory-BundleTrackerOpener][ThemeHotDeployListener:108] 1 theme for speedwell-theme is available for use
2022-10-04 07:40:24.763 INFO  [com.liferay.portal.osgi.web.wab.extender.internal.WabFactory-BundleTrackerOpener][ThemeHotDeployListener:108] 1 theme for dialect-theme is available for use
2022-10-04 07:40:24.872 INFO  [com.liferay.portal.osgi.web.wab.extender.internal.WabFactory-BundleTrackerOpener][ThemeHotDeployListener:108] 1 theme for classic-theme is available for use
2022-10-04 07:40:24.963 INFO  [com.liferay.portal.osgi.web.wab.extender.internal.WabFactory-BundleTrackerOpener][ThemeHotDeployListener:108] 1 theme for admin-theme is available for use
2022-10-04 07:40:25.057 INFO  [com.liferay.portal.osgi.web.wab.extender.internal.WabFactory-BundleTrackerOpener][ThemeHotDeployListener:108] 1 theme for minium-theme is available for use
2022-10-04 07:41:10.382 INFO  [main][ThemeHotDeployListener:171] 1 theme for minium-theme was unregistered
2022-10-04 07:41:10.405 INFO  [main][ThemeHotDeployListener:171] 1 theme for admin-theme was unregistered
2022-10-04 07:41:10.423 INFO  [main][ThemeHotDeployListener:171] 1 theme for classic-theme was unregistered
2022-10-04 07:41:10.439 INFO  [main][ThemeHotDeployListener:171] 1 theme for dialect-theme was unregistered
2022-10-04 07:41:10.450 INFO  [main][ThemeHotDeployListener:171] 1 theme for speedwell-theme was unregistered
2022-10-04 07:50:49.995 INFO  [main][PortalContextLoaderListener:123] JVM arguments: -Djava.util.logging.config.file=C:\Entornos\Entornos-7.4-local\liferay-ce-portal-7.4.3.44-ga44\tomcat-9.0.56\conf\logging.properties -Djava.util.logging.manager=org.apache.juli.ClassLoaderLogManager -Djdk.tls.ephemeralDHKeySize=2048 -Djava.protocol.handler.pkgs=org.apache.catalina.webresources -Dfile.encoding=UTF-8 -Djava.locale.providers=JRE,COMPAT,CLDR -Djava.net.preferIPv4Stack=true -Duser.timezone=GMT -Xms2560m -Xmx2560m -XX:MaxNewSize=1536m -XX:MaxMetaspaceSize=768m -XX:MetaspaceSize=768m -XX:NewSize=1536m -XX:SurvivorRatio=7 -Dignore.endorsed.dirs= -Dcatalina.base=C:\Entornos\Entornos-7.4-local\liferay-ce-portal-7.4.3.44-ga44\tomcat-9.0.56 -Dcatalina.home=C:\Entornos\Entornos-7.4-local\liferay-ce-portal-7.4.3.44-ga44\tomcat-9.0.56 -Djava.io.tmpdir=C:\Entornos\Entornos-7.4-local\liferay-ce-portal-7.4.3.44-ga44\tomcat-9.0.56\temp
2022-10-04 07:50:52.719 INFO  [main][DialectDetector:153] Using dialect com.liferay.portal.dao.orm.hibernate.MariaDBDialect for MariaDB 10.11
2022-10-04 07:50:54.598 INFO  [main][ModuleFrameworkImpl:1279] Starting initial bundles
2022-10-04 07:50:54.971 INFO  [ModuleFramework-Static-Bundles-6][InterpolationConfigurationPlugin:109] Configured directory for secrets: C:/Entornos/Entornos-7.4-local/liferay-ce-portal-7.4.3.44-ga44/osgi/configs
2022-10-04 07:50:56.769 INFO  [main][ModuleFrameworkImpl:1576] Started initial bundles
2022-10-04 07:50:56.770 INFO  [main][ModuleFrameworkImpl:1625] Starting dynamic bundles
2022-10-04 07:51:08.500 INFO  [main][ModuleFrameworkImpl:1647] Started dynamic bundles
2022-10-04 07:51:08.500 INFO  [main][ModuleFrameworkImpl:1654] Starting web bundles
2022-10-04 07:51:10.409 INFO  [main][ModuleFrameworkImpl:1708] Started web bundles
2022-10-04 07:51:10.410 INFO  [main][ModuleFrameworkImpl:278] Navigate to Control Panel > System > Gogo Shell and enter "lb" to see all bundles
2022-10-04 07:51:10.418 INFO  [main][LoggingTimer:83] Starting com.liferay.portal.verify.VerifyProperties#verifySystemProperties
2022-10-04 07:51:10.419 INFO  [main][LoggingTimer:44] Completed com.liferay.portal.verify.VerifyProperties#verifySystemProperties in 1 ms
2022-10-04 07:51:10.420 INFO  [main][LoggingTimer:83] Starting com.liferay.portal.verify.VerifyProperties#verifyPortalProperties
2022-10-04 07:51:10.432 INFO  [main][LoggingTimer:44] Completed com.liferay.portal.verify.VerifyProperties#verifyPortalProperties in 13 ms
2022-10-04 07:51:10.433 INFO  [main][LoggingTimer:83] Starting com.liferay.portal.verify.VerifyProperties#verifyDocumentLibrary
2022-10-04 07:51:10.434 INFO  [main][LoggingTimer:44] Completed com.liferay.portal.verify.VerifyProperties#verifyDocumentLibrary in 1 ms
2022-10-04 07:51:10.792 INFO  [main][LoggingTimer:83] Starting com.liferay.portal.events.StartupHelperUtil#initResourceActions
2022-10-04 07:51:10.839 INFO  [main][LoggingTimer:44] Completed com.liferay.portal.events.StartupHelperUtil#initResourceActions in 47 ms
2022-10-04 07:51:12.776 WARN  [main][SidecarManager:103] Liferay automatically starts a child process of Elasticsearch named sidecar for convenient development and demonstration purposes. Do NOT use sidecar in production. Refer to the documentation for details on the limitations of sidecar and instructions on configuring a remote Elasticsearch connection in the Control Panel.
2022-10-04 07:51:36.045 INFO  [main][Sidecar:119] Sidecar Elasticsearch liferay started at 127.0.0.1:9201
2022-10-04 07:51:40.319 INFO  [main][StartupHelperUtil:86] There are no patches installed
2022-10-04 07:51:40.333 INFO  [main][LoggingTimer:83] Starting com.liferay.portal.events.StartupHelperUtil#initResourceActions
2022-10-04 07:51:40.371 INFO  [main][LoggingTimer:44] Completed com.liferay.portal.events.StartupHelperUtil#initResourceActions in 37 ms
2022-10-04 07:51:40.850 INFO  [main][AutoDeployDir:176] Auto deploy scanner started for C:\Entornos\Entornos-7.4-local\liferay-ce-portal-7.4.3.44-ga44\deploy
2022-10-04 07:51:47.306 INFO  [com.liferay.portal.osgi.web.wab.extender.internal.WabFactory-BundleTrackerOpener][ThemeHotDeployListener:108] 1 theme for speedwell-theme is available for use
2022-10-04 07:51:47.444 INFO  [com.liferay.portal.osgi.web.wab.extender.internal.WabFactory-BundleTrackerOpener][ThemeHotDeployListener:108] 1 theme for dialect-theme is available for use
2022-10-04 07:51:47.566 INFO  [com.liferay.portal.osgi.web.wab.extender.internal.WabFactory-BundleTrackerOpener][ThemeHotDeployListener:108] 1 theme for classic-theme is available for use
2022-10-04 07:51:47.701 INFO  [com.liferay.portal.osgi.web.wab.extender.internal.WabFactory-BundleTrackerOpener][ThemeHotDeployListener:108] 1 theme for admin-theme is available for use
2022-10-04 07:51:47.835 INFO  [com.liferay.portal.osgi.web.wab.extender.internal.WabFactory-BundleTrackerOpener][ThemeHotDeployListener:108] 1 theme for minium-theme is available for use
2022-10-04 07:55:59.504 INFO  [main][ThemeHotDeployListener:171] 1 theme for minium-theme was unregistered
2022-10-04 07:55:59.518 INFO  [main][ThemeHotDeployListener:171] 1 theme for admin-theme was unregistered
2022-10-04 07:55:59.527 INFO  [main][ThemeHotDeployListener:171] 1 theme for classic-theme was unregistered
2022-10-04 07:55:59.537 INFO  [main][ThemeHotDeployListener:171] 1 theme for dialect-theme was unregistered
2022-10-04 07:55:59.546 INFO  [main][ThemeHotDeployListener:171] 1 theme for speedwell-theme was unregistered
2022-10-04 07:56:35.334 INFO  [main][PortalContextLoaderListener:123] JVM arguments: -Djava.util.logging.config.file=C:\Entornos\Entornos-7.4-local\liferay-ce-portal-7.4.3.44-ga44\tomcat-9.0.56\conf\logging.properties -Djava.util.logging.manager=org.apache.juli.ClassLoaderLogManager -Djdk.tls.ephemeralDHKeySize=2048 -Djava.protocol.handler.pkgs=org.apache.catalina.webresources -Dfile.encoding=UTF-8 -Djava.locale.providers=JRE,COMPAT,CLDR -Djava.net.preferIPv4Stack=true -Duser.timezone=GMT -Xms2560m -Xmx2560m -XX:MaxNewSize=1536m -XX:MaxMetaspaceSize=768m -XX:MetaspaceSize=768m -XX:NewSize=1536m -XX:SurvivorRatio=7 -Dignore.endorsed.dirs= -Dcatalina.base=C:\Entornos\Entornos-7.4-local\liferay-ce-portal-7.4.3.44-ga44\tomcat-9.0.56 -Dcatalina.home=C:\Entornos\Entornos-7.4-local\liferay-ce-portal-7.4.3.44-ga44\tomcat-9.0.56 -Djava.io.tmpdir=C:\Entornos\Entornos-7.4-local\liferay-ce-portal-7.4.3.44-ga44\tomcat-9.0.56\temp
2022-10-04 07:56:37.981 INFO  [main][DialectDetector:153] Using dialect com.liferay.portal.dao.orm.hibernate.MariaDBDialect for MariaDB 10.11
2022-10-04 07:56:39.910 INFO  [main][ModuleFrameworkImpl:1279] Starting initial bundles
2022-10-04 07:56:40.556 INFO  [ModuleFramework-Static-Bundles-5][InterpolationConfigurationPlugin:109] Configured directory for secrets: C:/Entornos/Entornos-7.4-local/liferay-ce-portal-7.4.3.44-ga44/osgi/configs
2022-10-04 07:56:42.087 INFO  [main][ModuleFrameworkImpl:1576] Started initial bundles
2022-10-04 07:56:42.087 INFO  [main][ModuleFrameworkImpl:1625] Starting dynamic bundles
2022-10-04 07:56:53.646 INFO  [main][ModuleFrameworkImpl:1647] Started dynamic bundles
2022-10-04 07:56:53.646 INFO  [main][ModuleFrameworkImpl:1654] Starting web bundles
2022-10-04 07:56:55.868 INFO  [main][ModuleFrameworkImpl:1708] Started web bundles
2022-10-04 07:56:55.869 INFO  [main][ModuleFrameworkImpl:278] Navigate to Control Panel > System > Gogo Shell and enter "lb" to see all bundles
2022-10-04 07:56:55.879 INFO  [main][LoggingTimer:83] Starting com.liferay.portal.verify.VerifyProperties#verifySystemProperties
2022-10-04 07:56:55.880 INFO  [main][LoggingTimer:44] Completed com.liferay.portal.verify.VerifyProperties#verifySystemProperties in 1 ms
2022-10-04 07:56:55.880 INFO  [main][LoggingTimer:83] Starting com.liferay.portal.verify.VerifyProperties#verifyPortalProperties
2022-10-04 07:56:55.893 INFO  [main][LoggingTimer:44] Completed com.liferay.portal.verify.VerifyProperties#verifyPortalProperties in 13 ms
2022-10-04 07:56:55.894 INFO  [main][LoggingTimer:83] Starting com.liferay.portal.verify.VerifyProperties#verifyDocumentLibrary
2022-10-04 07:56:55.894 INFO  [main][LoggingTimer:44] Completed com.liferay.portal.verify.VerifyProperties#verifyDocumentLibrary in 0 ms
2022-10-04 07:56:56.235 INFO  [main][LoggingTimer:83] Starting com.liferay.portal.events.StartupHelperUtil#initResourceActions
2022-10-04 07:56:56.298 INFO  [main][LoggingTimer:44] Completed com.liferay.portal.events.StartupHelperUtil#initResourceActions in 62 ms
2022-10-04 07:56:58.463 WARN  [main][SidecarManager:103] Liferay automatically starts a child process of Elasticsearch named sidecar for convenient development and demonstration purposes. Do NOT use sidecar in production. Refer to the documentation for details on the limitations of sidecar and instructions on configuring a remote Elasticsearch connection in the Control Panel.
2022-10-04 07:57:24.620 INFO  [main][Sidecar:119] Sidecar Elasticsearch liferay started at 127.0.0.1:9201
2022-10-04 07:57:31.079 INFO  [main][StartupHelperUtil:86] There are no patches installed
2022-10-04 07:57:31.104 INFO  [main][LoggingTimer:83] Starting com.liferay.portal.events.StartupHelperUtil#initResourceActions
2022-10-04 07:57:31.174 INFO  [main][LoggingTimer:44] Completed com.liferay.portal.events.StartupHelperUtil#initResourceActions in 69 ms
2022-10-04 07:57:32.036 INFO  [main][AutoDeployDir:176] Auto deploy scanner started for C:\Entornos\Entornos-7.4-local\liferay-ce-portal-7.4.3.44-ga44\deploy
2022-10-04 07:58:04.363 INFO  [com.liferay.portal.osgi.web.wab.extender.internal.WabFactory-BundleTrackerOpener][ThemeHotDeployListener:108] 1 theme for speedwell-theme is available for use
2022-10-04 07:58:04.520 INFO  [com.liferay.portal.osgi.web.wab.extender.internal.WabFactory-BundleTrackerOpener][ThemeHotDeployListener:108] 1 theme for dialect-theme is available for use
2022-10-04 07:58:04.675 INFO  [com.liferay.portal.osgi.web.wab.extender.internal.WabFactory-BundleTrackerOpener][ThemeHotDeployListener:108] 1 theme for classic-theme is available for use
2022-10-04 07:58:04.829 INFO  [com.liferay.portal.osgi.web.wab.extender.internal.WabFactory-BundleTrackerOpener][ThemeHotDeployListener:108] 1 theme for admin-theme is available for use
2022-10-04 07:58:04.987 INFO  [com.liferay.portal.osgi.web.wab.extender.internal.WabFactory-BundleTrackerOpener][ThemeHotDeployListener:108] 1 theme for minium-theme is available for use
2022-10-04 07:59:53.745 WARN  [http-nio-8080-exec-4][code_jsp:157] {code="404", msg="El recurso requerido [/home] no se encuentra disponible", uri=/home}
2022-10-04 07:59:53.835 ERROR [http-nio-8080-exec-4][TextHTMLPortalErrorCodeJSPDynamicInclude:49] Unable to include JSP /dynamic_include/text_html.jsp
org.apache.jasper.JasperException: PWC6345: There is an error in invoking javac.  A full JDK (not just JRE) is required
	at org.apache.jasper.compiler.DefaultErrorHandler.jspError(DefaultErrorHandler.java:92) ~[jasper.jar:9.0.56]
	at org.apache.jasper.compiler.ErrorDispatcher.dispatch(ErrorDispatcher.java:378) ~[jasper.jar:9.0.56]
	at org.apache.jasper.compiler.ErrorDispatcher.jspError(ErrorDispatcher.java:119) ~[jasper.jar:9.0.56]
	at com.liferay.portal.osgi.web.servlet.jsp.compiler.internal.JspCompiler.compile(JspCompiler.java:92) ~[?:?]
	at org.apache.jasper.compiler.Compiler.generateClass(Compiler.java:384) ~[jasper.jar:9.0.56]
	at org.apache.jasper.compiler.Compiler.compile(Compiler.java:453) ~[jasper.jar:9.0.56]
	at com.liferay.portal.osgi.web.servlet.jsp.compiler.internal.CompilerWrapper.compile(CompilerWrapper.java:74) ~[?:?]
	at org.apache.jasper.JspCompilationContext.compile(JspCompilationContext.java:645) ~[jasper.jar:9.0.56]
	at org.apache.jasper.servlet.JspServletWrapper.service(JspServletWrapper.java:375) ~[jasper.jar:9.0.56]
	at org.apache.jasper.servlet.JspServlet.serviceJspFile(JspServlet.java:473) ~[jasper.jar:9.0.56]
	at org.apache.jasper.servlet.JspServlet.service(JspServlet.java:377) ~[jasper.jar:9.0.56]
	at javax.servlet.http.HttpServlet.service(HttpServlet.java:764) ~[servlet-api.jar:4.0.FR]
	at com.liferay.portal.osgi.web.servlet.jsp.compiler.internal.JspServlet.service(JspServlet.java:328) ~[?:?]
	at com.liferay.portal.osgi.web.servlet.jsp.compiler.internal.JspServlet.service(JspServlet.java:340) ~[?:?]
	at org.eclipse.equinox.http.servlet.internal.registration.EndpointRegistration.service(EndpointRegistration.java:153) ~[?:?]
	at org.eclipse.equinox.http.servlet.internal.servlet.ResponseStateHandler.processRequest(ResponseStateHandler.java:62) ~[?:?]
	at org.eclipse.equinox.http.servlet.internal.context.DispatchTargets.doDispatch(DispatchTargets.java:120) ~[?:?]
	at org.eclipse.equinox.http.servlet.internal.servlet.RequestDispatcherAdaptor.include(RequestDispatcherAdaptor.java:48) ~[?:?]
	at com.liferay.portal.kernel.servlet.taglib.BaseJSPDynamicInclude.include(BaseJSPDynamicInclude.java:44) [portal-kernel.jar:?]
	at com.liferay.portal.error.code.internal.servlet.taglib.TextHTMLPortalErrorCodeJSPDynamicInclude.include(TextHTMLPortalErrorCodeJSPDynamicInclude.java:55) [bundleFile:?]
	at com.liferay.portal.kernel.servlet.taglib.DynamicIncludeUtil.include(DynamicIncludeUtil.java:76) [portal-kernel.jar:?]
	at com.liferay.taglib.util.DynamicIncludeTag.doEndTag(DynamicIncludeTag.java:32) [util-taglib.jar:?]
	at org.apache.jsp.errors.code_jsp._jspService(code_jsp.java:212) [ROOT/:?]
	at org.apache.jasper.runtime.HttpJspBase.service(HttpJspBase.java:70) [org.apache.tomcat-jasper.jar:9.0.56]
	at javax.servlet.http.HttpServlet.service(HttpServlet.java:764) [servlet-api.jar:4.0.FR]
	at org.apache.jasper.servlet.JspServletWrapper.service(JspServletWrapper.java:466) [org.apache.tomcat-jasper.jar:9.0.56]
	at org.apache.jasper.servlet.JspServlet.serviceJspFile(JspServlet.java:379) [org.apache.tomcat-jasper.jar:9.0.56]
	at org.apache.jasper.servlet.JspServlet.service(JspServlet.java:327) [org.apache.tomcat-jasper.jar:9.0.56]
	at javax.servlet.http.HttpServlet.service(HttpServlet.java:764) [servlet-api.jar:4.0.FR]
	at com.liferay.shielded.container.internal.proxy.ServletWrapper.service(ServletWrapper.java:113) [com.liferay.shielded.container.impl.jar:?]
	at org.apache.catalina.core.ApplicationFilterChain.internalDoFilter(ApplicationFilterChain.java:227) [catalina.jar:9.0.56]
	at org.apache.catalina.core.ApplicationFilterChain.doFilter(ApplicationFilterChain.java:162) [catalina.jar:9.0.56]
	at com.liferay.portal.kernel.servlet.filters.invoker.InvokerFilterChain.doFilter(InvokerFilterChain.java:124) [portal-kernel.jar:?]
	at org.tuckey.web.filters.urlrewrite.RuleChain.handleRewrite(RuleChain.java:176) [urlrewritefilter-4.0.4.jar:4.0.4]
	at org.tuckey.web.filters.urlrewrite.RuleChain.doRules(RuleChain.java:145) [urlrewritefilter-4.0.4.jar:4.0.4]
	at org.tuckey.web.filters.urlrewrite.UrlRewriter.processRequest(UrlRewriter.java:92) [urlrewritefilter-4.0.4.jar:4.0.4]
	at org.tuckey.web.filters.urlrewrite.UrlRewriteFilter.doFilter(UrlRewriteFilter.java:389) [urlrewritefilter-4.0.4.jar:4.0.4]
	at com.liferay.portal.url.rewrite.filter.internal.URLRewriteFilter.processFilter(URLRewriteFilter.java:99) [bundleFile:?]
	at com.liferay.portal.kernel.servlet.BaseFilter.doFilter(BaseFilter.java:49) [portal-kernel.jar:?]
	at com.liferay.portal.kernel.servlet.filters.invoker.InvokerFilterChain.processDoFilter(InvokerFilterChain.java:215) [portal-kernel.jar:?]
	at com.liferay.portal.kernel.servlet.filters.invoker.InvokerFilterChain.doFilter(InvokerFilterChain.java:116) [portal-kernel.jar:?]
	at com.liferay.portal.kernel.servlet.filters.invoker.InvokerFilter.doFilter(InvokerFilter.java:104) [portal-kernel.jar:?]
	at com.liferay.shielded.container.internal.proxy.FilterWrapper.doFilter(FilterWrapper.java:79) [com.liferay.shielded.container.impl.jar:?]
	at org.apache.catalina.core.ApplicationFilterChain.internalDoFilter(ApplicationFilterChain.java:189) [catalina.jar:9.0.56]
	at org.apache.catalina.core.ApplicationFilterChain.doFilter(ApplicationFilterChain.java:162) [catalina.jar:9.0.56]
	at org.apache.catalina.core.ApplicationDispatcher.invoke(ApplicationDispatcher.java:711) [catalina.jar:9.0.56]
	at org.apache.catalina.core.ApplicationDispatcher.processRequest(ApplicationDispatcher.java:461) [catalina.jar:9.0.56]
	at org.apache.catalina.core.ApplicationDispatcher.doForward(ApplicationDispatcher.java:385) [catalina.jar:9.0.56]
	at org.apache.catalina.core.ApplicationDispatcher.forward(ApplicationDispatcher.java:313) [catalina.jar:9.0.56]
	at org.apache.catalina.core.StandardHostValve.custom(StandardHostValve.java:403) [catalina.jar:9.0.56]
	at org.apache.catalina.core.StandardHostValve.status(StandardHostValve.java:249) [catalina.jar:9.0.56]
	at org.apache.catalina.core.StandardHostValve.invoke(StandardHostValve.java:171) [catalina.jar:9.0.56]
	at org.apache.catalina.valves.ErrorReportValve.invoke(ErrorReportValve.java:92) [catalina.jar:9.0.56]
	at org.apache.catalina.core.StandardEngineValve.invoke(StandardEngineValve.java:78) [catalina.jar:9.0.56]
	at org.apache.catalina.connector.CoyoteAdapter.service(CoyoteAdapter.java:357) [catalina.jar:9.0.56]
	at org.apache.coyote.http11.Http11Processor.service(Http11Processor.java:382) [tomcat-coyote.jar:9.0.56]
	at org.apache.coyote.AbstractProcessorLight.process(AbstractProcessorLight.java:65) [tomcat-coyote.jar:9.0.56]
	at org.apache.coyote.AbstractProtocol$ConnectionHandler.process(AbstractProtocol.java:895) [tomcat-coyote.jar:9.0.56]
	at org.apache.tomcat.util.net.NioEndpoint$SocketProcessor.doRun(NioEndpoint.java:1732) [tomcat-coyote.jar:9.0.56]
	at org.apache.tomcat.util.net.SocketProcessorBase.run(SocketProcessorBase.java:49) [tomcat-coyote.jar:9.0.56]
	at org.apache.tomcat.util.threads.ThreadPoolExecutor.runWorker(ThreadPoolExecutor.java:1191) [tomcat-util.jar:9.0.56]
	at org.apache.tomcat.util.threads.ThreadPoolExecutor$Worker.run(ThreadPoolExecutor.java:659) [tomcat-util.jar:9.0.56]
	at org.apache.tomcat.util.threads.TaskThread$WrappingRunnable.run(TaskThread.java:61) [tomcat-util.jar:9.0.56]
	at java.lang.Thread.run(Unknown Source) [?:1.8.0_341]
2022-10-04 07:59:53.848 ERROR [http-nio-8080-exec-4][DynamicIncludeUtil:80] null
java.io.IOException: Unable to include JSP /dynamic_include/text_html.jsp
	at com.liferay.portal.kernel.servlet.taglib.BaseJSPDynamicInclude.include(BaseJSPDynamicInclude.java:53) ~[portal-kernel.jar:?]
	at com.liferay.portal.error.code.internal.servlet.taglib.TextHTMLPortalErrorCodeJSPDynamicInclude.include(TextHTMLPortalErrorCodeJSPDynamicInclude.java:55) ~[?:?]
	at com.liferay.portal.kernel.servlet.taglib.DynamicIncludeUtil.include(DynamicIncludeUtil.java:76) [portal-kernel.jar:?]
	at com.liferay.taglib.util.DynamicIncludeTag.doEndTag(DynamicIncludeTag.java:32) [util-taglib.jar:?]
	at org.apache.jsp.errors.code_jsp._jspService(code_jsp.java:212) [ROOT/:?]
	at org.apache.jasper.runtime.HttpJspBase.service(HttpJspBase.java:70) [org.apache.tomcat-jasper.jar:9.0.56]
	at javax.servlet.http.HttpServlet.service(HttpServlet.java:764) [servlet-api.jar:4.0.FR]
	at org.apache.jasper.servlet.JspServletWrapper.service(JspServletWrapper.java:466) [org.apache.tomcat-jasper.jar:9.0.56]
	at org.apache.jasper.servlet.JspServlet.serviceJspFile(JspServlet.java:379) [org.apache.tomcat-jasper.jar:9.0.56]
	at org.apache.jasper.servlet.JspServlet.service(JspServlet.java:327) [org.apache.tomcat-jasper.jar:9.0.56]
	at javax.servlet.http.HttpServlet.service(HttpServlet.java:764) [servlet-api.jar:4.0.FR]
	at com.liferay.shielded.container.internal.proxy.ServletWrapper.service(ServletWrapper.java:113) [com.liferay.shielded.container.impl.jar:?]
	at org.apache.catalina.core.ApplicationFilterChain.internalDoFilter(ApplicationFilterChain.java:227) [catalina.jar:9.0.56]
	at org.apache.catalina.core.ApplicationFilterChain.doFilter(ApplicationFilterChain.java:162) [catalina.jar:9.0.56]
	at com.liferay.portal.kernel.servlet.filters.invoker.InvokerFilterChain.doFilter(InvokerFilterChain.java:124) [portal-kernel.jar:?]
	at org.tuckey.web.filters.urlrewrite.RuleChain.handleRewrite(RuleChain.java:176) [urlrewritefilter-4.0.4.jar:4.0.4]
	at org.tuckey.web.filters.urlrewrite.RuleChain.doRules(RuleChain.java:145) [urlrewritefilter-4.0.4.jar:4.0.4]
	at org.tuckey.web.filters.urlrewrite.UrlRewriter.processRequest(UrlRewriter.java:92) [urlrewritefilter-4.0.4.jar:4.0.4]
	at org.tuckey.web.filters.urlrewrite.UrlRewriteFilter.doFilter(UrlRewriteFilter.java:389) [urlrewritefilter-4.0.4.jar:4.0.4]
	at com.liferay.portal.url.rewrite.filter.internal.URLRewriteFilter.processFilter(URLRewriteFilter.java:99) [bundleFile:?]
	at com.liferay.portal.kernel.servlet.BaseFilter.doFilter(BaseFilter.java:49) [portal-kernel.jar:?]
	at com.liferay.portal.kernel.servlet.filters.invoker.InvokerFilterChain.processDoFilter(InvokerFilterChain.java:215) [portal-kernel.jar:?]
	at com.liferay.portal.kernel.servlet.filters.invoker.InvokerFilterChain.doFilter(InvokerFilterChain.java:116) [portal-kernel.jar:?]
	at com.liferay.portal.kernel.servlet.filters.invoker.InvokerFilter.doFilter(InvokerFilter.java:104) [portal-kernel.jar:?]
	at com.liferay.shielded.container.internal.proxy.FilterWrapper.doFilter(FilterWrapper.java:79) [com.liferay.shielded.container.impl.jar:?]
	at org.apache.catalina.core.ApplicationFilterChain.internalDoFilter(ApplicationFilterChain.java:189) [catalina.jar:9.0.56]
	at org.apache.catalina.core.ApplicationFilterChain.doFilter(ApplicationFilterChain.java:162) [catalina.jar:9.0.56]
	at org.apache.catalina.core.ApplicationDispatcher.invoke(ApplicationDispatcher.java:711) [catalina.jar:9.0.56]
	at org.apache.catalina.core.ApplicationDispatcher.processRequest(ApplicationDispatcher.java:461) [catalina.jar:9.0.56]
	at org.apache.catalina.core.ApplicationDispatcher.doForward(ApplicationDispatcher.java:385) [catalina.jar:9.0.56]
	at org.apache.catalina.core.ApplicationDispatcher.forward(ApplicationDispatcher.java:313) [catalina.jar:9.0.56]
	at org.apache.catalina.core.StandardHostValve.custom(StandardHostValve.java:403) [catalina.jar:9.0.56]
	at org.apache.catalina.core.StandardHostValve.status(StandardHostValve.java:249) [catalina.jar:9.0.56]
	at org.apache.catalina.core.StandardHostValve.invoke(StandardHostValve.java:171) [catalina.jar:9.0.56]
	at org.apache.catalina.valves.ErrorReportValve.invoke(ErrorReportValve.java:92) [catalina.jar:9.0.56]
	at org.apache.catalina.core.StandardEngineValve.invoke(StandardEngineValve.java:78) [catalina.jar:9.0.56]
	at org.apache.catalina.connector.CoyoteAdapter.service(CoyoteAdapter.java:357) [catalina.jar:9.0.56]
	at org.apache.coyote.http11.Http11Processor.service(Http11Processor.java:382) [tomcat-coyote.jar:9.0.56]
	at org.apache.coyote.AbstractProcessorLight.process(AbstractProcessorLight.java:65) [tomcat-coyote.jar:9.0.56]
	at org.apache.coyote.AbstractProtocol$ConnectionHandler.process(AbstractProtocol.java:895) [tomcat-coyote.jar:9.0.56]
	at org.apache.tomcat.util.net.NioEndpoint$SocketProcessor.doRun(NioEndpoint.java:1732) [tomcat-coyote.jar:9.0.56]
	at org.apache.tomcat.util.net.SocketProcessorBase.run(SocketProcessorBase.java:49) [tomcat-coyote.jar:9.0.56]
	at org.apache.tomcat.util.threads.ThreadPoolExecutor.runWorker(ThreadPoolExecutor.java:1191) [tomcat-util.jar:9.0.56]
	at org.apache.tomcat.util.threads.ThreadPoolExecutor$Worker.run(ThreadPoolExecutor.java:659) [tomcat-util.jar:9.0.56]
	at org.apache.tomcat.util.threads.TaskThread$WrappingRunnable.run(TaskThread.java:61) [tomcat-util.jar:9.0.56]
	at java.lang.Thread.run(Unknown Source) [?:1.8.0_341]
Caused by: org.apache.jasper.JasperException: PWC6345: There is an error in invoking javac.  A full JDK (not just JRE) is required
	at org.apache.jasper.compiler.DefaultErrorHandler.jspError(DefaultErrorHandler.java:92) ~[jasper.jar:9.0.56]
	at org.apache.jasper.compiler.ErrorDispatcher.dispatch(ErrorDispatcher.java:378) ~[jasper.jar:9.0.56]
	at org.apache.jasper.compiler.ErrorDispatcher.jspError(ErrorDispatcher.java:119) ~[jasper.jar:9.0.56]
	at com.liferay.portal.osgi.web.servlet.jsp.compiler.internal.JspCompiler.compile(JspCompiler.java:92) ~[?:?]
	at org.apache.jasper.compiler.Compiler.generateClass(Compiler.java:384) ~[jasper.jar:9.0.56]
	at org.apache.jasper.compiler.Compiler.compile(Compiler.java:453) ~[jasper.jar:9.0.56]
	at com.liferay.portal.osgi.web.servlet.jsp.compiler.internal.CompilerWrapper.compile(CompilerWrapper.java:74) ~[?:?]
	at org.apache.jasper.JspCompilationContext.compile(JspCompilationContext.java:645) ~[jasper.jar:9.0.56]
	at org.apache.jasper.servlet.JspServletWrapper.service(JspServletWrapper.java:375) ~[jasper.jar:9.0.56]
	at org.apache.jasper.servlet.JspServlet.serviceJspFile(JspServlet.java:473) ~[jasper.jar:9.0.56]
	at org.apache.jasper.servlet.JspServlet.service(JspServlet.java:377) ~[jasper.jar:9.0.56]
	at javax.servlet.http.HttpServlet.service(HttpServlet.java:764) ~[servlet-api.jar:4.0.FR]
	at com.liferay.portal.osgi.web.servlet.jsp.compiler.internal.JspServlet.service(JspServlet.java:328) ~[?:?]
	at com.liferay.portal.osgi.web.servlet.jsp.compiler.internal.JspServlet.service(JspServlet.java:340) ~[?:?]
	at org.eclipse.equinox.http.servlet.internal.registration.EndpointRegistration.service(EndpointRegistration.java:153) ~[?:?]
	at org.eclipse.equinox.http.servlet.internal.servlet.ResponseStateHandler.processRequest(ResponseStateHandler.java:62) ~[?:?]
	at org.eclipse.equinox.http.servlet.internal.context.DispatchTargets.doDispatch(DispatchTargets.java:120) ~[?:?]
	at org.eclipse.equinox.http.servlet.internal.servlet.RequestDispatcherAdaptor.include(RequestDispatcherAdaptor.java:48) ~[?:?]
	at com.liferay.portal.kernel.servlet.taglib.BaseJSPDynamicInclude.include(BaseJSPDynamicInclude.java:44) ~[portal-kernel.jar:?]
	... 45 more
2022-10-04 08:04:15.998 INFO  [main][PortalContextLoaderListener:123] JVM arguments: -Djava.util.logging.config.file=C:\Entornos\Entornos-7.4-local\liferay-ce-portal-7.4.3.44-ga44\tomcat-9.0.56\conf\logging.properties -Djava.util.logging.manager=org.apache.juli.ClassLoaderLogManager -Djdk.tls.ephemeralDHKeySize=2048 -Djava.protocol.handler.pkgs=org.apache.catalina.webresources -Dfile.encoding=UTF-8 -Djava.locale.providers=JRE,COMPAT,CLDR -Djava.net.preferIPv4Stack=true -Duser.timezone=GMT -Xms2560m -Xmx2560m -XX:MaxNewSize=1536m -XX:MaxMetaspaceSize=768m -XX:MetaspaceSize=768m -XX:NewSize=1536m -XX:SurvivorRatio=7 -Dignore.endorsed.dirs= -Dcatalina.base=C:\Entornos\Entornos-7.4-local\liferay-ce-portal-7.4.3.44-ga44\tomcat-9.0.56 -Dcatalina.home=C:\Entornos\Entornos-7.4-local\liferay-ce-portal-7.4.3.44-ga44\tomcat-9.0.56 -Djava.io.tmpdir=C:\Entornos\Entornos-7.4-local\liferay-ce-portal-7.4.3.44-ga44\tomcat-9.0.56\temp
2022-10-04 08:04:18.724 INFO  [main][DialectDetector:153] Using dialect com.liferay.portal.dao.orm.hibernate.MariaDBDialect for MariaDB 10.11
2022-10-04 08:04:20.681 INFO  [main][ModuleFrameworkImpl:1279] Starting initial bundles
2022-10-04 08:04:20.994 INFO  [ModuleFramework-Static-Bundles-6][InterpolationConfigurationPlugin:109] Configured directory for secrets: C:/Entornos/Entornos-7.4-local/liferay-ce-portal-7.4.3.44-ga44/osgi/configs
2022-10-04 08:04:22.836 INFO  [main][ModuleFrameworkImpl:1576] Started initial bundles
2022-10-04 08:04:22.837 INFO  [main][ModuleFrameworkImpl:1625] Starting dynamic bundles
2022-10-04 08:04:35.130 INFO  [main][ModuleFrameworkImpl:1647] Started dynamic bundles
2022-10-04 08:04:35.131 INFO  [main][ModuleFrameworkImpl:1654] Starting web bundles
2022-10-04 08:04:37.007 INFO  [main][ModuleFrameworkImpl:1708] Started web bundles
2022-10-04 08:04:37.008 INFO  [main][ModuleFrameworkImpl:278] Navigate to Control Panel > System > Gogo Shell and enter "lb" to see all bundles
2022-10-04 08:04:37.020 INFO  [main][LoggingTimer:83] Starting com.liferay.portal.verify.VerifyProperties#verifySystemProperties
2022-10-04 08:04:37.020 INFO  [main][LoggingTimer:44] Completed com.liferay.portal.verify.VerifyProperties#verifySystemProperties in 0 ms
2022-10-04 08:04:37.021 INFO  [main][LoggingTimer:83] Starting com.liferay.portal.verify.VerifyProperties#verifyPortalProperties
2022-10-04 08:04:37.037 INFO  [main][LoggingTimer:44] Completed com.liferay.portal.verify.VerifyProperties#verifyPortalProperties in 16 ms
2022-10-04 08:04:37.038 INFO  [main][LoggingTimer:83] Starting com.liferay.portal.verify.VerifyProperties#verifyDocumentLibrary
2022-10-04 08:04:37.039 INFO  [main][LoggingTimer:44] Completed com.liferay.portal.verify.VerifyProperties#verifyDocumentLibrary in 0 ms
2022-10-04 08:04:37.387 INFO  [main][LoggingTimer:83] Starting com.liferay.portal.events.StartupHelperUtil#initResourceActions
2022-10-04 08:04:37.445 INFO  [main][LoggingTimer:44] Completed com.liferay.portal.events.StartupHelperUtil#initResourceActions in 58 ms
2022-10-04 08:04:39.598 WARN  [main][SidecarManager:103] Liferay automatically starts a child process of Elasticsearch named sidecar for convenient development and demonstration purposes. Do NOT use sidecar in production. Refer to the documentation for details on the limitations of sidecar and instructions on configuring a remote Elasticsearch connection in the Control Panel.
2022-10-04 08:05:05.794 INFO  [main][Sidecar:119] Sidecar Elasticsearch liferay started at 127.0.0.1:9201
2022-10-04 08:05:10.735 INFO  [main][StartupHelperUtil:86] There are no patches installed
2022-10-04 08:05:10.764 INFO  [main][LoggingTimer:83] Starting com.liferay.portal.events.StartupHelperUtil#initResourceActions
2022-10-04 08:05:10.807 INFO  [main][LoggingTimer:44] Completed com.liferay.portal.events.StartupHelperUtil#initResourceActions in 44 ms
2022-10-04 08:05:11.526 INFO  [main][AutoDeployDir:176] Auto deploy scanner started for C:\Entornos\Entornos-7.4-local\liferay-ce-portal-7.4.3.44-ga44\deploy
2022-10-04 08:05:19.292 INFO  [com.liferay.portal.osgi.web.wab.extender.internal.WabFactory-BundleTrackerOpener][ThemeHotDeployListener:108] 1 theme for speedwell-theme is available for use
2022-10-04 08:05:19.478 INFO  [com.liferay.portal.osgi.web.wab.extender.internal.WabFactory-BundleTrackerOpener][ThemeHotDeployListener:108] 1 theme for dialect-theme is available for use
2022-10-04 08:05:22.222 INFO  [com.liferay.portal.osgi.web.wab.extender.internal.WabFactory-BundleTrackerOpener][ThemeHotDeployListener:108] 1 theme for classic-theme is available for use
2022-10-04 08:05:22.343 INFO  [com.liferay.portal.osgi.web.wab.extender.internal.WabFactory-BundleTrackerOpener][ThemeHotDeployListener:108] 1 theme for admin-theme is available for use
2022-10-04 08:05:22.469 INFO  [com.liferay.portal.osgi.web.wab.extender.internal.WabFactory-BundleTrackerOpener][ThemeHotDeployListener:108] 1 theme for minium-theme is available for use
2022-10-04 10:14:56.312 WARN  [http-nio-8080-exec-5][code_jsp:157] {code="404", msg="ProxyServlet: /o/frontend-js-aui-web/build/aui-skin-deprecated/images/loading_indicator.gif", uri=/o/frontend-js-aui-web/build/aui-skin-deprecated/images/loading_indicator.gif}
2022-10-04 10:14:56.312 WARN  [http-nio-8080-exec-1][code_jsp:157] {code="404", msg="ProxyServlet: /o/frontend-js-aui-web/build/aui-skin-deprecated/images/common/state_default_bg.png", uri=/o/frontend-js-aui-web/build/aui-skin-deprecated/images/common/state_default_bg.png}
2022-10-04 11:24:00.269 INFO  [main][ThemeHotDeployListener:171] 1 theme for minium-theme was unregistered
2022-10-04 11:24:00.310 INFO  [main][ThemeHotDeployListener:171] 1 theme for admin-theme was unregistered
2022-10-04 11:24:00.344 INFO  [main][ThemeHotDeployListener:171] 1 theme for classic-theme was unregistered
2022-10-04 11:24:00.371 INFO  [main][ThemeHotDeployListener:171] 1 theme for dialect-theme was unregistered
2022-10-04 11:24:00.395 INFO  [main][ThemeHotDeployListener:171] 1 theme for speedwell-theme was unregistered
2022-10-04 13:36:47.826 INFO  [main][PortalContextLoaderListener:123] JVM arguments: -Djava.util.logging.config.file=C:\Entornos\Entornos-7.4-local\liferay-ce-portal-7.4.3.44-ga44\tomcat-9.0.56\conf\logging.properties -Djava.util.logging.manager=org.apache.juli.ClassLoaderLogManager -Djdk.tls.ephemeralDHKeySize=2048 -Djava.protocol.handler.pkgs=org.apache.catalina.webresources -Dfile.encoding=UTF-8 -Djava.locale.providers=JRE,COMPAT,CLDR -Djava.net.preferIPv4Stack=true -Duser.timezone=GMT -Xms2560m -Xmx2560m -XX:MaxNewSize=1536m -XX:MaxMetaspaceSize=768m -XX:MetaspaceSize=768m -XX:NewSize=1536m -XX:SurvivorRatio=7 -Dignore.endorsed.dirs= -Dcatalina.base=C:\Entornos\Entornos-7.4-local\liferay-ce-portal-7.4.3.44-ga44\tomcat-9.0.56 -Dcatalina.home=C:\Entornos\Entornos-7.4-local\liferay-ce-portal-7.4.3.44-ga44\tomcat-9.0.56 -Djava.io.tmpdir=C:\Entornos\Entornos-7.4-local\liferay-ce-portal-7.4.3.44-ga44\tomcat-9.0.56\temp
2022-10-04 13:36:55.669 INFO  [main][DialectDetector:153] Using dialect com.liferay.portal.dao.orm.hibernate.MariaDBDialect for MariaDB 10.11
2022-10-04 13:37:00.667 INFO  [main][ModuleFrameworkImpl:1279] Starting initial bundles
2022-10-04 13:37:01.521 INFO  [ModuleFramework-Static-Bundles-2][InterpolationConfigurationPlugin:109] Configured directory for secrets: C:/Entornos/Entornos-7.4-local/liferay-ce-portal-7.4.3.44-ga44/osgi/configs
2022-10-04 13:37:04.678 INFO  [main][ModuleFrameworkImpl:1576] Started initial bundles
2022-10-04 13:37:04.680 INFO  [main][ModuleFrameworkImpl:1625] Starting dynamic bundles
2022-10-04 13:37:28.648 INFO  [main][ModuleFrameworkImpl:1647] Started dynamic bundles
2022-10-04 13:37:28.649 INFO  [main][ModuleFrameworkImpl:1654] Starting web bundles
2022-10-04 13:37:32.443 INFO  [main][ModuleFrameworkImpl:1708] Started web bundles
2022-10-04 13:37:32.445 INFO  [main][ModuleFrameworkImpl:278] Navigate to Control Panel > System > Gogo Shell and enter "lb" to see all bundles
2022-10-04 13:37:32.473 INFO  [main][LoggingTimer:83] Starting com.liferay.portal.verify.VerifyProperties#verifySystemProperties
2022-10-04 13:37:32.474 INFO  [main][LoggingTimer:44] Completed com.liferay.portal.verify.VerifyProperties#verifySystemProperties in 1 ms
2022-10-04 13:37:32.476 INFO  [main][LoggingTimer:83] Starting com.liferay.portal.verify.VerifyProperties#verifyPortalProperties
2022-10-04 13:37:32.508 INFO  [main][LoggingTimer:44] Completed com.liferay.portal.verify.VerifyProperties#verifyPortalProperties in 32 ms
2022-10-04 13:37:32.510 INFO  [main][LoggingTimer:83] Starting com.liferay.portal.verify.VerifyProperties#verifyDocumentLibrary
2022-10-04 13:37:32.514 INFO  [main][LoggingTimer:44] Completed com.liferay.portal.verify.VerifyProperties#verifyDocumentLibrary in 5 ms
2022-10-04 13:37:33.475 INFO  [main][LoggingTimer:83] Starting com.liferay.portal.events.StartupHelperUtil#initResourceActions
2022-10-04 13:37:33.612 INFO  [main][LoggingTimer:44] Completed com.liferay.portal.events.StartupHelperUtil#initResourceActions in 137 ms
2022-10-04 13:37:38.589 WARN  [main][SidecarManager:103] Liferay automatically starts a child process of Elasticsearch named sidecar for convenient development and demonstration purposes. Do NOT use sidecar in production. Refer to the documentation for details on the limitations of sidecar and instructions on configuring a remote Elasticsearch connection in the Control Panel.
2022-10-04 13:38:16.593 INFO  [main][Sidecar:119] Sidecar Elasticsearch liferay started at 127.0.0.1:9201
2022-10-04 13:38:23.738 INFO  [main][StartupHelperUtil:86] There are no patches installed
2022-10-04 13:38:23.761 INFO  [main][LoggingTimer:83] Starting com.liferay.portal.events.StartupHelperUtil#initResourceActions
2022-10-04 13:38:23.814 INFO  [main][LoggingTimer:44] Completed com.liferay.portal.events.StartupHelperUtil#initResourceActions in 53 ms
2022-10-04 13:38:24.577 INFO  [main][AutoDeployDir:176] Auto deploy scanner started for C:\Entornos\Entornos-7.4-local\liferay-ce-portal-7.4.3.44-ga44\deploy
2022-10-04 13:38:33.455 INFO  [com.liferay.portal.osgi.web.wab.extender.internal.WabFactory-BundleTrackerOpener][ThemeHotDeployListener:108] 1 theme for speedwell-theme is available for use
2022-10-04 13:38:33.639 INFO  [com.liferay.portal.osgi.web.wab.extender.internal.WabFactory-BundleTrackerOpener][ThemeHotDeployListener:108] 1 theme for dialect-theme is available for use
2022-10-04 13:38:33.779 INFO  [com.liferay.portal.osgi.web.wab.extender.internal.WabFactory-BundleTrackerOpener][ThemeHotDeployListener:108] 1 theme for classic-theme is available for use
2022-10-04 13:38:36.008 INFO  [com.liferay.portal.osgi.web.wab.extender.internal.WabFactory-BundleTrackerOpener][ThemeHotDeployListener:108] 1 theme for admin-theme is available for use
2022-10-04 13:38:36.177 INFO  [com.liferay.portal.osgi.web.wab.extender.internal.WabFactory-BundleTrackerOpener][ThemeHotDeployListener:108] 1 theme for minium-theme is available for use
2022-10-04 15:07:36.551 INFO  [main][ThemeHotDeployListener:171] 1 theme for minium-theme was unregistered
2022-10-04 15:07:36.587 INFO  [main][ThemeHotDeployListener:171] 1 theme for admin-theme was unregistered
2022-10-04 15:07:36.601 INFO  [main][ThemeHotDeployListener:171] 1 theme for classic-theme was unregistered
2022-10-04 15:07:36.632 INFO  [main][ThemeHotDeployListener:171] 1 theme for dialect-theme was unregistered
2022-10-04 15:07:36.662 INFO  [main][ThemeHotDeployListener:171] 1 theme for speedwell-theme was unregistered
