2022-10-25 06:08:32.518 INFO  [main][PortalContextLoaderListener:123] JVM arguments: -XX:MaxMetaspaceSize=768m -XX:MetaspaceSize=768m -Dcatalina.base=C:/Entornos/Entornos-7.4-local/liferay-ce-portal-7.4.3.44-ga44/tomcat-9.0.56 -Dcatalina.home=C:/Entornos/Entornos-7.4-local/liferay-ce-portal-7.4.3.44-ga44/tomcat-9.0.56 -Djdk.tls.ephemeralDHKeySize=2048 -Djava.protocol.handler.pkgs=org.apache.catalina.webresources -Dorg.apache.catalina.security.SecurityListener.UMASK=0027 -Dcom.sun.management.jmxremote -Dcom.sun.management.jmxremote.authenticate=false -Dcom.sun.management.jmxremote.port=8099 -Dcom.sun.management.jmxremote.ssl=false -Dfile.encoding=UTF8 -Djava.endorsed.dirs=C:/Entornos/Entornos-7.4-local/liferay-ce-portal-7.4.3.44-ga44/tomcat-9.0.56/endorsed -Djava.io.tmpdir=C:/Entornos/Entornos-7.4-local/liferay-ce-portal-7.4.3.44-ga44/tomcat-9.0.56/temp -Djava.net.preferIPv4Stack=true -Djava.util.logging.config.file=C:/Entornos/Entornos-7.4-local/liferay-ce-portal-7.4.3.44-ga44/tomcat-9.0.56/conf/logging.properties -Djava.util.logging.manager=org.apache.juli.ClassLoaderLogManager -Dorg.apache.catalina.loader.WebappClassLoader.ENABLE_CLEAR_REFERENCES=false -Duser.timezone=GMT -Xmx2560m
2022-10-25 06:08:38.828 INFO  [main][DialectDetector:153] Using dialect com.liferay.portal.dao.orm.hibernate.MariaDBDialect for MariaDB 10.11
2022-10-25 06:08:43.636 INFO  [main][ModuleFrameworkImpl:1279] Starting initial bundles
2022-10-25 06:08:44.046 INFO  [ModuleFramework-Static-Bundles-4][InterpolationConfigurationPlugin:109] Configured directory for secrets: C:/Entornos/Entornos-7.4-local/liferay-ce-portal-7.4.3.44-ga44/osgi/configs
2022-10-25 06:08:46.836 INFO  [main][ModuleFrameworkImpl:1576] Started initial bundles
2022-10-25 06:08:46.838 INFO  [main][ModuleFrameworkImpl:1625] Starting dynamic bundles
2022-10-25 06:09:07.072 INFO  [main][ModuleFrameworkImpl:1647] Started dynamic bundles
2022-10-25 06:09:07.074 INFO  [main][ModuleFrameworkImpl:1654] Starting web bundles
2022-10-25 06:09:09.989 INFO  [main][ModuleFrameworkImpl:1708] Started web bundles
2022-10-25 06:09:09.990 INFO  [main][ModuleFrameworkImpl:278] Navigate to Control Panel > System > Gogo Shell and enter "lb" to see all bundles
2022-10-25 06:09:10.005 INFO  [main][LoggingTimer:83] Starting com.liferay.portal.verify.VerifyProperties#verifySystemProperties
2022-10-25 06:09:10.006 INFO  [main][LoggingTimer:44] Completed com.liferay.portal.verify.VerifyProperties#verifySystemProperties in 1 ms
2022-10-25 06:09:10.007 INFO  [main][LoggingTimer:83] Starting com.liferay.portal.verify.VerifyProperties#verifyPortalProperties
2022-10-25 06:09:10.027 INFO  [main][LoggingTimer:44] Completed com.liferay.portal.verify.VerifyProperties#verifyPortalProperties in 19 ms
2022-10-25 06:09:10.028 INFO  [main][LoggingTimer:83] Starting com.liferay.portal.verify.VerifyProperties#verifyDocumentLibrary
2022-10-25 06:09:10.030 INFO  [main][LoggingTimer:44] Completed com.liferay.portal.verify.VerifyProperties#verifyDocumentLibrary in 1 ms
2022-10-25 06:09:10.633 INFO  [main][LoggingTimer:83] Starting com.liferay.portal.events.StartupHelperUtil#initResourceActions
2022-10-25 06:09:10.719 INFO  [main][LoggingTimer:44] Completed com.liferay.portal.events.StartupHelperUtil#initResourceActions in 86 ms
2022-10-25 06:09:13.953 WARN  [main][SidecarManager:103] Liferay automatically starts a child process of Elasticsearch named sidecar for convenient development and demonstration purposes. Do NOT use sidecar in production. Refer to the documentation for details on the limitations of sidecar and instructions on configuring a remote Elasticsearch connection in the Control Panel.
2022-10-25 06:09:50.086 INFO  [main][Sidecar:119] Sidecar Elasticsearch liferay started at 127.0.0.1:9201
2022-10-25 06:09:58.266 INFO  [main][StartupHelperUtil:86] There are no patches installed
2022-10-25 06:09:58.294 INFO  [main][LoggingTimer:83] Starting com.liferay.portal.events.StartupHelperUtil#initResourceActions
2022-10-25 06:09:58.359 INFO  [main][LoggingTimer:44] Completed com.liferay.portal.events.StartupHelperUtil#initResourceActions in 65 ms
2022-10-25 06:09:59.465 INFO  [main][AutoDeployDir:176] Auto deploy scanner started for C:\Entornos\Entornos-7.4-local\liferay-ce-portal-7.4.3.44-ga44\deploy
2022-10-25 06:10:11.977 INFO  [com.liferay.portal.osgi.web.wab.extender.internal.WabFactory-BundleTrackerOpener][ThemeHotDeployListener:108] 1 theme for speedwell-theme is available for use
2022-10-25 06:10:12.409 INFO  [com.liferay.portal.osgi.web.wab.extender.internal.WabFactory-BundleTrackerOpener][ThemeHotDeployListener:108] 1 theme for dialect-theme is available for use
2022-10-25 06:10:12.610 INFO  [com.liferay.portal.osgi.web.wab.extender.internal.WabFactory-BundleTrackerOpener][ThemeHotDeployListener:108] 1 theme for classic-theme is available for use
2022-10-25 06:10:12.822 INFO  [com.liferay.portal.osgi.web.wab.extender.internal.WabFactory-BundleTrackerOpener][ThemeHotDeployListener:108] 1 theme for admin-theme is available for use
2022-10-25 06:10:13.044 INFO  [com.liferay.portal.osgi.web.wab.extender.internal.WabFactory-BundleTrackerOpener][ThemeHotDeployListener:108] 1 theme for minium-theme is available for use
2022-10-25 06:25:09.867 INFO  [fileinstall-directory-watcher][BundleStartStopLogger:77] STARTED es.capgemini.practicas.portlet_1.0.0 [1574]
2022-10-25 06:27:13.038 INFO  [fileinstall-directory-watcher][BundleStartStopLogger:80] STOPPED es.capgemini.practicas.miprimervideoportlet_1.0.0 [1573]
2022-10-25 06:27:13.561 INFO  [Refresh Thread: Equinox Container: a0a2b0f4-4786-48d0-9884-16e0fd31b605][BundleStartStopLogger:77] STARTED es.capgemini.practicas.miprimervideoportlet_1.0.0 [1573]
2022-10-25 07:30:37.131 INFO  [fileinstall-directory-watcher][BundleStartStopLogger:80] STOPPED es.capgemini.practicas.miprimervideoportlet_1.0.0 [1573]
2022-10-25 07:30:37.898 INFO  [Refresh Thread: Equinox Container: a0a2b0f4-4786-48d0-9884-16e0fd31b605][BundleStartStopLogger:77] STARTED es.capgemini.practicas.miprimervideoportlet_1.0.0 [1573]
2022-10-25 07:35:34.308 INFO  [fileinstall-directory-watcher][BundleStartStopLogger:80] STOPPED es.capgemini.practicas.miprimervideoportlet_1.0.0 [1573]
2022-10-25 07:35:34.536 INFO  [Refresh Thread: Equinox Container: a0a2b0f4-4786-48d0-9884-16e0fd31b605][BundleStartStopLogger:77] STARTED es.capgemini.practicas.miprimervideoportlet_1.0.0 [1573]
2022-10-25 07:39:04.234 INFO  [fileinstall-directory-watcher][BundleStartStopLogger:80] STOPPED es.capgemini.practicas.miprimervideoportlet_1.0.0 [1573]
2022-10-25 07:39:04.270 INFO  [fileinstall-directory-watcher][BundleStartStopLogger:80] STOPPED es.capgemini.practicas.portlet_1.0.0 [1574]
2022-10-25 07:39:04.305 INFO  [fileinstall-directory-watcher][BundleStartStopLogger:80] STOPPED es.capgemini.practicas.portlet.miprimerportlet_1.0.0 [1570]
2022-10-25 07:40:00.588 INFO  [fileinstall-directory-watcher][BundleStartStopLogger:77] STARTED es.capgemini.practicas.miprimervideoportlet_1.0.0 [1575]
2022-10-25 08:30:16.546 INFO  [main][ThemeHotDeployListener:171] 1 theme for minium-theme was unregistered
2022-10-25 08:30:16.568 INFO  [main][ThemeHotDeployListener:171] 1 theme for admin-theme was unregistered
2022-10-25 08:30:16.584 INFO  [main][ThemeHotDeployListener:171] 1 theme for classic-theme was unregistered
2022-10-25 08:30:16.584 INFO  [main][ThemeHotDeployListener:171] 1 theme for dialect-theme was unregistered
2022-10-25 08:30:16.599 INFO  [main][ThemeHotDeployListener:171] 1 theme for speedwell-theme was unregistered
2022-10-25 08:31:48.981 INFO  [main][PortalContextLoaderListener:123] JVM arguments: -XX:MaxMetaspaceSize=768m -XX:MetaspaceSize=768m -Dcatalina.base=C:/Entornos/Entornos-7.4-local/liferay-ce-portal-7.4.3.44-ga44/tomcat-9.0.56 -Dcatalina.home=C:/Entornos/Entornos-7.4-local/liferay-ce-portal-7.4.3.44-ga44/tomcat-9.0.56 -Djdk.tls.ephemeralDHKeySize=2048 -Djava.protocol.handler.pkgs=org.apache.catalina.webresources -Dorg.apache.catalina.security.SecurityListener.UMASK=0027 -Dcom.sun.management.jmxremote -Dcom.sun.management.jmxremote.authenticate=false -Dcom.sun.management.jmxremote.port=8099 -Dcom.sun.management.jmxremote.ssl=false -Dfile.encoding=UTF8 -Djava.endorsed.dirs=C:/Entornos/Entornos-7.4-local/liferay-ce-portal-7.4.3.44-ga44/tomcat-9.0.56/endorsed -Djava.io.tmpdir=C:/Entornos/Entornos-7.4-local/liferay-ce-portal-7.4.3.44-ga44/tomcat-9.0.56/temp -Djava.net.preferIPv4Stack=true -Djava.util.logging.config.file=C:/Entornos/Entornos-7.4-local/liferay-ce-portal-7.4.3.44-ga44/tomcat-9.0.56/conf/logging.properties -Djava.util.logging.manager=org.apache.juli.ClassLoaderLogManager -Dorg.apache.catalina.loader.WebappClassLoader.ENABLE_CLEAR_REFERENCES=false -Duser.timezone=GMT -Xmx2560m
2022-10-25 08:31:49.560 INFO  [main][DialectDetector:153] Using dialect com.liferay.portal.dao.orm.hibernate.MariaDBDialect for MariaDB 10.11
2022-10-25 08:31:52.079 INFO  [main][ModuleFrameworkImpl:1279] Starting initial bundles
2022-10-25 08:31:54.167 INFO  [ModuleFramework-Static-Bundles-3][InterpolationConfigurationPlugin:109] Configured directory for secrets: C:/Entornos/Entornos-7.4-local/liferay-ce-portal-7.4.3.44-ga44/osgi/configs
2022-10-25 08:32:24.253 INFO  [main][ModuleFrameworkImpl:1576] Started initial bundles
2022-10-25 08:32:24.269 INFO  [main][ModuleFrameworkImpl:1625] Starting dynamic bundles
2022-10-25 08:32:47.145 INFO  [main][ModuleFrameworkImpl:1647] Started dynamic bundles
2022-10-25 08:32:47.146 INFO  [main][ModuleFrameworkImpl:1654] Starting web bundles
2022-10-25 08:32:50.853 INFO  [main][ModuleFrameworkImpl:1708] Started web bundles
2022-10-25 08:32:50.857 INFO  [main][ModuleFrameworkImpl:278] Navigate to Control Panel > System > Gogo Shell and enter "lb" to see all bundles
2022-10-25 08:32:50.861 INFO  [main][LoggingTimer:83] Starting com.liferay.portal.verify.VerifyProperties#verifySystemProperties
2022-10-25 08:32:50.861 INFO  [main][LoggingTimer:44] Completed com.liferay.portal.verify.VerifyProperties#verifySystemProperties in 0 ms
2022-10-25 08:32:50.861 INFO  [main][LoggingTimer:83] Starting com.liferay.portal.verify.VerifyProperties#verifyPortalProperties
2022-10-25 08:32:50.873 INFO  [main][LoggingTimer:44] Completed com.liferay.portal.verify.VerifyProperties#verifyPortalProperties in 12 ms
2022-10-25 08:32:50.873 INFO  [main][LoggingTimer:83] Starting com.liferay.portal.verify.VerifyProperties#verifyDocumentLibrary
2022-10-25 08:32:50.873 INFO  [main][LoggingTimer:44] Completed com.liferay.portal.verify.VerifyProperties#verifyDocumentLibrary in 0 ms
2022-10-25 08:32:51.257 INFO  [main][LoggingTimer:83] Starting com.liferay.portal.events.StartupHelperUtil#initResourceActions
2022-10-25 08:32:51.295 INFO  [main][LoggingTimer:44] Completed com.liferay.portal.events.StartupHelperUtil#initResourceActions in 38 ms
2022-10-25 08:32:57.004 WARN  [main][SidecarManager:103] Liferay automatically starts a child process of Elasticsearch named sidecar for convenient development and demonstration purposes. Do NOT use sidecar in production. Refer to the documentation for details on the limitations of sidecar and instructions on configuring a remote Elasticsearch connection in the Control Panel.
2022-10-25 08:33:18.511 INFO  [main][Sidecar:119] Sidecar Elasticsearch liferay started at 127.0.0.1:9201
2022-10-25 08:33:22.852 INFO  [main][StartupHelperUtil:86] There are no patches installed
2022-10-25 08:33:22.865 INFO  [main][LoggingTimer:83] Starting com.liferay.portal.events.StartupHelperUtil#initResourceActions
2022-10-25 08:33:22.903 INFO  [main][LoggingTimer:44] Completed com.liferay.portal.events.StartupHelperUtil#initResourceActions in 38 ms
2022-10-25 08:33:23.398 INFO  [main][AutoDeployDir:176] Auto deploy scanner started for C:\Entornos\Entornos-7.4-local\liferay-ce-portal-7.4.3.44-ga44\deploy
2022-10-25 08:46:03.530 INFO  [fileinstall-directory-watcher][BundleStartStopLogger:77] STARTED es.capgemini.practicas.contenidovisualizacion.portlet_1.0.0 [1564]
2022-10-25 10:29:22.652 INFO  [fileinstall-directory-watcher][BundleStartStopLogger:77] STARTED es.capgemini.practicas.miprimervideoportlet_1.0.0 [1565]
2022-10-25 11:30:09.335 INFO  [fileinstall-directory-watcher][BundleStartStopLogger:77] STARTED es.capgemini.practicas.visualizacioncontenido.portlet_1.0.0 [1566]
2022-10-25 11:36:58.516 INFO  [fileinstall-directory-watcher][BundleStartStopLogger:80] STOPPED es.capgemini.practicas.visualizacioncontenido.portlet_1.0.0 [1566]
2022-10-25 11:36:58.696 INFO  [Refresh Thread: Equinox Container: ace40917-a3f2-4f05-acef-751b94821059][BundleStartStopLogger:77] STARTED es.capgemini.practicas.visualizacioncontenido.portlet_1.0.0 [1566]
2022-10-25 12:24:14.933 INFO  [fileinstall-directory-watcher][BundleStartStopLogger:80] STOPPED es.capgemini.practicas.visualizacioncontenido.portlet_1.0.0 [1566]
2022-10-25 12:24:15.111 INFO  [Refresh Thread: Equinox Container: ace40917-a3f2-4f05-acef-751b94821059][BundleStartStopLogger:77] STARTED es.capgemini.practicas.visualizacioncontenido.portlet_1.0.0 [1566]
2022-10-25 13:29:25.101 INFO  [fileinstall-directory-watcher][BundleStartStopLogger:80] STOPPED es.capgemini.practicas.visualizacioncontenido.portlet_1.0.0 [1566]
2022-10-25 13:29:25.250 INFO  [Refresh Thread: Equinox Container: ace40917-a3f2-4f05-acef-751b94821059][BundleStartStopLogger:77] STARTED es.capgemini.practicas.visualizacioncontenido.portlet_1.0.0 [1566]
2022-10-25 13:34:13.236 INFO  [fileinstall-directory-watcher][BundleStartStopLogger:80] STOPPED es.capgemini.practicas.visualizacioncontenido.portlet_1.0.0 [1566]
2022-10-25 13:34:13.417 INFO  [Refresh Thread: Equinox Container: ace40917-a3f2-4f05-acef-751b94821059][BundleStartStopLogger:77] STARTED es.capgemini.practicas.visualizacioncontenido.portlet_1.0.0 [1566]
2022-10-25 13:40:17.180 INFO  [fileinstall-directory-watcher][BundleStartStopLogger:80] STOPPED es.capgemini.practicas.visualizacioncontenido.portlet_1.0.0 [1566]
2022-10-25 13:40:17.329 INFO  [Refresh Thread: Equinox Container: ace40917-a3f2-4f05-acef-751b94821059][BundleStartStopLogger:77] STARTED es.capgemini.practicas.visualizacioncontenido.portlet_1.0.0 [1566]
2022-10-25 13:49:22.798 INFO  [fileinstall-directory-watcher][BundleStartStopLogger:80] STOPPED es.capgemini.practicas.visualizacioncontenido.portlet_1.0.0 [1566]
2022-10-25 13:49:22.937 INFO  [Refresh Thread: Equinox Container: ace40917-a3f2-4f05-acef-751b94821059][BundleStartStopLogger:77] STARTED es.capgemini.practicas.visualizacioncontenido.portlet_1.0.0 [1566]
2022-10-25 14:02:55.758 INFO  [fileinstall-directory-watcher][BundleStartStopLogger:80] STOPPED es.capgemini.practicas.visualizacioncontenido.portlet_1.0.0 [1566]
2022-10-25 14:02:55.987 INFO  [Refresh Thread: Equinox Container: ace40917-a3f2-4f05-acef-751b94821059][BundleStartStopLogger:77] STARTED es.capgemini.practicas.visualizacioncontenido.portlet_1.0.0 [1566]
2022-10-25 14:07:38.627 INFO  [fileinstall-directory-watcher][BundleStartStopLogger:80] STOPPED es.capgemini.practicas.visualizacioncontenido.portlet_1.0.0 [1566]
2022-10-25 14:07:38.783 INFO  [Refresh Thread: Equinox Container: ace40917-a3f2-4f05-acef-751b94821059][BundleStartStopLogger:77] STARTED es.capgemini.practicas.visualizacioncontenido.portlet_1.0.0 [1566]
2022-10-25 14:07:48.922 INFO  [fileinstall-directory-watcher][BundleStartStopLogger:80] STOPPED es.capgemini.practicas.visualizacioncontenido.portlet_1.0.0 [1566]
2022-10-25 14:08:04.205 INFO  [fileinstall-directory-watcher][BundleStartStopLogger:77] STARTED es.capgemini.practicas.visualizacioncontenido.portlet_1.0.0 [1567]
2022-10-25 14:08:17.808 INFO  [main][ThemeHotDeployListener:171] 1 theme for admin-theme was unregistered
2022-10-25 14:08:17.833 INFO  [main][ThemeHotDeployListener:171] 1 theme for classic-theme was unregistered
2022-10-25 14:08:17.844 INFO  [main][ThemeHotDeployListener:171] 1 theme for dialect-theme was unregistered
2022-10-25 14:08:17.855 INFO  [main][ThemeHotDeployListener:171] 1 theme for minium-theme was unregistered
2022-10-25 14:08:17.866 INFO  [main][ThemeHotDeployListener:171] 1 theme for speedwell-theme was unregistered
2022-10-25 14:09:04.427 INFO  [main][PortalContextLoaderListener:123] JVM arguments: -XX:MaxMetaspaceSize=768m -XX:MetaspaceSize=768m -Dcatalina.base=C:/Entornos/Entornos-7.4-local/liferay-ce-portal-7.4.3.44-ga44/tomcat-9.0.56 -Dcatalina.home=C:/Entornos/Entornos-7.4-local/liferay-ce-portal-7.4.3.44-ga44/tomcat-9.0.56 -Djdk.tls.ephemeralDHKeySize=2048 -Djava.protocol.handler.pkgs=org.apache.catalina.webresources -Dorg.apache.catalina.security.SecurityListener.UMASK=0027 -Dcom.sun.management.jmxremote -Dcom.sun.management.jmxremote.authenticate=false -Dcom.sun.management.jmxremote.port=8099 -Dcom.sun.management.jmxremote.ssl=false -Dfile.encoding=UTF8 -Djava.endorsed.dirs=C:/Entornos/Entornos-7.4-local/liferay-ce-portal-7.4.3.44-ga44/tomcat-9.0.56/endorsed -Djava.io.tmpdir=C:/Entornos/Entornos-7.4-local/liferay-ce-portal-7.4.3.44-ga44/tomcat-9.0.56/temp -Djava.net.preferIPv4Stack=true -Djava.util.logging.config.file=C:/Entornos/Entornos-7.4-local/liferay-ce-portal-7.4.3.44-ga44/tomcat-9.0.56/conf/logging.properties -Djava.util.logging.manager=org.apache.juli.ClassLoaderLogManager -Dorg.apache.catalina.loader.WebappClassLoader.ENABLE_CLEAR_REFERENCES=false -Duser.timezone=GMT -Xmx2560m
2022-10-25 14:09:06.879 INFO  [main][DialectDetector:153] Using dialect com.liferay.portal.dao.orm.hibernate.MariaDBDialect for MariaDB 10.11
2022-10-25 14:09:09.037 INFO  [main][ModuleFrameworkImpl:1279] Starting initial bundles
2022-10-25 14:09:09.367 INFO  [ModuleFramework-Static-Bundles-7][InterpolationConfigurationPlugin:109] Configured directory for secrets: C:/Entornos/Entornos-7.4-local/liferay-ce-portal-7.4.3.44-ga44/osgi/configs
2022-10-25 14:09:11.126 INFO  [main][ModuleFrameworkImpl:1576] Started initial bundles
2022-10-25 14:09:11.126 INFO  [main][ModuleFrameworkImpl:1625] Starting dynamic bundles
2022-10-25 14:09:25.043 INFO  [main][ModuleFrameworkImpl:1647] Started dynamic bundles
2022-10-25 14:09:25.044 INFO  [main][ModuleFrameworkImpl:1654] Starting web bundles
2022-10-25 14:09:27.364 INFO  [main][ModuleFrameworkImpl:1708] Started web bundles
2022-10-25 14:09:27.364 INFO  [main][ModuleFrameworkImpl:278] Navigate to Control Panel > System > Gogo Shell and enter "lb" to see all bundles
2022-10-25 14:09:27.373 INFO  [main][LoggingTimer:83] Starting com.liferay.portal.verify.VerifyProperties#verifySystemProperties
2022-10-25 14:09:27.374 INFO  [main][LoggingTimer:44] Completed com.liferay.portal.verify.VerifyProperties#verifySystemProperties in 1 ms
2022-10-25 14:09:27.374 INFO  [main][LoggingTimer:83] Starting com.liferay.portal.verify.VerifyProperties#verifyPortalProperties
2022-10-25 14:09:27.389 INFO  [main][LoggingTimer:44] Completed com.liferay.portal.verify.VerifyProperties#verifyPortalProperties in 14 ms
2022-10-25 14:09:27.389 INFO  [main][LoggingTimer:83] Starting com.liferay.portal.verify.VerifyProperties#verifyDocumentLibrary
2022-10-25 14:09:27.390 INFO  [main][LoggingTimer:44] Completed com.liferay.portal.verify.VerifyProperties#verifyDocumentLibrary in 0 ms
2022-10-25 14:09:27.775 INFO  [main][LoggingTimer:83] Starting com.liferay.portal.events.StartupHelperUtil#initResourceActions
2022-10-25 14:09:27.823 INFO  [main][LoggingTimer:44] Completed com.liferay.portal.events.StartupHelperUtil#initResourceActions in 47 ms
2022-10-25 14:09:32.755 WARN  [main][SidecarManager:103] Liferay automatically starts a child process of Elasticsearch named sidecar for convenient development and demonstration purposes. Do NOT use sidecar in production. Refer to the documentation for details on the limitations of sidecar and instructions on configuring a remote Elasticsearch connection in the Control Panel.
2022-10-25 14:09:56.429 INFO  [main][Sidecar:119] Sidecar Elasticsearch liferay started at 127.0.0.1:9201
2022-10-25 14:10:01.279 INFO  [main][StartupHelperUtil:86] There are no patches installed
2022-10-25 14:10:01.291 INFO  [main][LoggingTimer:83] Starting com.liferay.portal.events.StartupHelperUtil#initResourceActions
2022-10-25 14:10:01.325 INFO  [main][LoggingTimer:44] Completed com.liferay.portal.events.StartupHelperUtil#initResourceActions in 33 ms
2022-10-25 14:10:01.885 INFO  [main][AutoDeployDir:176] Auto deploy scanner started for C:\Entornos\Entornos-7.4-local\liferay-ce-portal-7.4.3.44-ga44\deploy
2022-10-25 14:10:08.918 INFO  [com.liferay.portal.osgi.web.wab.extender.internal.WabFactory-BundleTrackerOpener][ThemeHotDeployListener:108] 1 theme for speedwell-theme is available for use
2022-10-25 14:10:09.080 INFO  [com.liferay.portal.osgi.web.wab.extender.internal.WabFactory-BundleTrackerOpener][ThemeHotDeployListener:108] 1 theme for minium-theme is available for use
2022-10-25 14:10:09.219 INFO  [com.liferay.portal.osgi.web.wab.extender.internal.WabFactory-BundleTrackerOpener][ThemeHotDeployListener:108] 1 theme for dialect-theme is available for use
2022-10-25 14:10:09.365 INFO  [com.liferay.portal.osgi.web.wab.extender.internal.WabFactory-BundleTrackerOpener][ThemeHotDeployListener:108] 1 theme for classic-theme is available for use
2022-10-25 14:10:09.523 INFO  [com.liferay.portal.osgi.web.wab.extender.internal.WabFactory-BundleTrackerOpener][ThemeHotDeployListener:108] 1 theme for admin-theme is available for use
2022-10-25 14:40:20.881 INFO  [fileinstall-directory-watcher][BundleStartStopLogger:80] STOPPED es.capgemini.practicas.visualizacioncontenido.portlet_1.0.0 [1567]
2022-10-25 14:40:21.157 INFO  [Refresh Thread: Equinox Container: eb66aa23-c90e-41ee-b186-357a68bf3260][BundleStartStopLogger:77] STARTED es.capgemini.practicas.visualizacioncontenido.portlet_1.0.0 [1567]
2022-10-25 14:40:36.342 INFO  [fileinstall-directory-watcher][BundleStartStopLogger:80] STOPPED es.capgemini.practicas.visualizacioncontenido.portlet_1.0.0 [1567]
2022-10-25 14:40:51.860 INFO  [fileinstall-directory-watcher][BundleStartStopLogger:77] STARTED es.capgemini.practicas.visualizacioncontenido.portlet_1.0.0 [1568]
2022-10-25 14:43:03.147 INFO  [fileinstall-directory-watcher][BundleStartStopLogger:80] STOPPED es.capgemini.practicas.visualizacioncontenido.portlet_1.0.0 [1568]
2022-10-25 14:43:03.312 INFO  [Refresh Thread: Equinox Container: eb66aa23-c90e-41ee-b186-357a68bf3260][BundleStartStopLogger:77] STARTED es.capgemini.practicas.visualizacioncontenido.portlet_1.0.0 [1568]
2022-10-25 16:10:46.117 INFO  [main][ThemeHotDeployListener:171] 1 theme for admin-theme was unregistered
2022-10-25 16:10:46.132 INFO  [main][ThemeHotDeployListener:171] 1 theme for classic-theme was unregistered
2022-10-25 16:10:46.147 INFO  [main][ThemeHotDeployListener:171] 1 theme for dialect-theme was unregistered
2022-10-25 16:10:46.163 INFO  [main][ThemeHotDeployListener:171] 1 theme for minium-theme was unregistered
2022-10-25 16:10:46.178 INFO  [main][ThemeHotDeployListener:171] 1 theme for speedwell-theme was unregistered
