2022-11-29 07:33:44.010 INFO  [main][PortalContextLoaderListener:123] JVM arguments: -XX:MaxMetaspaceSize=768m -XX:MetaspaceSize=768m -Dcatalina.base=C:/Entornos/Entornos-7.4-local/liferay-ce-portal-7.4.3.44-ga44/tomcat-9.0.56 -Dcatalina.home=C:/Entornos/Entornos-7.4-local/liferay-ce-portal-7.4.3.44-ga44/tomcat-9.0.56 -Djdk.tls.ephemeralDHKeySize=2048 -Djava.protocol.handler.pkgs=org.apache.catalina.webresources -Dorg.apache.catalina.security.SecurityListener.UMASK=0027 -Dcom.sun.management.jmxremote -Dcom.sun.management.jmxremote.authenticate=false -Dcom.sun.management.jmxremote.port=8099 -Dcom.sun.management.jmxremote.ssl=false -Dfile.encoding=UTF8 -Djava.endorsed.dirs=C:/Entornos/Entornos-7.4-local/liferay-ce-portal-7.4.3.44-ga44/tomcat-9.0.56/endorsed -Djava.io.tmpdir=C:/Entornos/Entornos-7.4-local/liferay-ce-portal-7.4.3.44-ga44/tomcat-9.0.56/temp -Djava.net.preferIPv4Stack=true -Djava.util.logging.config.file=C:/Entornos/Entornos-7.4-local/liferay-ce-portal-7.4.3.44-ga44/tomcat-9.0.56/conf/logging.properties -Djava.util.logging.manager=org.apache.juli.ClassLoaderLogManager -Dorg.apache.catalina.loader.WebappClassLoader.ENABLE_CLEAR_REFERENCES=false -Duser.timezone=GMT -Xmx2560m
2022-11-29 07:33:47.656 INFO  [main][DialectDetector:153] Using dialect com.liferay.portal.dao.orm.hibernate.MariaDBDialect for MariaDB 10.11
2022-11-29 07:33:49.726 INFO  [main][ModuleFrameworkImpl:1279] Starting initial bundles
2022-11-29 07:33:50.162 INFO  [ModuleFramework-Static-Bundles-2][InterpolationConfigurationPlugin:109] Configured directory for secrets: C:/Entornos/Entornos-7.4-local/liferay-ce-portal-7.4.3.44-ga44/osgi/configs
2022-11-29 07:33:51.736 INFO  [main][ModuleFrameworkImpl:1576] Started initial bundles
2022-11-29 07:33:51.747 INFO  [main][ModuleFrameworkImpl:1625] Starting dynamic bundles
2022-11-29 07:34:05.050 INFO  [main][ModuleFrameworkImpl:1647] Started dynamic bundles
2022-11-29 07:34:05.064 INFO  [main][ModuleFrameworkImpl:1654] Starting web bundles
2022-11-29 07:34:06.905 INFO  [main][ModuleFrameworkImpl:1708] Started web bundles
2022-11-29 07:34:06.905 INFO  [main][ModuleFrameworkImpl:278] Navigate to Control Panel > System > Gogo Shell and enter "lb" to see all bundles
2022-11-29 07:34:06.917 INFO  [main][LoggingTimer:83] Starting com.liferay.portal.verify.VerifyProperties#verifySystemProperties
2022-11-29 07:34:06.917 INFO  [main][LoggingTimer:44] Completed com.liferay.portal.verify.VerifyProperties#verifySystemProperties in 0 ms
2022-11-29 07:34:06.917 INFO  [main][LoggingTimer:83] Starting com.liferay.portal.verify.VerifyProperties#verifyPortalProperties
2022-11-29 07:34:06.934 INFO  [main][LoggingTimer:44] Completed com.liferay.portal.verify.VerifyProperties#verifyPortalProperties in 17 ms
2022-11-29 07:34:06.934 INFO  [main][LoggingTimer:83] Starting com.liferay.portal.verify.VerifyProperties#verifyDocumentLibrary
2022-11-29 07:34:06.934 INFO  [main][LoggingTimer:44] Completed com.liferay.portal.verify.VerifyProperties#verifyDocumentLibrary in 0 ms
2022-11-29 07:34:07.262 INFO  [main][LoggingTimer:83] Starting com.liferay.portal.events.StartupHelperUtil#initResourceActions
2022-11-29 07:34:07.309 INFO  [main][LoggingTimer:44] Completed com.liferay.portal.events.StartupHelperUtil#initResourceActions in 47 ms
2022-11-29 07:34:09.279 WARN  [main][SidecarManager:103] Liferay automatically starts a child process of Elasticsearch named sidecar for convenient development and demonstration purposes. Do NOT use sidecar in production. Refer to the documentation for details on the limitations of sidecar and instructions on configuring a remote Elasticsearch connection in the Control Panel.
2022-11-29 07:34:40.273 INFO  [main][Sidecar:119] Sidecar Elasticsearch liferay started at 127.0.0.1:9201
2022-11-29 07:34:44.153 INFO  [main][StartupHelperUtil:86] There are no patches installed
2022-11-29 07:34:44.154 INFO  [main][LoggingTimer:83] Starting com.liferay.portal.events.StartupHelperUtil#initResourceActions
2022-11-29 07:34:44.186 INFO  [main][LoggingTimer:44] Completed com.liferay.portal.events.StartupHelperUtil#initResourceActions in 32 ms
2022-11-29 07:34:44.661 INFO  [main][AutoDeployDir:176] Auto deploy scanner started for C:\Entornos\Entornos-7.4-local\liferay-ce-portal-7.4.3.44-ga44\deploy
2022-11-29 07:34:52.130 INFO  [com.liferay.portal.osgi.web.wab.extender.internal.WabFactory-BundleTrackerOpener][ThemeHotDeployListener:108] 1 theme for speedwell-theme is available for use
2022-11-29 07:34:52.287 INFO  [com.liferay.portal.osgi.web.wab.extender.internal.WabFactory-BundleTrackerOpener][ThemeHotDeployListener:108] 1 theme for minium-theme is available for use
2022-11-29 07:34:52.418 INFO  [com.liferay.portal.osgi.web.wab.extender.internal.WabFactory-BundleTrackerOpener][ThemeHotDeployListener:108] 1 theme for dialect-theme is available for use
2022-11-29 07:34:52.560 INFO  [com.liferay.portal.osgi.web.wab.extender.internal.WabFactory-BundleTrackerOpener][ThemeHotDeployListener:108] 1 theme for classic-theme is available for use
2022-11-29 07:34:52.669 INFO  [com.liferay.portal.osgi.web.wab.extender.internal.WabFactory-BundleTrackerOpener][ThemeHotDeployListener:108] 1 theme for admin-theme is available for use
2022-11-29 07:34:52.920 INFO  [com.liferay.portal.osgi.web.wab.extender.internal.WabFactory-BundleTrackerOpener][ThemeHotDeployListener:108] 1 theme for practica-theme is available for use
2022-11-29 07:34:53.030 INFO  [com.liferay.portal.osgi.web.wab.extender.internal.WabFactory-BundleTrackerOpener][ThemeHotDeployListener:108] 1 theme for wecanbs-theme is available for use
2022-11-29 07:47:25.434 INFO  [fileinstall-directory-watcher][BundleStartStopLogger:80] STOPPED es.capgemini.proyecto.pedidoform.portlet_1.0.0 [1598]
2022-11-29 07:47:25.636 INFO  [Refresh Thread: Equinox Container: 78fc2408-42e7-4099-9143-9e6f0a12bcc2][BundleStartStopLogger:77] STARTED es.capgemini.proyecto.pedidoform.portlet_1.0.0 [1598]
2022-11-29 12:25:51.079 INFO  [fileinstall-directory-watcher][BundleStartStopLogger:80] STOPPED es.capgemini.proyecto.pedidoform.portlet_1.0.0 [1598]
2022-11-29 12:25:51.274 INFO  [Refresh Thread: Equinox Container: 78fc2408-42e7-4099-9143-9e6f0a12bcc2][BundleStartStopLogger:77] STARTED es.capgemini.proyecto.pedidoform.portlet_1.0.0 [1598]
2022-11-29 12:26:57.016 INFO  [fileinstall-directory-watcher][BundleStartStopLogger:80] STOPPED es.capgemini.proyecto.pedidoform.portlet_1.0.0 [1598]
2022-11-29 12:26:57.164 INFO  [Refresh Thread: Equinox Container: 78fc2408-42e7-4099-9143-9e6f0a12bcc2][BundleStartStopLogger:77] STARTED es.capgemini.proyecto.pedidoform.portlet_1.0.0 [1598]
2022-11-29 16:34:28.584 INFO  [main][ThemeHotDeployListener:171] 1 theme for wecanbs-theme was unregistered
2022-11-29 16:34:28.632 INFO  [main][ThemeHotDeployListener:171] 1 theme for practica-theme was unregistered
2022-11-29 16:34:28.649 INFO  [main][ThemeHotDeployListener:171] 1 theme for admin-theme was unregistered
2022-11-29 16:34:28.664 INFO  [main][ThemeHotDeployListener:171] 1 theme for classic-theme was unregistered
2022-11-29 16:34:28.704 INFO  [main][ThemeHotDeployListener:171] 1 theme for dialect-theme was unregistered
2022-11-29 16:34:28.725 INFO  [main][ThemeHotDeployListener:171] 1 theme for minium-theme was unregistered
2022-11-29 16:34:28.747 INFO  [main][ThemeHotDeployListener:171] 1 theme for speedwell-theme was unregistered
