2022-11-07 07:15:13.224 INFO  [main][PortalContextLoaderListener:123] JVM arguments: -XX:MaxMetaspaceSize=768m -XX:MetaspaceSize=768m -Dcatalina.base=C:/Entornos/Entornos-7.4-local/liferay-ce-portal-7.4.3.44-ga44/tomcat-9.0.56 -Dcatalina.home=C:/Entornos/Entornos-7.4-local/liferay-ce-portal-7.4.3.44-ga44/tomcat-9.0.56 -Djdk.tls.ephemeralDHKeySize=2048 -Djava.protocol.handler.pkgs=org.apache.catalina.webresources -Dorg.apache.catalina.security.SecurityListener.UMASK=0027 -Dcom.sun.management.jmxremote -Dcom.sun.management.jmxremote.authenticate=false -Dcom.sun.management.jmxremote.port=8099 -Dcom.sun.management.jmxremote.ssl=false -Dfile.encoding=UTF8 -Djava.endorsed.dirs=C:/Entornos/Entornos-7.4-local/liferay-ce-portal-7.4.3.44-ga44/tomcat-9.0.56/endorsed -Djava.io.tmpdir=C:/Entornos/Entornos-7.4-local/liferay-ce-portal-7.4.3.44-ga44/tomcat-9.0.56/temp -Djava.net.preferIPv4Stack=true -Djava.util.logging.config.file=C:/Entornos/Entornos-7.4-local/liferay-ce-portal-7.4.3.44-ga44/tomcat-9.0.56/conf/logging.properties -Djava.util.logging.manager=org.apache.juli.ClassLoaderLogManager -Dorg.apache.catalina.loader.WebappClassLoader.ENABLE_CLEAR_REFERENCES=false -Duser.timezone=GMT -Xmx2560m
2022-11-07 07:15:19.502 INFO  [main][DialectDetector:153] Using dialect com.liferay.portal.dao.orm.hibernate.MariaDBDialect for MariaDB 10.11
2022-11-07 07:15:21.750 INFO  [main][ModuleFrameworkImpl:1279] Starting initial bundles
2022-11-07 07:15:22.428 INFO  [ModuleFramework-Static-Bundles-4][InterpolationConfigurationPlugin:109] Configured directory for secrets: C:/Entornos/Entornos-7.4-local/liferay-ce-portal-7.4.3.44-ga44/osgi/configs
2022-11-07 07:15:25.011 INFO  [main][ModuleFrameworkImpl:1576] Started initial bundles
2022-11-07 07:15:25.012 INFO  [main][ModuleFrameworkImpl:1625] Starting dynamic bundles
2022-11-07 07:15:40.750 INFO  [main][ModuleFrameworkImpl:1647] Started dynamic bundles
2022-11-07 07:15:40.751 INFO  [main][ModuleFrameworkImpl:1654] Starting web bundles
2022-11-07 07:15:43.135 INFO  [main][ModuleFrameworkImpl:1708] Started web bundles
2022-11-07 07:15:43.136 INFO  [main][ModuleFrameworkImpl:278] Navigate to Control Panel > System > Gogo Shell and enter "lb" to see all bundles
2022-11-07 07:15:43.149 INFO  [main][LoggingTimer:83] Starting com.liferay.portal.verify.VerifyProperties#verifySystemProperties
2022-11-07 07:15:43.150 INFO  [main][LoggingTimer:44] Completed com.liferay.portal.verify.VerifyProperties#verifySystemProperties in 1 ms
2022-11-07 07:15:43.151 INFO  [main][LoggingTimer:83] Starting com.liferay.portal.verify.VerifyProperties#verifyPortalProperties
2022-11-07 07:15:43.163 INFO  [main][LoggingTimer:44] Completed com.liferay.portal.verify.VerifyProperties#verifyPortalProperties in 13 ms
2022-11-07 07:15:43.163 INFO  [main][LoggingTimer:83] Starting com.liferay.portal.verify.VerifyProperties#verifyDocumentLibrary
2022-11-07 07:15:43.164 INFO  [main][LoggingTimer:44] Completed com.liferay.portal.verify.VerifyProperties#verifyDocumentLibrary in 1 ms
2022-11-07 07:15:43.526 INFO  [main][LoggingTimer:83] Starting com.liferay.portal.events.StartupHelperUtil#initResourceActions
2022-11-07 07:15:43.575 INFO  [main][LoggingTimer:44] Completed com.liferay.portal.events.StartupHelperUtil#initResourceActions in 49 ms
2022-11-07 07:15:45.963 WARN  [main][SidecarManager:103] Liferay automatically starts a child process of Elasticsearch named sidecar for convenient development and demonstration purposes. Do NOT use sidecar in production. Refer to the documentation for details on the limitations of sidecar and instructions on configuring a remote Elasticsearch connection in the Control Panel.
2022-11-07 07:16:07.695 INFO  [main][Sidecar:119] Sidecar Elasticsearch liferay started at 127.0.0.1:9201
2022-11-07 07:16:12.335 INFO  [main][StartupHelperUtil:86] There are no patches installed
2022-11-07 07:16:12.349 INFO  [main][LoggingTimer:83] Starting com.liferay.portal.events.StartupHelperUtil#initResourceActions
2022-11-07 07:16:12.384 INFO  [main][LoggingTimer:44] Completed com.liferay.portal.events.StartupHelperUtil#initResourceActions in 35 ms
2022-11-07 07:16:13.070 INFO  [main][AutoDeployDir:176] Auto deploy scanner started for C:\Entornos\Entornos-7.4-local\liferay-ce-portal-7.4.3.44-ga44\deploy
2022-11-07 07:16:20.617 INFO  [com.liferay.portal.osgi.web.wab.extender.internal.WabFactory-BundleTrackerOpener][ThemeHotDeployListener:108] 1 theme for speedwell-theme is available for use
2022-11-07 07:16:20.749 INFO  [com.liferay.portal.osgi.web.wab.extender.internal.WabFactory-BundleTrackerOpener][ThemeHotDeployListener:108] 1 theme for minium-theme is available for use
2022-11-07 07:16:20.888 INFO  [com.liferay.portal.osgi.web.wab.extender.internal.WabFactory-BundleTrackerOpener][ThemeHotDeployListener:108] 1 theme for dialect-theme is available for use
2022-11-07 07:16:21.027 INFO  [com.liferay.portal.osgi.web.wab.extender.internal.WabFactory-BundleTrackerOpener][ThemeHotDeployListener:108] 1 theme for classic-theme is available for use
2022-11-07 07:16:21.154 INFO  [com.liferay.portal.osgi.web.wab.extender.internal.WabFactory-BundleTrackerOpener][ThemeHotDeployListener:108] 1 theme for admin-theme is available for use
2022-11-07 07:21:41.937 INFO  [fileinstall-directory-watcher][BundleStartStopLogger:80] STOPPED es.capgemini.practicas.tiendas.portlet_1.0.0 [1583]
2022-11-07 07:21:42.471 INFO  [Refresh Thread: Equinox Container: 34b07314-48e7-41ba-833f-3ae1240c47ad][BundleStartStopLogger:77] STARTED es.capgemini.practicas.tiendas.portlet_1.0.0 [1583]
2022-11-07 07:27:36.017 INFO  [fileinstall-directory-watcher][BundleStartStopLogger:80] STOPPED es.capgemini.practicas.tiendas.portlet_1.0.0 [1583]
2022-11-07 07:27:36.313 INFO  [Refresh Thread: Equinox Container: 34b07314-48e7-41ba-833f-3ae1240c47ad][BundleStartStopLogger:77] STARTED es.capgemini.practicas.tiendas.portlet_1.0.0 [1583]
2022-11-07 08:16:23.003 INFO  [fileinstall-directory-watcher][BundleStartStopLogger:80] STOPPED es.capgemini.practicas.tiendas.portlet_1.0.0 [1583]
2022-11-07 08:16:23.228 INFO  [Refresh Thread: Equinox Container: 34b07314-48e7-41ba-833f-3ae1240c47ad][BundleStartStopLogger:77] STARTED es.capgemini.practicas.tiendas.portlet_1.0.0 [1583]
2022-11-07 08:20:45.994 INFO  [fileinstall-directory-watcher][BundleStartStopLogger:80] STOPPED es.capgemini.practicas.tiendas.portlet_1.0.0 [1583]
2022-11-07 08:20:46.249 INFO  [Refresh Thread: Equinox Container: 34b07314-48e7-41ba-833f-3ae1240c47ad][BundleStartStopLogger:77] STARTED es.capgemini.practicas.tiendas.portlet_1.0.0 [1583]
2022-11-07 08:22:12.100 INFO  [fileinstall-directory-watcher][BundleStartStopLogger:80] STOPPED es.capgemini.practicas.tiendas.portlet_1.0.0 [1583]
2022-11-07 08:22:12.273 INFO  [Refresh Thread: Equinox Container: 34b07314-48e7-41ba-833f-3ae1240c47ad][BundleStartStopLogger:77] STARTED es.capgemini.practicas.tiendas.portlet_1.0.0 [1583]
2022-11-07 08:23:58.441 INFO  [fileinstall-directory-watcher][BundleStartStopLogger:80] STOPPED es.capgemini.practicas.tiendas.portlet_1.0.0 [1583]
2022-11-07 08:23:58.605 INFO  [Refresh Thread: Equinox Container: 34b07314-48e7-41ba-833f-3ae1240c47ad][BundleStartStopLogger:77] STARTED es.capgemini.practicas.tiendas.portlet_1.0.0 [1583]
2022-11-07 08:54:06.262 INFO  [fileinstall-directory-watcher][BundleStartStopLogger:80] STOPPED es.capgemini.practicas.tiendas.portlet_1.0.0 [1583]
2022-11-07 08:54:06.528 INFO  [Refresh Thread: Equinox Container: 34b07314-48e7-41ba-833f-3ae1240c47ad][BundleStartStopLogger:77] STARTED es.capgemini.practicas.tiendas.portlet_1.0.0 [1583]
2022-11-07 08:55:47.552 INFO  [fileinstall-directory-watcher][BundleStartStopLogger:80] STOPPED es.capgemini.practicas.tiendas.portlet_1.0.0 [1583]
2022-11-07 08:55:47.769 INFO  [Refresh Thread: Equinox Container: 34b07314-48e7-41ba-833f-3ae1240c47ad][BundleStartStopLogger:77] STARTED es.capgemini.practicas.tiendas.portlet_1.0.0 [1583]
2022-11-07 08:58:19.370 INFO  [fileinstall-directory-watcher][BundleStartStopLogger:80] STOPPED es.capgemini.practicas.tiendas.portlet_1.0.0 [1583]
2022-11-07 08:58:19.895 INFO  [Refresh Thread: Equinox Container: 34b07314-48e7-41ba-833f-3ae1240c47ad][BundleStartStopLogger:77] STARTED es.capgemini.practicas.tiendas.portlet_1.0.0 [1583]
2022-11-07 09:18:46.328 INFO  [fileinstall-directory-watcher][BundleStartStopLogger:80] STOPPED es.capgemini.practicas.tiendas.portlet_1.0.0 [1583]
2022-11-07 09:18:46.508 INFO  [Refresh Thread: Equinox Container: 34b07314-48e7-41ba-833f-3ae1240c47ad][BundleStartStopLogger:77] STARTED es.capgemini.practicas.tiendas.portlet_1.0.0 [1583]
2022-11-07 09:26:31.156 INFO  [fileinstall-directory-watcher][BundleStartStopLogger:80] STOPPED es.capgemini.practicas.tiendas.portlet_1.0.0 [1583]
2022-11-07 09:26:31.309 INFO  [Refresh Thread: Equinox Container: 34b07314-48e7-41ba-833f-3ae1240c47ad][BundleStartStopLogger:77] STARTED es.capgemini.practicas.tiendas.portlet_1.0.0 [1583]
2022-11-07 09:43:45.754 INFO  [fileinstall-directory-watcher][BundleStartStopLogger:80] STOPPED es.capgemini.practicas.tiendas.portlet_1.0.0 [1583]
2022-11-07 09:43:46.024 INFO  [Refresh Thread: Equinox Container: 34b07314-48e7-41ba-833f-3ae1240c47ad][BundleStartStopLogger:77] STARTED es.capgemini.practicas.tiendas.portlet_1.0.0 [1583]
2022-11-07 09:44:56.874 INFO  [fileinstall-directory-watcher][BundleStartStopLogger:80] STOPPED es.capgemini.practicas.tiendas.portlet_1.0.0 [1583]
2022-11-07 09:44:57.124 INFO  [Refresh Thread: Equinox Container: 34b07314-48e7-41ba-833f-3ae1240c47ad][BundleStartStopLogger:77] STARTED es.capgemini.practicas.tiendas.portlet_1.0.0 [1583]
2022-11-07 09:45:37.532 INFO  [fileinstall-directory-watcher][BundleStartStopLogger:80] STOPPED es.capgemini.practicas.tiendas.portlet_1.0.0 [1583]
2022-11-07 09:45:37.772 INFO  [Refresh Thread: Equinox Container: 34b07314-48e7-41ba-833f-3ae1240c47ad][BundleStartStopLogger:77] STARTED es.capgemini.practicas.tiendas.portlet_1.0.0 [1583]
2022-11-07 10:04:17.667 INFO  [fileinstall-directory-watcher][BundleStartStopLogger:80] STOPPED es.capgemini.practicas.tiendas.portlet_1.0.0 [1583]
2022-11-07 10:04:17.822 INFO  [Refresh Thread: Equinox Container: 34b07314-48e7-41ba-833f-3ae1240c47ad][BundleStartStopLogger:77] STARTED es.capgemini.practicas.tiendas.portlet_1.0.0 [1583]
2022-11-07 10:05:43.600 INFO  [fileinstall-directory-watcher][BundleStartStopLogger:80] STOPPED es.capgemini.practicas.tiendas.portlet_1.0.0 [1583]
2022-11-07 10:05:43.754 INFO  [Refresh Thread: Equinox Container: 34b07314-48e7-41ba-833f-3ae1240c47ad][BundleStartStopLogger:77] STARTED es.capgemini.practicas.tiendas.portlet_1.0.0 [1583]
2022-11-07 10:07:34.764 INFO  [fileinstall-directory-watcher][BundleStartStopLogger:80] STOPPED es.capgemini.practicas.tiendas.portlet_1.0.0 [1583]
2022-11-07 10:07:34.910 INFO  [Refresh Thread: Equinox Container: 34b07314-48e7-41ba-833f-3ae1240c47ad][BundleStartStopLogger:77] STARTED es.capgemini.practicas.tiendas.portlet_1.0.0 [1583]
2022-11-07 10:08:55.714 INFO  [fileinstall-directory-watcher][BundleStartStopLogger:80] STOPPED es.capgemini.practicas.tiendas.portlet_1.0.0 [1583]
2022-11-07 10:08:55.994 INFO  [Refresh Thread: Equinox Container: 34b07314-48e7-41ba-833f-3ae1240c47ad][BundleStartStopLogger:77] STARTED es.capgemini.practicas.tiendas.portlet_1.0.0 [1583]
2022-11-07 10:11:27.590 INFO  [fileinstall-directory-watcher][BundleStartStopLogger:80] STOPPED es.capgemini.practicas.tiendas.portlet_1.0.0 [1583]
2022-11-07 10:11:27.864 INFO  [Refresh Thread: Equinox Container: 34b07314-48e7-41ba-833f-3ae1240c47ad][BundleStartStopLogger:77] STARTED es.capgemini.practicas.tiendas.portlet_1.0.0 [1583]
2022-11-07 10:47:57.224 INFO  [fileinstall-directory-watcher][BundleStartStopLogger:80] STOPPED es.capgemini.practicas.tiendas.portlet_1.0.0 [1583]
2022-11-07 10:47:57.516 INFO  [Refresh Thread: Equinox Container: 34b07314-48e7-41ba-833f-3ae1240c47ad][BundleStartStopLogger:77] STARTED es.capgemini.practicas.tiendas.portlet_1.0.0 [1583]
2022-11-07 11:48:16.772 INFO  [fileinstall-directory-watcher][BundleStartStopLogger:80] STOPPED es.capgemini.practicas.tiendas.portlet_1.0.0 [1583]
2022-11-07 11:48:16.958 INFO  [Refresh Thread: Equinox Container: 34b07314-48e7-41ba-833f-3ae1240c47ad][BundleStartStopLogger:77] STARTED es.capgemini.practicas.tiendas.portlet_1.0.0 [1583]
2022-11-07 11:53:49.783 INFO  [fileinstall-directory-watcher][BundleStartStopLogger:80] STOPPED es.capgemini.practicas.tiendas.portlet_1.0.0 [1583]
2022-11-07 11:53:49.933 INFO  [Refresh Thread: Equinox Container: 34b07314-48e7-41ba-833f-3ae1240c47ad][BundleStartStopLogger:77] STARTED es.capgemini.practicas.tiendas.portlet_1.0.0 [1583]
2022-11-07 11:56:36.406 INFO  [fileinstall-directory-watcher][BundleStartStopLogger:80] STOPPED es.capgemini.practicas.tiendas.portlet_1.0.0 [1583]
2022-11-07 11:56:36.569 INFO  [Refresh Thread: Equinox Container: 34b07314-48e7-41ba-833f-3ae1240c47ad][BundleStartStopLogger:77] STARTED es.capgemini.practicas.tiendas.portlet_1.0.0 [1583]
2022-11-07 11:57:11.923 INFO  [fileinstall-directory-watcher][BundleStartStopLogger:80] STOPPED es.capgemini.practicas.tiendas.portlet_1.0.0 [1583]
2022-11-07 11:57:12.091 INFO  [Refresh Thread: Equinox Container: 34b07314-48e7-41ba-833f-3ae1240c47ad][BundleStartStopLogger:77] STARTED es.capgemini.practicas.tiendas.portlet_1.0.0 [1583]
2022-11-07 11:58:22.742 INFO  [fileinstall-directory-watcher][BundleStartStopLogger:80] STOPPED es.capgemini.practicas.tiendas.portlet_1.0.0 [1583]
2022-11-07 11:58:22.919 INFO  [Refresh Thread: Equinox Container: 34b07314-48e7-41ba-833f-3ae1240c47ad][BundleStartStopLogger:77] STARTED es.capgemini.practicas.tiendas.portlet_1.0.0 [1583]
2022-11-07 12:10:39.345 INFO  [fileinstall-directory-watcher][BundleStartStopLogger:80] STOPPED es.capgemini.practicas.tiendas.portlet_1.0.0 [1583]
2022-11-07 12:10:39.503 INFO  [Refresh Thread: Equinox Container: 34b07314-48e7-41ba-833f-3ae1240c47ad][BundleStartStopLogger:77] STARTED es.capgemini.practicas.tiendas.portlet_1.0.0 [1583]
2022-11-07 14:52:07.052 INFO  [fileinstall-directory-watcher][BundleStartStopLogger:80] STOPPED es.capgemini.practicas.tiendas.portlet_1.0.0 [1583]
2022-11-07 14:52:07.312 INFO  [Refresh Thread: Equinox Container: 34b07314-48e7-41ba-833f-3ae1240c47ad][BundleStartStopLogger:77] STARTED es.capgemini.practicas.tiendas.portlet_1.0.0 [1583]
2022-11-07 14:56:19.737 INFO  [fileinstall-directory-watcher][BundleStartStopLogger:80] STOPPED es.capgemini.practicas.tiendas.portlet_1.0.0 [1583]
2022-11-07 14:56:19.965 INFO  [Refresh Thread: Equinox Container: 34b07314-48e7-41ba-833f-3ae1240c47ad][BundleStartStopLogger:77] STARTED es.capgemini.practicas.tiendas.portlet_1.0.0 [1583]
2022-11-07 15:02:03.259 INFO  [fileinstall-directory-watcher][BundleStartStopLogger:80] STOPPED es.capgemini.practicas.tiendas.portlet_1.0.0 [1583]
2022-11-07 15:02:03.415 INFO  [Refresh Thread: Equinox Container: 34b07314-48e7-41ba-833f-3ae1240c47ad][BundleStartStopLogger:77] STARTED es.capgemini.practicas.tiendas.portlet_1.0.0 [1583]
2022-11-07 16:03:39.378 INFO  [main][ThemeHotDeployListener:171] 1 theme for admin-theme was unregistered
2022-11-07 16:03:39.406 INFO  [main][ThemeHotDeployListener:171] 1 theme for classic-theme was unregistered
2022-11-07 16:03:39.417 INFO  [main][ThemeHotDeployListener:171] 1 theme for dialect-theme was unregistered
2022-11-07 16:03:39.430 INFO  [main][ThemeHotDeployListener:171] 1 theme for minium-theme was unregistered
2022-11-07 16:03:39.457 INFO  [main][ThemeHotDeployListener:171] 1 theme for speedwell-theme was unregistered
