2022-11-28 07:36:35.569 INFO  [main][PortalContextLoaderListener:123] JVM arguments: -XX:MaxMetaspaceSize=768m -XX:MetaspaceSize=768m -Dcatalina.base=C:/Entornos/Entornos-7.4-local/liferay-ce-portal-7.4.3.44-ga44/tomcat-9.0.56 -Dcatalina.home=C:/Entornos/Entornos-7.4-local/liferay-ce-portal-7.4.3.44-ga44/tomcat-9.0.56 -Djdk.tls.ephemeralDHKeySize=2048 -Djava.protocol.handler.pkgs=org.apache.catalina.webresources -Dorg.apache.catalina.security.SecurityListener.UMASK=0027 -Dcom.sun.management.jmxremote -Dcom.sun.management.jmxremote.authenticate=false -Dcom.sun.management.jmxremote.port=8099 -Dcom.sun.management.jmxremote.ssl=false -Dfile.encoding=UTF8 -Djava.endorsed.dirs=C:/Entornos/Entornos-7.4-local/liferay-ce-portal-7.4.3.44-ga44/tomcat-9.0.56/endorsed -Djava.io.tmpdir=C:/Entornos/Entornos-7.4-local/liferay-ce-portal-7.4.3.44-ga44/tomcat-9.0.56/temp -Djava.net.preferIPv4Stack=true -Djava.util.logging.config.file=C:/Entornos/Entornos-7.4-local/liferay-ce-portal-7.4.3.44-ga44/tomcat-9.0.56/conf/logging.properties -Djava.util.logging.manager=org.apache.juli.ClassLoaderLogManager -Dorg.apache.catalina.loader.WebappClassLoader.ENABLE_CLEAR_REFERENCES=false -Duser.timezone=GMT -Xmx2560m
2022-11-28 07:36:38.885 INFO  [main][DialectDetector:153] Using dialect com.liferay.portal.dao.orm.hibernate.MariaDBDialect for MariaDB 10.11
2022-11-28 07:36:40.861 INFO  [main][ModuleFrameworkImpl:1279] Starting initial bundles
2022-11-28 07:36:41.115 INFO  [ModuleFramework-Static-Bundles-7][InterpolationConfigurationPlugin:109] Configured directory for secrets: C:/Entornos/Entornos-7.4-local/liferay-ce-portal-7.4.3.44-ga44/osgi/configs
2022-11-28 07:36:42.885 INFO  [main][ModuleFrameworkImpl:1576] Started initial bundles
2022-11-28 07:36:42.886 INFO  [main][ModuleFrameworkImpl:1625] Starting dynamic bundles
2022-11-28 07:36:56.473 INFO  [main][ModuleFrameworkImpl:1647] Started dynamic bundles
2022-11-28 07:36:56.474 INFO  [main][ModuleFrameworkImpl:1654] Starting web bundles
2022-11-28 07:36:58.469 INFO  [main][ModuleFrameworkImpl:1708] Started web bundles
2022-11-28 07:36:58.470 INFO  [main][ModuleFrameworkImpl:278] Navigate to Control Panel > System > Gogo Shell and enter "lb" to see all bundles
2022-11-28 07:36:58.479 INFO  [main][LoggingTimer:83] Starting com.liferay.portal.verify.VerifyProperties#verifySystemProperties
2022-11-28 07:36:58.480 INFO  [main][LoggingTimer:44] Completed com.liferay.portal.verify.VerifyProperties#verifySystemProperties in 1 ms
2022-11-28 07:36:58.480 INFO  [main][LoggingTimer:83] Starting com.liferay.portal.verify.VerifyProperties#verifyPortalProperties
2022-11-28 07:36:58.489 INFO  [main][LoggingTimer:44] Completed com.liferay.portal.verify.VerifyProperties#verifyPortalProperties in 9 ms
2022-11-28 07:36:58.490 INFO  [main][LoggingTimer:83] Starting com.liferay.portal.verify.VerifyProperties#verifyDocumentLibrary
2022-11-28 07:36:58.490 INFO  [main][LoggingTimer:44] Completed com.liferay.portal.verify.VerifyProperties#verifyDocumentLibrary in 0 ms
2022-11-28 07:36:58.843 INFO  [main][LoggingTimer:83] Starting com.liferay.portal.events.StartupHelperUtil#initResourceActions
2022-11-28 07:36:58.890 INFO  [main][LoggingTimer:44] Completed com.liferay.portal.events.StartupHelperUtil#initResourceActions in 47 ms
2022-11-28 07:37:00.943 WARN  [main][SidecarManager:103] Liferay automatically starts a child process of Elasticsearch named sidecar for convenient development and demonstration purposes. Do NOT use sidecar in production. Refer to the documentation for details on the limitations of sidecar and instructions on configuring a remote Elasticsearch connection in the Control Panel.
2022-11-28 07:37:24.648 INFO  [main][Sidecar:119] Sidecar Elasticsearch liferay started at 127.0.0.1:9201
2022-11-28 07:37:28.723 INFO  [main][StartupHelperUtil:86] There are no patches installed
2022-11-28 07:37:28.740 INFO  [main][LoggingTimer:83] Starting com.liferay.portal.events.StartupHelperUtil#initResourceActions
2022-11-28 07:37:28.771 INFO  [main][LoggingTimer:44] Completed com.liferay.portal.events.StartupHelperUtil#initResourceActions in 31 ms
2022-11-28 07:37:29.291 INFO  [main][AutoDeployDir:176] Auto deploy scanner started for C:\Entornos\Entornos-7.4-local\liferay-ce-portal-7.4.3.44-ga44\deploy
2022-11-28 07:37:35.691 INFO  [com.liferay.portal.osgi.web.wab.extender.internal.WabFactory-BundleTrackerOpener][ThemeHotDeployListener:108] 1 theme for speedwell-theme is available for use
2022-11-28 07:37:35.816 INFO  [com.liferay.portal.osgi.web.wab.extender.internal.WabFactory-BundleTrackerOpener][ThemeHotDeployListener:108] 1 theme for minium-theme is available for use
2022-11-28 07:37:35.949 INFO  [com.liferay.portal.osgi.web.wab.extender.internal.WabFactory-BundleTrackerOpener][ThemeHotDeployListener:108] 1 theme for dialect-theme is available for use
2022-11-28 07:37:36.071 INFO  [com.liferay.portal.osgi.web.wab.extender.internal.WabFactory-BundleTrackerOpener][ThemeHotDeployListener:108] 1 theme for classic-theme is available for use
2022-11-28 07:37:36.193 INFO  [com.liferay.portal.osgi.web.wab.extender.internal.WabFactory-BundleTrackerOpener][ThemeHotDeployListener:108] 1 theme for admin-theme is available for use
2022-11-28 07:37:36.313 INFO  [com.liferay.portal.osgi.web.wab.extender.internal.WabFactory-BundleTrackerOpener][ThemeHotDeployListener:108] 1 theme for practica-theme is available for use
2022-11-28 07:37:36.548 INFO  [com.liferay.portal.osgi.web.wab.extender.internal.WabFactory-BundleTrackerOpener][ThemeHotDeployListener:108] 1 theme for wecanbs-theme is available for use
2022-11-28 09:02:33.246 INFO  [fileinstall-directory-watcher][BundleStartStopLogger:77] STARTED es.capgemini.proyecto.procesopedido.sb.service_1.0.0 [1607]
2022-11-28 09:02:33.248 INFO  [fileinstall-directory-watcher][BundleStartStopLogger:77] STARTED es.capgemini.proyecto.procesopedido.sb.api_1.0.0 [1606]
2022-11-28 09:31:56.712 INFO  [fileinstall-directory-watcher][BundleStartStopLogger:80] STOPPED es.capgemini.proyecto.pedidoform.portlet_1.0.0 [1598]
2022-11-28 09:31:56.883 INFO  [Refresh Thread: Equinox Container: 1400939c-9e69-43da-a753-c00d9261d54c][BundleStartStopLogger:77] STARTED es.capgemini.proyecto.pedidoform.portlet_1.0.0 [1598]
2022-11-28 09:32:57.505 INFO  [fileinstall-directory-watcher][BundleStartStopLogger:80] STOPPED es.capgemini.proyecto.pedidoform.portlet_1.0.0 [1598]
2022-11-28 09:32:57.631 INFO  [Refresh Thread: Equinox Container: 1400939c-9e69-43da-a753-c00d9261d54c][BundleStartStopLogger:77] STARTED es.capgemini.proyecto.pedidoform.portlet_1.0.0 [1598]
2022-11-28 09:35:19.120 INFO  [fileinstall-directory-watcher][BundleStartStopLogger:80] STOPPED es.capgemini.proyecto.pedidoform.portlet_1.0.0 [1598]
2022-11-28 09:35:19.254 INFO  [Refresh Thread: Equinox Container: 1400939c-9e69-43da-a753-c00d9261d54c][BundleStartStopLogger:77] STARTED es.capgemini.proyecto.pedidoform.portlet_1.0.0 [1598]
2022-11-28 09:37:30.643 INFO  [fileinstall-directory-watcher][BundleStartStopLogger:80] STOPPED es.capgemini.proyecto.pedidoform.portlet_1.0.0 [1598]
2022-11-28 09:37:30.822 INFO  [Refresh Thread: Equinox Container: 1400939c-9e69-43da-a753-c00d9261d54c][BundleStartStopLogger:77] STARTED es.capgemini.proyecto.pedidoform.portlet_1.0.0 [1598]
2022-11-28 09:40:12.604 INFO  [fileinstall-directory-watcher][BundleStartStopLogger:80] STOPPED es.capgemini.proyecto.pedidoform.portlet_1.0.0 [1598]
2022-11-28 09:40:12.859 INFO  [Refresh Thread: Equinox Container: 1400939c-9e69-43da-a753-c00d9261d54c][BundleStartStopLogger:77] STARTED es.capgemini.proyecto.pedidoform.portlet_1.0.0 [1598]
2022-11-28 09:41:43.834 INFO  [fileinstall-directory-watcher][BundleStartStopLogger:80] STOPPED es.capgemini.proyecto.pedidoform.portlet_1.0.0 [1598]
2022-11-28 09:41:43.981 INFO  [Refresh Thread: Equinox Container: 1400939c-9e69-43da-a753-c00d9261d54c][BundleStartStopLogger:77] STARTED es.capgemini.proyecto.pedidoform.portlet_1.0.0 [1598]
2022-11-28 09:46:31.934 INFO  [fileinstall-directory-watcher][BundleStartStopLogger:80] STOPPED es.capgemini.proyecto.pedidoform.portlet_1.0.0 [1598]
2022-11-28 09:46:32.073 INFO  [Refresh Thread: Equinox Container: 1400939c-9e69-43da-a753-c00d9261d54c][BundleStartStopLogger:77] STARTED es.capgemini.proyecto.pedidoform.portlet_1.0.0 [1598]
2022-11-28 09:47:47.909 INFO  [fileinstall-directory-watcher][BundleStartStopLogger:80] STOPPED es.capgemini.proyecto.pedidoform.portlet_1.0.0 [1598]
2022-11-28 09:47:48.034 INFO  [Refresh Thread: Equinox Container: 1400939c-9e69-43da-a753-c00d9261d54c][BundleStartStopLogger:77] STARTED es.capgemini.proyecto.pedidoform.portlet_1.0.0 [1598]
2022-11-28 09:52:15.988 INFO  [fileinstall-directory-watcher][BundleStartStopLogger:80] STOPPED es.capgemini.proyecto.pedidoform.portlet_1.0.0 [1598]
2022-11-28 09:52:16.135 INFO  [Refresh Thread: Equinox Container: 1400939c-9e69-43da-a753-c00d9261d54c][BundleStartStopLogger:77] STARTED es.capgemini.proyecto.pedidoform.portlet_1.0.0 [1598]
2022-11-28 09:54:02.331 INFO  [fileinstall-directory-watcher][BundleStartStopLogger:80] STOPPED es.capgemini.proyecto.pedidoform.portlet_1.0.0 [1598]
2022-11-28 09:54:02.451 INFO  [Refresh Thread: Equinox Container: 1400939c-9e69-43da-a753-c00d9261d54c][BundleStartStopLogger:77] STARTED es.capgemini.proyecto.pedidoform.portlet_1.0.0 [1598]
2022-11-28 09:55:03.265 INFO  [fileinstall-directory-watcher][BundleStartStopLogger:80] STOPPED es.capgemini.proyecto.pedidoform.portlet_1.0.0 [1598]
2022-11-28 09:55:03.397 INFO  [Refresh Thread: Equinox Container: 1400939c-9e69-43da-a753-c00d9261d54c][BundleStartStopLogger:77] STARTED es.capgemini.proyecto.pedidoform.portlet_1.0.0 [1598]
2022-11-28 11:55:56.313 INFO  [fileinstall-directory-watcher][BundleStartStopLogger:80] STOPPED es.capgemini.proyecto.pedidoform.portlet_1.0.0 [1598]
2022-11-28 11:55:56.438 INFO  [Refresh Thread: Equinox Container: 1400939c-9e69-43da-a753-c00d9261d54c][BundleStartStopLogger:77] STARTED es.capgemini.proyecto.pedidoform.portlet_1.0.0 [1598]
2022-11-28 11:57:17.267 INFO  [fileinstall-directory-watcher][BundleStartStopLogger:80] STOPPED es.capgemini.proyecto.pedidoform.portlet_1.0.0 [1598]
2022-11-28 11:57:17.392 INFO  [Refresh Thread: Equinox Container: 1400939c-9e69-43da-a753-c00d9261d54c][BundleStartStopLogger:77] STARTED es.capgemini.proyecto.pedidoform.portlet_1.0.0 [1598]
2022-11-28 12:26:39.975 INFO  [fileinstall-directory-watcher][BundleStartStopLogger:80] STOPPED es.capgemini.proyecto.pedidoform.portlet_1.0.0 [1598]
2022-11-28 12:26:40.104 INFO  [Refresh Thread: Equinox Container: 1400939c-9e69-43da-a753-c00d9261d54c][BundleStartStopLogger:77] STARTED es.capgemini.proyecto.pedidoform.portlet_1.0.0 [1598]
2022-11-28 12:28:31.176 INFO  [fileinstall-directory-watcher][BundleStartStopLogger:80] STOPPED es.capgemini.proyecto.pedidoform.portlet_1.0.0 [1598]
2022-11-28 12:28:31.301 INFO  [Refresh Thread: Equinox Container: 1400939c-9e69-43da-a753-c00d9261d54c][BundleStartStopLogger:77] STARTED es.capgemini.proyecto.pedidoform.portlet_1.0.0 [1598]
2022-11-28 12:29:21.898 INFO  [fileinstall-directory-watcher][BundleStartStopLogger:80] STOPPED es.capgemini.proyecto.pedidoform.portlet_1.0.0 [1598]
2022-11-28 12:29:22.011 INFO  [Refresh Thread: Equinox Container: 1400939c-9e69-43da-a753-c00d9261d54c][BundleStartStopLogger:77] STARTED es.capgemini.proyecto.pedidoform.portlet_1.0.0 [1598]
2022-11-28 16:18:23.705 INFO  [main][ThemeHotDeployListener:171] 1 theme for wecanbs-theme was unregistered
2022-11-28 16:18:23.724 INFO  [main][ThemeHotDeployListener:171] 1 theme for practica-theme was unregistered
2022-11-28 16:18:23.740 INFO  [main][ThemeHotDeployListener:171] 1 theme for admin-theme was unregistered
2022-11-28 16:18:23.740 INFO  [main][ThemeHotDeployListener:171] 1 theme for classic-theme was unregistered
2022-11-28 16:18:23.755 INFO  [main][ThemeHotDeployListener:171] 1 theme for dialect-theme was unregistered
2022-11-28 16:18:23.771 INFO  [main][ThemeHotDeployListener:171] 1 theme for minium-theme was unregistered
2022-11-28 16:18:23.771 INFO  [main][ThemeHotDeployListener:171] 1 theme for speedwell-theme was unregistered
