2022-12-12 07:47:56.948 INFO  [main][PortalContextLoaderListener:123] JVM arguments: -XX:MaxMetaspaceSize=768m -XX:MetaspaceSize=768m -Dcatalina.base=C:/Entornos/Entornos-7.4-local/liferay-ce-portal-7.4.3.44-ga44/tomcat-9.0.56 -Dcatalina.home=C:/Entornos/Entornos-7.4-local/liferay-ce-portal-7.4.3.44-ga44/tomcat-9.0.56 -Djdk.tls.ephemeralDHKeySize=2048 -Djava.protocol.handler.pkgs=org.apache.catalina.webresources -Dorg.apache.catalina.security.SecurityListener.UMASK=0027 -Dcom.sun.management.jmxremote -Dcom.sun.management.jmxremote.authenticate=false -Dcom.sun.management.jmxremote.port=8099 -Dcom.sun.management.jmxremote.ssl=false -Dfile.encoding=UTF8 -Djava.endorsed.dirs=C:/Entornos/Entornos-7.4-local/liferay-ce-portal-7.4.3.44-ga44/tomcat-9.0.56/endorsed -Djava.io.tmpdir=C:/Entornos/Entornos-7.4-local/liferay-ce-portal-7.4.3.44-ga44/tomcat-9.0.56/temp -Djava.net.preferIPv4Stack=true -Djava.util.logging.config.file=C:/Entornos/Entornos-7.4-local/liferay-ce-portal-7.4.3.44-ga44/tomcat-9.0.56/conf/logging.properties -Djava.util.logging.manager=org.apache.juli.ClassLoaderLogManager -Dorg.apache.catalina.loader.WebappClassLoader.ENABLE_CLEAR_REFERENCES=false -Duser.timezone=GMT -Xmx2560m
2022-12-12 07:48:00.947 INFO  [main][DialectDetector:153] Using dialect com.liferay.portal.dao.orm.hibernate.MariaDBDialect for MariaDB 10.11
2022-12-12 07:48:05.359 INFO  [main][ModuleFrameworkImpl:1279] Starting initial bundles
2022-12-12 07:48:06.168 INFO  [ModuleFramework-Static-Bundles-7][InterpolationConfigurationPlugin:109] Configured directory for secrets: C:/Entornos/Entornos-7.4-local/liferay-ce-portal-7.4.3.44-ga44/osgi/configs
2022-12-12 07:48:09.610 INFO  [main][ModuleFrameworkImpl:1576] Started initial bundles
2022-12-12 07:48:09.611 INFO  [main][ModuleFrameworkImpl:1625] Starting dynamic bundles
2022-12-12 07:48:32.278 INFO  [main][ModuleFrameworkImpl:1647] Started dynamic bundles
2022-12-12 07:48:32.279 INFO  [main][ModuleFrameworkImpl:1654] Starting web bundles
2022-12-12 07:48:38.988 INFO  [main][ModuleFrameworkImpl:1708] Started web bundles
2022-12-12 07:48:38.989 INFO  [main][ModuleFrameworkImpl:278] Navigate to Control Panel > System > Gogo Shell and enter "lb" to see all bundles
2022-12-12 07:48:39.005 INFO  [main][LoggingTimer:83] Starting com.liferay.portal.verify.VerifyProperties#verifySystemProperties
2022-12-12 07:48:39.006 INFO  [main][LoggingTimer:44] Completed com.liferay.portal.verify.VerifyProperties#verifySystemProperties in 1 ms
2022-12-12 07:48:39.007 INFO  [main][LoggingTimer:83] Starting com.liferay.portal.verify.VerifyProperties#verifyPortalProperties
2022-12-12 07:48:39.022 INFO  [main][LoggingTimer:44] Completed com.liferay.portal.verify.VerifyProperties#verifyPortalProperties in 16 ms
2022-12-12 07:48:39.023 INFO  [main][LoggingTimer:83] Starting com.liferay.portal.verify.VerifyProperties#verifyDocumentLibrary
2022-12-12 07:48:39.024 INFO  [main][LoggingTimer:44] Completed com.liferay.portal.verify.VerifyProperties#verifyDocumentLibrary in 1 ms
2022-12-12 07:48:39.614 INFO  [main][LoggingTimer:83] Starting com.liferay.portal.events.StartupHelperUtil#initResourceActions
2022-12-12 07:48:39.709 INFO  [main][LoggingTimer:44] Completed com.liferay.portal.events.StartupHelperUtil#initResourceActions in 94 ms
2022-12-12 07:48:44.112 WARN  [main][SidecarManager:103] Liferay automatically starts a child process of Elasticsearch named sidecar for convenient development and demonstration purposes. Do NOT use sidecar in production. Refer to the documentation for details on the limitations of sidecar and instructions on configuring a remote Elasticsearch connection in the Control Panel.
2022-12-12 07:49:36.671 INFO  [main][Sidecar:119] Sidecar Elasticsearch liferay started at 127.0.0.1:9201
2022-12-12 07:49:43.760 INFO  [main][StartupHelperUtil:86] There are no patches installed
2022-12-12 07:49:43.782 INFO  [main][LoggingTimer:83] Starting com.liferay.portal.events.StartupHelperUtil#initResourceActions
2022-12-12 07:49:43.831 INFO  [main][LoggingTimer:44] Completed com.liferay.portal.events.StartupHelperUtil#initResourceActions in 49 ms
2022-12-12 07:49:44.580 INFO  [main][AutoDeployDir:176] Auto deploy scanner started for C:\Entornos\Entornos-7.4-local\liferay-ce-portal-7.4.3.44-ga44\deploy
2022-12-12 07:49:55.905 INFO  [com.liferay.portal.osgi.web.wab.extender.internal.WabFactory-BundleTrackerOpener][ThemeHotDeployListener:108] 1 theme for speedwell-theme is available for use
2022-12-12 07:49:56.113 INFO  [com.liferay.portal.osgi.web.wab.extender.internal.WabFactory-BundleTrackerOpener][ThemeHotDeployListener:108] 1 theme for minium-theme is available for use
2022-12-12 07:49:56.297 INFO  [com.liferay.portal.osgi.web.wab.extender.internal.WabFactory-BundleTrackerOpener][ThemeHotDeployListener:108] 1 theme for dialect-theme is available for use
2022-12-12 07:49:56.478 INFO  [com.liferay.portal.osgi.web.wab.extender.internal.WabFactory-BundleTrackerOpener][ThemeHotDeployListener:108] 1 theme for classic-theme is available for use
2022-12-12 07:49:56.734 INFO  [com.liferay.portal.osgi.web.wab.extender.internal.WabFactory-BundleTrackerOpener][ThemeHotDeployListener:108] 1 theme for admin-theme is available for use
2022-12-12 07:49:56.903 INFO  [com.liferay.portal.osgi.web.wab.extender.internal.WabFactory-BundleTrackerOpener][ThemeHotDeployListener:108] 1 theme for practica-theme is available for use
2022-12-12 07:49:57.106 INFO  [com.liferay.portal.osgi.web.wab.extender.internal.WabFactory-BundleTrackerOpener][ThemeHotDeployListener:108] 1 theme for wecanbs-theme is available for use
2022-12-12 08:10:37.078 INFO  [fileinstall-directory-watcher][BundleStartStopLogger:80] STOPPED es.capgemini.proyecto.pedidoform.portlet_1.0.0 [1608]
2022-12-12 08:10:37.289 INFO  [Refresh Thread: Equinox Container: df02e40d-dbe4-4667-a95c-dc177438cbf1][BundleStartStopLogger:77] STARTED es.capgemini.proyecto.pedidoform.portlet_1.0.0 [1608]
2022-12-12 14:24:10.931 WARN  [HikariPool-1 housekeeper][HikariPool:788] HikariPool-1 - Thread starvation or clock leap detected (housekeeper delta=2m25s376ms781µs800ns).
2022-12-12 14:24:15.821 WARN  [HikariPool-2 housekeeper][HikariPool:788] HikariPool-2 - Thread starvation or clock leap detected (housekeeper delta=2m25s363ms1µs800ns).
2022-12-12 15:14:29.452 WARN  [HikariPool-1 housekeeper][HikariPool:788] HikariPool-1 - Thread starvation or clock leap detected (housekeeper delta=20m17s373ms947µs900ns).
2022-12-12 15:14:34.351 WARN  [HikariPool-2 housekeeper][HikariPool:788] HikariPool-2 - Thread starvation or clock leap detected (housekeeper delta=20m17s379ms883µs700ns).
2022-12-12 15:51:13.033 WARN  [HikariPool-1 housekeeper][HikariPool:788] HikariPool-1 - Thread starvation or clock leap detected (housekeeper delta=6m41s917ms901µs100ns).
2022-12-12 15:51:17.970 WARN  [HikariPool-2 housekeeper][HikariPool:788] HikariPool-2 - Thread starvation or clock leap detected (housekeeper delta=6m41s909ms464µs500ns).
2022-12-12 18:18:26.174 INFO  [main][ThemeHotDeployListener:171] 1 theme for wecanbs-theme was unregistered
2022-12-12 18:18:26.186 INFO  [main][ThemeHotDeployListener:171] 1 theme for practica-theme was unregistered
2022-12-12 18:18:26.218 INFO  [main][ThemeHotDeployListener:171] 1 theme for admin-theme was unregistered
2022-12-12 18:18:26.218 INFO  [main][ThemeHotDeployListener:171] 1 theme for classic-theme was unregistered
2022-12-12 18:18:26.233 INFO  [main][ThemeHotDeployListener:171] 1 theme for dialect-theme was unregistered
2022-12-12 18:18:26.249 INFO  [main][ThemeHotDeployListener:171] 1 theme for minium-theme was unregistered
2022-12-12 18:18:26.253 INFO  [main][ThemeHotDeployListener:171] 1 theme for speedwell-theme was unregistered
