2022-11-08 07:39:39.737 INFO  [main][PortalContextLoaderListener:123] JVM arguments: -XX:MaxMetaspaceSize=768m -XX:MetaspaceSize=768m -Dcatalina.base=C:/Entornos/Entornos-7.4-local/liferay-ce-portal-7.4.3.44-ga44/tomcat-9.0.56 -Dcatalina.home=C:/Entornos/Entornos-7.4-local/liferay-ce-portal-7.4.3.44-ga44/tomcat-9.0.56 -Djdk.tls.ephemeralDHKeySize=2048 -Djava.protocol.handler.pkgs=org.apache.catalina.webresources -Dorg.apache.catalina.security.SecurityListener.UMASK=0027 -Dcom.sun.management.jmxremote -Dcom.sun.management.jmxremote.authenticate=false -Dcom.sun.management.jmxremote.port=8099 -Dcom.sun.management.jmxremote.ssl=false -Dfile.encoding=UTF8 -Djava.endorsed.dirs=C:/Entornos/Entornos-7.4-local/liferay-ce-portal-7.4.3.44-ga44/tomcat-9.0.56/endorsed -Djava.io.tmpdir=C:/Entornos/Entornos-7.4-local/liferay-ce-portal-7.4.3.44-ga44/tomcat-9.0.56/temp -Djava.net.preferIPv4Stack=true -Djava.util.logging.config.file=C:/Entornos/Entornos-7.4-local/liferay-ce-portal-7.4.3.44-ga44/tomcat-9.0.56/conf/logging.properties -Djava.util.logging.manager=org.apache.juli.ClassLoaderLogManager -Dorg.apache.catalina.loader.WebappClassLoader.ENABLE_CLEAR_REFERENCES=false -Duser.timezone=GMT -Xmx2560m
2022-11-08 07:39:42.876 INFO  [main][DialectDetector:153] Using dialect com.liferay.portal.dao.orm.hibernate.MariaDBDialect for MariaDB 10.11
2022-11-08 07:39:44.973 INFO  [main][ModuleFrameworkImpl:1279] Starting initial bundles
2022-11-08 07:39:45.265 INFO  [ModuleFramework-Static-Bundles-6][InterpolationConfigurationPlugin:109] Configured directory for secrets: C:/Entornos/Entornos-7.4-local/liferay-ce-portal-7.4.3.44-ga44/osgi/configs
2022-11-08 07:39:47.068 INFO  [main][ModuleFrameworkImpl:1576] Started initial bundles
2022-11-08 07:39:47.070 INFO  [main][ModuleFrameworkImpl:1625] Starting dynamic bundles
2022-11-08 07:40:02.160 INFO  [main][ModuleFrameworkImpl:1647] Started dynamic bundles
2022-11-08 07:40:02.166 INFO  [main][ModuleFrameworkImpl:1654] Starting web bundles
2022-11-08 07:40:04.166 INFO  [main][ModuleFrameworkImpl:1708] Started web bundles
2022-11-08 07:40:04.169 INFO  [main][ModuleFrameworkImpl:278] Navigate to Control Panel > System > Gogo Shell and enter "lb" to see all bundles
2022-11-08 07:40:04.171 INFO  [main][LoggingTimer:83] Starting com.liferay.portal.verify.VerifyProperties#verifySystemProperties
2022-11-08 07:40:04.171 INFO  [main][LoggingTimer:44] Completed com.liferay.portal.verify.VerifyProperties#verifySystemProperties in 0 ms
2022-11-08 07:40:04.171 INFO  [main][LoggingTimer:83] Starting com.liferay.portal.verify.VerifyProperties#verifyPortalProperties
2022-11-08 07:40:04.187 INFO  [main][LoggingTimer:44] Completed com.liferay.portal.verify.VerifyProperties#verifyPortalProperties in 16 ms
2022-11-08 07:40:04.187 INFO  [main][LoggingTimer:83] Starting com.liferay.portal.verify.VerifyProperties#verifyDocumentLibrary
2022-11-08 07:40:04.187 INFO  [main][LoggingTimer:44] Completed com.liferay.portal.verify.VerifyProperties#verifyDocumentLibrary in 0 ms
2022-11-08 07:40:04.520 INFO  [main][LoggingTimer:83] Starting com.liferay.portal.events.StartupHelperUtil#initResourceActions
2022-11-08 07:40:04.567 INFO  [main][LoggingTimer:44] Completed com.liferay.portal.events.StartupHelperUtil#initResourceActions in 47 ms
2022-11-08 07:40:08.822 WARN  [main][SidecarManager:103] Liferay automatically starts a child process of Elasticsearch named sidecar for convenient development and demonstration purposes. Do NOT use sidecar in production. Refer to the documentation for details on the limitations of sidecar and instructions on configuring a remote Elasticsearch connection in the Control Panel.
2022-11-08 07:40:29.662 INFO  [main][Sidecar:119] Sidecar Elasticsearch liferay started at 127.0.0.1:9201
2022-11-08 07:40:33.839 INFO  [main][StartupHelperUtil:86] There are no patches installed
2022-11-08 07:40:33.851 INFO  [main][LoggingTimer:83] Starting com.liferay.portal.events.StartupHelperUtil#initResourceActions
2022-11-08 07:40:33.880 INFO  [main][LoggingTimer:44] Completed com.liferay.portal.events.StartupHelperUtil#initResourceActions in 29 ms
2022-11-08 07:40:34.383 INFO  [main][AutoDeployDir:176] Auto deploy scanner started for C:\Entornos\Entornos-7.4-local\liferay-ce-portal-7.4.3.44-ga44\deploy
2022-11-08 07:40:40.610 INFO  [com.liferay.portal.osgi.web.wab.extender.internal.WabFactory-BundleTrackerOpener][ThemeHotDeployListener:108] 1 theme for speedwell-theme is available for use
2022-11-08 07:40:40.767 INFO  [com.liferay.portal.osgi.web.wab.extender.internal.WabFactory-BundleTrackerOpener][ThemeHotDeployListener:108] 1 theme for minium-theme is available for use
2022-11-08 07:40:40.890 INFO  [com.liferay.portal.osgi.web.wab.extender.internal.WabFactory-BundleTrackerOpener][ThemeHotDeployListener:108] 1 theme for dialect-theme is available for use
2022-11-08 07:40:41.040 INFO  [com.liferay.portal.osgi.web.wab.extender.internal.WabFactory-BundleTrackerOpener][ThemeHotDeployListener:108] 1 theme for classic-theme is available for use
2022-11-08 07:40:41.286 INFO  [com.liferay.portal.osgi.web.wab.extender.internal.WabFactory-BundleTrackerOpener][ThemeHotDeployListener:108] 1 theme for admin-theme is available for use
2022-11-08 08:09:36.473 INFO  [fileinstall-directory-watcher][BundleStartStopLogger:80] STOPPED es.capgemini.practicas.tiendas.portlet_1.0.0 [1583]
2022-11-08 08:09:36.693 INFO  [Refresh Thread: Equinox Container: c87310d7-d148-4476-9265-bd8e281c2fe7][BundleStartStopLogger:77] STARTED es.capgemini.practicas.tiendas.portlet_1.0.0 [1583]
2022-11-08 08:11:37.819 INFO  [fileinstall-directory-watcher][BundleStartStopLogger:80] STOPPED es.capgemini.practicas.tiendas.portlet_1.0.0 [1583]
2022-11-08 08:11:38.014 INFO  [Refresh Thread: Equinox Container: c87310d7-d148-4476-9265-bd8e281c2fe7][BundleStartStopLogger:77] STARTED es.capgemini.practicas.tiendas.portlet_1.0.0 [1583]
2022-11-08 08:12:13.426 INFO  [fileinstall-directory-watcher][BundleStartStopLogger:80] STOPPED es.capgemini.practicas.tiendas.portlet_1.0.0 [1583]
2022-11-08 08:12:13.557 INFO  [Refresh Thread: Equinox Container: c87310d7-d148-4476-9265-bd8e281c2fe7][BundleStartStopLogger:77] STARTED es.capgemini.practicas.tiendas.portlet_1.0.0 [1583]
2022-11-08 08:12:54.000 INFO  [fileinstall-directory-watcher][BundleStartStopLogger:80] STOPPED es.capgemini.practicas.tiendas.portlet_1.0.0 [1583]
2022-11-08 08:12:54.133 INFO  [Refresh Thread: Equinox Container: c87310d7-d148-4476-9265-bd8e281c2fe7][BundleStartStopLogger:77] STARTED es.capgemini.practicas.tiendas.portlet_1.0.0 [1583]
2022-11-08 08:14:25.059 INFO  [fileinstall-directory-watcher][BundleStartStopLogger:80] STOPPED es.capgemini.practicas.tiendas.portlet_1.0.0 [1583]
2022-11-08 08:14:25.196 INFO  [Refresh Thread: Equinox Container: c87310d7-d148-4476-9265-bd8e281c2fe7][BundleStartStopLogger:77] STARTED es.capgemini.practicas.tiendas.portlet_1.0.0 [1583]
2022-11-08 08:25:51.990 INFO  [fileinstall-directory-watcher][BundleStartStopLogger:80] STOPPED es.capgemini.practicas.tiendas.portlet_1.0.0 [1583]
2022-11-08 08:25:52.145 INFO  [Refresh Thread: Equinox Container: c87310d7-d148-4476-9265-bd8e281c2fe7][BundleStartStopLogger:77] STARTED es.capgemini.practicas.tiendas.portlet_1.0.0 [1583]
2022-11-08 08:26:37.563 INFO  [fileinstall-directory-watcher][BundleStartStopLogger:80] STOPPED es.capgemini.practicas.tiendas.portlet_1.0.0 [1583]
2022-11-08 08:26:37.688 INFO  [Refresh Thread: Equinox Container: c87310d7-d148-4476-9265-bd8e281c2fe7][BundleStartStopLogger:77] STARTED es.capgemini.practicas.tiendas.portlet_1.0.0 [1583]
2022-11-08 08:30:45.146 INFO  [fileinstall-directory-watcher][BundleStartStopLogger:80] STOPPED es.capgemini.practicas.tiendas.portlet_1.0.0 [1583]
2022-11-08 08:30:45.274 INFO  [Refresh Thread: Equinox Container: c87310d7-d148-4476-9265-bd8e281c2fe7][BundleStartStopLogger:77] STARTED es.capgemini.practicas.tiendas.portlet_1.0.0 [1583]
2022-11-08 08:32:51.557 INFO  [fileinstall-directory-watcher][BundleStartStopLogger:80] STOPPED es.capgemini.practicas.tiendas.portlet_1.0.0 [1583]
2022-11-08 08:32:51.685 INFO  [Refresh Thread: Equinox Container: c87310d7-d148-4476-9265-bd8e281c2fe7][BundleStartStopLogger:77] STARTED es.capgemini.practicas.tiendas.portlet_1.0.0 [1583]
2022-11-08 08:37:54.634 INFO  [fileinstall-directory-watcher][BundleStartStopLogger:80] STOPPED es.capgemini.practicas.tiendas.portlet_1.0.0 [1583]
2022-11-08 08:37:54.751 INFO  [Refresh Thread: Equinox Container: c87310d7-d148-4476-9265-bd8e281c2fe7][BundleStartStopLogger:77] STARTED es.capgemini.practicas.tiendas.portlet_1.0.0 [1583]
2022-11-08 08:38:45.342 INFO  [fileinstall-directory-watcher][BundleStartStopLogger:80] STOPPED es.capgemini.practicas.tiendas.portlet_1.0.0 [1583]
2022-11-08 08:38:45.468 INFO  [Refresh Thread: Equinox Container: c87310d7-d148-4476-9265-bd8e281c2fe7][BundleStartStopLogger:77] STARTED es.capgemini.practicas.tiendas.portlet_1.0.0 [1583]
2022-11-08 08:39:10.775 INFO  [fileinstall-directory-watcher][BundleStartStopLogger:80] STOPPED es.capgemini.practicas.tiendas.portlet_1.0.0 [1583]
2022-11-08 08:39:10.891 INFO  [Refresh Thread: Equinox Container: c87310d7-d148-4476-9265-bd8e281c2fe7][BundleStartStopLogger:77] STARTED es.capgemini.practicas.tiendas.portlet_1.0.0 [1583]
2022-11-08 08:47:30.881 INFO  [fileinstall-directory-watcher][BundleStartStopLogger:80] STOPPED es.capgemini.practicas.tiendas.portlet_1.0.0 [1583]
2022-11-08 08:47:30.997 INFO  [Refresh Thread: Equinox Container: c87310d7-d148-4476-9265-bd8e281c2fe7][BundleStartStopLogger:77] STARTED es.capgemini.practicas.tiendas.portlet_1.0.0 [1583]
2022-11-08 08:49:17.050 INFO  [fileinstall-directory-watcher][BundleStartStopLogger:80] STOPPED es.capgemini.practicas.tiendas.portlet_1.0.0 [1583]
2022-11-08 08:49:17.168 INFO  [Refresh Thread: Equinox Container: c87310d7-d148-4476-9265-bd8e281c2fe7][BundleStartStopLogger:77] STARTED es.capgemini.practicas.tiendas.portlet_1.0.0 [1583]
2022-11-08 08:51:28.490 INFO  [fileinstall-directory-watcher][BundleStartStopLogger:80] STOPPED es.capgemini.practicas.tiendas.portlet_1.0.0 [1583]
2022-11-08 08:51:28.608 INFO  [Refresh Thread: Equinox Container: c87310d7-d148-4476-9265-bd8e281c2fe7][BundleStartStopLogger:77] STARTED es.capgemini.practicas.tiendas.portlet_1.0.0 [1583]
2022-11-08 09:02:45.102 INFO  [fileinstall-directory-watcher][BundleStartStopLogger:80] STOPPED es.capgemini.practicas.tiendas.portlet_1.0.0 [1583]
2022-11-08 09:02:45.228 INFO  [Refresh Thread: Equinox Container: c87310d7-d148-4476-9265-bd8e281c2fe7][BundleStartStopLogger:77] STARTED es.capgemini.practicas.tiendas.portlet_1.0.0 [1583]
2022-11-08 09:07:12.685 INFO  [fileinstall-directory-watcher][BundleStartStopLogger:80] STOPPED es.capgemini.practicas.tiendas.portlet_1.0.0 [1583]
2022-11-08 09:07:12.806 INFO  [Refresh Thread: Equinox Container: c87310d7-d148-4476-9265-bd8e281c2fe7][BundleStartStopLogger:77] STARTED es.capgemini.practicas.tiendas.portlet_1.0.0 [1583]
2022-11-08 09:10:34.732 INFO  [fileinstall-directory-watcher][BundleStartStopLogger:80] STOPPED es.capgemini.practicas.tiendas.portlet_1.0.0 [1583]
2022-11-08 09:10:34.851 INFO  [Refresh Thread: Equinox Container: c87310d7-d148-4476-9265-bd8e281c2fe7][BundleStartStopLogger:77] STARTED es.capgemini.practicas.tiendas.portlet_1.0.0 [1583]
2022-11-08 09:19:55.504 INFO  [fileinstall-directory-watcher][BundleStartStopLogger:80] STOPPED es.capgemini.practicas.tiendas.portlet_1.0.0 [1583]
2022-11-08 09:19:55.652 INFO  [Refresh Thread: Equinox Container: c87310d7-d148-4476-9265-bd8e281c2fe7][BundleStartStopLogger:77] STARTED es.capgemini.practicas.tiendas.portlet_1.0.0 [1583]
2022-11-08 09:20:56.296 INFO  [fileinstall-directory-watcher][BundleStartStopLogger:80] STOPPED es.capgemini.practicas.tiendas.portlet_1.0.0 [1583]
2022-11-08 09:20:56.413 INFO  [Refresh Thread: Equinox Container: c87310d7-d148-4476-9265-bd8e281c2fe7][BundleStartStopLogger:77] STARTED es.capgemini.practicas.tiendas.portlet_1.0.0 [1583]
2022-11-08 09:21:51.937 INFO  [fileinstall-directory-watcher][BundleStartStopLogger:80] STOPPED es.capgemini.practicas.tiendas.portlet_1.0.0 [1583]
2022-11-08 09:21:52.057 INFO  [Refresh Thread: Equinox Container: c87310d7-d148-4476-9265-bd8e281c2fe7][BundleStartStopLogger:77] STARTED es.capgemini.practicas.tiendas.portlet_1.0.0 [1583]
2022-11-08 09:22:37.528 INFO  [fileinstall-directory-watcher][BundleStartStopLogger:80] STOPPED es.capgemini.practicas.tiendas.portlet_1.0.0 [1583]
2022-11-08 09:22:37.655 INFO  [Refresh Thread: Equinox Container: c87310d7-d148-4476-9265-bd8e281c2fe7][BundleStartStopLogger:77] STARTED es.capgemini.practicas.tiendas.portlet_1.0.0 [1583]
2022-11-08 09:23:38.270 INFO  [fileinstall-directory-watcher][BundleStartStopLogger:80] STOPPED es.capgemini.practicas.tiendas.portlet_1.0.0 [1583]
2022-11-08 09:23:38.387 INFO  [Refresh Thread: Equinox Container: c87310d7-d148-4476-9265-bd8e281c2fe7][BundleStartStopLogger:77] STARTED es.capgemini.practicas.tiendas.portlet_1.0.0 [1583]
2022-11-08 09:27:15.517 INFO  [fileinstall-directory-watcher][BundleStartStopLogger:80] STOPPED es.capgemini.practicas.tiendas.portlet_1.0.0 [1583]
2022-11-08 09:27:15.652 INFO  [Refresh Thread: Equinox Container: c87310d7-d148-4476-9265-bd8e281c2fe7][BundleStartStopLogger:77] STARTED es.capgemini.practicas.tiendas.portlet_1.0.0 [1583]
2022-11-08 09:29:06.770 INFO  [fileinstall-directory-watcher][BundleStartStopLogger:80] STOPPED es.capgemini.practicas.tiendas.portlet_1.0.0 [1583]
2022-11-08 09:29:06.885 INFO  [Refresh Thread: Equinox Container: c87310d7-d148-4476-9265-bd8e281c2fe7][BundleStartStopLogger:77] STARTED es.capgemini.practicas.tiendas.portlet_1.0.0 [1583]
2022-11-08 09:30:42.843 INFO  [fileinstall-directory-watcher][BundleStartStopLogger:80] STOPPED es.capgemini.practicas.tiendas.portlet_1.0.0 [1583]
2022-11-08 09:30:42.969 INFO  [Refresh Thread: Equinox Container: c87310d7-d148-4476-9265-bd8e281c2fe7][BundleStartStopLogger:77] STARTED es.capgemini.practicas.tiendas.portlet_1.0.0 [1583]
2022-11-08 09:31:23.357 INFO  [fileinstall-directory-watcher][BundleStartStopLogger:80] STOPPED es.capgemini.practicas.tiendas.portlet_1.0.0 [1583]
2022-11-08 09:31:23.475 INFO  [Refresh Thread: Equinox Container: c87310d7-d148-4476-9265-bd8e281c2fe7][BundleStartStopLogger:77] STARTED es.capgemini.practicas.tiendas.portlet_1.0.0 [1583]
2022-11-08 10:23:08.276 INFO  [fileinstall-directory-watcher][BundleStartStopLogger:80] STOPPED es.capgemini.practicas.tiendas.portlet_1.0.0 [1583]
2022-11-08 10:23:08.402 INFO  [Refresh Thread: Equinox Container: c87310d7-d148-4476-9265-bd8e281c2fe7][BundleStartStopLogger:77] STARTED es.capgemini.practicas.tiendas.portlet_1.0.0 [1583]
2022-11-08 10:33:44.668 INFO  [fileinstall-directory-watcher][BundleStartStopLogger:80] STOPPED es.capgemini.practicas.tiendas.portlet_1.0.0 [1583]
2022-11-08 10:33:44.885 INFO  [Refresh Thread: Equinox Container: c87310d7-d148-4476-9265-bd8e281c2fe7][BundleStartStopLogger:77] STARTED es.capgemini.practicas.tiendas.portlet_1.0.0 [1583]
2022-11-08 10:36:41.669 INFO  [fileinstall-directory-watcher][BundleStartStopLogger:80] STOPPED es.capgemini.practicas.tiendas.portlet_1.0.0 [1583]
2022-11-08 10:36:41.794 INFO  [Refresh Thread: Equinox Container: c87310d7-d148-4476-9265-bd8e281c2fe7][BundleStartStopLogger:77] STARTED es.capgemini.practicas.tiendas.portlet_1.0.0 [1583]
2022-11-08 10:37:52.581 INFO  [fileinstall-directory-watcher][BundleStartStopLogger:80] STOPPED es.capgemini.practicas.tiendas.portlet_1.0.0 [1583]
2022-11-08 10:37:52.729 INFO  [Refresh Thread: Equinox Container: c87310d7-d148-4476-9265-bd8e281c2fe7][BundleStartStopLogger:77] STARTED es.capgemini.practicas.tiendas.portlet_1.0.0 [1583]
2022-11-08 11:14:29.554 INFO  [fileinstall-directory-watcher][BundleStartStopLogger:80] STOPPED es.capgemini.practicas.tiendas.portlet_1.0.0 [1583]
2022-11-08 11:14:29.673 INFO  [Refresh Thread: Equinox Container: c87310d7-d148-4476-9265-bd8e281c2fe7][BundleStartStopLogger:77] STARTED es.capgemini.practicas.tiendas.portlet_1.0.0 [1583]
2022-11-08 11:16:15.694 INFO  [fileinstall-directory-watcher][BundleStartStopLogger:80] STOPPED es.capgemini.practicas.tiendas.portlet_1.0.0 [1583]
2022-11-08 11:16:15.847 INFO  [Refresh Thread: Equinox Container: c87310d7-d148-4476-9265-bd8e281c2fe7][BundleStartStopLogger:77] STARTED es.capgemini.practicas.tiendas.portlet_1.0.0 [1583]
2022-11-08 11:17:16.524 INFO  [fileinstall-directory-watcher][BundleStartStopLogger:80] STOPPED es.capgemini.practicas.tiendas.portlet_1.0.0 [1583]
2022-11-08 11:17:16.724 INFO  [Refresh Thread: Equinox Container: c87310d7-d148-4476-9265-bd8e281c2fe7][BundleStartStopLogger:77] STARTED es.capgemini.practicas.tiendas.portlet_1.0.0 [1583]
2022-11-08 11:18:12.329 INFO  [fileinstall-directory-watcher][BundleStartStopLogger:80] STOPPED es.capgemini.practicas.tiendas.portlet_1.0.0 [1583]
2022-11-08 11:18:12.467 INFO  [Refresh Thread: Equinox Container: c87310d7-d148-4476-9265-bd8e281c2fe7][BundleStartStopLogger:77] STARTED es.capgemini.practicas.tiendas.portlet_1.0.0 [1583]
2022-11-08 11:20:59.091 INFO  [fileinstall-directory-watcher][BundleStartStopLogger:80] STOPPED es.capgemini.practicas.tiendas.portlet_1.0.0 [1583]
2022-11-08 11:20:59.207 INFO  [Refresh Thread: Equinox Container: c87310d7-d148-4476-9265-bd8e281c2fe7][BundleStartStopLogger:77] STARTED es.capgemini.practicas.tiendas.portlet_1.0.0 [1583]
2022-11-08 11:25:52.077 INFO  [fileinstall-directory-watcher][BundleStartStopLogger:80] STOPPED es.capgemini.practicas.tiendas.portlet_1.0.0 [1583]
2022-11-08 11:25:52.196 INFO  [Refresh Thread: Equinox Container: c87310d7-d148-4476-9265-bd8e281c2fe7][BundleStartStopLogger:77] STARTED es.capgemini.practicas.tiendas.portlet_1.0.0 [1583]
2022-11-08 11:31:00.323 INFO  [fileinstall-directory-watcher][BundleStartStopLogger:80] STOPPED es.capgemini.practicas.tiendas.portlet_1.0.0 [1583]
2022-11-08 11:31:00.440 INFO  [Refresh Thread: Equinox Container: c87310d7-d148-4476-9265-bd8e281c2fe7][BundleStartStopLogger:77] STARTED es.capgemini.practicas.tiendas.portlet_1.0.0 [1583]
2022-11-08 12:10:02.682 INFO  [fileinstall-directory-watcher][BundleStartStopLogger:80] STOPPED es.capgemini.practicas.tiendas.portlet_1.0.0 [1583]
2022-11-08 12:10:02.817 INFO  [Refresh Thread: Equinox Container: c87310d7-d148-4476-9265-bd8e281c2fe7][BundleStartStopLogger:77] STARTED es.capgemini.practicas.tiendas.portlet_1.0.0 [1583]
2022-11-08 12:20:19.018 INFO  [fileinstall-directory-watcher][BundleStartStopLogger:80] STOPPED es.capgemini.practicas.tiendas.portlet_1.0.0 [1583]
2022-11-08 12:20:19.138 INFO  [Refresh Thread: Equinox Container: c87310d7-d148-4476-9265-bd8e281c2fe7][BundleStartStopLogger:77] STARTED es.capgemini.practicas.tiendas.portlet_1.0.0 [1583]
2022-11-08 12:21:09.708 INFO  [fileinstall-directory-watcher][BundleStartStopLogger:80] STOPPED es.capgemini.practicas.tiendas.portlet_1.0.0 [1583]
2022-11-08 12:21:09.830 INFO  [Refresh Thread: Equinox Container: c87310d7-d148-4476-9265-bd8e281c2fe7][BundleStartStopLogger:77] STARTED es.capgemini.practicas.tiendas.portlet_1.0.0 [1583]
2022-11-08 12:23:07.462 INFO  [fileinstall-directory-watcher][BundleStartStopLogger:80] STOPPED es.capgemini.practicas.tiendas.portlet_1.0.0 [1583]
2022-11-08 12:23:07.584 INFO  [Refresh Thread: Equinox Container: c87310d7-d148-4476-9265-bd8e281c2fe7][BundleStartStopLogger:77] STARTED es.capgemini.practicas.tiendas.portlet_1.0.0 [1583]
2022-11-08 12:25:29.031 INFO  [fileinstall-directory-watcher][BundleStartStopLogger:80] STOPPED es.capgemini.practicas.tiendas.portlet_1.0.0 [1583]
2022-11-08 12:25:29.152 INFO  [Refresh Thread: Equinox Container: c87310d7-d148-4476-9265-bd8e281c2fe7][BundleStartStopLogger:77] STARTED es.capgemini.practicas.tiendas.portlet_1.0.0 [1583]
2022-11-08 12:28:25.882 INFO  [fileinstall-directory-watcher][BundleStartStopLogger:80] STOPPED es.capgemini.practicas.tiendas.portlet_1.0.0 [1583]
2022-11-08 12:28:26.000 INFO  [Refresh Thread: Equinox Container: c87310d7-d148-4476-9265-bd8e281c2fe7][BundleStartStopLogger:77] STARTED es.capgemini.practicas.tiendas.portlet_1.0.0 [1583]
2022-11-08 12:30:37.255 INFO  [fileinstall-directory-watcher][BundleStartStopLogger:80] STOPPED es.capgemini.practicas.tiendas.portlet_1.0.0 [1583]
2022-11-08 12:30:37.376 INFO  [Refresh Thread: Equinox Container: c87310d7-d148-4476-9265-bd8e281c2fe7][BundleStartStopLogger:77] STARTED es.capgemini.practicas.tiendas.portlet_1.0.0 [1583]
2022-11-08 14:24:20.616 INFO  [fileinstall-directory-watcher][BundleStartStopLogger:80] STOPPED es.capgemini.practicas.tiendas.portlet_1.0.0 [1583]
2022-11-08 14:24:20.805 INFO  [Refresh Thread: Equinox Container: c87310d7-d148-4476-9265-bd8e281c2fe7][BundleStartStopLogger:77] STARTED es.capgemini.practicas.tiendas.portlet_1.0.0 [1583]
2022-11-08 14:25:31.649 INFO  [fileinstall-directory-watcher][BundleStartStopLogger:80] STOPPED es.capgemini.practicas.tiendas.portlet_1.0.0 [1583]
2022-11-08 14:25:31.946 INFO  [Refresh Thread: Equinox Container: c87310d7-d148-4476-9265-bd8e281c2fe7][BundleStartStopLogger:77] STARTED es.capgemini.practicas.tiendas.portlet_1.0.0 [1583]
2022-11-08 14:26:07.380 INFO  [fileinstall-directory-watcher][BundleStartStopLogger:80] STOPPED es.capgemini.practicas.tiendas.portlet_1.0.0 [1583]
2022-11-08 14:26:07.597 INFO  [Refresh Thread: Equinox Container: c87310d7-d148-4476-9265-bd8e281c2fe7][BundleStartStopLogger:77] STARTED es.capgemini.practicas.tiendas.portlet_1.0.0 [1583]
2022-11-08 14:28:03.709 INFO  [fileinstall-directory-watcher][BundleStartStopLogger:80] STOPPED es.capgemini.practicas.tiendas.portlet_1.0.0 [1583]
2022-11-08 14:28:03.946 INFO  [Refresh Thread: Equinox Container: c87310d7-d148-4476-9265-bd8e281c2fe7][BundleStartStopLogger:77] STARTED es.capgemini.practicas.tiendas.portlet_1.0.0 [1583]
2022-11-08 14:28:54.423 INFO  [fileinstall-directory-watcher][BundleStartStopLogger:80] STOPPED es.capgemini.practicas.tiendas.portlet_1.0.0 [1583]
2022-11-08 14:28:54.550 INFO  [Refresh Thread: Equinox Container: c87310d7-d148-4476-9265-bd8e281c2fe7][BundleStartStopLogger:77] STARTED es.capgemini.practicas.tiendas.portlet_1.0.0 [1583]
2022-11-08 14:30:55.728 INFO  [fileinstall-directory-watcher][BundleStartStopLogger:80] STOPPED es.capgemini.practicas.tiendas.portlet_1.0.0 [1583]
2022-11-08 14:30:55.880 INFO  [Refresh Thread: Equinox Container: c87310d7-d148-4476-9265-bd8e281c2fe7][BundleStartStopLogger:77] STARTED es.capgemini.practicas.tiendas.portlet_1.0.0 [1583]
2022-11-08 14:32:21.798 INFO  [fileinstall-directory-watcher][BundleStartStopLogger:80] STOPPED es.capgemini.practicas.tiendas.portlet_1.0.0 [1583]
2022-11-08 14:32:21.930 INFO  [Refresh Thread: Equinox Container: c87310d7-d148-4476-9265-bd8e281c2fe7][BundleStartStopLogger:77] STARTED es.capgemini.practicas.tiendas.portlet_1.0.0 [1583]
2022-11-08 14:38:15.240 INFO  [fileinstall-directory-watcher][BundleStartStopLogger:80] STOPPED es.capgemini.practicas.tiendas.portlet_1.0.0 [1583]
2022-11-08 14:38:15.424 INFO  [Refresh Thread: Equinox Container: c87310d7-d148-4476-9265-bd8e281c2fe7][BundleStartStopLogger:77] STARTED es.capgemini.practicas.tiendas.portlet_1.0.0 [1583]
2022-11-08 14:39:46.329 INFO  [fileinstall-directory-watcher][BundleStartStopLogger:80] STOPPED es.capgemini.practicas.tiendas.portlet_1.0.0 [1583]
2022-11-08 14:39:46.481 INFO  [Refresh Thread: Equinox Container: c87310d7-d148-4476-9265-bd8e281c2fe7][BundleStartStopLogger:77] STARTED es.capgemini.practicas.tiendas.portlet_1.0.0 [1583]
2022-11-08 14:40:32.006 INFO  [fileinstall-directory-watcher][BundleStartStopLogger:80] STOPPED es.capgemini.practicas.tiendas.portlet_1.0.0 [1583]
2022-11-08 14:40:32.173 INFO  [Refresh Thread: Equinox Container: c87310d7-d148-4476-9265-bd8e281c2fe7][BundleStartStopLogger:77] STARTED es.capgemini.practicas.tiendas.portlet_1.0.0 [1583]
2022-11-08 14:41:22.897 INFO  [fileinstall-directory-watcher][BundleStartStopLogger:80] STOPPED es.capgemini.practicas.tiendas.portlet_1.0.0 [1583]
2022-11-08 14:41:23.204 INFO  [Refresh Thread: Equinox Container: c87310d7-d148-4476-9265-bd8e281c2fe7][BundleStartStopLogger:77] STARTED es.capgemini.practicas.tiendas.portlet_1.0.0 [1583]
2022-11-08 14:42:08.658 INFO  [fileinstall-directory-watcher][BundleStartStopLogger:80] STOPPED es.capgemini.practicas.tiendas.portlet_1.0.0 [1583]
2022-11-08 14:42:08.809 INFO  [Refresh Thread: Equinox Container: c87310d7-d148-4476-9265-bd8e281c2fe7][BundleStartStopLogger:77] STARTED es.capgemini.practicas.tiendas.portlet_1.0.0 [1583]
2022-11-08 14:42:44.282 INFO  [fileinstall-directory-watcher][BundleStartStopLogger:80] STOPPED es.capgemini.practicas.tiendas.portlet_1.0.0 [1583]
2022-11-08 14:42:44.539 INFO  [Refresh Thread: Equinox Container: c87310d7-d148-4476-9265-bd8e281c2fe7][BundleStartStopLogger:77] STARTED es.capgemini.practicas.tiendas.portlet_1.0.0 [1583]
2022-11-08 14:43:24.985 INFO  [fileinstall-directory-watcher][BundleStartStopLogger:80] STOPPED es.capgemini.practicas.tiendas.portlet_1.0.0 [1583]
2022-11-08 14:43:25.136 INFO  [Refresh Thread: Equinox Container: c87310d7-d148-4476-9265-bd8e281c2fe7][BundleStartStopLogger:77] STARTED es.capgemini.practicas.tiendas.portlet_1.0.0 [1583]
2022-11-08 14:44:00.568 INFO  [fileinstall-directory-watcher][BundleStartStopLogger:80] STOPPED es.capgemini.practicas.tiendas.portlet_1.0.0 [1583]
2022-11-08 14:44:00.707 INFO  [Refresh Thread: Equinox Container: c87310d7-d148-4476-9265-bd8e281c2fe7][BundleStartStopLogger:77] STARTED es.capgemini.practicas.tiendas.portlet_1.0.0 [1583]
2022-11-08 14:57:18.110 INFO  [fileinstall-directory-watcher][BundleStartStopLogger:80] STOPPED es.capgemini.practicas.tiendas.portlet_1.0.0 [1583]
2022-11-08 14:57:18.249 INFO  [Refresh Thread: Equinox Container: c87310d7-d148-4476-9265-bd8e281c2fe7][BundleStartStopLogger:77] STARTED es.capgemini.practicas.tiendas.portlet_1.0.0 [1583]
2022-11-08 15:04:13.025 INFO  [fileinstall-directory-watcher][BundleStartStopLogger:80] STOPPED es.capgemini.practicas.tiendas.portlet_1.0.0 [1583]
2022-11-08 15:04:13.185 INFO  [Refresh Thread: Equinox Container: c87310d7-d148-4476-9265-bd8e281c2fe7][BundleStartStopLogger:77] STARTED es.capgemini.practicas.tiendas.portlet_1.0.0 [1583]
2022-11-08 15:05:19.177 INFO  [fileinstall-directory-watcher][BundleStartStopLogger:80] STOPPED es.capgemini.practicas.tiendas.portlet_1.0.0 [1583]
2022-11-08 15:05:19.341 INFO  [Refresh Thread: Equinox Container: c87310d7-d148-4476-9265-bd8e281c2fe7][BundleStartStopLogger:77] STARTED es.capgemini.practicas.tiendas.portlet_1.0.0 [1583]
2022-11-08 15:07:15.602 INFO  [fileinstall-directory-watcher][BundleStartStopLogger:80] STOPPED es.capgemini.practicas.tiendas.portlet_1.0.0 [1583]
2022-11-08 15:07:15.849 INFO  [Refresh Thread: Equinox Container: c87310d7-d148-4476-9265-bd8e281c2fe7][BundleStartStopLogger:77] STARTED es.capgemini.practicas.tiendas.portlet_1.0.0 [1583]
2022-11-08 15:15:50.725 INFO  [fileinstall-directory-watcher][BundleStartStopLogger:80] STOPPED es.capgemini.practicas.tiendas.portlet_1.0.0 [1583]
2022-11-08 15:15:50.863 INFO  [Refresh Thread: Equinox Container: c87310d7-d148-4476-9265-bd8e281c2fe7][BundleStartStopLogger:77] STARTED es.capgemini.practicas.tiendas.portlet_1.0.0 [1583]
2022-11-08 15:19:53.703 INFO  [fileinstall-directory-watcher][BundleStartStopLogger:80] STOPPED es.capgemini.practicas.tiendas.portlet_1.0.0 [1583]
2022-11-08 15:19:53.958 INFO  [Refresh Thread: Equinox Container: c87310d7-d148-4476-9265-bd8e281c2fe7][BundleStartStopLogger:77] STARTED es.capgemini.practicas.tiendas.portlet_1.0.0 [1583]
2022-11-08 15:55:20.188 INFO  [fileinstall-directory-watcher][BundleStartStopLogger:80] STOPPED es.capgemini.practicas.tiendas.portlet_1.0.0 [1583]
2022-11-08 15:55:20.329 INFO  [Refresh Thread: Equinox Container: c87310d7-d148-4476-9265-bd8e281c2fe7][BundleStartStopLogger:77] STARTED es.capgemini.practicas.tiendas.portlet_1.0.0 [1583]
2022-11-08 15:57:06.433 INFO  [fileinstall-directory-watcher][BundleStartStopLogger:80] STOPPED es.capgemini.practicas.tiendas.portlet_1.0.0 [1583]
2022-11-08 15:57:06.559 INFO  [Refresh Thread: Equinox Container: c87310d7-d148-4476-9265-bd8e281c2fe7][BundleStartStopLogger:77] STARTED es.capgemini.practicas.tiendas.portlet_1.0.0 [1583]
2022-11-08 15:58:12.216 INFO  [fileinstall-directory-watcher][BundleStartStopLogger:80] STOPPED es.capgemini.practicas.tiendas.portlet_1.0.0 [1583]
2022-11-08 15:58:12.334 INFO  [Refresh Thread: Equinox Container: c87310d7-d148-4476-9265-bd8e281c2fe7][BundleStartStopLogger:77] STARTED es.capgemini.practicas.tiendas.portlet_1.0.0 [1583]
