2022-10-26 06:08:47.722 INFO  [main][PortalContextLoaderListener:123] JVM arguments: -XX:MaxMetaspaceSize=768m -XX:MetaspaceSize=768m -Dcatalina.base=C:/Entornos/Entornos-7.4-local/liferay-ce-portal-7.4.3.44-ga44/tomcat-9.0.56 -Dcatalina.home=C:/Entornos/Entornos-7.4-local/liferay-ce-portal-7.4.3.44-ga44/tomcat-9.0.56 -Djdk.tls.ephemeralDHKeySize=2048 -Djava.protocol.handler.pkgs=org.apache.catalina.webresources -Dorg.apache.catalina.security.SecurityListener.UMASK=0027 -Dcom.sun.management.jmxremote -Dcom.sun.management.jmxremote.authenticate=false -Dcom.sun.management.jmxremote.port=8099 -Dcom.sun.management.jmxremote.ssl=false -Dfile.encoding=UTF8 -Djava.endorsed.dirs=C:/Entornos/Entornos-7.4-local/liferay-ce-portal-7.4.3.44-ga44/tomcat-9.0.56/endorsed -Djava.io.tmpdir=C:/Entornos/Entornos-7.4-local/liferay-ce-portal-7.4.3.44-ga44/tomcat-9.0.56/temp -Djava.net.preferIPv4Stack=true -Djava.util.logging.config.file=C:/Entornos/Entornos-7.4-local/liferay-ce-portal-7.4.3.44-ga44/tomcat-9.0.56/conf/logging.properties -Djava.util.logging.manager=org.apache.juli.ClassLoaderLogManager -Dorg.apache.catalina.loader.WebappClassLoader.ENABLE_CLEAR_REFERENCES=false -Duser.timezone=GMT -Xmx2560m
2022-10-26 06:08:54.811 INFO  [main][DialectDetector:153] Using dialect com.liferay.portal.dao.orm.hibernate.MariaDBDialect for MariaDB 10.11
2022-10-26 06:09:00.291 INFO  [main][ModuleFrameworkImpl:1279] Starting initial bundles
2022-10-26 06:09:00.797 INFO  [ModuleFramework-Static-Bundles-7][InterpolationConfigurationPlugin:109] Configured directory for secrets: C:/Entornos/Entornos-7.4-local/liferay-ce-portal-7.4.3.44-ga44/osgi/configs
2022-10-26 06:09:03.567 INFO  [main][ModuleFrameworkImpl:1576] Started initial bundles
2022-10-26 06:09:03.570 INFO  [main][ModuleFrameworkImpl:1625] Starting dynamic bundles
2022-10-26 06:09:29.333 INFO  [main][ModuleFrameworkImpl:1647] Started dynamic bundles
2022-10-26 06:09:29.334 INFO  [main][ModuleFrameworkImpl:1654] Starting web bundles
2022-10-26 06:09:36.381 INFO  [main][ModuleFrameworkImpl:1708] Started web bundles
2022-10-26 06:09:36.394 INFO  [main][ModuleFrameworkImpl:278] Navigate to Control Panel > System > Gogo Shell and enter "lb" to see all bundles
2022-10-26 06:09:36.420 INFO  [main][LoggingTimer:83] Starting com.liferay.portal.verify.VerifyProperties#verifySystemProperties
2022-10-26 06:09:36.421 INFO  [main][LoggingTimer:44] Completed com.liferay.portal.verify.VerifyProperties#verifySystemProperties in 1 ms
2022-10-26 06:09:36.421 INFO  [main][LoggingTimer:83] Starting com.liferay.portal.verify.VerifyProperties#verifyPortalProperties
2022-10-26 06:09:36.450 INFO  [main][LoggingTimer:44] Completed com.liferay.portal.verify.VerifyProperties#verifyPortalProperties in 29 ms
2022-10-26 06:09:36.450 INFO  [main][LoggingTimer:83] Starting com.liferay.portal.verify.VerifyProperties#verifyDocumentLibrary
2022-10-26 06:09:36.450 INFO  [main][LoggingTimer:44] Completed com.liferay.portal.verify.VerifyProperties#verifyDocumentLibrary in 0 ms
2022-10-26 06:09:37.373 INFO  [main][LoggingTimer:83] Starting com.liferay.portal.events.StartupHelperUtil#initResourceActions
2022-10-26 06:09:37.488 INFO  [main][LoggingTimer:44] Completed com.liferay.portal.events.StartupHelperUtil#initResourceActions in 115 ms
2022-10-26 06:09:42.582 WARN  [main][SidecarManager:103] Liferay automatically starts a child process of Elasticsearch named sidecar for convenient development and demonstration purposes. Do NOT use sidecar in production. Refer to the documentation for details on the limitations of sidecar and instructions on configuring a remote Elasticsearch connection in the Control Panel.
2022-10-26 06:10:40.830 INFO  [main][Sidecar:119] Sidecar Elasticsearch liferay started at 127.0.0.1:9201
2022-10-26 06:10:51.022 INFO  [main][StartupHelperUtil:86] There are no patches installed
2022-10-26 06:10:51.045 INFO  [main][LoggingTimer:83] Starting com.liferay.portal.events.StartupHelperUtil#initResourceActions
2022-10-26 06:10:51.119 INFO  [main][LoggingTimer:44] Completed com.liferay.portal.events.StartupHelperUtil#initResourceActions in 74 ms
2022-10-26 06:10:52.291 INFO  [main][AutoDeployDir:176] Auto deploy scanner started for C:\Entornos\Entornos-7.4-local\liferay-ce-portal-7.4.3.44-ga44\deploy
2022-10-26 06:11:49.204 INFO  [com.liferay.portal.osgi.web.wab.extender.internal.WabFactory-BundleTrackerOpener][ThemeHotDeployListener:108] 1 theme for speedwell-theme is available for use
2022-10-26 06:11:49.475 INFO  [com.liferay.portal.osgi.web.wab.extender.internal.WabFactory-BundleTrackerOpener][ThemeHotDeployListener:108] 1 theme for minium-theme is available for use
2022-10-26 06:11:49.744 INFO  [com.liferay.portal.osgi.web.wab.extender.internal.WabFactory-BundleTrackerOpener][ThemeHotDeployListener:108] 1 theme for dialect-theme is available for use
2022-10-26 06:11:49.980 INFO  [com.liferay.portal.osgi.web.wab.extender.internal.WabFactory-BundleTrackerOpener][ThemeHotDeployListener:108] 1 theme for classic-theme is available for use
2022-10-26 06:11:50.202 INFO  [com.liferay.portal.osgi.web.wab.extender.internal.WabFactory-BundleTrackerOpener][ThemeHotDeployListener:108] 1 theme for admin-theme is available for use
2022-10-26 06:40:24.375 INFO  [fileinstall-directory-watcher][BundleStartStopLogger:80] STOPPED es.capgemini.practicas.visualizacioncontenido.portlet_1.0.0 [1568]
2022-10-26 06:40:25.073 INFO  [Refresh Thread: Equinox Container: d94a0335-3c50-4f82-9de7-eff556bc4245][BundleStartStopLogger:77] STARTED es.capgemini.practicas.visualizacioncontenido.portlet_1.0.0 [1568]
2022-10-26 06:41:57.331 INFO  [fileinstall-directory-watcher][BundleStartStopLogger:80] STOPPED es.capgemini.practicas.visualizacioncontenido.portlet_1.0.0 [1568]
2022-10-26 06:41:57.780 INFO  [Refresh Thread: Equinox Container: d94a0335-3c50-4f82-9de7-eff556bc4245][BundleStartStopLogger:77] STARTED es.capgemini.practicas.visualizacioncontenido.portlet_1.0.0 [1568]
2022-10-26 06:43:09.068 INFO  [fileinstall-directory-watcher][BundleStartStopLogger:80] STOPPED es.capgemini.practicas.visualizacioncontenido.portlet_1.0.0 [1568]
2022-10-26 06:43:09.458 INFO  [Refresh Thread: Equinox Container: d94a0335-3c50-4f82-9de7-eff556bc4245][BundleStartStopLogger:77] STARTED es.capgemini.practicas.visualizacioncontenido.portlet_1.0.0 [1568]
2022-10-26 06:46:22.575 INFO  [fileinstall-directory-watcher][BundleStartStopLogger:80] STOPPED es.capgemini.practicas.visualizacioncontenido.portlet_1.0.0 [1568]
2022-10-26 06:46:22.855 INFO  [Refresh Thread: Equinox Container: d94a0335-3c50-4f82-9de7-eff556bc4245][BundleStartStopLogger:77] STARTED es.capgemini.practicas.visualizacioncontenido.portlet_1.0.0 [1568]
2022-10-26 06:46:58.404 INFO  [fileinstall-directory-watcher][BundleStartStopLogger:80] STOPPED es.capgemini.practicas.visualizacioncontenido.portlet_1.0.0 [1568]
2022-10-26 06:46:58.783 INFO  [Refresh Thread: Equinox Container: d94a0335-3c50-4f82-9de7-eff556bc4245][BundleStartStopLogger:77] STARTED es.capgemini.practicas.visualizacioncontenido.portlet_1.0.0 [1568]
2022-10-26 06:47:29.353 INFO  [fileinstall-directory-watcher][BundleStartStopLogger:80] STOPPED es.capgemini.practicas.visualizacioncontenido.portlet_1.0.0 [1568]
2022-10-26 06:47:29.600 INFO  [Refresh Thread: Equinox Container: d94a0335-3c50-4f82-9de7-eff556bc4245][BundleStartStopLogger:77] STARTED es.capgemini.practicas.visualizacioncontenido.portlet_1.0.0 [1568]
2022-10-26 06:48:15.329 INFO  [fileinstall-directory-watcher][BundleStartStopLogger:80] STOPPED es.capgemini.practicas.visualizacioncontenido.portlet_1.0.0 [1568]
2022-10-26 06:48:15.582 INFO  [Refresh Thread: Equinox Container: d94a0335-3c50-4f82-9de7-eff556bc4245][BundleStartStopLogger:77] STARTED es.capgemini.practicas.visualizacioncontenido.portlet_1.0.0 [1568]
2022-10-26 06:49:31.728 INFO  [fileinstall-directory-watcher][BundleStartStopLogger:80] STOPPED es.capgemini.practicas.visualizacioncontenido.portlet_1.0.0 [1568]
2022-10-26 06:49:32.078 INFO  [Refresh Thread: Equinox Container: d94a0335-3c50-4f82-9de7-eff556bc4245][BundleStartStopLogger:77] STARTED es.capgemini.practicas.visualizacioncontenido.portlet_1.0.0 [1568]
2022-10-26 06:49:52.452 INFO  [fileinstall-directory-watcher][BundleStartStopLogger:80] STOPPED es.capgemini.practicas.visualizacioncontenido.portlet_1.0.0 [1568]
2022-10-26 06:50:08.209 INFO  [fileinstall-directory-watcher][BundleStartStopLogger:77] STARTED es.capgemini.practicas.visualizacioncontenido.portlet_1.0.0 [1569]
2022-10-26 06:55:49.936 INFO  [fileinstall-directory-watcher][BundleStartStopLogger:80] STOPPED es.capgemini.practicas.visualizacioncontenido.portlet_1.0.0 [1569]
2022-10-26 06:55:50.440 INFO  [Refresh Thread: Equinox Container: d94a0335-3c50-4f82-9de7-eff556bc4245][BundleStartStopLogger:77] STARTED es.capgemini.practicas.visualizacioncontenido.portlet_1.0.0 [1569]
2022-10-26 06:58:22.737 INFO  [fileinstall-directory-watcher][BundleStartStopLogger:80] STOPPED es.capgemini.practicas.visualizacioncontenido.portlet_1.0.0 [1569]
2022-10-26 06:58:22.961 INFO  [Refresh Thread: Equinox Container: d94a0335-3c50-4f82-9de7-eff556bc4245][BundleStartStopLogger:77] STARTED es.capgemini.practicas.visualizacioncontenido.portlet_1.0.0 [1569]
2022-10-26 07:07:13.142 INFO  [fileinstall-directory-watcher][BundleStartStopLogger:80] STOPPED es.capgemini.practicas.visualizacioncontenido.portlet_1.0.0 [1569]
2022-10-26 07:07:13.568 INFO  [Refresh Thread: Equinox Container: d94a0335-3c50-4f82-9de7-eff556bc4245][BundleStartStopLogger:77] STARTED es.capgemini.practicas.visualizacioncontenido.portlet_1.0.0 [1569]
2022-10-26 07:09:46.559 INFO  [fileinstall-directory-watcher][BundleStartStopLogger:80] STOPPED es.capgemini.practicas.visualizacioncontenido.portlet_1.0.0 [1569]
2022-10-26 07:09:46.904 INFO  [Refresh Thread: Equinox Container: d94a0335-3c50-4f82-9de7-eff556bc4245][BundleStartStopLogger:77] STARTED es.capgemini.practicas.visualizacioncontenido.portlet_1.0.0 [1569]
2022-10-26 07:12:45.469 INFO  [fileinstall-directory-watcher][BundleStartStopLogger:80] STOPPED es.capgemini.practicas.visualizacioncontenido.portlet_1.0.0 [1569]
2022-10-26 07:12:45.832 INFO  [Refresh Thread: Equinox Container: d94a0335-3c50-4f82-9de7-eff556bc4245][BundleStartStopLogger:77] STARTED es.capgemini.practicas.visualizacioncontenido.portlet_1.0.0 [1569]
2022-10-26 07:15:14.480 INFO  [fileinstall-directory-watcher][BundleStartStopLogger:80] STOPPED es.capgemini.practicas.visualizacioncontenido.portlet_1.0.0 [1569]
2022-10-26 07:15:14.779 INFO  [Refresh Thread: Equinox Container: d94a0335-3c50-4f82-9de7-eff556bc4245][BundleStartStopLogger:77] STARTED es.capgemini.practicas.visualizacioncontenido.portlet_1.0.0 [1569]
2022-10-26 07:20:36.747 INFO  [fileinstall-directory-watcher][BundleStartStopLogger:80] STOPPED es.capgemini.practicas.visualizacioncontenido.portlet_1.0.0 [1569]
2022-10-26 07:20:37.037 INFO  [Refresh Thread: Equinox Container: d94a0335-3c50-4f82-9de7-eff556bc4245][BundleStartStopLogger:77] STARTED es.capgemini.practicas.visualizacioncontenido.portlet_1.0.0 [1569]
2022-10-26 07:22:34.518 INFO  [fileinstall-directory-watcher][BundleStartStopLogger:80] STOPPED es.capgemini.practicas.visualizacioncontenido.portlet_1.0.0 [1569]
2022-10-26 07:22:34.954 INFO  [Refresh Thread: Equinox Container: d94a0335-3c50-4f82-9de7-eff556bc4245][BundleStartStopLogger:77] STARTED es.capgemini.practicas.visualizacioncontenido.portlet_1.0.0 [1569]
2022-10-26 07:24:47.461 INFO  [fileinstall-directory-watcher][BundleStartStopLogger:80] STOPPED es.capgemini.practicas.visualizacioncontenido.portlet_1.0.0 [1569]
2022-10-26 07:24:47.798 INFO  [Refresh Thread: Equinox Container: d94a0335-3c50-4f82-9de7-eff556bc4245][BundleStartStopLogger:77] STARTED es.capgemini.practicas.visualizacioncontenido.portlet_1.0.0 [1569]
2022-10-26 07:26:35.258 INFO  [fileinstall-directory-watcher][BundleStartStopLogger:80] STOPPED es.capgemini.practicas.visualizacioncontenido.portlet_1.0.0 [1569]
2022-10-26 07:26:35.812 INFO  [Refresh Thread: Equinox Container: d94a0335-3c50-4f82-9de7-eff556bc4245][BundleStartStopLogger:77] STARTED es.capgemini.practicas.visualizacioncontenido.portlet_1.0.0 [1569]
2022-10-26 07:29:18.900 INFO  [fileinstall-directory-watcher][BundleStartStopLogger:80] STOPPED es.capgemini.practicas.visualizacioncontenido.portlet_1.0.0 [1569]
2022-10-26 07:29:19.256 INFO  [Refresh Thread: Equinox Container: d94a0335-3c50-4f82-9de7-eff556bc4245][BundleStartStopLogger:77] STARTED es.capgemini.practicas.visualizacioncontenido.portlet_1.0.0 [1569]
2022-10-26 08:01:58.229 INFO  [fileinstall-directory-watcher][BundleStartStopLogger:80] STOPPED es.capgemini.practicas.visualizacioncontenido.portlet_1.0.0 [1569]
2022-10-26 08:01:58.825 INFO  [Refresh Thread: Equinox Container: d94a0335-3c50-4f82-9de7-eff556bc4245][BundleStartStopLogger:77] STARTED es.capgemini.practicas.visualizacioncontenido.portlet_1.0.0 [1569]
2022-10-26 08:12:06.913 INFO  [fileinstall-directory-watcher][BundleStartStopLogger:80] STOPPED es.capgemini.practicas.visualizacioncontenido.portlet_1.0.0 [1569]
2022-10-26 08:12:07.357 INFO  [Refresh Thread: Equinox Container: d94a0335-3c50-4f82-9de7-eff556bc4245][BundleStartStopLogger:77] STARTED es.capgemini.practicas.visualizacioncontenido.portlet_1.0.0 [1569]
2022-10-26 14:18:23.908 INFO  [fileinstall-directory-watcher][BundleStartStopLogger:80] STOPPED es.capgemini.practicas.visualizacioncontenido.portlet_1.0.0 [1569]
2022-10-26 14:18:24.123 INFO  [Refresh Thread: Equinox Container: d94a0335-3c50-4f82-9de7-eff556bc4245][BundleStartStopLogger:77] STARTED es.capgemini.practicas.visualizacioncontenido.portlet_1.0.0 [1569]
2022-10-26 14:56:32.905 INFO  [main][ThemeHotDeployListener:171] 1 theme for admin-theme was unregistered
2022-10-26 14:56:32.930 INFO  [main][ThemeHotDeployListener:171] 1 theme for classic-theme was unregistered
2022-10-26 14:56:32.952 INFO  [main][ThemeHotDeployListener:171] 1 theme for dialect-theme was unregistered
2022-10-26 14:56:32.970 INFO  [main][ThemeHotDeployListener:171] 1 theme for minium-theme was unregistered
2022-10-26 14:56:32.987 INFO  [main][ThemeHotDeployListener:171] 1 theme for speedwell-theme was unregistered
