2022-12-16 07:08:36.490 INFO  [main][PortalContextLoaderListener:123] JVM arguments: -XX:MaxMetaspaceSize=768m -XX:MetaspaceSize=768m -Dcatalina.base=C:/Entornos/Entornos-7.4-local/liferay-ce-portal-7.4.3.44-ga44/tomcat-9.0.56 -Dcatalina.home=C:/Entornos/Entornos-7.4-local/liferay-ce-portal-7.4.3.44-ga44/tomcat-9.0.56 -Djdk.tls.ephemeralDHKeySize=2048 -Djava.protocol.handler.pkgs=org.apache.catalina.webresources -Dorg.apache.catalina.security.SecurityListener.UMASK=0027 -Dcom.sun.management.jmxremote -Dcom.sun.management.jmxremote.authenticate=false -Dcom.sun.management.jmxremote.port=8099 -Dcom.sun.management.jmxremote.ssl=false -Dfile.encoding=UTF8 -Djava.endorsed.dirs=C:/Entornos/Entornos-7.4-local/liferay-ce-portal-7.4.3.44-ga44/tomcat-9.0.56/endorsed -Djava.io.tmpdir=C:/Entornos/Entornos-7.4-local/liferay-ce-portal-7.4.3.44-ga44/tomcat-9.0.56/temp -Djava.net.preferIPv4Stack=true -Djava.util.logging.config.file=C:/Entornos/Entornos-7.4-local/liferay-ce-portal-7.4.3.44-ga44/tomcat-9.0.56/conf/logging.properties -Djava.util.logging.manager=org.apache.juli.ClassLoaderLogManager -Dorg.apache.catalina.loader.WebappClassLoader.ENABLE_CLEAR_REFERENCES=false -Duser.timezone=GMT -Xmx2560m
2022-12-16 07:08:41.451 INFO  [main][DialectDetector:153] Using dialect com.liferay.portal.dao.orm.hibernate.MariaDBDialect for MariaDB 10.11
2022-12-16 07:08:45.548 INFO  [main][ModuleFrameworkImpl:1279] Starting initial bundles
2022-12-16 07:08:46.192 INFO  [ModuleFramework-Static-Bundles-3][InterpolationConfigurationPlugin:109] Configured directory for secrets: C:/Entornos/Entornos-7.4-local/liferay-ce-portal-7.4.3.44-ga44/osgi/configs
2022-12-16 07:08:48.814 INFO  [main][ModuleFrameworkImpl:1576] Started initial bundles
2022-12-16 07:08:48.830 INFO  [main][ModuleFrameworkImpl:1625] Starting dynamic bundles
2022-12-16 07:09:11.602 INFO  [main][ModuleFrameworkImpl:1647] Started dynamic bundles
2022-12-16 07:09:11.614 INFO  [main][ModuleFrameworkImpl:1654] Starting web bundles
2022-12-16 07:09:15.179 INFO  [main][ModuleFrameworkImpl:1708] Started web bundles
2022-12-16 07:09:15.180 INFO  [main][ModuleFrameworkImpl:278] Navigate to Control Panel > System > Gogo Shell and enter "lb" to see all bundles
2022-12-16 07:09:15.191 INFO  [main][LoggingTimer:83] Starting com.liferay.portal.verify.VerifyProperties#verifySystemProperties
2022-12-16 07:09:15.191 INFO  [main][LoggingTimer:44] Completed com.liferay.portal.verify.VerifyProperties#verifySystemProperties in 0 ms
2022-12-16 07:09:15.191 INFO  [main][LoggingTimer:83] Starting com.liferay.portal.verify.VerifyProperties#verifyPortalProperties
2022-12-16 07:09:15.215 INFO  [main][LoggingTimer:44] Completed com.liferay.portal.verify.VerifyProperties#verifyPortalProperties in 24 ms
2022-12-16 07:09:15.216 INFO  [main][LoggingTimer:83] Starting com.liferay.portal.verify.VerifyProperties#verifyDocumentLibrary
2022-12-16 07:09:15.217 INFO  [main][LoggingTimer:44] Completed com.liferay.portal.verify.VerifyProperties#verifyDocumentLibrary in 1 ms
2022-12-16 07:09:15.865 INFO  [main][LoggingTimer:83] Starting com.liferay.portal.events.StartupHelperUtil#initResourceActions
2022-12-16 07:09:15.964 INFO  [main][LoggingTimer:44] Completed com.liferay.portal.events.StartupHelperUtil#initResourceActions in 99 ms
2022-12-16 07:09:19.679 WARN  [main][SidecarManager:103] Liferay automatically starts a child process of Elasticsearch named sidecar for convenient development and demonstration purposes. Do NOT use sidecar in production. Refer to the documentation for details on the limitations of sidecar and instructions on configuring a remote Elasticsearch connection in the Control Panel.
2022-12-16 07:10:05.194 INFO  [main][Sidecar:119] Sidecar Elasticsearch liferay started at 127.0.0.1:9201
2022-12-16 07:10:13.032 INFO  [main][StartupHelperUtil:86] There are no patches installed
2022-12-16 07:10:13.038 INFO  [main][LoggingTimer:83] Starting com.liferay.portal.events.StartupHelperUtil#initResourceActions
2022-12-16 07:10:13.098 INFO  [main][LoggingTimer:44] Completed com.liferay.portal.events.StartupHelperUtil#initResourceActions in 59 ms
2022-12-16 07:10:14.078 INFO  [main][AutoDeployDir:176] Auto deploy scanner started for C:\Entornos\Entornos-7.4-local\liferay-ce-portal-7.4.3.44-ga44\deploy
2022-12-16 07:11:05.456 INFO  [com.liferay.portal.osgi.web.wab.extender.internal.WabFactory-BundleTrackerOpener][ThemeHotDeployListener:108] 1 theme for speedwell-theme is available for use
2022-12-16 07:11:05.677 INFO  [com.liferay.portal.osgi.web.wab.extender.internal.WabFactory-BundleTrackerOpener][ThemeHotDeployListener:108] 1 theme for minium-theme is available for use
2022-12-16 07:11:05.859 INFO  [com.liferay.portal.osgi.web.wab.extender.internal.WabFactory-BundleTrackerOpener][ThemeHotDeployListener:108] 1 theme for dialect-theme is available for use
2022-12-16 07:11:06.054 INFO  [com.liferay.portal.osgi.web.wab.extender.internal.WabFactory-BundleTrackerOpener][ThemeHotDeployListener:108] 1 theme for classic-theme is available for use
2022-12-16 07:11:06.241 INFO  [com.liferay.portal.osgi.web.wab.extender.internal.WabFactory-BundleTrackerOpener][ThemeHotDeployListener:108] 1 theme for admin-theme is available for use
2022-12-16 07:11:06.437 INFO  [com.liferay.portal.osgi.web.wab.extender.internal.WabFactory-BundleTrackerOpener][ThemeHotDeployListener:108] 1 theme for practica-theme is available for use
2022-12-16 07:11:06.649 INFO  [com.liferay.portal.osgi.web.wab.extender.internal.WabFactory-BundleTrackerOpener][ThemeHotDeployListener:108] 1 theme for wecanbs-theme is available for use
2022-12-16 07:16:31.538 INFO  [fileinstall-directory-watcher][BundleStartStopLogger:80] STOPPED es.capgemini.proyecto.consultapedidos.portlet_1.0.0 [1599]
2022-12-16 07:16:31.976 INFO  [Refresh Thread: Equinox Container: 6d0558c2-9042-41e2-8284-18afbaf1fb36][BundleStartStopLogger:77] STARTED es.capgemini.proyecto.consultapedidos.portlet_1.0.0 [1599]
2022-12-16 07:16:37.173 INFO  [fileinstall-directory-watcher][BundleStartStopLogger:80] STOPPED es.capgemini.proyecto.pedidoform.portlet_1.0.0 [1609]
2022-12-16 07:16:37.486 INFO  [Refresh Thread: Equinox Container: 6d0558c2-9042-41e2-8284-18afbaf1fb36][BundleStartStopLogger:77] STARTED es.capgemini.proyecto.pedidoform.portlet_1.0.0 [1609]
2022-12-16 07:31:05.506 INFO  [fileinstall-directory-watcher][BundleStartStopLogger:80] STOPPED es.capgemini.proyecto.pedidoform.portlet_1.0.0 [1609]
2022-12-16 07:31:05.813 INFO  [Refresh Thread: Equinox Container: 6d0558c2-9042-41e2-8284-18afbaf1fb36][BundleStartStopLogger:77] STARTED es.capgemini.proyecto.pedidoform.portlet_1.0.0 [1609]
2022-12-16 08:56:04.969 INFO  [fileinstall-directory-watcher][BundleStartStopLogger:80] STOPPED es.capgemini.proyecto.pedidoform.portlet_1.0.0 [1609]
2022-12-16 08:56:05.307 INFO  [Refresh Thread: Equinox Container: 6d0558c2-9042-41e2-8284-18afbaf1fb36][BundleStartStopLogger:77] STARTED es.capgemini.proyecto.pedidoform.portlet_1.0.0 [1609]
2022-12-16 08:57:16.951 INFO  [fileinstall-directory-watcher][BundleStartStopLogger:80] STOPPED es.capgemini.proyecto.pedidoform.portlet_1.0.0 [1609]
2022-12-16 08:57:17.280 INFO  [Refresh Thread: Equinox Container: 6d0558c2-9042-41e2-8284-18afbaf1fb36][BundleStartStopLogger:77] STARTED es.capgemini.proyecto.pedidoform.portlet_1.0.0 [1609]
2022-12-16 08:58:23.696 INFO  [fileinstall-directory-watcher][BundleStartStopLogger:80] STOPPED es.capgemini.proyecto.pedidoform.portlet_1.0.0 [1609]
2022-12-16 08:58:23.994 INFO  [Refresh Thread: Equinox Container: 6d0558c2-9042-41e2-8284-18afbaf1fb36][BundleStartStopLogger:77] STARTED es.capgemini.proyecto.pedidoform.portlet_1.0.0 [1609]
2022-12-16 09:14:08.565 INFO  [fileinstall-directory-watcher][BundleStartStopLogger:80] STOPPED es.capgemini.proyecto.pedidoform.portlet_1.0.0 [1609]
2022-12-16 09:14:08.870 INFO  [Refresh Thread: Equinox Container: 6d0558c2-9042-41e2-8284-18afbaf1fb36][BundleStartStopLogger:77] STARTED es.capgemini.proyecto.pedidoform.portlet_1.0.0 [1609]
2022-12-16 09:15:45.852 INFO  [fileinstall-directory-watcher][BundleStartStopLogger:80] STOPPED es.capgemini.proyecto.consultapedidos.portlet_1.0.0 [1599]
2022-12-16 09:15:46.142 INFO  [Refresh Thread: Equinox Container: 6d0558c2-9042-41e2-8284-18afbaf1fb36][BundleStartStopLogger:77] STARTED es.capgemini.proyecto.consultapedidos.portlet_1.0.0 [1599]
2022-12-16 09:16:57.778 INFO  [fileinstall-directory-watcher][BundleStartStopLogger:80] STOPPED es.capgemini.proyecto.consultapedidos.portlet_1.0.0 [1599]
2022-12-16 09:16:58.044 INFO  [Refresh Thread: Equinox Container: 6d0558c2-9042-41e2-8284-18afbaf1fb36][BundleStartStopLogger:77] STARTED es.capgemini.proyecto.consultapedidos.portlet_1.0.0 [1599]
2022-12-16 09:19:10.804 INFO  [fileinstall-directory-watcher][BundleStartStopLogger:80] STOPPED es.capgemini.proyecto.consultapedidos.portlet_1.0.0 [1599]
2022-12-16 09:19:11.125 INFO  [Refresh Thread: Equinox Container: 6d0558c2-9042-41e2-8284-18afbaf1fb36][BundleStartStopLogger:77] STARTED es.capgemini.proyecto.consultapedidos.portlet_1.0.0 [1599]
2022-12-16 10:11:06.908 INFO  [fileinstall-directory-watcher][BundleStartStopLogger:80] STOPPED es.capgemini.proyecto.consultapedidos.portlet_1.0.0 [1599]
2022-12-16 10:11:07.179 INFO  [Refresh Thread: Equinox Container: 6d0558c2-9042-41e2-8284-18afbaf1fb36][BundleStartStopLogger:77] STARTED es.capgemini.proyecto.consultapedidos.portlet_1.0.0 [1599]
2022-12-16 10:12:49.292 INFO  [fileinstall-directory-watcher][BundleStartStopLogger:80] STOPPED es.capgemini.proyecto.consultapedidos.portlet_1.0.0 [1599]
2022-12-16 10:12:49.578 INFO  [Refresh Thread: Equinox Container: 6d0558c2-9042-41e2-8284-18afbaf1fb36][BundleStartStopLogger:77] STARTED es.capgemini.proyecto.consultapedidos.portlet_1.0.0 [1599]
2022-12-16 10:18:15.997 INFO  [fileinstall-directory-watcher][BundleStartStopLogger:80] STOPPED es.capgemini.proyecto.consultapedidos.portlet_1.0.0 [1599]
2022-12-16 10:18:16.254 INFO  [Refresh Thread: Equinox Container: 6d0558c2-9042-41e2-8284-18afbaf1fb36][BundleStartStopLogger:77] STARTED es.capgemini.proyecto.consultapedidos.portlet_1.0.0 [1599]
2022-12-16 10:19:02.280 INFO  [fileinstall-directory-watcher][BundleStartStopLogger:80] STOPPED es.capgemini.proyecto.consultapedidos.portlet_1.0.0 [1599]
2022-12-16 10:19:02.569 INFO  [Refresh Thread: Equinox Container: 6d0558c2-9042-41e2-8284-18afbaf1fb36][BundleStartStopLogger:77] STARTED es.capgemini.proyecto.consultapedidos.portlet_1.0.0 [1599]
2022-12-16 10:20:44.706 INFO  [fileinstall-directory-watcher][BundleStartStopLogger:80] STOPPED es.capgemini.proyecto.consultapedidos.portlet_1.0.0 [1599]
2022-12-16 10:20:44.966 INFO  [Refresh Thread: Equinox Container: 6d0558c2-9042-41e2-8284-18afbaf1fb36][BundleStartStopLogger:77] STARTED es.capgemini.proyecto.consultapedidos.portlet_1.0.0 [1599]
2022-12-16 10:22:22.017 INFO  [fileinstall-directory-watcher][BundleStartStopLogger:80] STOPPED es.capgemini.proyecto.consultapedidos.portlet_1.0.0 [1599]
2022-12-16 10:22:22.272 INFO  [Refresh Thread: Equinox Container: 6d0558c2-9042-41e2-8284-18afbaf1fb36][BundleStartStopLogger:77] STARTED es.capgemini.proyecto.consultapedidos.portlet_1.0.0 [1599]
2022-12-16 10:29:05.448 INFO  [fileinstall-directory-watcher][BundleStartStopLogger:80] STOPPED es.capgemini.proyecto.consultapedidos.portlet_1.0.0 [1599]
2022-12-16 10:29:05.734 INFO  [Refresh Thread: Equinox Container: 6d0558c2-9042-41e2-8284-18afbaf1fb36][BundleStartStopLogger:77] STARTED es.capgemini.proyecto.consultapedidos.portlet_1.0.0 [1599]
2022-12-16 10:32:34.974 INFO  [fileinstall-directory-watcher][BundleStartStopLogger:80] STOPPED es.capgemini.proyecto.consultapedidos.portlet_1.0.0 [1599]
2022-12-16 10:32:35.286 INFO  [Refresh Thread: Equinox Container: 6d0558c2-9042-41e2-8284-18afbaf1fb36][BundleStartStopLogger:77] STARTED es.capgemini.proyecto.consultapedidos.portlet_1.0.0 [1599]
2022-12-16 10:35:03.332 INFO  [fileinstall-directory-watcher][BundleStartStopLogger:80] STOPPED es.capgemini.proyecto.consultapedidos.portlet_1.0.0 [1599]
2022-12-16 10:35:03.609 INFO  [Refresh Thread: Equinox Container: 6d0558c2-9042-41e2-8284-18afbaf1fb36][BundleStartStopLogger:77] STARTED es.capgemini.proyecto.consultapedidos.portlet_1.0.0 [1599]
2022-12-16 10:36:45.946 INFO  [fileinstall-directory-watcher][BundleStartStopLogger:80] STOPPED es.capgemini.proyecto.consultapedidos.portlet_1.0.0 [1599]
2022-12-16 10:36:46.247 INFO  [Refresh Thread: Equinox Container: 6d0558c2-9042-41e2-8284-18afbaf1fb36][BundleStartStopLogger:77] STARTED es.capgemini.proyecto.consultapedidos.portlet_1.0.0 [1599]
2022-12-16 10:41:06.693 INFO  [fileinstall-directory-watcher][BundleStartStopLogger:80] STOPPED es.capgemini.proyecto.consultapedidos.portlet_1.0.0 [1599]
2022-12-16 10:41:07.007 INFO  [Refresh Thread: Equinox Container: 6d0558c2-9042-41e2-8284-18afbaf1fb36][BundleStartStopLogger:77] STARTED es.capgemini.proyecto.consultapedidos.portlet_1.0.0 [1599]
2022-12-16 10:43:04.444 INFO  [fileinstall-directory-watcher][BundleStartStopLogger:80] STOPPED es.capgemini.proyecto.consultapedidos.portlet_1.0.0 [1599]
2022-12-16 10:43:04.742 INFO  [Refresh Thread: Equinox Container: 6d0558c2-9042-41e2-8284-18afbaf1fb36][BundleStartStopLogger:77] STARTED es.capgemini.proyecto.consultapedidos.portlet_1.0.0 [1599]
2022-12-16 10:44:31.520 INFO  [fileinstall-directory-watcher][BundleStartStopLogger:80] STOPPED es.capgemini.proyecto.consultapedidos.portlet_1.0.0 [1599]
2022-12-16 10:44:31.808 INFO  [Refresh Thread: Equinox Container: 6d0558c2-9042-41e2-8284-18afbaf1fb36][BundleStartStopLogger:77] STARTED es.capgemini.proyecto.consultapedidos.portlet_1.0.0 [1599]
2022-12-16 10:50:08.556 INFO  [fileinstall-directory-watcher][BundleStartStopLogger:80] STOPPED es.capgemini.proyecto.pedidoform.portlet_1.0.0 [1609]
2022-12-16 10:50:08.869 INFO  [Refresh Thread: Equinox Container: 6d0558c2-9042-41e2-8284-18afbaf1fb36][BundleStartStopLogger:77] STARTED es.capgemini.proyecto.pedidoform.portlet_1.0.0 [1609]
2022-12-16 10:57:27.816 INFO  [fileinstall-directory-watcher][BundleStartStopLogger:80] STOPPED es.capgemini.proyecto.pedidoform.portlet_1.0.0 [1609]
2022-12-16 10:57:28.076 INFO  [Refresh Thread: Equinox Container: 6d0558c2-9042-41e2-8284-18afbaf1fb36][BundleStartStopLogger:77] STARTED es.capgemini.proyecto.pedidoform.portlet_1.0.0 [1609]
2022-12-16 11:07:55.560 INFO  [fileinstall-directory-watcher][BundleStartStopLogger:80] STOPPED es.capgemini.proyecto.pedidoform.portlet_1.0.0 [1609]
2022-12-16 11:07:55.859 INFO  [Refresh Thread: Equinox Container: 6d0558c2-9042-41e2-8284-18afbaf1fb36][BundleStartStopLogger:77] STARTED es.capgemini.proyecto.pedidoform.portlet_1.0.0 [1609]
2022-12-16 11:15:34.813 INFO  [fileinstall-directory-watcher][BundleStartStopLogger:80] STOPPED es.capgemini.proyecto.pedidoform.portlet_1.0.0 [1609]
2022-12-16 11:15:35.095 INFO  [Refresh Thread: Equinox Container: 6d0558c2-9042-41e2-8284-18afbaf1fb36][BundleStartStopLogger:77] STARTED es.capgemini.proyecto.pedidoform.portlet_1.0.0 [1609]
2022-12-16 11:16:51.863 INFO  [fileinstall-directory-watcher][BundleStartStopLogger:80] STOPPED es.capgemini.proyecto.pedidoform.portlet_1.0.0 [1609]
2022-12-16 11:16:52.146 INFO  [Refresh Thread: Equinox Container: 6d0558c2-9042-41e2-8284-18afbaf1fb36][BundleStartStopLogger:77] STARTED es.capgemini.proyecto.pedidoform.portlet_1.0.0 [1609]
2022-12-16 11:17:33.093 INFO  [fileinstall-directory-watcher][BundleStartStopLogger:80] STOPPED es.capgemini.proyecto.pedidoform.portlet_1.0.0 [1609]
2022-12-16 11:17:33.391 INFO  [Refresh Thread: Equinox Container: 6d0558c2-9042-41e2-8284-18afbaf1fb36][BundleStartStopLogger:77] STARTED es.capgemini.proyecto.pedidoform.portlet_1.0.0 [1609]
2022-12-16 11:18:50.112 INFO  [fileinstall-directory-watcher][BundleStartStopLogger:80] STOPPED es.capgemini.proyecto.pedidoform.portlet_1.0.0 [1609]
2022-12-16 11:18:50.441 INFO  [Refresh Thread: Equinox Container: 6d0558c2-9042-41e2-8284-18afbaf1fb36][BundleStartStopLogger:77] STARTED es.capgemini.proyecto.pedidoform.portlet_1.0.0 [1609]
2022-12-16 11:20:22.474 INFO  [fileinstall-directory-watcher][BundleStartStopLogger:80] STOPPED es.capgemini.proyecto.pedidoform.portlet_1.0.0 [1609]
2022-12-16 11:20:22.741 INFO  [Refresh Thread: Equinox Container: 6d0558c2-9042-41e2-8284-18afbaf1fb36][BundleStartStopLogger:77] STARTED es.capgemini.proyecto.pedidoform.portlet_1.0.0 [1609]
2022-12-16 11:22:30.729 INFO  [fileinstall-directory-watcher][BundleStartStopLogger:80] STOPPED es.capgemini.proyecto.pedidoform.portlet_1.0.0 [1609]
2022-12-16 11:22:31.065 INFO  [Refresh Thread: Equinox Container: 6d0558c2-9042-41e2-8284-18afbaf1fb36][BundleStartStopLogger:77] STARTED es.capgemini.proyecto.pedidoform.portlet_1.0.0 [1609]
2022-12-16 11:24:54.407 INFO  [fileinstall-directory-watcher][BundleStartStopLogger:80] STOPPED es.capgemini.proyecto.pedidoform.portlet_1.0.0 [1609]
2022-12-16 11:24:54.699 INFO  [Refresh Thread: Equinox Container: 6d0558c2-9042-41e2-8284-18afbaf1fb36][BundleStartStopLogger:77] STARTED es.capgemini.proyecto.pedidoform.portlet_1.0.0 [1609]
