2022-12-15 07:49:59.648 INFO  [main][PortalContextLoaderListener:123] JVM arguments: -XX:MaxMetaspaceSize=768m -XX:MetaspaceSize=768m -Dcatalina.base=C:/Entornos/Entornos-7.4-local/liferay-ce-portal-7.4.3.44-ga44/tomcat-9.0.56 -Dcatalina.home=C:/Entornos/Entornos-7.4-local/liferay-ce-portal-7.4.3.44-ga44/tomcat-9.0.56 -Djdk.tls.ephemeralDHKeySize=2048 -Djava.protocol.handler.pkgs=org.apache.catalina.webresources -Dorg.apache.catalina.security.SecurityListener.UMASK=0027 -Dcom.sun.management.jmxremote -Dcom.sun.management.jmxremote.authenticate=false -Dcom.sun.management.jmxremote.port=8099 -Dcom.sun.management.jmxremote.ssl=false -Dfile.encoding=UTF8 -Djava.endorsed.dirs=C:/Entornos/Entornos-7.4-local/liferay-ce-portal-7.4.3.44-ga44/tomcat-9.0.56/endorsed -Djava.io.tmpdir=C:/Entornos/Entornos-7.4-local/liferay-ce-portal-7.4.3.44-ga44/tomcat-9.0.56/temp -Djava.net.preferIPv4Stack=true -Djava.util.logging.config.file=C:/Entornos/Entornos-7.4-local/liferay-ce-portal-7.4.3.44-ga44/tomcat-9.0.56/conf/logging.properties -Djava.util.logging.manager=org.apache.juli.ClassLoaderLogManager -Dorg.apache.catalina.loader.WebappClassLoader.ENABLE_CLEAR_REFERENCES=false -Duser.timezone=GMT -Xmx2560m
2022-12-15 07:50:07.437 INFO  [main][DialectDetector:153] Using dialect com.liferay.portal.dao.orm.hibernate.MariaDBDialect for MariaDB 10.11
2022-12-15 07:50:12.227 INFO  [main][ModuleFrameworkImpl:1279] Starting initial bundles
2022-12-15 07:50:13.017 INFO  [ModuleFramework-Static-Bundles-2][InterpolationConfigurationPlugin:109] Configured directory for secrets: C:/Entornos/Entornos-7.4-local/liferay-ce-portal-7.4.3.44-ga44/osgi/configs
2022-12-15 07:50:16.209 INFO  [main][ModuleFrameworkImpl:1576] Started initial bundles
2022-12-15 07:50:16.210 INFO  [main][ModuleFrameworkImpl:1625] Starting dynamic bundles
2022-12-15 07:50:45.520 INFO  [main][ModuleFrameworkImpl:1647] Started dynamic bundles
2022-12-15 07:50:45.521 INFO  [main][ModuleFrameworkImpl:1654] Starting web bundles
2022-12-15 07:50:49.851 INFO  [main][ModuleFrameworkImpl:1708] Started web bundles
2022-12-15 07:50:49.852 INFO  [main][ModuleFrameworkImpl:278] Navigate to Control Panel > System > Gogo Shell and enter "lb" to see all bundles
2022-12-15 07:50:49.873 INFO  [main][LoggingTimer:83] Starting com.liferay.portal.verify.VerifyProperties#verifySystemProperties
2022-12-15 07:50:49.874 INFO  [main][LoggingTimer:44] Completed com.liferay.portal.verify.VerifyProperties#verifySystemProperties in 2 ms
2022-12-15 07:50:49.876 INFO  [main][LoggingTimer:83] Starting com.liferay.portal.verify.VerifyProperties#verifyPortalProperties
2022-12-15 07:50:49.910 INFO  [main][LoggingTimer:44] Completed com.liferay.portal.verify.VerifyProperties#verifyPortalProperties in 34 ms
2022-12-15 07:50:49.911 INFO  [main][LoggingTimer:83] Starting com.liferay.portal.verify.VerifyProperties#verifyDocumentLibrary
2022-12-15 07:50:49.912 INFO  [main][LoggingTimer:44] Completed com.liferay.portal.verify.VerifyProperties#verifyDocumentLibrary in 0 ms
2022-12-15 07:50:50.708 INFO  [main][LoggingTimer:83] Starting com.liferay.portal.events.StartupHelperUtil#initResourceActions
2022-12-15 07:50:50.827 INFO  [main][LoggingTimer:44] Completed com.liferay.portal.events.StartupHelperUtil#initResourceActions in 119 ms
2022-12-15 07:50:56.109 WARN  [main][SidecarManager:103] Liferay automatically starts a child process of Elasticsearch named sidecar for convenient development and demonstration purposes. Do NOT use sidecar in production. Refer to the documentation for details on the limitations of sidecar and instructions on configuring a remote Elasticsearch connection in the Control Panel.
2022-12-15 07:52:09.497 INFO  [main][Sidecar:119] Sidecar Elasticsearch liferay started at 127.0.0.1:9201
2022-12-15 07:52:19.821 INFO  [main][StartupHelperUtil:86] There are no patches installed
2022-12-15 07:52:19.852 INFO  [main][LoggingTimer:83] Starting com.liferay.portal.events.StartupHelperUtil#initResourceActions
2022-12-15 07:52:19.914 INFO  [main][LoggingTimer:44] Completed com.liferay.portal.events.StartupHelperUtil#initResourceActions in 61 ms
2022-12-15 07:52:20.966 INFO  [main][AutoDeployDir:176] Auto deploy scanner started for C:\Entornos\Entornos-7.4-local\liferay-ce-portal-7.4.3.44-ga44\deploy
2022-12-15 07:52:34.935 INFO  [com.liferay.portal.osgi.web.wab.extender.internal.WabFactory-BundleTrackerOpener][ThemeHotDeployListener:108] 1 theme for speedwell-theme is available for use
2022-12-15 07:52:35.239 INFO  [com.liferay.portal.osgi.web.wab.extender.internal.WabFactory-BundleTrackerOpener][ThemeHotDeployListener:108] 1 theme for minium-theme is available for use
2022-12-15 07:52:35.484 INFO  [com.liferay.portal.osgi.web.wab.extender.internal.WabFactory-BundleTrackerOpener][ThemeHotDeployListener:108] 1 theme for dialect-theme is available for use
2022-12-15 07:52:35.732 INFO  [com.liferay.portal.osgi.web.wab.extender.internal.WabFactory-BundleTrackerOpener][ThemeHotDeployListener:108] 1 theme for classic-theme is available for use
2022-12-15 07:52:35.969 INFO  [com.liferay.portal.osgi.web.wab.extender.internal.WabFactory-BundleTrackerOpener][ThemeHotDeployListener:108] 1 theme for admin-theme is available for use
2022-12-15 07:52:36.203 INFO  [com.liferay.portal.osgi.web.wab.extender.internal.WabFactory-BundleTrackerOpener][ThemeHotDeployListener:108] 1 theme for practica-theme is available for use
2022-12-15 07:52:36.452 INFO  [com.liferay.portal.osgi.web.wab.extender.internal.WabFactory-BundleTrackerOpener][ThemeHotDeployListener:108] 1 theme for wecanbs-theme is available for use
2022-12-15 08:41:31.152 INFO  [fileinstall-directory-watcher][BundleStartStopLogger:80] STOPPED es.capgemini.proyecto.procesopedido.sb.api_1.0.0 [1606]
2022-12-15 08:41:31.443 INFO  [fileinstall-directory-watcher][BundleStartStopLogger:80] STOPPED es.capgemini.proyecto.procesopedido.sb.service_1.0.0 [1607]
2022-12-15 08:41:31.568 INFO  [Refresh Thread: Equinox Container: 03cacb62-c278-4bad-821c-1a38c75de3b8][BundleStartStopLogger:80] STOPPED es.capgemini.proyecto.pedidoform.portlet_1.0.0 [1609]
2022-12-15 08:41:31.568 INFO  [Refresh Thread: Equinox Container: 03cacb62-c278-4bad-821c-1a38c75de3b8][BundleStartStopLogger:80] STOPPED es.capgemini.proyecto.consultapedidos.portlet_1.0.0 [1599]
2022-12-15 08:41:31.710 ERROR [fileinstall-directory-watcher][DirectoryWatcher:1173] Unable to start bundle: file:/C:/Entornos/Entornos-7.4-local/liferay-ce-portal-7.4.3.44-ga44/osgi/modules/es.capgemini.proyecto.pedidoform.portlet.jar
com.liferay.portal.kernel.log.LogSanitizerException: org.osgi.framework.BundleException: Could not resolve module: es.capgemini.proyecto.pedidoform.portlet [1609]_  Unresolved requirement: Import-Package: es.capgemini.proyecto.procesopedido.sb.model; version="1.0.0"_ [Sanitized]
	at org.eclipse.osgi.container.Module.start(Module.java:444) ~[org.eclipse.osgi.jar:?]
	at org.eclipse.osgi.internal.framework.EquinoxBundle.start(EquinoxBundle.java:428) ~[org.eclipse.osgi.jar:?]
	at com.liferay.portal.file.install.internal.DirectoryWatcher._startBundle(DirectoryWatcher.java:1156) [bundleFile:?]
	at com.liferay.portal.file.install.internal.DirectoryWatcher._startBundles(DirectoryWatcher.java:1189) [bundleFile:?]
	at com.liferay.portal.file.install.internal.DirectoryWatcher._startAllBundles(DirectoryWatcher.java:1130) [bundleFile:?]
	at com.liferay.portal.file.install.internal.DirectoryWatcher._process(DirectoryWatcher.java:1041) [bundleFile:?]
	at com.liferay.portal.file.install.internal.DirectoryWatcher.run(DirectoryWatcher.java:221) [bundleFile:?]
2022-12-15 08:41:31.725 ERROR [fileinstall-directory-watcher][DirectoryWatcher:1173] Unable to start bundle: file:/C:/Entornos/Entornos-7.4-local/liferay-ce-portal-7.4.3.44-ga44/osgi/modules/es.capgemini.proyecto.consultapedidos.portlet.jar
com.liferay.portal.kernel.log.LogSanitizerException: org.osgi.framework.BundleException: Could not resolve module: es.capgemini.proyecto.consultapedidos.portlet [1599]_  Unresolved requirement: Import-Package: es.capgemini.proyecto.procesopedido.sb.model; version="1.0.0"_ [Sanitized]
	at org.eclipse.osgi.container.Module.start(Module.java:444) ~[org.eclipse.osgi.jar:?]
	at org.eclipse.osgi.internal.framework.EquinoxBundle.start(EquinoxBundle.java:428) ~[org.eclipse.osgi.jar:?]
	at com.liferay.portal.file.install.internal.DirectoryWatcher._startBundle(DirectoryWatcher.java:1156) [bundleFile:?]
	at com.liferay.portal.file.install.internal.DirectoryWatcher._startBundles(DirectoryWatcher.java:1189) [bundleFile:?]
	at com.liferay.portal.file.install.internal.DirectoryWatcher._startAllBundles(DirectoryWatcher.java:1130) [bundleFile:?]
	at com.liferay.portal.file.install.internal.DirectoryWatcher._process(DirectoryWatcher.java:1041) [bundleFile:?]
	at com.liferay.portal.file.install.internal.DirectoryWatcher.run(DirectoryWatcher.java:221) [bundleFile:?]
2022-12-15 08:43:19.248 INFO  [Refresh Thread: Equinox Container: 03cacb62-c278-4bad-821c-1a38c75de3b8][BundleStartStopLogger:77] STARTED es.capgemini.proyecto.consultapedidos.portlet_1.0.0 [1599]
2022-12-15 08:43:19.316 INFO  [Refresh Thread: Equinox Container: 03cacb62-c278-4bad-821c-1a38c75de3b8][BundleStartStopLogger:77] STARTED es.capgemini.proyecto.pedidoform.portlet_1.0.0 [1609]
2022-12-15 08:43:20.462 WARN  [fileinstall-directory-watcher][ServiceComponentLocalServiceImpl:550] Auto upgrading PROYECTO_Pedidos database to build number 3 is not supported for a production environment. Write an UpgradeStep to ensure data is upgraded correctly.
2022-12-15 08:43:20.594 INFO  [fileinstall-directory-watcher][BundleStartStopLogger:77] STARTED es.capgemini.proyecto.procesopedido.sb.service_1.0.0 [1611]
2022-12-15 08:43:20.594 INFO  [fileinstall-directory-watcher][BundleStartStopLogger:77] STARTED es.capgemini.proyecto.procesopedido.sb.api_1.0.0 [1610]
2022-12-15 09:30:54.199 INFO  [fileinstall-directory-watcher][BundleStartStopLogger:80] STOPPED es.capgemini.proyecto.procesopedido.sb.api_1.0.0 [1610]
2022-12-15 09:30:54.256 INFO  [fileinstall-directory-watcher][BundleStartStopLogger:80] STOPPED es.capgemini.proyecto.procesopedido.sb.service_1.0.0 [1611]
2022-12-15 09:30:54.318 INFO  [Refresh Thread: Equinox Container: 03cacb62-c278-4bad-821c-1a38c75de3b8][BundleStartStopLogger:80] STOPPED es.capgemini.proyecto.pedidoform.portlet_1.0.0 [1609]
2022-12-15 09:30:54.318 INFO  [Refresh Thread: Equinox Container: 03cacb62-c278-4bad-821c-1a38c75de3b8][BundleStartStopLogger:80] STOPPED es.capgemini.proyecto.consultapedidos.portlet_1.0.0 [1599]
2022-12-15 09:30:54.365 ERROR [fileinstall-directory-watcher][DirectoryWatcher:1173] Unable to start bundle: file:/C:/Entornos/Entornos-7.4-local/liferay-ce-portal-7.4.3.44-ga44/osgi/modules/es.capgemini.proyecto.pedidoform.portlet.jar
com.liferay.portal.kernel.log.LogSanitizerException: org.osgi.framework.BundleException: Could not resolve module: es.capgemini.proyecto.pedidoform.portlet [1609]_  Unresolved requirement: Import-Package: es.capgemini.proyecto.procesopedido.sb.model; version="1.0.0"_ [Sanitized]
	at org.eclipse.osgi.container.Module.start(Module.java:444) ~[org.eclipse.osgi.jar:?]
	at org.eclipse.osgi.internal.framework.EquinoxBundle.start(EquinoxBundle.java:428) ~[org.eclipse.osgi.jar:?]
	at com.liferay.portal.file.install.internal.DirectoryWatcher._startBundle(DirectoryWatcher.java:1156) [bundleFile:?]
	at com.liferay.portal.file.install.internal.DirectoryWatcher._startBundles(DirectoryWatcher.java:1189) [bundleFile:?]
	at com.liferay.portal.file.install.internal.DirectoryWatcher._startAllBundles(DirectoryWatcher.java:1130) [bundleFile:?]
	at com.liferay.portal.file.install.internal.DirectoryWatcher._process(DirectoryWatcher.java:1041) [bundleFile:?]
	at com.liferay.portal.file.install.internal.DirectoryWatcher.run(DirectoryWatcher.java:221) [bundleFile:?]
2022-12-15 09:30:54.381 ERROR [fileinstall-directory-watcher][DirectoryWatcher:1173] Unable to start bundle: file:/C:/Entornos/Entornos-7.4-local/liferay-ce-portal-7.4.3.44-ga44/osgi/modules/es.capgemini.proyecto.consultapedidos.portlet.jar
com.liferay.portal.kernel.log.LogSanitizerException: org.osgi.framework.BundleException: Could not resolve module: es.capgemini.proyecto.consultapedidos.portlet [1599]_  Unresolved requirement: Import-Package: es.capgemini.proyecto.procesopedido.sb.model; version="1.0.0"_ [Sanitized]
	at org.eclipse.osgi.container.Module.start(Module.java:444) ~[org.eclipse.osgi.jar:?]
	at org.eclipse.osgi.internal.framework.EquinoxBundle.start(EquinoxBundle.java:428) ~[org.eclipse.osgi.jar:?]
	at com.liferay.portal.file.install.internal.DirectoryWatcher._startBundle(DirectoryWatcher.java:1156) [bundleFile:?]
	at com.liferay.portal.file.install.internal.DirectoryWatcher._startBundles(DirectoryWatcher.java:1189) [bundleFile:?]
	at com.liferay.portal.file.install.internal.DirectoryWatcher._startAllBundles(DirectoryWatcher.java:1130) [bundleFile:?]
	at com.liferay.portal.file.install.internal.DirectoryWatcher._process(DirectoryWatcher.java:1041) [bundleFile:?]
	at com.liferay.portal.file.install.internal.DirectoryWatcher.run(DirectoryWatcher.java:221) [bundleFile:?]
2022-12-15 09:35:20.044 INFO  [Refresh Thread: Equinox Container: 03cacb62-c278-4bad-821c-1a38c75de3b8][BundleStartStopLogger:77] STARTED es.capgemini.proyecto.consultapedidos.portlet_1.0.0 [1599]
2022-12-15 09:35:20.127 INFO  [Refresh Thread: Equinox Container: 03cacb62-c278-4bad-821c-1a38c75de3b8][BundleStartStopLogger:77] STARTED es.capgemini.proyecto.pedidoform.portlet_1.0.0 [1609]
2022-12-15 09:35:20.129 INFO  [fileinstall-directory-watcher][BundleStartStopLogger:77] STARTED es.capgemini.proyecto.procesopedido.sb.api_1.0.0 [1612]
2022-12-15 09:35:20.465 WARN  [fileinstall-directory-watcher][ServiceComponentLocalServiceImpl:550] Auto upgrading PROYECTO_Pedidos database to build number 4 is not supported for a production environment. Write an UpgradeStep to ensure data is upgraded correctly.
2022-12-15 09:35:20.591 INFO  [fileinstall-directory-watcher][BundleStartStopLogger:77] STARTED es.capgemini.proyecto.procesopedido.sb.service_1.0.0 [1613]
2022-12-15 09:45:07.008 INFO  [fileinstall-directory-watcher][BundleStartStopLogger:80] STOPPED es.capgemini.proyecto.consultapedidos.portlet_1.0.0 [1599]
2022-12-15 09:45:07.728 INFO  [Refresh Thread: Equinox Container: 03cacb62-c278-4bad-821c-1a38c75de3b8][BundleStartStopLogger:77] STARTED es.capgemini.proyecto.consultapedidos.portlet_1.0.0 [1599]
2022-12-15 16:11:08.699 INFO  [main][ThemeHotDeployListener:171] 1 theme for wecanbs-theme was unregistered
2022-12-15 16:11:08.745 INFO  [main][ThemeHotDeployListener:171] 1 theme for practica-theme was unregistered
2022-12-15 16:11:08.764 INFO  [main][ThemeHotDeployListener:171] 1 theme for admin-theme was unregistered
2022-12-15 16:11:08.788 INFO  [main][ThemeHotDeployListener:171] 1 theme for classic-theme was unregistered
2022-12-15 16:11:08.811 INFO  [main][ThemeHotDeployListener:171] 1 theme for dialect-theme was unregistered
2022-12-15 16:11:08.833 INFO  [main][ThemeHotDeployListener:171] 1 theme for minium-theme was unregistered
2022-12-15 16:11:08.858 INFO  [main][ThemeHotDeployListener:171] 1 theme for speedwell-theme was unregistered
