2022-11-14 07:04:28.169 INFO  [main][PortalContextLoaderListener:123] JVM arguments: -XX:MaxMetaspaceSize=768m -XX:MetaspaceSize=768m -Dcatalina.base=C:/Entornos/Entornos-7.4-local/liferay-ce-portal-7.4.3.44-ga44/tomcat-9.0.56 -Dcatalina.home=C:/Entornos/Entornos-7.4-local/liferay-ce-portal-7.4.3.44-ga44/tomcat-9.0.56 -Djdk.tls.ephemeralDHKeySize=2048 -Djava.protocol.handler.pkgs=org.apache.catalina.webresources -Dorg.apache.catalina.security.SecurityListener.UMASK=0027 -Dcom.sun.management.jmxremote -Dcom.sun.management.jmxremote.authenticate=false -Dcom.sun.management.jmxremote.port=8099 -Dcom.sun.management.jmxremote.ssl=false -Dfile.encoding=UTF8 -Djava.endorsed.dirs=C:/Entornos/Entornos-7.4-local/liferay-ce-portal-7.4.3.44-ga44/tomcat-9.0.56/endorsed -Djava.io.tmpdir=C:/Entornos/Entornos-7.4-local/liferay-ce-portal-7.4.3.44-ga44/tomcat-9.0.56/temp -Djava.net.preferIPv4Stack=true -Djava.util.logging.config.file=C:/Entornos/Entornos-7.4-local/liferay-ce-portal-7.4.3.44-ga44/tomcat-9.0.56/conf/logging.properties -Djava.util.logging.manager=org.apache.juli.ClassLoaderLogManager -Dorg.apache.catalina.loader.WebappClassLoader.ENABLE_CLEAR_REFERENCES=false -Duser.timezone=GMT -Xmx2560m
2022-11-14 07:04:35.673 INFO  [main][DialectDetector:153] Using dialect com.liferay.portal.dao.orm.hibernate.MariaDBDialect for MariaDB 10.11
2022-11-14 07:04:40.021 INFO  [main][ModuleFrameworkImpl:1279] Starting initial bundles
2022-11-14 07:04:40.619 INFO  [ModuleFramework-Static-Bundles-6][InterpolationConfigurationPlugin:109] Configured directory for secrets: C:/Entornos/Entornos-7.4-local/liferay-ce-portal-7.4.3.44-ga44/osgi/configs
2022-11-14 07:04:43.714 INFO  [main][ModuleFrameworkImpl:1576] Started initial bundles
2022-11-14 07:04:43.714 INFO  [main][ModuleFrameworkImpl:1625] Starting dynamic bundles
2022-11-14 07:05:07.348 INFO  [main][ModuleFrameworkImpl:1647] Started dynamic bundles
2022-11-14 07:05:07.349 INFO  [main][ModuleFrameworkImpl:1654] Starting web bundles
2022-11-14 07:05:10.739 INFO  [main][ModuleFrameworkImpl:1708] Started web bundles
2022-11-14 07:05:10.739 INFO  [main][ModuleFrameworkImpl:278] Navigate to Control Panel > System > Gogo Shell and enter "lb" to see all bundles
2022-11-14 07:05:10.757 INFO  [main][LoggingTimer:83] Starting com.liferay.portal.verify.VerifyProperties#verifySystemProperties
2022-11-14 07:05:10.757 INFO  [main][LoggingTimer:44] Completed com.liferay.portal.verify.VerifyProperties#verifySystemProperties in 0 ms
2022-11-14 07:05:10.763 INFO  [main][LoggingTimer:83] Starting com.liferay.portal.verify.VerifyProperties#verifyPortalProperties
2022-11-14 07:05:10.778 INFO  [main][LoggingTimer:44] Completed com.liferay.portal.verify.VerifyProperties#verifyPortalProperties in 15 ms
2022-11-14 07:05:10.779 INFO  [main][LoggingTimer:83] Starting com.liferay.portal.verify.VerifyProperties#verifyDocumentLibrary
2022-11-14 07:05:10.780 INFO  [main][LoggingTimer:44] Completed com.liferay.portal.verify.VerifyProperties#verifyDocumentLibrary in 1 ms
2022-11-14 07:05:11.391 INFO  [main][LoggingTimer:83] Starting com.liferay.portal.events.StartupHelperUtil#initResourceActions
2022-11-14 07:05:11.481 INFO  [main][LoggingTimer:44] Completed com.liferay.portal.events.StartupHelperUtil#initResourceActions in 91 ms
2022-11-14 07:05:15.180 WARN  [main][SidecarManager:103] Liferay automatically starts a child process of Elasticsearch named sidecar for convenient development and demonstration purposes. Do NOT use sidecar in production. Refer to the documentation for details on the limitations of sidecar and instructions on configuring a remote Elasticsearch connection in the Control Panel.
2022-11-14 07:05:56.806 INFO  [main][Sidecar:119] Sidecar Elasticsearch liferay started at 127.0.0.1:9201
2022-11-14 07:06:03.661 INFO  [main][StartupHelperUtil:86] There are no patches installed
2022-11-14 07:06:03.682 INFO  [main][LoggingTimer:83] Starting com.liferay.portal.events.StartupHelperUtil#initResourceActions
2022-11-14 07:06:03.727 INFO  [main][LoggingTimer:44] Completed com.liferay.portal.events.StartupHelperUtil#initResourceActions in 45 ms
2022-11-14 07:06:04.469 INFO  [main][AutoDeployDir:176] Auto deploy scanner started for C:\Entornos\Entornos-7.4-local\liferay-ce-portal-7.4.3.44-ga44\deploy
2022-11-14 07:06:47.180 INFO  [com.liferay.portal.osgi.web.wab.extender.internal.WabFactory-BundleTrackerOpener][ThemeHotDeployListener:108] 1 theme for speedwell-theme is available for use
2022-11-14 07:06:47.349 INFO  [com.liferay.portal.osgi.web.wab.extender.internal.WabFactory-BundleTrackerOpener][ThemeHotDeployListener:108] 1 theme for minium-theme is available for use
2022-11-14 07:06:47.495 INFO  [com.liferay.portal.osgi.web.wab.extender.internal.WabFactory-BundleTrackerOpener][ThemeHotDeployListener:108] 1 theme for dialect-theme is available for use
2022-11-14 07:06:47.647 INFO  [com.liferay.portal.osgi.web.wab.extender.internal.WabFactory-BundleTrackerOpener][ThemeHotDeployListener:108] 1 theme for classic-theme is available for use
2022-11-14 07:06:47.860 INFO  [com.liferay.portal.osgi.web.wab.extender.internal.WabFactory-BundleTrackerOpener][ThemeHotDeployListener:108] 1 theme for admin-theme is available for use
2022-11-14 07:23:14.002 INFO  [fileinstall-directory-watcher][BundleStartStopLogger:80] STOPPED es.capgemini.practicas.listadotiendas.portlet_1.0.0 [1584]
2022-11-14 07:23:14.634 INFO  [Refresh Thread: Equinox Container: 307cb84e-c816-49d6-b9d3-3b123819866f][BundleStartStopLogger:77] STARTED es.capgemini.practicas.listadotiendas.portlet_1.0.0 [1584]
2022-11-14 07:46:23.195 INFO  [fileinstall-directory-watcher][BundleStartStopLogger:80] STOPPED es.capgemini.practicas.listadotiendas.portlet_1.0.0 [1584]
2022-11-14 07:46:23.565 INFO  [Refresh Thread: Equinox Container: 307cb84e-c816-49d6-b9d3-3b123819866f][BundleStartStopLogger:77] STARTED es.capgemini.practicas.listadotiendas.portlet_1.0.0 [1584]
2022-11-14 08:35:08.806 INFO  [fileinstall-directory-watcher][BundleStartStopLogger:80] STOPPED es.capgemini.practicas.listadotiendas.portlet_1.0.0 [1584]
2022-11-14 08:35:08.971 INFO  [Refresh Thread: Equinox Container: 307cb84e-c816-49d6-b9d3-3b123819866f][BundleStartStopLogger:77] STARTED es.capgemini.practicas.listadotiendas.portlet_1.0.0 [1584]
2022-11-14 08:37:45.772 INFO  [fileinstall-directory-watcher][BundleStartStopLogger:80] STOPPED es.capgemini.practicas.listadotiendas.portlet_1.0.0 [1584]
2022-11-14 08:37:45.934 INFO  [Refresh Thread: Equinox Container: 307cb84e-c816-49d6-b9d3-3b123819866f][BundleStartStopLogger:77] STARTED es.capgemini.practicas.listadotiendas.portlet_1.0.0 [1584]
2022-11-14 08:39:11.945 INFO  [fileinstall-directory-watcher][BundleStartStopLogger:80] STOPPED es.capgemini.practicas.listadotiendas.portlet_1.0.0 [1584]
2022-11-14 08:39:12.102 INFO  [Refresh Thread: Equinox Container: 307cb84e-c816-49d6-b9d3-3b123819866f][BundleStartStopLogger:77] STARTED es.capgemini.practicas.listadotiendas.portlet_1.0.0 [1584]
2022-11-14 08:47:26.792 INFO  [fileinstall-directory-watcher][BundleStartStopLogger:80] STOPPED es.capgemini.practicas.listadotiendas.portlet_1.0.0 [1584]
2022-11-14 08:47:26.948 INFO  [Refresh Thread: Equinox Container: 307cb84e-c816-49d6-b9d3-3b123819866f][BundleStartStopLogger:77] STARTED es.capgemini.practicas.listadotiendas.portlet_1.0.0 [1584]
2022-11-14 08:52:04.588 INFO  [fileinstall-directory-watcher][BundleStartStopLogger:80] STOPPED es.capgemini.practicas.listadotiendas.portlet_1.0.0 [1584]
2022-11-14 08:52:04.738 INFO  [Refresh Thread: Equinox Container: 307cb84e-c816-49d6-b9d3-3b123819866f][BundleStartStopLogger:77] STARTED es.capgemini.practicas.listadotiendas.portlet_1.0.0 [1584]
2022-11-14 08:54:26.062 INFO  [fileinstall-directory-watcher][BundleStartStopLogger:80] STOPPED es.capgemini.practicas.listadotiendas.portlet_1.0.0 [1584]
2022-11-14 08:54:26.226 INFO  [Refresh Thread: Equinox Container: 307cb84e-c816-49d6-b9d3-3b123819866f][BundleStartStopLogger:77] STARTED es.capgemini.practicas.listadotiendas.portlet_1.0.0 [1584]
2022-11-14 09:18:34.161 INFO  [fileinstall-directory-watcher][BundleStartStopLogger:80] STOPPED es.capgemini.practicas.listadotiendas.portlet_1.0.0 [1584]
2022-11-14 09:18:34.316 INFO  [Refresh Thread: Equinox Container: 307cb84e-c816-49d6-b9d3-3b123819866f][BundleStartStopLogger:77] STARTED es.capgemini.practicas.listadotiendas.portlet_1.0.0 [1584]
2022-11-14 09:20:25.333 INFO  [fileinstall-directory-watcher][BundleStartStopLogger:80] STOPPED es.capgemini.practicas.listadotiendas.portlet_1.0.0 [1584]
2022-11-14 09:20:25.480 INFO  [Refresh Thread: Equinox Container: 307cb84e-c816-49d6-b9d3-3b123819866f][BundleStartStopLogger:77] STARTED es.capgemini.practicas.listadotiendas.portlet_1.0.0 [1584]
2022-11-14 09:25:03.019 INFO  [fileinstall-directory-watcher][BundleStartStopLogger:80] STOPPED es.capgemini.practicas.listadotiendas.portlet_1.0.0 [1584]
2022-11-14 09:25:03.170 INFO  [Refresh Thread: Equinox Container: 307cb84e-c816-49d6-b9d3-3b123819866f][BundleStartStopLogger:77] STARTED es.capgemini.practicas.listadotiendas.portlet_1.0.0 [1584]
2022-11-14 09:25:33.505 INFO  [fileinstall-directory-watcher][BundleStartStopLogger:80] STOPPED es.capgemini.practicas.listadotiendas.portlet_1.0.0 [1584]
2022-11-14 09:25:33.681 INFO  [Refresh Thread: Equinox Container: 307cb84e-c816-49d6-b9d3-3b123819866f][BundleStartStopLogger:77] STARTED es.capgemini.practicas.listadotiendas.portlet_1.0.0 [1584]
2022-11-14 09:30:01.311 INFO  [fileinstall-directory-watcher][BundleStartStopLogger:80] STOPPED es.capgemini.practicas.listadotiendas.portlet_1.0.0 [1584]
2022-11-14 09:30:01.456 INFO  [Refresh Thread: Equinox Container: 307cb84e-c816-49d6-b9d3-3b123819866f][BundleStartStopLogger:77] STARTED es.capgemini.practicas.listadotiendas.portlet_1.0.0 [1584]
2022-11-14 09:32:17.878 INFO  [fileinstall-directory-watcher][BundleStartStopLogger:80] STOPPED es.capgemini.practicas.listadotiendas.portlet_1.0.0 [1584]
2022-11-14 09:32:18.023 INFO  [Refresh Thread: Equinox Container: 307cb84e-c816-49d6-b9d3-3b123819866f][BundleStartStopLogger:77] STARTED es.capgemini.practicas.listadotiendas.portlet_1.0.0 [1584]
2022-11-14 09:33:03.500 INFO  [fileinstall-directory-watcher][BundleStartStopLogger:80] STOPPED es.capgemini.practicas.listadotiendas.portlet_1.0.0 [1584]
2022-11-14 09:33:03.646 INFO  [Refresh Thread: Equinox Container: 307cb84e-c816-49d6-b9d3-3b123819866f][BundleStartStopLogger:77] STARTED es.capgemini.practicas.listadotiendas.portlet_1.0.0 [1584]
2022-11-14 09:42:53.930 INFO  [fileinstall-directory-watcher][BundleStartStopLogger:80] STOPPED es.capgemini.practicas.listadotiendas.portlet_1.0.0 [1584]
2022-11-14 09:42:54.079 INFO  [Refresh Thread: Equinox Container: 307cb84e-c816-49d6-b9d3-3b123819866f][BundleStartStopLogger:77] STARTED es.capgemini.practicas.listadotiendas.portlet_1.0.0 [1584]
2022-11-14 09:46:10.981 INFO  [fileinstall-directory-watcher][BundleStartStopLogger:80] STOPPED es.capgemini.practicas.listadotiendas.portlet_1.0.0 [1584]
2022-11-14 09:46:11.127 INFO  [Refresh Thread: Equinox Container: 307cb84e-c816-49d6-b9d3-3b123819866f][BundleStartStopLogger:77] STARTED es.capgemini.practicas.listadotiendas.portlet_1.0.0 [1584]
2022-11-14 09:46:46.503 INFO  [fileinstall-directory-watcher][BundleStartStopLogger:80] STOPPED es.capgemini.practicas.listadotiendas.portlet_1.0.0 [1584]
2022-11-14 09:46:46.653 INFO  [Refresh Thread: Equinox Container: 307cb84e-c816-49d6-b9d3-3b123819866f][BundleStartStopLogger:77] STARTED es.capgemini.practicas.listadotiendas.portlet_1.0.0 [1584]
2022-11-14 09:47:47.237 INFO  [fileinstall-directory-watcher][BundleStartStopLogger:80] STOPPED es.capgemini.practicas.listadotiendas.portlet_1.0.0 [1584]
2022-11-14 09:47:47.380 INFO  [Refresh Thread: Equinox Container: 307cb84e-c816-49d6-b9d3-3b123819866f][BundleStartStopLogger:77] STARTED es.capgemini.practicas.listadotiendas.portlet_1.0.0 [1584]
2022-11-14 09:48:27.798 INFO  [fileinstall-directory-watcher][BundleStartStopLogger:80] STOPPED es.capgemini.practicas.listadotiendas.portlet_1.0.0 [1584]
2022-11-14 09:48:27.948 INFO  [Refresh Thread: Equinox Container: 307cb84e-c816-49d6-b9d3-3b123819866f][BundleStartStopLogger:77] STARTED es.capgemini.practicas.listadotiendas.portlet_1.0.0 [1584]
2022-11-14 09:49:18.429 INFO  [fileinstall-directory-watcher][BundleStartStopLogger:80] STOPPED es.capgemini.practicas.listadotiendas.portlet_1.0.0 [1584]
2022-11-14 09:49:18.571 INFO  [Refresh Thread: Equinox Container: 307cb84e-c816-49d6-b9d3-3b123819866f][BundleStartStopLogger:77] STARTED es.capgemini.practicas.listadotiendas.portlet_1.0.0 [1584]
2022-11-14 10:20:56.503 INFO  [fileinstall-directory-watcher][BundleStartStopLogger:80] STOPPED es.capgemini.practicas.listadotiendas.portlet_1.0.0 [1584]
2022-11-14 10:20:56.657 INFO  [Refresh Thread: Equinox Container: 307cb84e-c816-49d6-b9d3-3b123819866f][BundleStartStopLogger:77] STARTED es.capgemini.practicas.listadotiendas.portlet_1.0.0 [1584]
2022-11-14 10:34:19.167 INFO  [fileinstall-directory-watcher][BundleStartStopLogger:80] STOPPED es.capgemini.practicas.listadotiendas.portlet_1.0.0 [1584]
2022-11-14 10:34:19.321 INFO  [Refresh Thread: Equinox Container: 307cb84e-c816-49d6-b9d3-3b123819866f][BundleStartStopLogger:77] STARTED es.capgemini.practicas.listadotiendas.portlet_1.0.0 [1584]
2022-11-14 10:43:24.448 INFO  [fileinstall-directory-watcher][BundleStartStopLogger:80] STOPPED es.capgemini.practicas.listadotiendas.portlet_1.0.0 [1584]
2022-11-14 10:43:24.600 INFO  [Refresh Thread: Equinox Container: 307cb84e-c816-49d6-b9d3-3b123819866f][BundleStartStopLogger:77] STARTED es.capgemini.practicas.listadotiendas.portlet_1.0.0 [1584]
2022-11-14 10:43:49.874 INFO  [fileinstall-directory-watcher][BundleStartStopLogger:80] STOPPED es.capgemini.practicas.listadotiendas.portlet_1.0.0 [1584]
2022-11-14 10:43:50.021 INFO  [Refresh Thread: Equinox Container: 307cb84e-c816-49d6-b9d3-3b123819866f][BundleStartStopLogger:77] STARTED es.capgemini.practicas.listadotiendas.portlet_1.0.0 [1584]
2022-11-14 10:46:01.266 INFO  [fileinstall-directory-watcher][BundleStartStopLogger:80] STOPPED es.capgemini.practicas.listadotiendas.portlet_1.0.0 [1584]
2022-11-14 10:46:01.407 INFO  [Refresh Thread: Equinox Container: 307cb84e-c816-49d6-b9d3-3b123819866f][BundleStartStopLogger:77] STARTED es.capgemini.practicas.listadotiendas.portlet_1.0.0 [1584]
2022-11-14 10:50:44.002 INFO  [fileinstall-directory-watcher][BundleStartStopLogger:80] STOPPED es.capgemini.practicas.listadotiendas.portlet_1.0.0 [1584]
2022-11-14 10:50:44.143 INFO  [Refresh Thread: Equinox Container: 307cb84e-c816-49d6-b9d3-3b123819866f][BundleStartStopLogger:77] STARTED es.capgemini.practicas.listadotiendas.portlet_1.0.0 [1584]
2022-11-14 10:59:14.263 INFO  [fileinstall-directory-watcher][BundleStartStopLogger:80] STOPPED es.capgemini.practicas.listadotiendas.portlet_1.0.0 [1584]
2022-11-14 10:59:14.408 INFO  [Refresh Thread: Equinox Container: 307cb84e-c816-49d6-b9d3-3b123819866f][BundleStartStopLogger:77] STARTED es.capgemini.practicas.listadotiendas.portlet_1.0.0 [1584]
2022-11-14 11:15:43.781 INFO  [fileinstall-directory-watcher][BundleStartStopLogger:80] STOPPED es.capgemini.practicas.listadotiendas.portlet_1.0.0 [1584]
2022-11-14 11:15:43.932 INFO  [Refresh Thread: Equinox Container: 307cb84e-c816-49d6-b9d3-3b123819866f][BundleStartStopLogger:77] STARTED es.capgemini.practicas.listadotiendas.portlet_1.0.0 [1584]
2022-11-14 11:19:15.943 INFO  [fileinstall-directory-watcher][BundleStartStopLogger:80] STOPPED es.capgemini.practicas.listadotiendas.portlet_1.0.0 [1584]
2022-11-14 11:19:16.086 INFO  [Refresh Thread: Equinox Container: 307cb84e-c816-49d6-b9d3-3b123819866f][BundleStartStopLogger:77] STARTED es.capgemini.practicas.listadotiendas.portlet_1.0.0 [1584]
2022-11-14 14:54:07.293 INFO  [fileinstall-directory-watcher][BundleStartStopLogger:80] STOPPED es.capgemini.practicas.listadotiendas.portlet_1.0.0 [1584]
2022-11-14 14:54:07.462 INFO  [Refresh Thread: Equinox Container: 307cb84e-c816-49d6-b9d3-3b123819866f][BundleStartStopLogger:77] STARTED es.capgemini.practicas.listadotiendas.portlet_1.0.0 [1584]
2022-11-14 15:16:41.968 INFO  [fileinstall-directory-watcher][BundleStartStopLogger:80] STOPPED es.capgemini.practicas.listadotiendas.portlet_1.0.0 [1584]
2022-11-14 15:16:42.124 INFO  [Refresh Thread: Equinox Container: 307cb84e-c816-49d6-b9d3-3b123819866f][BundleStartStopLogger:77] STARTED es.capgemini.practicas.listadotiendas.portlet_1.0.0 [1584]
2022-11-14 15:19:13.750 INFO  [fileinstall-directory-watcher][BundleStartStopLogger:80] STOPPED es.capgemini.practicas.listadotiendas.portlet_1.0.0 [1584]
2022-11-14 15:19:13.899 INFO  [Refresh Thread: Equinox Container: 307cb84e-c816-49d6-b9d3-3b123819866f][BundleStartStopLogger:77] STARTED es.capgemini.practicas.listadotiendas.portlet_1.0.0 [1584]
2022-11-14 15:40:22.827 INFO  [fileinstall-directory-watcher][BundleStartStopLogger:80] STOPPED es.capgemini.practicas.listadotiendas.portlet_1.0.0 [1584]
2022-11-14 15:40:23.014 INFO  [Refresh Thread: Equinox Container: 307cb84e-c816-49d6-b9d3-3b123819866f][BundleStartStopLogger:77] STARTED es.capgemini.practicas.listadotiendas.portlet_1.0.0 [1584]
2022-11-14 15:44:20.394 INFO  [fileinstall-directory-watcher][BundleStartStopLogger:80] STOPPED es.capgemini.practicas.listadotiendas.portlet_1.0.0 [1584]
2022-11-14 15:44:20.541 INFO  [Refresh Thread: Equinox Container: 307cb84e-c816-49d6-b9d3-3b123819866f][BundleStartStopLogger:77] STARTED es.capgemini.practicas.listadotiendas.portlet_1.0.0 [1584]
2022-11-14 15:44:35.733 INFO  [fileinstall-directory-watcher][BundleStartStopLogger:80] STOPPED es.capgemini.practicas.listadotiendas.portlet_1.0.0 [1584]
2022-11-14 15:44:35.875 INFO  [Refresh Thread: Equinox Container: 307cb84e-c816-49d6-b9d3-3b123819866f][BundleStartStopLogger:77] STARTED es.capgemini.practicas.listadotiendas.portlet_1.0.0 [1584]
2022-11-14 15:46:32.072 INFO  [fileinstall-directory-watcher][BundleStartStopLogger:80] STOPPED es.capgemini.practicas.listadotiendas.portlet_1.0.0 [1584]
2022-11-14 15:46:32.215 INFO  [Refresh Thread: Equinox Container: 307cb84e-c816-49d6-b9d3-3b123819866f][BundleStartStopLogger:77] STARTED es.capgemini.practicas.listadotiendas.portlet_1.0.0 [1584]
2022-11-14 15:47:17.753 INFO  [fileinstall-directory-watcher][BundleStartStopLogger:80] STOPPED es.capgemini.practicas.listadotiendas.portlet_1.0.0 [1584]
2022-11-14 15:47:17.895 INFO  [Refresh Thread: Equinox Container: 307cb84e-c816-49d6-b9d3-3b123819866f][BundleStartStopLogger:77] STARTED es.capgemini.practicas.listadotiendas.portlet_1.0.0 [1584]
2022-11-14 15:48:18.539 INFO  [fileinstall-directory-watcher][BundleStartStopLogger:80] STOPPED es.capgemini.practicas.listadotiendas.portlet_1.0.0 [1584]
2022-11-14 15:48:18.681 INFO  [Refresh Thread: Equinox Container: 307cb84e-c816-49d6-b9d3-3b123819866f][BundleStartStopLogger:77] STARTED es.capgemini.practicas.listadotiendas.portlet_1.0.0 [1584]
2022-11-14 15:48:59.085 INFO  [fileinstall-directory-watcher][BundleStartStopLogger:80] STOPPED es.capgemini.practicas.listadotiendas.portlet_1.0.0 [1584]
2022-11-14 15:48:59.227 INFO  [Refresh Thread: Equinox Container: 307cb84e-c816-49d6-b9d3-3b123819866f][BundleStartStopLogger:77] STARTED es.capgemini.practicas.listadotiendas.portlet_1.0.0 [1584]
2022-11-14 15:50:15.049 INFO  [fileinstall-directory-watcher][BundleStartStopLogger:80] STOPPED es.capgemini.practicas.listadotiendas.portlet_1.0.0 [1584]
2022-11-14 15:50:15.190 INFO  [Refresh Thread: Equinox Container: 307cb84e-c816-49d6-b9d3-3b123819866f][BundleStartStopLogger:77] STARTED es.capgemini.practicas.listadotiendas.portlet_1.0.0 [1584]
2022-11-14 15:51:10.769 INFO  [fileinstall-directory-watcher][BundleStartStopLogger:80] STOPPED es.capgemini.practicas.listadotiendas.portlet_1.0.0 [1584]
2022-11-14 15:51:10.912 INFO  [Refresh Thread: Equinox Container: 307cb84e-c816-49d6-b9d3-3b123819866f][BundleStartStopLogger:77] STARTED es.capgemini.practicas.listadotiendas.portlet_1.0.0 [1584]
2022-11-14 15:52:01.398 INFO  [fileinstall-directory-watcher][BundleStartStopLogger:80] STOPPED es.capgemini.practicas.listadotiendas.portlet_1.0.0 [1584]
2022-11-14 15:52:01.542 INFO  [Refresh Thread: Equinox Container: 307cb84e-c816-49d6-b9d3-3b123819866f][BundleStartStopLogger:77] STARTED es.capgemini.practicas.listadotiendas.portlet_1.0.0 [1584]
2022-11-14 15:52:31.822 INFO  [fileinstall-directory-watcher][BundleStartStopLogger:80] STOPPED es.capgemini.practicas.listadotiendas.portlet_1.0.0 [1584]
2022-11-14 15:52:31.963 INFO  [Refresh Thread: Equinox Container: 307cb84e-c816-49d6-b9d3-3b123819866f][BundleStartStopLogger:77] STARTED es.capgemini.practicas.listadotiendas.portlet_1.0.0 [1584]
2022-11-14 15:58:30.223 INFO  [fileinstall-directory-watcher][BundleStartStopLogger:80] STOPPED es.capgemini.practicas.listadotiendas.portlet_1.0.0 [1584]
2022-11-14 15:58:30.368 INFO  [Refresh Thread: Equinox Container: 307cb84e-c816-49d6-b9d3-3b123819866f][BundleStartStopLogger:77] STARTED es.capgemini.practicas.listadotiendas.portlet_1.0.0 [1584]
2022-11-14 16:01:11.945 INFO  [fileinstall-directory-watcher][BundleStartStopLogger:80] STOPPED es.capgemini.practicas.listadotiendas.portlet_1.0.0 [1584]
2022-11-14 16:01:12.089 INFO  [Refresh Thread: Equinox Container: 307cb84e-c816-49d6-b9d3-3b123819866f][BundleStartStopLogger:77] STARTED es.capgemini.practicas.listadotiendas.portlet_1.0.0 [1584]
2022-11-14 16:02:07.666 INFO  [fileinstall-directory-watcher][BundleStartStopLogger:80] STOPPED es.capgemini.practicas.listadotiendas.portlet_1.0.0 [1584]
2022-11-14 16:02:07.825 INFO  [Refresh Thread: Equinox Container: 307cb84e-c816-49d6-b9d3-3b123819866f][BundleStartStopLogger:77] STARTED es.capgemini.practicas.listadotiendas.portlet_1.0.0 [1584]
2022-11-14 16:28:06.296 INFO  [main][ThemeHotDeployListener:171] 1 theme for admin-theme was unregistered
2022-11-14 16:28:06.328 INFO  [main][ThemeHotDeployListener:171] 1 theme for classic-theme was unregistered
2022-11-14 16:28:06.343 INFO  [main][ThemeHotDeployListener:171] 1 theme for dialect-theme was unregistered
2022-11-14 16:28:06.359 INFO  [main][ThemeHotDeployListener:171] 1 theme for minium-theme was unregistered
2022-11-14 16:28:06.359 INFO  [main][ThemeHotDeployListener:171] 1 theme for speedwell-theme was unregistered
