2022-10-21 06:14:02.596 INFO  [main][PortalContextLoaderListener:123] JVM arguments: -XX:MaxMetaspaceSize=768m -XX:MetaspaceSize=768m -Dcatalina.base=C:/Entornos/Entornos-7.4-local/liferay-ce-portal-7.4.3.44-ga44/tomcat-9.0.56 -Dcatalina.home=C:/Entornos/Entornos-7.4-local/liferay-ce-portal-7.4.3.44-ga44/tomcat-9.0.56 -Djdk.tls.ephemeralDHKeySize=2048 -Djava.protocol.handler.pkgs=org.apache.catalina.webresources -Dorg.apache.catalina.security.SecurityListener.UMASK=0027 -Dcom.sun.management.jmxremote -Dcom.sun.management.jmxremote.authenticate=false -Dcom.sun.management.jmxremote.port=8099 -Dcom.sun.management.jmxremote.ssl=false -Dfile.encoding=UTF8 -Djava.endorsed.dirs=C:/Entornos/Entornos-7.4-local/liferay-ce-portal-7.4.3.44-ga44/tomcat-9.0.56/endorsed -Djava.io.tmpdir=C:/Entornos/Entornos-7.4-local/liferay-ce-portal-7.4.3.44-ga44/tomcat-9.0.56/temp -Djava.net.preferIPv4Stack=true -Djava.util.logging.config.file=C:/Entornos/Entornos-7.4-local/liferay-ce-portal-7.4.3.44-ga44/tomcat-9.0.56/conf/logging.properties -Djava.util.logging.manager=org.apache.juli.ClassLoaderLogManager -Dorg.apache.catalina.loader.WebappClassLoader.ENABLE_CLEAR_REFERENCES=false -Duser.timezone=GMT -Xmx2560m
2022-10-21 06:14:07.780 INFO  [main][DialectDetector:153] Using dialect com.liferay.portal.dao.orm.hibernate.MariaDBDialect for MariaDB 10.11
2022-10-21 06:14:11.075 INFO  [main][ModuleFrameworkImpl:1279] Starting initial bundles
2022-10-21 06:14:11.522 INFO  [ModuleFramework-Static-Bundles-3][InterpolationConfigurationPlugin:109] Configured directory for secrets: C:/Entornos/Entornos-7.4-local/liferay-ce-portal-7.4.3.44-ga44/osgi/configs
2022-10-21 06:14:14.335 INFO  [main][ModuleFrameworkImpl:1576] Started initial bundles
2022-10-21 06:14:14.336 INFO  [main][ModuleFrameworkImpl:1625] Starting dynamic bundles
2022-10-21 06:14:34.546 INFO  [main][ModuleFrameworkImpl:1647] Started dynamic bundles
2022-10-21 06:14:34.546 INFO  [main][ModuleFrameworkImpl:1654] Starting web bundles
2022-10-21 06:14:37.475 INFO  [main][ModuleFrameworkImpl:1708] Started web bundles
2022-10-21 06:14:37.477 INFO  [main][ModuleFrameworkImpl:278] Navigate to Control Panel > System > Gogo Shell and enter "lb" to see all bundles
2022-10-21 06:14:37.489 INFO  [main][LoggingTimer:83] Starting com.liferay.portal.verify.VerifyProperties#verifySystemProperties
2022-10-21 06:14:37.489 INFO  [main][LoggingTimer:44] Completed com.liferay.portal.verify.VerifyProperties#verifySystemProperties in 0 ms
2022-10-21 06:14:37.491 INFO  [main][LoggingTimer:83] Starting com.liferay.portal.verify.VerifyProperties#verifyPortalProperties
2022-10-21 06:14:37.505 INFO  [main][LoggingTimer:44] Completed com.liferay.portal.verify.VerifyProperties#verifyPortalProperties in 14 ms
2022-10-21 06:14:37.505 INFO  [main][LoggingTimer:83] Starting com.liferay.portal.verify.VerifyProperties#verifyDocumentLibrary
2022-10-21 06:14:37.506 INFO  [main][LoggingTimer:44] Completed com.liferay.portal.verify.VerifyProperties#verifyDocumentLibrary in 1 ms
2022-10-21 06:14:38.069 INFO  [main][LoggingTimer:83] Starting com.liferay.portal.events.StartupHelperUtil#initResourceActions
2022-10-21 06:14:38.160 INFO  [main][LoggingTimer:44] Completed com.liferay.portal.events.StartupHelperUtil#initResourceActions in 91 ms
2022-10-21 06:14:41.458 WARN  [main][SidecarManager:103] Liferay automatically starts a child process of Elasticsearch named sidecar for convenient development and demonstration purposes. Do NOT use sidecar in production. Refer to the documentation for details on the limitations of sidecar and instructions on configuring a remote Elasticsearch connection in the Control Panel.
2022-10-21 06:15:22.846 INFO  [main][Sidecar:119] Sidecar Elasticsearch liferay started at 127.0.0.1:9201
2022-10-21 06:15:29.876 INFO  [main][StartupHelperUtil:86] There are no patches installed
2022-10-21 06:15:29.900 INFO  [main][LoggingTimer:83] Starting com.liferay.portal.events.StartupHelperUtil#initResourceActions
2022-10-21 06:15:29.955 INFO  [main][LoggingTimer:44] Completed com.liferay.portal.events.StartupHelperUtil#initResourceActions in 56 ms
2022-10-21 06:15:30.851 INFO  [main][AutoDeployDir:176] Auto deploy scanner started for C:\Entornos\Entornos-7.4-local\liferay-ce-portal-7.4.3.44-ga44\deploy
2022-10-21 06:15:59.583 INFO  [com.liferay.portal.osgi.web.wab.extender.internal.WabFactory-BundleTrackerOpener][ThemeHotDeployListener:108] 1 theme for speedwell-theme is available for use
2022-10-21 06:15:59.767 INFO  [com.liferay.portal.osgi.web.wab.extender.internal.WabFactory-BundleTrackerOpener][ThemeHotDeployListener:108] 1 theme for dialect-theme is available for use
2022-10-21 06:15:59.974 INFO  [com.liferay.portal.osgi.web.wab.extender.internal.WabFactory-BundleTrackerOpener][ThemeHotDeployListener:108] 1 theme for classic-theme is available for use
2022-10-21 06:16:00.153 INFO  [com.liferay.portal.osgi.web.wab.extender.internal.WabFactory-BundleTrackerOpener][ThemeHotDeployListener:108] 1 theme for admin-theme is available for use
2022-10-21 06:16:00.321 INFO  [com.liferay.portal.osgi.web.wab.extender.internal.WabFactory-BundleTrackerOpener][ThemeHotDeployListener:108] 1 theme for minium-theme is available for use
2022-10-21 06:16:06.063 INFO  [main][SystemCheckOSGiCommands:61] System check is enabled. You can run a system check with the command "system:check" in Gogo shell.
2022-10-21 06:16:06.070 INFO  [main][SystemCheckOSGiCommands:73] Running system check
2022-10-21 06:16:06.072 INFO  [main][SystemCheckOSGiCommands:95] Available checkers :[Declarative Service Soft Circular Dependency Checker, Declarative Service Unsatisfied Component Checker, Spring Extender Unavailable Component Checker]
2022-10-21 06:16:06.074 INFO  [main][SystemCheckOSGiCommands:111] Running "Declarative Service Soft Circular Dependency Checker". You can run this by itself with command "ds:softCircularDependency" in gogo shell.
2022-10-21 06:16:08.351 INFO  [main][SystemCheckOSGiCommands:123] Declarative Service Soft Circular Dependency Checker check result: No issues were found.
2022-10-21 06:16:08.352 INFO  [main][SystemCheckOSGiCommands:111] Running "Declarative Service Unsatisfied Component Checker". You can run this by itself with command "ds:unsatisfied" in gogo shell.
2022-10-21 06:16:29.091 INFO  [main][SystemCheckOSGiCommands:123] Declarative Service Unsatisfied Component Checker check result: No issues were found.
2022-10-21 06:16:29.092 INFO  [main][SystemCheckOSGiCommands:111] Running "Spring Extender Unavailable Component Checker". You can run this by itself with command "dm na" in gogo shell.
2022-10-21 06:16:29.095 INFO  [main][SystemCheckOSGiCommands:123] Spring Extender Unavailable Component Checker check result: No issues were found.
2022-10-21 10:15:46.989 WARN  [http-nio-8080-exec-7][SecurityPortletContainerWrapper:470] User 0 is not allowed to serve resource for http://localhost:8080/home on com_liferay_product_navigation_applications_menu_web_internal_portlet_ProductNavigationApplicationsMenuPortlet: User 0 must have ACCESS permission for Simulation com_liferay_product_navigation_applications_menu_web_internal_portlet_ProductNavigationApplicationsMenuPortlet 
2022-10-21 10:17:04.998 WARN  [http-nio-8080-exec-8][SecurityPortletContainerWrapper:470] User 0 is not allowed to serve resource for http://localhost:8080/home on com_liferay_product_navigation_personal_menu_web_internal_portlet_PersonalMenuPortlet: User 0 must have ACCESS permission for Personal Menu com_liferay_product_navigation_personal_menu_web_internal_portlet_PersonalMenuPortlet 
2022-10-21 12:02:29.899 WARN  [http-nio-8080-exec-3][extend_session_jsp:584] Unable to extend the HTTP session.
2022-10-21 13:02:21.932 INFO  [main][ThemeHotDeployListener:171] 1 theme for minium-theme was unregistered
2022-10-21 13:02:21.958 INFO  [main][ThemeHotDeployListener:171] 1 theme for admin-theme was unregistered
2022-10-21 13:02:21.970 INFO  [main][ThemeHotDeployListener:171] 1 theme for classic-theme was unregistered
2022-10-21 13:02:21.979 INFO  [main][ThemeHotDeployListener:171] 1 theme for dialect-theme was unregistered
2022-10-21 13:02:21.989 INFO  [main][ThemeHotDeployListener:171] 1 theme for speedwell-theme was unregistered
