2022-10-14 05:50:21.556 INFO  [main][PortalContextLoaderListener:123] JVM arguments: -Djava.util.logging.config.file=C:\Entornos\Entornos-7.4-local\liferay-ce-portal-7.4.3.44-ga44\tomcat-9.0.56\conf\logging.properties -Djava.util.logging.manager=org.apache.juli.ClassLoaderLogManager -Djdk.tls.ephemeralDHKeySize=2048 -Djava.protocol.handler.pkgs=org.apache.catalina.webresources -Dfile.encoding=UTF-8 -Djava.locale.providers=JRE,COMPAT,CLDR -Djava.net.preferIPv4Stack=true -Duser.timezone=GMT -Xms2560m -Xmx2560m -XX:MaxNewSize=1536m -XX:MaxMetaspaceSize=768m -XX:MetaspaceSize=768m -XX:NewSize=1536m -XX:SurvivorRatio=7 -Dignore.endorsed.dirs= -Dcatalina.base=C:\Entornos\Entornos-7.4-local\liferay-ce-portal-7.4.3.44-ga44\tomcat-9.0.56 -Dcatalina.home=C:\Entornos\Entornos-7.4-local\liferay-ce-portal-7.4.3.44-ga44\tomcat-9.0.56 -Djava.io.tmpdir=C:\Entornos\Entornos-7.4-local\liferay-ce-portal-7.4.3.44-ga44\tomcat-9.0.56\temp
2022-10-14 05:50:25.424 INFO  [main][DialectDetector:153] Using dialect com.liferay.portal.dao.orm.hibernate.MariaDBDialect for MariaDB 10.11
2022-10-14 05:50:28.638 INFO  [main][ModuleFrameworkImpl:1279] Starting initial bundles
2022-10-14 05:50:30.160 INFO  [ModuleFramework-Static-Bundles-1][InterpolationConfigurationPlugin:109] Configured directory for secrets: C:/Entornos/Entornos-7.4-local/liferay-ce-portal-7.4.3.44-ga44/osgi/configs
2022-10-14 05:50:33.136 INFO  [main][ModuleFrameworkImpl:1576] Started initial bundles
2022-10-14 05:50:33.136 INFO  [main][ModuleFrameworkImpl:1625] Starting dynamic bundles
2022-10-14 05:50:57.133 INFO  [main][ModuleFrameworkImpl:1647] Started dynamic bundles
2022-10-14 05:50:57.135 INFO  [main][ModuleFrameworkImpl:1654] Starting web bundles
2022-10-14 05:51:01.505 INFO  [main][ModuleFrameworkImpl:1708] Started web bundles
2022-10-14 05:51:01.507 INFO  [main][ModuleFrameworkImpl:278] Navigate to Control Panel > System > Gogo Shell and enter "lb" to see all bundles
2022-10-14 05:51:01.518 INFO  [main][LoggingTimer:83] Starting com.liferay.portal.verify.VerifyProperties#verifySystemProperties
2022-10-14 05:51:01.518 INFO  [main][LoggingTimer:44] Completed com.liferay.portal.verify.VerifyProperties#verifySystemProperties in 0 ms
2022-10-14 05:51:01.528 INFO  [main][LoggingTimer:83] Starting com.liferay.portal.verify.VerifyProperties#verifyPortalProperties
2022-10-14 05:51:01.552 INFO  [main][LoggingTimer:44] Completed com.liferay.portal.verify.VerifyProperties#verifyPortalProperties in 34 ms
2022-10-14 05:51:01.552 INFO  [main][LoggingTimer:83] Starting com.liferay.portal.verify.VerifyProperties#verifyDocumentLibrary
2022-10-14 05:51:01.558 INFO  [main][LoggingTimer:44] Completed com.liferay.portal.verify.VerifyProperties#verifyDocumentLibrary in 5 ms
2022-10-14 05:51:02.474 INFO  [main][LoggingTimer:83] Starting com.liferay.portal.events.StartupHelperUtil#initResourceActions
2022-10-14 05:51:02.738 INFO  [main][LoggingTimer:44] Completed com.liferay.portal.events.StartupHelperUtil#initResourceActions in 263 ms
2022-10-14 05:51:07.080 WARN  [main][SidecarManager:103] Liferay automatically starts a child process of Elasticsearch named sidecar for convenient development and demonstration purposes. Do NOT use sidecar in production. Refer to the documentation for details on the limitations of sidecar and instructions on configuring a remote Elasticsearch connection in the Control Panel.
2022-10-14 05:51:57.742 INFO  [main][Sidecar:119] Sidecar Elasticsearch liferay started at 127.0.0.1:9201
2022-10-14 05:52:04.119 INFO  [main][StartupHelperUtil:86] There are no patches installed
2022-10-14 05:52:04.141 INFO  [main][LoggingTimer:83] Starting com.liferay.portal.events.StartupHelperUtil#initResourceActions
2022-10-14 05:52:04.186 INFO  [main][LoggingTimer:44] Completed com.liferay.portal.events.StartupHelperUtil#initResourceActions in 45 ms
2022-10-14 05:52:04.820 INFO  [main][AutoDeployDir:176] Auto deploy scanner started for C:\Entornos\Entornos-7.4-local\liferay-ce-portal-7.4.3.44-ga44\deploy
2022-10-14 05:52:14.603 INFO  [com.liferay.portal.osgi.web.wab.extender.internal.WabFactory-BundleTrackerOpener][ThemeHotDeployListener:108] 1 theme for speedwell-theme is available for use
2022-10-14 05:52:14.829 INFO  [com.liferay.portal.osgi.web.wab.extender.internal.WabFactory-BundleTrackerOpener][ThemeHotDeployListener:108] 1 theme for dialect-theme is available for use
2022-10-14 05:52:15.032 INFO  [com.liferay.portal.osgi.web.wab.extender.internal.WabFactory-BundleTrackerOpener][ThemeHotDeployListener:108] 1 theme for classic-theme is available for use
2022-10-14 05:52:17.319 INFO  [com.liferay.portal.osgi.web.wab.extender.internal.WabFactory-BundleTrackerOpener][ThemeHotDeployListener:108] 1 theme for admin-theme is available for use
2022-10-14 05:52:17.499 INFO  [com.liferay.portal.osgi.web.wab.extender.internal.WabFactory-BundleTrackerOpener][ThemeHotDeployListener:108] 1 theme for minium-theme is available for use
2022-10-14 05:52:43.125 INFO  [main][SystemCheckOSGiCommands:61] System check is enabled. You can run a system check with the command "system:check" in Gogo shell.
2022-10-14 05:52:43.129 INFO  [main][SystemCheckOSGiCommands:73] Running system check
2022-10-14 05:52:43.131 INFO  [main][SystemCheckOSGiCommands:95] Available checkers :[Declarative Service Soft Circular Dependency Checker, Declarative Service Unsatisfied Component Checker, Spring Extender Unavailable Component Checker]
2022-10-14 05:52:43.133 INFO  [main][SystemCheckOSGiCommands:111] Running "Declarative Service Soft Circular Dependency Checker". You can run this by itself with command "ds:softCircularDependency" in gogo shell.
2022-10-14 05:52:44.916 INFO  [main][SystemCheckOSGiCommands:123] Declarative Service Soft Circular Dependency Checker check result: No issues were found.
2022-10-14 05:52:44.917 INFO  [main][SystemCheckOSGiCommands:111] Running "Declarative Service Unsatisfied Component Checker". You can run this by itself with command "ds:unsatisfied" in gogo shell.
2022-10-14 05:53:15.182 INFO  [main][SystemCheckOSGiCommands:123] Declarative Service Unsatisfied Component Checker check result: No issues were found.
2022-10-14 05:53:15.184 INFO  [main][SystemCheckOSGiCommands:111] Running "Spring Extender Unavailable Component Checker". You can run this by itself with command "dm na" in gogo shell.
2022-10-14 05:53:15.189 INFO  [main][SystemCheckOSGiCommands:123] Spring Extender Unavailable Component Checker check result: No issues were found.
2022-10-14 09:13:13.932 ERROR [http-nio-8080-exec-6][BatchingBatch:139] HHH000315: Exception executing batch [org.hibernate.StaleStateException: Batch update returned unexpected row count from update [0]; actual row count: 0; expected: 1; statement executed: update LayoutPageTemplateStructure set mvccVersion=?, modifiedDate=? where layoutPageTemplateStructureId=? and mvccVersion=?], SQL: update LayoutPageTemplateStructure set mvccVersion=?, modifiedDate=? where layoutPageTemplateStructureId=? and mvccVersion=?
2022-10-14 10:35:54.397 WARN  [http-nio-8080-exec-5][SecurityPortletContainerWrapper:404] User 42104 is not allowed to access URL http://localhost:8080/c42cd14e-693c-b71c-6c6d-42f09f182765 and portlet com_liferay_layout_content_page_editor_web_internal_portlet_ContentPageEditorPortlet: User 42104 did not provide a valid CSRF token for com.liferay.portlet.SecurityPortletContainerWrapper
2022-10-14 10:36:27.011 WARN  [http-nio-8080-exec-3][SecurityPortletContainerWrapper:404] User 42104 is not allowed to access URL http://localhost:8080/c42cd14e-693c-b71c-6c6d-42f09f182765 and portlet com_liferay_layout_content_page_editor_web_internal_portlet_ContentPageEditorPortlet: User 42104 did not provide a valid CSRF token for com.liferay.portlet.SecurityPortletContainerWrapper
2022-10-14 10:37:12.751 WARN  [http-nio-8080-exec-7][SecurityPortletContainerWrapper:404] User 42104 is not allowed to access URL http://localhost:8080/c42cd14e-693c-b71c-6c6d-42f09f182765 and portlet com_liferay_layout_content_page_editor_web_internal_portlet_ContentPageEditorPortlet: User 42104 did not provide a valid CSRF token for com.liferay.portlet.SecurityPortletContainerWrapper
2022-10-14 10:38:18.913 WARN  [http-nio-8080-exec-10][SecurityPortletContainerWrapper:404] User 42104 is not allowed to access URL http://localhost:8080/c42cd14e-693c-b71c-6c6d-42f09f182765 and portlet com_liferay_layout_content_page_editor_web_internal_portlet_ContentPageEditorPortlet: User 42104 did not provide a valid CSRF token for com.liferay.portlet.SecurityPortletContainerWrapper
2022-10-14 10:38:25.911 WARN  [http-nio-8080-exec-3][SecurityPortletContainerWrapper:404] User 42104 is not allowed to access URL http://localhost:8080/c42cd14e-693c-b71c-6c6d-42f09f182765 and portlet com_liferay_layout_content_page_editor_web_internal_portlet_ContentPageEditorPortlet: User 42104 did not provide a valid CSRF token for com.liferay.portlet.SecurityPortletContainerWrapper
2022-10-14 14:10:22.817 INFO  [main][ThemeHotDeployListener:171] 1 theme for minium-theme was unregistered
2022-10-14 14:10:22.829 INFO  [main][ThemeHotDeployListener:171] 1 theme for admin-theme was unregistered
2022-10-14 14:10:22.839 INFO  [main][ThemeHotDeployListener:171] 1 theme for classic-theme was unregistered
2022-10-14 14:10:22.849 INFO  [main][ThemeHotDeployListener:171] 1 theme for dialect-theme was unregistered
2022-10-14 14:10:22.859 INFO  [main][ThemeHotDeployListener:171] 1 theme for speedwell-theme was unregistered
