2022-12-12 07:47:56.948 INFO  [main][PortalContextLoaderListener:123] JVM arguments: -XX:MaxMetaspaceSize=768m -XX:MetaspaceSize=768m -Dcatalina.base=C:/Entornos/Entornos-7.4-local/liferay-ce-portal-7.4.3.44-ga44/tomcat-9.0.56 -Dcatalina.home=C:/Entornos/Entornos-7.4-local/liferay-ce-portal-7.4.3.44-ga44/tomcat-9.0.56 -Djdk.tls.ephemeralDHKeySize=2048 -Djava.protocol.handler.pkgs=org.apache.catalina.webresources -Dorg.apache.catalina.security.SecurityListener.UMASK=0027 -Dcom.sun.management.jmxremote -Dcom.sun.management.jmxremote.authenticate=false -Dcom.sun.management.jmxremote.port=8099 -Dcom.sun.management.jmxremote.ssl=false -Dfile.encoding=UTF8 -Djava.endorsed.dirs=C:/Entornos/Entornos-7.4-local/liferay-ce-portal-7.4.3.44-ga44/tomcat-9.0.56/endorsed -Djava.io.tmpdir=C:/Entornos/Entornos-7.4-local/liferay-ce-portal-7.4.3.44-ga44/tomcat-9.0.56/temp -Djava.net.preferIPv4Stack=true -Djava.util.logging.config.file=C:/Entornos/Entornos-7.4-local/liferay-ce-portal-7.4.3.44-ga44/tomcat-9.0.56/conf/logging.properties -Djava.util.logging.manager=org.apache.juli.ClassLoaderLogManager -Dorg.apache.catalina.loader.WebappClassLoader.ENABLE_CLEAR_REFERENCES=false -Duser.timezone=GMT -Xmx2560m
2022-12-12 07:48:00.947 INFO  [main][DialectDetector:153] Using dialect com.liferay.portal.dao.orm.hibernate.MariaDBDialect for MariaDB 10.11
2022-12-12 07:48:05.359 INFO  [main][ModuleFrameworkImpl:1279] Starting initial bundles
2022-12-12 07:48:06.168 INFO  [ModuleFramework-Static-Bundles-7][InterpolationConfigurationPlugin:109] Configured directory for secrets: C:/Entornos/Entornos-7.4-local/liferay-ce-portal-7.4.3.44-ga44/osgi/configs
2022-12-12 07:48:09.610 INFO  [main][ModuleFrameworkImpl:1576] Started initial bundles
2022-12-12 07:48:09.611 INFO  [main][ModuleFrameworkImpl:1625] Starting dynamic bundles
2022-12-12 07:48:32.278 INFO  [main][ModuleFrameworkImpl:1647] Started dynamic bundles
2022-12-12 07:48:32.279 INFO  [main][ModuleFrameworkImpl:1654] Starting web bundles
2022-12-12 07:48:38.988 INFO  [main][ModuleFrameworkImpl:1708] Started web bundles
2022-12-12 07:48:38.989 INFO  [main][ModuleFrameworkImpl:278] Navigate to Control Panel > System > Gogo Shell and enter "lb" to see all bundles
2022-12-12 07:48:39.005 INFO  [main][LoggingTimer:83] Starting com.liferay.portal.verify.VerifyProperties#verifySystemProperties
2022-12-12 07:48:39.006 INFO  [main][LoggingTimer:44] Completed com.liferay.portal.verify.VerifyProperties#verifySystemProperties in 1 ms
2022-12-12 07:48:39.007 INFO  [main][LoggingTimer:83] Starting com.liferay.portal.verify.VerifyProperties#verifyPortalProperties
2022-12-12 07:48:39.022 INFO  [main][LoggingTimer:44] Completed com.liferay.portal.verify.VerifyProperties#verifyPortalProperties in 16 ms
2022-12-12 07:48:39.023 INFO  [main][LoggingTimer:83] Starting com.liferay.portal.verify.VerifyProperties#verifyDocumentLibrary
2022-12-12 07:48:39.024 INFO  [main][LoggingTimer:44] Completed com.liferay.portal.verify.VerifyProperties#verifyDocumentLibrary in 1 ms
2022-12-12 07:48:39.614 INFO  [main][LoggingTimer:83] Starting com.liferay.portal.events.StartupHelperUtil#initResourceActions
2022-12-12 07:48:39.709 INFO  [main][LoggingTimer:44] Completed com.liferay.portal.events.StartupHelperUtil#initResourceActions in 94 ms
2022-12-12 07:48:44.112 WARN  [main][SidecarManager:103] Liferay automatically starts a child process of Elasticsearch named sidecar for convenient development and demonstration purposes. Do NOT use sidecar in production. Refer to the documentation for details on the limitations of sidecar and instructions on configuring a remote Elasticsearch connection in the Control Panel.
2022-12-12 07:49:36.671 INFO  [main][Sidecar:119] Sidecar Elasticsearch liferay started at 127.0.0.1:9201
2022-12-12 07:49:43.760 INFO  [main][StartupHelperUtil:86] There are no patches installed
2022-12-12 07:49:43.782 INFO  [main][LoggingTimer:83] Starting com.liferay.portal.events.StartupHelperUtil#initResourceActions
2022-12-12 07:49:43.831 INFO  [main][LoggingTimer:44] Completed com.liferay.portal.events.StartupHelperUtil#initResourceActions in 49 ms
2022-12-12 07:49:44.580 INFO  [main][AutoDeployDir:176] Auto deploy scanner started for C:\Entornos\Entornos-7.4-local\liferay-ce-portal-7.4.3.44-ga44\deploy
2022-12-12 07:49:55.905 INFO  [com.liferay.portal.osgi.web.wab.extender.internal.WabFactory-BundleTrackerOpener][ThemeHotDeployListener:108] 1 theme for speedwell-theme is available for use
2022-12-12 07:49:56.113 INFO  [com.liferay.portal.osgi.web.wab.extender.internal.WabFactory-BundleTrackerOpener][ThemeHotDeployListener:108] 1 theme for minium-theme is available for use
2022-12-12 07:49:56.297 INFO  [com.liferay.portal.osgi.web.wab.extender.internal.WabFactory-BundleTrackerOpener][ThemeHotDeployListener:108] 1 theme for dialect-theme is available for use
2022-12-12 07:49:56.478 INFO  [com.liferay.portal.osgi.web.wab.extender.internal.WabFactory-BundleTrackerOpener][ThemeHotDeployListener:108] 1 theme for classic-theme is available for use
2022-12-12 07:49:56.734 INFO  [com.liferay.portal.osgi.web.wab.extender.internal.WabFactory-BundleTrackerOpener][ThemeHotDeployListener:108] 1 theme for admin-theme is available for use
2022-12-12 07:49:56.903 INFO  [com.liferay.portal.osgi.web.wab.extender.internal.WabFactory-BundleTrackerOpener][ThemeHotDeployListener:108] 1 theme for practica-theme is available for use
2022-12-12 07:49:57.106 INFO  [com.liferay.portal.osgi.web.wab.extender.internal.WabFactory-BundleTrackerOpener][ThemeHotDeployListener:108] 1 theme for wecanbs-theme is available for use
2022-12-12 07:50:18.981 ERROR [main][ReleaseManagerImpl:188] Failed upgrade process for module es.capgemini.proyecto.procesopedidos.sb.service
com.liferay.portal.kernel.log.LogSanitizerException: com.liferay.portal.kernel.upgrade.UpgradeException: com.liferay.portal.kernel.upgrade.UpgradeException: Bundle es.capgemini.proyecto.procesopedidos.sb.service_1.0.0 [1605] has invalid content in tables.sql:_create table PROYECTO_pedidos (_	uuid_ VARCHAR(75) null,_	id_ LONG not null primary key,_	idUsuario LONG,_	email VARCHAR(75) null,_	nombre VARCHAR(75) null,_	via VARCHAR(75) null,_	direccion VARCHAR(75) null,_	pais VARCHAR(75) null,_	provincia VARCHAR(75) null,_	ciudad VARCHAR(75) null,_	codigoPostal VARCHAR(75) null,_	idProducto LONG,_	precio DOUBLE,_	cantidad INTEGER_); [Sanitized]
	at com.liferay.portal.spring.extender.internal.upgrade.InitialUpgradeExtender$InitialUpgradeStep.upgrade(InitialUpgradeExtender.java:239) ~[?:?]
	at com.liferay.portal.upgrade.internal.executor.UpgradeExecutor$UpgradeInfosRunnable.run(UpgradeExecutor.java:245) ~[bundleFile:?]
	at com.liferay.portal.output.stream.container.internal.OutputStreamContainerFactoryTrackerImpl.runWithSwappedLog(OutputStreamContainerFactoryTrackerImpl.java:134) ~[?:?]
	at com.liferay.portal.upgrade.internal.executor.SwappedLogExecutor.execute(SwappedLogExecutor.java:51) ~[bundleFile:?]
	at com.liferay.portal.upgrade.internal.executor.UpgradeExecutor.executeUpgradeInfos(UpgradeExecutor.java:161) ~[bundleFile:?]
	at com.liferay.portal.upgrade.internal.executor.UpgradeExecutor.execute(UpgradeExecutor.java:121) ~[bundleFile:?]
	at com.liferay.portal.upgrade.internal.release.ReleaseManagerImpl.activate(ReleaseManagerImpl.java:183) [bundleFile:?]
	at sun.reflect.NativeMethodAccessorImpl.invoke0(Native Method) ~[?:1.8.0_341]
	at sun.reflect.NativeMethodAccessorImpl.invoke(NativeMethodAccessorImpl.java:62) ~[?:1.8.0_341]
	at sun.reflect.DelegatingMethodAccessorImpl.invoke(DelegatingMethodAccessorImpl.java:43) ~[?:1.8.0_341]
	at java.lang.reflect.Method.invoke(Method.java:498) ~[?:1.8.0_341]
	at org.apache.felix.scr.impl.inject.methods.BaseMethod.invokeMethod(BaseMethod.java:228) [bundleFile:?]
	at org.apache.felix.scr.impl.inject.methods.BaseMethod.access$500(BaseMethod.java:41) [bundleFile:?]
	at org.apache.felix.scr.impl.inject.methods.BaseMethod$Resolved.invoke(BaseMethod.java:664) [bundleFile:?]
	at org.apache.felix.scr.impl.inject.methods.BaseMethod.invoke(BaseMethod.java:510) [bundleFile:?]
	at org.apache.felix.scr.impl.inject.methods.ActivateMethod.invoke(ActivateMethod.java:310) [bundleFile:?]
	at org.apache.felix.scr.impl.inject.methods.ActivateMethod.invoke(ActivateMethod.java:300) [bundleFile:?]
	at org.apache.felix.scr.impl.manager.SingleComponentManager.createImplementationObject(SingleComponentManager.java:341) [bundleFile:?]
	at org.apache.felix.scr.impl.manager.SingleComponentManager.createComponent(SingleComponentManager.java:114) [bundleFile:?]
	at org.apache.felix.scr.impl.manager.SingleComponentManager.getService(SingleComponentManager.java:983) [bundleFile:?]
	at org.apache.felix.scr.impl.manager.SingleComponentManager.getServiceInternal(SingleComponentManager.java:956) [bundleFile:?]
	at org.apache.felix.scr.impl.manager.SingleComponentManager.getService(SingleComponentManager.java:901) [bundleFile:?]
	at org.eclipse.osgi.internal.serviceregistry.ServiceFactoryUse$1.run(ServiceFactoryUse.java:212) [org.eclipse.osgi.jar:?]
	at java.security.AccessController.doPrivileged(Native Method) ~[?:1.8.0_341]
	at org.eclipse.osgi.internal.serviceregistry.ServiceFactoryUse.factoryGetService(ServiceFactoryUse.java:210) [org.eclipse.osgi.jar:?]
	at org.eclipse.osgi.internal.serviceregistry.ServiceFactoryUse.getService(ServiceFactoryUse.java:111) [org.eclipse.osgi.jar:?]
	at org.eclipse.osgi.internal.serviceregistry.ServiceConsumer$2.getService(ServiceConsumer.java:45) [org.eclipse.osgi.jar:?]
	at org.eclipse.osgi.internal.serviceregistry.ServiceRegistrationImpl.getService(ServiceRegistrationImpl.java:524) [org.eclipse.osgi.jar:?]
	at org.eclipse.osgi.internal.serviceregistry.ServiceRegistry.getService(ServiceRegistry.java:464) [org.eclipse.osgi.jar:?]
	at org.eclipse.osgi.internal.framework.BundleContextImpl.getService(BundleContextImpl.java:624) [org.eclipse.osgi.jar:?]
	at com.liferay.portal.kernel.module.util.ServiceTrackerFieldUpdaterCustomizer.doAddingService(ServiceTrackerFieldUpdaterCustomizer.java:96) [portal-kernel.jar:?]
	at com.liferay.portal.kernel.module.util.ServiceTrackerFieldUpdaterCustomizer.addingService(ServiceTrackerFieldUpdaterCustomizer.java:58) [portal-kernel.jar:?]
	at org.osgi.util.tracker.ServiceTracker$Tracked.customizerAdding(ServiceTracker.java:943) [org.eclipse.osgi.jar:?]
	at org.osgi.util.tracker.ServiceTracker$Tracked.customizerAdding(ServiceTracker.java:1) [org.eclipse.osgi.jar:?]
	at org.osgi.util.tracker.AbstractTracked.trackAdding(AbstractTracked.java:256) [org.eclipse.osgi.jar:?]
	at org.osgi.util.tracker.AbstractTracked.track(AbstractTracked.java:229) [org.eclipse.osgi.jar:?]
	at org.osgi.util.tracker.ServiceTracker$Tracked.serviceChanged(ServiceTracker.java:903) [org.eclipse.osgi.jar:?]
	at org.eclipse.osgi.internal.serviceregistry.FilteredServiceListener.serviceChanged(FilteredServiceListener.java:109) [org.eclipse.osgi.jar:?]
	at org.eclipse.osgi.internal.serviceregistry.ServiceRegistry.publishServiceEventPrivileged(ServiceRegistry.java:891) [org.eclipse.osgi.jar:?]
	at org.eclipse.osgi.internal.serviceregistry.ServiceRegistry.publishServiceEvent(ServiceRegistry.java:804) [org.eclipse.osgi.jar:?]
	at org.eclipse.osgi.internal.serviceregistry.ServiceRegistrationImpl.register(ServiceRegistrationImpl.java:127) [org.eclipse.osgi.jar:?]
	at org.eclipse.osgi.internal.serviceregistry.ServiceRegistry.registerService(ServiceRegistry.java:228) [org.eclipse.osgi.jar:?]
	at org.eclipse.osgi.internal.framework.BundleContextImpl.registerService(BundleContextImpl.java:469) [org.eclipse.osgi.jar:?]
	at org.apache.felix.scr.impl.manager.AbstractComponentManager$3.register(AbstractComponentManager.java:906) [bundleFile:?]
	at org.apache.felix.scr.impl.manager.AbstractComponentManager$3.register(AbstractComponentManager.java:892) [bundleFile:?]
	at org.apache.felix.scr.impl.manager.RegistrationManager.changeRegistration(RegistrationManager.java:128) [bundleFile:?]
	at org.apache.felix.scr.impl.manager.AbstractComponentManager.registerService(AbstractComponentManager.java:959) [bundleFile:?]
	at org.apache.felix.scr.impl.manager.AbstractComponentManager.activateInternal(AbstractComponentManager.java:732) [bundleFile:?]
	at org.apache.felix.scr.impl.manager.DependencyManager$SingleStaticCustomizer.addedService(DependencyManager.java:1053) [bundleFile:?]
	at org.apache.felix.scr.impl.manager.DependencyManager$SingleStaticCustomizer.addedService(DependencyManager.java:1007) [bundleFile:?]
	at org.apache.felix.scr.impl.manager.ServiceTracker$Tracked.customizerAdded(ServiceTracker.java:1216) [bundleFile:?]
	at org.apache.felix.scr.impl.manager.ServiceTracker$Tracked.customizerAdded(ServiceTracker.java:1137) [bundleFile:?]
	at org.apache.felix.scr.impl.manager.ServiceTracker$AbstractTracked.trackAdding(ServiceTracker.java:944) [bundleFile:?]
	at org.apache.felix.scr.impl.manager.ServiceTracker$AbstractTracked.track(ServiceTracker.java:880) [bundleFile:?]
	at org.apache.felix.scr.impl.manager.ServiceTracker$Tracked.serviceChanged(ServiceTracker.java:1168) [bundleFile:?]
	at org.apache.felix.scr.impl.BundleComponentActivator$ListenerInfo.serviceChanged(BundleComponentActivator.java:125) [bundleFile:?]
	at org.eclipse.osgi.internal.serviceregistry.FilteredServiceListener.serviceChanged(FilteredServiceListener.java:109) [org.eclipse.osgi.jar:?]
	at org.eclipse.osgi.internal.serviceregistry.ServiceRegistry.publishServiceEventPrivileged(ServiceRegistry.java:891) [org.eclipse.osgi.jar:?]
	at org.eclipse.osgi.internal.serviceregistry.ServiceRegistry.publishServiceEvent(ServiceRegistry.java:804) [org.eclipse.osgi.jar:?]
	at org.eclipse.osgi.internal.serviceregistry.ServiceRegistrationImpl.register(ServiceRegistrationImpl.java:127) [org.eclipse.osgi.jar:?]
	at org.eclipse.osgi.internal.serviceregistry.ServiceRegistry.registerService(ServiceRegistry.java:228) [org.eclipse.osgi.jar:?]
	at org.eclipse.osgi.internal.framework.BundleContextImpl.registerService(BundleContextImpl.java:469) [org.eclipse.osgi.jar:?]
	at org.apache.felix.scr.impl.manager.AbstractComponentManager$3.register(AbstractComponentManager.java:906) [bundleFile:?]
	at org.apache.felix.scr.impl.manager.AbstractComponentManager$3.register(AbstractComponentManager.java:892) [bundleFile:?]
	at org.apache.felix.scr.impl.manager.RegistrationManager.changeRegistration(RegistrationManager.java:128) [bundleFile:?]
	at org.apache.felix.scr.impl.manager.AbstractComponentManager.registerService(AbstractComponentManager.java:959) [bundleFile:?]
	at org.apache.felix.scr.impl.manager.AbstractComponentManager.activateInternal(AbstractComponentManager.java:732) [bundleFile:?]
	at org.apache.felix.scr.impl.manager.DependencyManager$SingleStaticCustomizer.addedService(DependencyManager.java:1053) [bundleFile:?]
	at org.apache.felix.scr.impl.manager.DependencyManager$SingleStaticCustomizer.addedService(DependencyManager.java:1007) [bundleFile:?]
	at org.apache.felix.scr.impl.manager.ServiceTracker$Tracked.customizerAdded(ServiceTracker.java:1216) [bundleFile:?]
	at org.apache.felix.scr.impl.manager.ServiceTracker$Tracked.customizerAdded(ServiceTracker.java:1137) [bundleFile:?]
	at org.apache.felix.scr.impl.manager.ServiceTracker$AbstractTracked.trackAdding(ServiceTracker.java:944) [bundleFile:?]
	at org.apache.felix.scr.impl.manager.ServiceTracker$AbstractTracked.track(ServiceTracker.java:880) [bundleFile:?]
	at org.apache.felix.scr.impl.manager.ServiceTracker$Tracked.serviceChanged(ServiceTracker.java:1168) [bundleFile:?]
	at org.apache.felix.scr.impl.BundleComponentActivator$ListenerInfo.serviceChanged(BundleComponentActivator.java:125) [bundleFile:?]
	at org.eclipse.osgi.internal.serviceregistry.FilteredServiceListener.serviceChanged(FilteredServiceListener.java:109) [org.eclipse.osgi.jar:?]
	at org.eclipse.osgi.internal.serviceregistry.ServiceRegistry.publishServiceEventPrivileged(ServiceRegistry.java:891) [org.eclipse.osgi.jar:?]
	at org.eclipse.osgi.internal.serviceregistry.ServiceRegistry.publishServiceEvent(ServiceRegistry.java:804) [org.eclipse.osgi.jar:?]
	at org.eclipse.osgi.internal.serviceregistry.ServiceRegistrationImpl.register(ServiceRegistrationImpl.java:127) [org.eclipse.osgi.jar:?]
	at org.eclipse.osgi.internal.serviceregistry.ServiceRegistry.registerService(ServiceRegistry.java:228) [org.eclipse.osgi.jar:?]
	at org.eclipse.osgi.internal.framework.BundleContextImpl.registerService(BundleContextImpl.java:469) [org.eclipse.osgi.jar:?]
	at org.apache.felix.scr.impl.manager.AbstractComponentManager$3.register(AbstractComponentManager.java:906) [bundleFile:?]
	at org.apache.felix.scr.impl.manager.AbstractComponentManager$3.register(AbstractComponentManager.java:892) [bundleFile:?]
	at org.apache.felix.scr.impl.manager.RegistrationManager.changeRegistration(RegistrationManager.java:128) [bundleFile:?]
	at org.apache.felix.scr.impl.manager.AbstractComponentManager.registerService(AbstractComponentManager.java:959) [bundleFile:?]
	at org.apache.felix.scr.impl.manager.AbstractComponentManager.activateInternal(AbstractComponentManager.java:732) [bundleFile:?]
	at org.apache.felix.scr.impl.manager.DependencyManager$SingleStaticCustomizer.addedService(DependencyManager.java:1053) [bundleFile:?]
	at org.apache.felix.scr.impl.manager.DependencyManager$SingleStaticCustomizer.addedService(DependencyManager.java:1007) [bundleFile:?]
	at org.apache.felix.scr.impl.manager.ServiceTracker$Tracked.customizerAdded(ServiceTracker.java:1216) [bundleFile:?]
	at org.apache.felix.scr.impl.manager.ServiceTracker$Tracked.customizerAdded(ServiceTracker.java:1137) [bundleFile:?]
	at org.apache.felix.scr.impl.manager.ServiceTracker$AbstractTracked.trackAdding(ServiceTracker.java:944) [bundleFile:?]
	at org.apache.felix.scr.impl.manager.ServiceTracker$AbstractTracked.track(ServiceTracker.java:880) [bundleFile:?]
	at org.apache.felix.scr.impl.manager.ServiceTracker$Tracked.serviceChanged(ServiceTracker.java:1168) [bundleFile:?]
	at org.apache.felix.scr.impl.BundleComponentActivator$ListenerInfo.serviceChanged(BundleComponentActivator.java:125) [bundleFile:?]
	at org.eclipse.osgi.internal.serviceregistry.FilteredServiceListener.serviceChanged(FilteredServiceListener.java:109) [org.eclipse.osgi.jar:?]
	at org.eclipse.osgi.internal.serviceregistry.ServiceRegistry.publishServiceEventPrivileged(ServiceRegistry.java:891) [org.eclipse.osgi.jar:?]
	at org.eclipse.osgi.internal.serviceregistry.ServiceRegistry.publishServiceEvent(ServiceRegistry.java:804) [org.eclipse.osgi.jar:?]
	at org.eclipse.osgi.internal.serviceregistry.ServiceRegistrationImpl.register(ServiceRegistrationImpl.java:127) [org.eclipse.osgi.jar:?]
	at org.eclipse.osgi.internal.serviceregistry.ServiceRegistry.registerService(ServiceRegistry.java:228) [org.eclipse.osgi.jar:?]
	at org.eclipse.osgi.internal.framework.BundleContextImpl.registerService(BundleContextImpl.java:469) [org.eclipse.osgi.jar:?]
	at org.apache.felix.scr.impl.manager.AbstractComponentManager$3.register(AbstractComponentManager.java:906) [bundleFile:?]
	at org.apache.felix.scr.impl.manager.AbstractComponentManager$3.register(AbstractComponentManager.java:892) [bundleFile:?]
	at org.apache.felix.scr.impl.manager.RegistrationManager.changeRegistration(RegistrationManager.java:128) [bundleFile:?]
	at org.apache.felix.scr.impl.manager.AbstractComponentManager.registerService(AbstractComponentManager.java:959) [bundleFile:?]
	at org.apache.felix.scr.impl.manager.AbstractComponentManager.activateInternal(AbstractComponentManager.java:732) [bundleFile:?]
	at org.apache.felix.scr.impl.manager.DependencyManager$SingleStaticCustomizer.addedService(DependencyManager.java:1053) [bundleFile:?]
	at org.apache.felix.scr.impl.manager.DependencyManager$SingleStaticCustomizer.addedService(DependencyManager.java:1007) [bundleFile:?]
	at org.apache.felix.scr.impl.manager.ServiceTracker$Tracked.customizerAdded(ServiceTracker.java:1216) [bundleFile:?]
	at org.apache.felix.scr.impl.manager.ServiceTracker$Tracked.customizerAdded(ServiceTracker.java:1137) [bundleFile:?]
	at org.apache.felix.scr.impl.manager.ServiceTracker$AbstractTracked.trackAdding(ServiceTracker.java:944) [bundleFile:?]
	at org.apache.felix.scr.impl.manager.ServiceTracker$AbstractTracked.track(ServiceTracker.java:880) [bundleFile:?]
	at org.apache.felix.scr.impl.manager.ServiceTracker$Tracked.serviceChanged(ServiceTracker.java:1168) [bundleFile:?]
	at org.apache.felix.scr.impl.BundleComponentActivator$ListenerInfo.serviceChanged(BundleComponentActivator.java:125) [bundleFile:?]
	at org.eclipse.osgi.internal.serviceregistry.FilteredServiceListener.serviceChanged(FilteredServiceListener.java:109) [org.eclipse.osgi.jar:?]
	at org.eclipse.osgi.internal.serviceregistry.ServiceRegistry.publishServiceEventPrivileged(ServiceRegistry.java:891) [org.eclipse.osgi.jar:?]
	at org.eclipse.osgi.internal.serviceregistry.ServiceRegistry.publishServiceEvent(ServiceRegistry.java:804) [org.eclipse.osgi.jar:?]
	at org.eclipse.osgi.internal.serviceregistry.ServiceRegistrationImpl.register(ServiceRegistrationImpl.java:127) [org.eclipse.osgi.jar:?]
	at org.eclipse.osgi.internal.serviceregistry.ServiceRegistry.registerService(ServiceRegistry.java:228) [org.eclipse.osgi.jar:?]
	at org.eclipse.osgi.internal.framework.BundleContextImpl.registerService(BundleContextImpl.java:469) [org.eclipse.osgi.jar:?]
	at org.eclipse.osgi.internal.framework.BundleContextImpl.registerService(BundleContextImpl.java:487) [org.eclipse.osgi.jar:?]
	at org.eclipse.osgi.internal.framework.BundleContextImpl.registerService(BundleContextImpl.java:1004) [org.eclipse.osgi.jar:?]
	at com.liferay.portal.tools.DBUpgrader._registerModuleServiceLifecycle(DBUpgrader.java:338) [portal-impl.jar:?]
	at com.liferay.portal.tools.DBUpgrader.upgradeModules(DBUpgrader.java:173) [portal-impl.jar:?]
	at com.liferay.portal.internal.servlet.MainServlet.init(MainServlet.java:395) [portal-impl.jar:?]
	at javax.servlet.GenericServlet.init(GenericServlet.java:158) [servlet-api.jar:4.0.FR]
	at com.liferay.shielded.container.internal.proxy.ServletWrapper.init(ServletWrapper.java:92) [com.liferay.shielded.container.impl.jar:?]
	at org.apache.catalina.core.StandardWrapper.initServlet(StandardWrapper.java:1164) [catalina.jar:9.0.56]
	at org.apache.catalina.core.StandardWrapper.load(StandardWrapper.java:1013) [catalina.jar:9.0.56]
	at org.apache.catalina.core.StandardContext.loadOnStartup(StandardContext.java:4957) [catalina.jar:9.0.56]
	at org.apache.catalina.core.StandardContext.startInternal(StandardContext.java:5264) [catalina.jar:9.0.56]
	at org.apache.catalina.util.LifecycleBase.start(LifecycleBase.java:183) [catalina.jar:9.0.56]
	at org.apache.catalina.core.ContainerBase.addChildInternal(ContainerBase.java:726) [catalina.jar:9.0.56]
	at org.apache.catalina.core.ContainerBase.addChild(ContainerBase.java:698) [catalina.jar:9.0.56]
	at org.apache.catalina.core.StandardHost.addChild(StandardHost.java:696) [catalina.jar:9.0.56]
	at org.apache.catalina.startup.HostConfig.deployDescriptor(HostConfig.java:690) [catalina.jar:9.0.56]
	at org.apache.catalina.startup.HostConfig$DeployDescriptor.run(HostConfig.java:1889) [catalina.jar:9.0.56]
	at java.util.concurrent.Executors$RunnableAdapter.call(Executors.java:511) [?:1.8.0_341]
	at java.util.concurrent.FutureTask.run(FutureTask.java:266) [?:1.8.0_341]
	at org.apache.tomcat.util.threads.InlineExecutorService.execute(InlineExecutorService.java:75) [tomcat-util.jar:9.0.56]
	at java.util.concurrent.AbstractExecutorService.submit(AbstractExecutorService.java:112) [?:1.8.0_341]
	at org.apache.catalina.startup.HostConfig.deployDescriptors(HostConfig.java:583) [catalina.jar:9.0.56]
	at org.apache.catalina.startup.HostConfig.deployApps(HostConfig.java:473) [catalina.jar:9.0.56]
	at org.apache.catalina.startup.HostConfig.start(HostConfig.java:1618) [catalina.jar:9.0.56]
	at org.apache.catalina.startup.HostConfig.lifecycleEvent(HostConfig.java:319) [catalina.jar:9.0.56]
	at org.apache.catalina.util.LifecycleBase.fireLifecycleEvent(LifecycleBase.java:123) [catalina.jar:9.0.56]
	at org.apache.catalina.util.LifecycleBase.setStateInternal(LifecycleBase.java:423) [catalina.jar:9.0.56]
	at org.apache.catalina.util.LifecycleBase.setState(LifecycleBase.java:366) [catalina.jar:9.0.56]
	at org.apache.catalina.core.ContainerBase.startInternal(ContainerBase.java:946) [catalina.jar:9.0.56]
	at org.apache.catalina.core.StandardHost.startInternal(StandardHost.java:835) [catalina.jar:9.0.56]
	at org.apache.catalina.util.LifecycleBase.start(LifecycleBase.java:183) [catalina.jar:9.0.56]
	at org.apache.catalina.core.ContainerBase$StartChild.call(ContainerBase.java:1396) [catalina.jar:9.0.56]
	at org.apache.catalina.core.ContainerBase$StartChild.call(ContainerBase.java:1386) [catalina.jar:9.0.56]
	at java.util.concurrent.FutureTask.run(FutureTask.java:266) [?:1.8.0_341]
	at org.apache.tomcat.util.threads.InlineExecutorService.execute(InlineExecutorService.java:75) [tomcat-util.jar:9.0.56]
	at java.util.concurrent.AbstractExecutorService.submit(AbstractExecutorService.java:134) [?:1.8.0_341]
	at org.apache.catalina.core.ContainerBase.startInternal(ContainerBase.java:919) [catalina.jar:9.0.56]
	at org.apache.catalina.core.StandardEngine.startInternal(StandardEngine.java:263) [catalina.jar:9.0.56]
	at org.apache.catalina.util.LifecycleBase.start(LifecycleBase.java:183) [catalina.jar:9.0.56]
	at org.apache.catalina.core.StandardService.startInternal(StandardService.java:432) [catalina.jar:9.0.56]
	at org.apache.catalina.util.LifecycleBase.start(LifecycleBase.java:183) [catalina.jar:9.0.56]
	at org.apache.catalina.core.StandardServer.startInternal(StandardServer.java:927) [catalina.jar:9.0.56]
	at org.apache.catalina.util.LifecycleBase.start(LifecycleBase.java:183) [catalina.jar:9.0.56]
	at org.apache.catalina.startup.Catalina.start(Catalina.java:772) [catalina.jar:9.0.56]
	at sun.reflect.NativeMethodAccessorImpl.invoke0(Native Method) ~[?:1.8.0_341]
	at sun.reflect.NativeMethodAccessorImpl.invoke(NativeMethodAccessorImpl.java:62) ~[?:1.8.0_341]
	at sun.reflect.DelegatingMethodAccessorImpl.invoke(DelegatingMethodAccessorImpl.java:43) ~[?:1.8.0_341]
	at java.lang.reflect.Method.invoke(Method.java:498) ~[?:1.8.0_341]
	at org.apache.catalina.startup.Bootstrap.start(Bootstrap.java:345) [bootstrap.jar:9.0.56]
	at org.apache.catalina.startup.Bootstrap.main(Bootstrap.java:476) [bootstrap.jar:9.0.56]
Caused by: com.liferay.portal.kernel.log.LogSanitizerException: com.liferay.portal.kernel.upgrade.UpgradeException: Bundle es.capgemini.proyecto.procesopedidos.sb.service_1.0.0 [1605] has invalid content in tables.sql:_create table PROYECTO_pedidos (_	uuid_ VARCHAR(75) null,_	id_ LONG not null primary key,_	idUsuario LONG,_	email VARCHAR(75) null,_	nombre VARCHAR(75) null,_	via VARCHAR(75) null,_	direccion VARCHAR(75) null,_	pais VARCHAR(75) null,_	provincia VARCHAR(75) null,_	ciudad VARCHAR(75) null,_	codigoPostal VARCHAR(75) null,_	idProducto LONG,_	precio DOUBLE,_	cantidad INTEGER_); [Sanitized]
	at com.liferay.portal.spring.extender.internal.upgrade.InitialUpgradeExtender$InitialUpgradeStep._upgrade(InitialUpgradeExtender.java:281) ~[?:?]
	at com.liferay.portal.spring.extender.internal.upgrade.InitialUpgradeExtender$InitialUpgradeStep.lambda$upgrade$0(InitialUpgradeExtender.java:235) ~[?:?]
	at com.liferay.portal.db.partition.DBPartitionUtil.forEachCompanyId(DBPartitionUtil.java:118) ~[portal-impl.jar:?]
	at com.liferay.portal.dao.db.BaseDB.process(BaseDB.java:356) ~[portal-impl.jar:?]
	at com.liferay.portal.spring.extender.internal.upgrade.InitialUpgradeExtender$InitialUpgradeStep.upgrade(InitialUpgradeExtender.java:224) ~[?:?]
	... 168 more
Caused by: java.sql.SQLSyntaxErrorException: (conn=3) Table 'proyecto_pedidos' already exists
	at org.mariadb.jdbc.internal.util.exceptions.ExceptionFactory.createException(ExceptionFactory.java:62) ~[mariadb.jar:?]
	at org.mariadb.jdbc.internal.util.exceptions.ExceptionFactory.create(ExceptionFactory.java:158) ~[mariadb.jar:?]
	at org.mariadb.jdbc.MariaDbStatement.executeExceptionEpilogue(MariaDbStatement.java:266) ~[mariadb.jar:?]
	at org.mariadb.jdbc.MariaDbStatement.executeInternal(MariaDbStatement.java:366) ~[mariadb.jar:?]
	at org.mariadb.jdbc.MariaDbStatement.executeUpdate(MariaDbStatement.java:630) ~[mariadb.jar:?]
	at com.zaxxer.hikari.pool.ProxyStatement.executeUpdate(ProxyStatement.java:119) ~[hikaricp.jar:?]
	at com.zaxxer.hikari.pool.HikariProxyStatement.executeUpdate(HikariProxyStatement.java) ~[hikaricp.jar:?]
	at com.liferay.portal.dao.db.BaseDB.runSQL(BaseDB.java:413) ~[portal-impl.jar:?]
	at com.liferay.portal.dao.db.BaseDB.runSQL(BaseDB.java:379) ~[portal-impl.jar:?]
	at com.liferay.portal.dao.db.BaseDB.runSQLTemplateString(BaseDB.java:513) ~[portal-impl.jar:?]
	at com.liferay.portal.spring.extender.internal.upgrade.InitialUpgradeExtender$InitialUpgradeStep._upgrade(InitialUpgradeExtender.java:277) ~[?:?]
	at com.liferay.portal.spring.extender.internal.upgrade.InitialUpgradeExtender$InitialUpgradeStep.lambda$upgrade$0(InitialUpgradeExtender.java:235) ~[?:?]
	at com.liferay.portal.db.partition.DBPartitionUtil.forEachCompanyId(DBPartitionUtil.java:118) ~[portal-impl.jar:?]
	at com.liferay.portal.dao.db.BaseDB.process(BaseDB.java:356) ~[portal-impl.jar:?]
	at com.liferay.portal.spring.extender.internal.upgrade.InitialUpgradeExtender$InitialUpgradeStep.upgrade(InitialUpgradeExtender.java:224) ~[?:?]
	... 168 more
Caused by: org.mariadb.jdbc.internal.util.exceptions.MariaDbSqlException: Table 'proyecto_pedidos' already exists
	at org.mariadb.jdbc.internal.util.exceptions.MariaDbSqlException.of(MariaDbSqlException.java:34) ~[mariadb.jar:?]
	at org.mariadb.jdbc.internal.protocol.AbstractQueryProtocol.exceptionWithQuery(AbstractQueryProtocol.java:194) ~[mariadb.jar:?]
	at org.mariadb.jdbc.internal.protocol.AbstractQueryProtocol.executeQuery(AbstractQueryProtocol.java:262) ~[mariadb.jar:?]
	at org.mariadb.jdbc.MariaDbStatement.executeInternal(MariaDbStatement.java:360) ~[mariadb.jar:?]
	at org.mariadb.jdbc.MariaDbStatement.executeUpdate(MariaDbStatement.java:630) ~[mariadb.jar:?]
	at com.zaxxer.hikari.pool.ProxyStatement.executeUpdate(ProxyStatement.java:119) ~[hikaricp.jar:?]
	at com.zaxxer.hikari.pool.HikariProxyStatement.executeUpdate(HikariProxyStatement.java) ~[hikaricp.jar:?]
	at com.liferay.portal.dao.db.BaseDB.runSQL(BaseDB.java:413) ~[portal-impl.jar:?]
	at com.liferay.portal.dao.db.BaseDB.runSQL(BaseDB.java:379) ~[portal-impl.jar:?]
	at com.liferay.portal.dao.db.BaseDB.runSQLTemplateString(BaseDB.java:513) ~[portal-impl.jar:?]
	at com.liferay.portal.spring.extender.internal.upgrade.InitialUpgradeExtender$InitialUpgradeStep._upgrade(InitialUpgradeExtender.java:277) ~[?:?]
	at com.liferay.portal.spring.extender.internal.upgrade.InitialUpgradeExtender$InitialUpgradeStep.lambda$upgrade$0(InitialUpgradeExtender.java:235) ~[?:?]
	at com.liferay.portal.db.partition.DBPartitionUtil.forEachCompanyId(DBPartitionUtil.java:118) ~[portal-impl.jar:?]
	at com.liferay.portal.dao.db.BaseDB.process(BaseDB.java:356) ~[portal-impl.jar:?]
	at com.liferay.portal.spring.extender.internal.upgrade.InitialUpgradeExtender$InitialUpgradeStep.upgrade(InitialUpgradeExtender.java:224) ~[?:?]
	... 168 more
Caused by: java.sql.SQLException: Table 'proyecto_pedidos' already exists
	at org.mariadb.jdbc.internal.protocol.AbstractQueryProtocol.readErrorPacket(AbstractQueryProtocol.java:1694) ~[mariadb.jar:?]
	at org.mariadb.jdbc.internal.protocol.AbstractQueryProtocol.readPacket(AbstractQueryProtocol.java:1556) ~[mariadb.jar:?]
	at org.mariadb.jdbc.internal.protocol.AbstractQueryProtocol.getResult(AbstractQueryProtocol.java:1519) ~[mariadb.jar:?]
	at org.mariadb.jdbc.internal.protocol.AbstractQueryProtocol.executeQuery(AbstractQueryProtocol.java:256) ~[mariadb.jar:?]
	at org.mariadb.jdbc.MariaDbStatement.executeInternal(MariaDbStatement.java:360) ~[mariadb.jar:?]
	at org.mariadb.jdbc.MariaDbStatement.executeUpdate(MariaDbStatement.java:630) ~[mariadb.jar:?]
	at com.zaxxer.hikari.pool.ProxyStatement.executeUpdate(ProxyStatement.java:119) ~[hikaricp.jar:?]
	at com.zaxxer.hikari.pool.HikariProxyStatement.executeUpdate(HikariProxyStatement.java) ~[hikaricp.jar:?]
	at com.liferay.portal.dao.db.BaseDB.runSQL(BaseDB.java:413) ~[portal-impl.jar:?]
	at com.liferay.portal.dao.db.BaseDB.runSQL(BaseDB.java:379) ~[portal-impl.jar:?]
	at com.liferay.portal.dao.db.BaseDB.runSQLTemplateString(BaseDB.java:513) ~[portal-impl.jar:?]
	at com.liferay.portal.spring.extender.internal.upgrade.InitialUpgradeExtender$InitialUpgradeStep._upgrade(InitialUpgradeExtender.java:277) ~[?:?]
	at com.liferay.portal.spring.extender.internal.upgrade.InitialUpgradeExtender$InitialUpgradeStep.lambda$upgrade$0(InitialUpgradeExtender.java:235) ~[?:?]
	at com.liferay.portal.db.partition.DBPartitionUtil.forEachCompanyId(DBPartitionUtil.java:118) ~[portal-impl.jar:?]
	at com.liferay.portal.dao.db.BaseDB.process(BaseDB.java:356) ~[portal-impl.jar:?]
	at com.liferay.portal.spring.extender.internal.upgrade.InitialUpgradeExtender$InitialUpgradeStep.upgrade(InitialUpgradeExtender.java:224) ~[?:?]
	... 168 more
2022-12-12 07:50:22.662 INFO  [main][SystemCheckOSGiCommands:61] System check is enabled. You can run a system check with the command "system:check" in Gogo shell.
2022-12-12 07:50:22.663 INFO  [main][SystemCheckOSGiCommands:73] Running system check
2022-12-12 07:50:22.663 INFO  [main][SystemCheckOSGiCommands:95] Available checkers :[Declarative Service Soft Circular Dependency Checker, Declarative Service Unsatisfied Component Checker, Spring Extender Unavailable Component Checker]
2022-12-12 07:50:22.664 INFO  [main][SystemCheckOSGiCommands:111] Running "Declarative Service Soft Circular Dependency Checker". You can run this by itself with command "ds:softCircularDependency" in gogo shell.
2022-12-12 07:50:23.824 INFO  [main][SystemCheckOSGiCommands:123] Declarative Service Soft Circular Dependency Checker check result: No issues were found.
2022-12-12 07:50:23.825 INFO  [main][SystemCheckOSGiCommands:111] Running "Declarative Service Unsatisfied Component Checker". You can run this by itself with command "ds:unsatisfied" in gogo shell.
2022-12-12 07:50:38.794 WARN  [main][SystemCheckOSGiCommands:134] Declarative Service Unsatisfied Component Checker check result: _Bundle {id: 1605, name: es.capgemini.proyecto.procesopedidos.sb.service, version: 1.0.0}_	Declarative Service {id: 5836, name: es.capgemini.proyecto.procesopedidos.sb.service.persistence.impl.PedidosPersistenceImpl, unsatisfied references: _		{name: Configuration, target: (&(origin.bundle.symbolic.name=es.capgemini.proyecto.procesopedidos.sb.service)(name=service))}_	}_	Declarative Service {id: 5833, name: es.capgemini.proyecto.procesopedidos.sb.service.impl.PedidosLocalServiceImpl, unsatisfied references: _		{name: pedidosPersistence, target: null}_	}_	Declarative Service {id: 5834, name: es.capgemini.proyecto.procesopedidos.sb.service.impl.PedidosServiceImpl, unsatisfied references: _		{name: pedidosLocalService, target: null}_		{name: pedidosPersistence, target: null}_	} [Sanitized]
2022-12-12 07:50:38.794 INFO  [main][SystemCheckOSGiCommands:111] Running "Spring Extender Unavailable Component Checker". You can run this by itself with command "dm na" in gogo shell.
2022-12-12 07:50:38.796 WARN  [main][SystemCheckOSGiCommands:134] Spring Extender Unavailable Component Checker check result: _Bundle {id: 1605, name: es.capgemini.proyecto.procesopedidos.sb.service, version: 1.0.0}._	Component with ID 179 is unavailable due to missing required dependencies:_		service dependency [com.liferay.portal.kernel.model.Release (&(release.bundle.symbolic.name=es.capgemini.proyecto.procesopedidos.sb.service)(&(release.schema.version>=1.0.0)(!(release.schema.version>=2.0.0)))(|(!(release.state=*))(release.state=0)))] [Sanitized]
2022-12-12 07:50:38.874 WARN  [main][MainServlet:410] Required upgrades in modules are pending. Run the upgrade process or type upgrade:checkAll in the Gogo shell to get more information.
2022-12-12 07:51:30.653 ERROR [http-nio-8080-exec-3][PortletRequestDispatcherImpl:304] Unable to dispatch request: java.lang.NullPointerException
2022-12-12 07:51:30.655 ERROR [http-nio-8080-exec-3][PortletServlet:117] null
javax.portlet.PortletException: org.apache.jasper.JasperException: java.lang.NullPointerException
	at com.liferay.portlet.internal.PortletRequestDispatcherImpl.dispatch(PortletRequestDispatcherImpl.java:307) ~[portal-impl.jar:?]
	at com.liferay.portlet.internal.PortletRequestDispatcherImpl.include(PortletRequestDispatcherImpl.java:123) ~[portal-impl.jar:?]
	at com.liferay.portal.kernel.portlet.bridges.mvc.MVCPortlet.include(MVCPortlet.java:620) ~[portal-kernel.jar:?]
	at com.liferay.portal.kernel.portlet.bridges.mvc.MVCPortlet.include(MVCPortlet.java:636) ~[portal-kernel.jar:?]
	at com.liferay.portal.kernel.portlet.bridges.mvc.MVCPortlet.doDispatch(MVCPortlet.java:506) ~[portal-kernel.jar:?]
	at javax.portlet.GenericPortlet.render(GenericPortlet.java:291) ~[portlet.jar:3.0.1]
	at com.liferay.portal.kernel.portlet.bridges.mvc.MVCPortlet.render(MVCPortlet.java:309) ~[portal-kernel.jar:?]
	at com.liferay.portlet.internal.FilterChainImpl.doFilter(FilterChainImpl.java:127) ~[portal-impl.jar:?]
	at com.liferay.portlet.ScriptDataPortletFilter.doFilter(ScriptDataPortletFilter.java:58) ~[portal-impl.jar:?]
	at com.liferay.portlet.internal.FilterChainImpl.doFilter(FilterChainImpl.java:124) ~[portal-impl.jar:?]
	at com.liferay.portal.kernel.portlet.PortletFilterUtil.doFilter(PortletFilterUtil.java:71) ~[portal-kernel.jar:?]
	at com.liferay.portal.kernel.servlet.PortletServlet.service(PortletServlet.java:113) ~[portal-kernel.jar:?]
	at javax.servlet.http.HttpServlet.service(HttpServlet.java:764) ~[servlet-api.jar:4.0.FR]
	at org.eclipse.equinox.http.servlet.internal.registration.EndpointRegistration.service(EndpointRegistration.java:153) ~[?:?]
	at org.eclipse.equinox.http.servlet.internal.servlet.ResponseStateHandler.processRequest(ResponseStateHandler.java:62) ~[?:?]
	at org.eclipse.equinox.http.servlet.internal.context.DispatchTargets.doDispatch(DispatchTargets.java:120) ~[?:?]
	at org.eclipse.equinox.http.servlet.internal.servlet.RequestDispatcherAdaptor.include(RequestDispatcherAdaptor.java:48) ~[?:?]
	at com.liferay.portlet.internal.InvokerPortletImpl.invoke(InvokerPortletImpl.java:576) ~[portal-impl.jar:?]
	at com.liferay.portlet.internal.InvokerPortletImpl.invokeRender(InvokerPortletImpl.java:666) ~[portal-impl.jar:?]
	at com.liferay.portlet.internal.InvokerPortletImpl.render(InvokerPortletImpl.java:351) ~[portal-impl.jar:?]
	at com.liferay.portal.monitoring.internal.portlet.MonitoringInvokerPortlet.lambda$render$0(MonitoringInvokerPortlet.java:259) ~[?:?]
	at com.liferay.portal.monitoring.internal.portlet.MonitoringInvokerPortlet._render(MonitoringInvokerPortlet.java:363) ~[?:?]
	at com.liferay.portal.monitoring.internal.portlet.MonitoringInvokerPortlet.render(MonitoringInvokerPortlet.java:257) ~[?:?]
	at org.apache.jsp.html.portal.render_005fportlet_jsp._jspService(render_005fportlet_jsp.java:1413) ~[?:?]
	at org.apache.jasper.runtime.HttpJspBase.service(HttpJspBase.java:70) ~[jasper.jar:9.0.56]
	at javax.servlet.http.HttpServlet.service(HttpServlet.java:764) ~[servlet-api.jar:4.0.FR]
	at com.liferay.portal.servlet.DirectRequestDispatcher.include(DirectRequestDispatcher.java:64) ~[portal-impl.jar:?]
	at com.liferay.portal.servlet.DirectRequestDispatcherFactoryImpl$IndirectRequestDispatcher.include(DirectRequestDispatcherFactoryImpl.java:190) ~[portal-impl.jar:?]
	at com.liferay.portal.servlet.ClassLoaderRequestDispatcherWrapper.doDispatch(ClassLoaderRequestDispatcherWrapper.java:79) ~[portal-impl.jar:?]
	at com.liferay.portal.servlet.ClassLoaderRequestDispatcherWrapper.include(ClassLoaderRequestDispatcherWrapper.java:53) ~[portal-impl.jar:?]
	at com.liferay.portal.servlet.TransferHeadersHelperImpl$TransferHeadersRequestDispatcher.include(TransferHeadersHelperImpl.java:162) ~[portal-impl.jar:?]
	at com.liferay.portlet.internal.PortletContainerImpl._render(PortletContainerImpl.java:899) ~[portal-impl.jar:?]
	at com.liferay.portlet.internal.PortletContainerImpl.lambda$render$2(PortletContainerImpl.java:223) ~[portal-impl.jar:?]
	at com.liferay.portlet.internal.PortletContainerImpl._preserveGroupIds(PortletContainerImpl.java:421) ~[portal-impl.jar:?]
	at com.liferay.portlet.internal.PortletContainerImpl.render(PortletContainerImpl.java:211) ~[portal-impl.jar:?]
	at com.liferay.portlet.SecurityPortletContainerWrapper.render(SecurityPortletContainerWrapper.java:134) ~[portal-impl.jar:?]
	at com.liferay.portlet.RestrictPortletContainerWrapper.lambda$render$0(RestrictPortletContainerWrapper.java:124) ~[portal-impl.jar:?]
	at com.liferay.portlet.RestrictPortletContainerWrapper._render(RestrictPortletContainerWrapper.java:185) [portal-impl.jar:?]
	at com.liferay.portlet.RestrictPortletContainerWrapper.render(RestrictPortletContainerWrapper.java:122) [portal-impl.jar:?]
	at com.liferay.portal.kernel.portlet.PortletContainerUtil.render(PortletContainerUtil.java:214) [portal-kernel.jar:?]
	at com.liferay.taglib.portletext.RuntimeTag.doTag(RuntimeTag.java:388) [bundleFile:?]
	at com.liferay.fragment.internal.renderer.FragmentPortletRendererImpl.renderPortlet(FragmentPortletRendererImpl.java:70) [bundleFile:?]
	at com.liferay.fragment.entry.processor.portlet.PortletFragmentEntryProcessor._renderWidgetHTML(PortletFragmentEntryProcessor.java:423) [bundleFile:?]
	at com.liferay.fragment.entry.processor.portlet.PortletFragmentEntryProcessor.processFragmentEntryLinkHTML(PortletFragmentEntryProcessor.java:122) [bundleFile:?]
	at com.liferay.fragment.internal.processor.FragmentEntryProcessorRegistryImpl.processFragmentEntryLinkHTML(FragmentEntryProcessorRegistryImpl.java:148) [bundleFile:?]
	at com.liferay.fragment.internal.renderer.FragmentEntryFragmentRenderer._renderFragmentEntryLink(FragmentEntryFragmentRenderer.java:414) [bundleFile:?]
	at com.liferay.fragment.internal.renderer.FragmentEntryFragmentRenderer.render(FragmentEntryFragmentRenderer.java:113) [bundleFile:?]
	at com.liferay.fragment.internal.renderer.FragmentRendererControllerImpl.render(FragmentRendererControllerImpl.java:107) [bundleFile:?]
	at com.liferay.layout.taglib.servlet.taglib.RenderLayoutStructureTag._renderFragmentStyledLayoutStructureItem(RenderLayoutStructureTag.java:952) [bundleFile:?]
	at com.liferay.layout.taglib.servlet.taglib.RenderLayoutStructureTag._renderLayoutStructure(RenderLayoutStructureTag.java:1058) [bundleFile:?]
	at com.liferay.layout.taglib.servlet.taglib.RenderLayoutStructureTag._renderColumnLayoutStructureItem(RenderLayoutStructureTag.java:494) [bundleFile:?]
	at com.liferay.layout.taglib.servlet.taglib.RenderLayoutStructureTag._renderLayoutStructure(RenderLayoutStructureTag.java:983) [bundleFile:?]
	at com.liferay.layout.taglib.servlet.taglib.RenderLayoutStructureTag._renderRowStyledLayoutStructureItem(RenderLayoutStructureTag.java:1144) [bundleFile:?]
	at com.liferay.layout.taglib.servlet.taglib.RenderLayoutStructureTag._renderLayoutStructure(RenderLayoutStructureTag.java:1076) [bundleFile:?]
	at com.liferay.layout.taglib.servlet.taglib.RenderLayoutStructureTag._renderLayoutStructure(RenderLayoutStructureTag.java:1099) [bundleFile:?]
	at com.liferay.layout.taglib.servlet.taglib.RenderLayoutStructureTag.processStartTag(RenderLayoutStructureTag.java:164) [bundleFile:?]
	at com.liferay.taglib.util.IncludeTag.doStartTag(IncludeTag.java:116) [bundleFile:?]
	at org.apache.jsp.render_005ffragment_005flayout.page_jsp._jspService(page_jsp:249) [?:?]
	at org.apache.jasper.runtime.HttpJspBase.service(HttpJspBase.java:111) [javax.servlet.jsp-2.3.3-b02.LIFERAY-PATCHED-9.jar:9.0.56]
	at javax.servlet.http.HttpServlet.service(HttpServlet.java:764) [servlet-api.jar:4.0.FR]
	at org.apache.jasper.servlet.JspServletWrapper.service(JspServletWrapper.java:411) [javax.servlet.jsp-2.3.3-b02.LIFERAY-PATCHED-9.jar:9.0.56]
	at org.apache.jasper.servlet.JspServlet.serviceJspFile(JspServlet.java:473) [javax.servlet.jsp-2.3.3-b02.LIFERAY-PATCHED-9.jar:9.0.56]
	at org.apache.jasper.servlet.JspServlet.service(JspServlet.java:377) [javax.servlet.jsp-2.3.3-b02.LIFERAY-PATCHED-9.jar:9.0.56]
	at javax.servlet.http.HttpServlet.service(HttpServlet.java:764) [servlet-api.jar:4.0.FR]
	at com.liferay.portal.osgi.web.servlet.jsp.compiler.internal.JspServlet.service(JspServlet.java:328) [bundleFile:?]
	at com.liferay.portal.osgi.web.servlet.jsp.compiler.internal.JspServlet.service(JspServlet.java:340) [bundleFile:?]
	at org.eclipse.equinox.http.servlet.internal.registration.EndpointRegistration.service(EndpointRegistration.java:153) [bundleFile:?]
	at org.eclipse.equinox.http.servlet.internal.servlet.ResponseStateHandler.processRequest(ResponseStateHandler.java:62) [bundleFile:?]
	at org.eclipse.equinox.http.servlet.internal.context.DispatchTargets.doDispatch(DispatchTargets.java:120) [bundleFile:?]
	at org.eclipse.equinox.http.servlet.internal.servlet.RequestDispatcherAdaptor.include(RequestDispatcherAdaptor.java:48) [bundleFile:?]
	at com.liferay.portal.servlet.DirectServletPathRegisterDispatcher.include(DirectServletPathRegisterDispatcher.java:67) [portal-impl.jar:?]
	at com.liferay.portal.servlet.DirectRequestDispatcherFactoryImpl$IndirectRequestDispatcher.include(DirectRequestDispatcherFactoryImpl.java:190) [portal-impl.jar:?]
	at com.liferay.portal.servlet.ClassLoaderRequestDispatcherWrapper.doDispatch(ClassLoaderRequestDispatcherWrapper.java:79) [portal-impl.jar:?]
	at com.liferay.portal.servlet.ClassLoaderRequestDispatcherWrapper.include(ClassLoaderRequestDispatcherWrapper.java:53) [portal-impl.jar:?]
	at com.liferay.taglib.util.IncludeTag.includePage(IncludeTag.java:409) [bundleFile:?]
	at com.liferay.taglib.util.IncludeTag.include(IncludeTag.java:384) [bundleFile:?]
	at com.liferay.taglib.util.IncludeTag.doInclude(IncludeTag.java:217) [bundleFile:?]
	at com.liferay.taglib.util.IncludeTag.doEndTag(IncludeTag.java:88) [bundleFile:?]
	at org.apache.jsp.layout.view.display_005fpage_jsp._jspService(display_005fpage_jsp:256) [?:?]
	at org.apache.jasper.runtime.HttpJspBase.service(HttpJspBase.java:111) [javax.servlet.jsp-2.3.3-b02.LIFERAY-PATCHED-9.jar:9.0.56]
	at javax.servlet.http.HttpServlet.service(HttpServlet.java:764) [servlet-api.jar:4.0.FR]
	at org.apache.jasper.servlet.JspServletWrapper.service(JspServletWrapper.java:411) [javax.servlet.jsp-2.3.3-b02.LIFERAY-PATCHED-9.jar:9.0.56]
	at org.apache.jasper.servlet.JspServlet.serviceJspFile(JspServlet.java:473) [javax.servlet.jsp-2.3.3-b02.LIFERAY-PATCHED-9.jar:9.0.56]
	at org.apache.jasper.servlet.JspServlet.service(JspServlet.java:377) [javax.servlet.jsp-2.3.3-b02.LIFERAY-PATCHED-9.jar:9.0.56]
	at javax.servlet.http.HttpServlet.service(HttpServlet.java:764) [servlet-api.jar:4.0.FR]
	at com.liferay.portal.osgi.web.servlet.jsp.compiler.internal.JspServlet.service(JspServlet.java:328) [bundleFile:?]
	at com.liferay.portal.osgi.web.servlet.jsp.compiler.internal.JspServlet.service(JspServlet.java:340) [bundleFile:?]
	at org.eclipse.equinox.http.servlet.internal.registration.EndpointRegistration.service(EndpointRegistration.java:153) [bundleFile:?]
	at org.eclipse.equinox.http.servlet.internal.servlet.ResponseStateHandler.processRequest(ResponseStateHandler.java:62) [bundleFile:?]
	at org.eclipse.equinox.http.servlet.internal.context.DispatchTargets.doDispatch(DispatchTargets.java:120) [bundleFile:?]
	at org.eclipse.equinox.http.servlet.internal.servlet.RequestDispatcherAdaptor.include(RequestDispatcherAdaptor.java:48) [bundleFile:?]
	at com.liferay.portal.servlet.TransferHeadersHelperImpl$TransferHeadersRequestDispatcher.include(TransferHeadersHelperImpl.java:162) [portal-impl.jar:?]
	at com.liferay.layout.type.controller.display.page.internal.layout.type.controller.DisplayPageLayoutTypeController.includeLayoutContent(DisplayPageLayoutTypeController.java:195) [bundleFile:?]
	at com.liferay.portal.model.impl.LayoutImpl.includeLayoutContent(LayoutImpl.java:954) [portal-impl.jar:?]
	at com.liferay.portal.action.LayoutAction.processLayout(LayoutAction.java:434) [portal-impl.jar:?]
	at com.liferay.portal.action.LayoutAction.execute(LayoutAction.java:174) [portal-impl.jar:?]
	at com.liferay.portal.struts.PortalRequestProcessor._process(PortalRequestProcessor.java:395) [portal-impl.jar:?]
	at com.liferay.portal.struts.PortalRequestProcessor.process(PortalRequestProcessor.java:151) [portal-impl.jar:?]
	at com.liferay.portal.internal.servlet.MainServlet.doGet(MainServlet.java:200) [portal-impl.jar:?]
	at javax.servlet.http.HttpServlet.service(HttpServlet.java:655) [servlet-api.jar:4.0.FR]
	at com.liferay.portal.internal.servlet.MainServlet.service(MainServlet.java:600) [portal-impl.jar:?]
	at javax.servlet.http.HttpServlet.service(HttpServlet.java:764) [servlet-api.jar:4.0.FR]
	at com.liferay.shielded.container.internal.proxy.ServletWrapper.service(ServletWrapper.java:113) [com.liferay.shielded.container.impl.jar:?]
	at org.apache.catalina.core.ApplicationFilterChain.internalDoFilter(ApplicationFilterChain.java:227) [catalina.jar:9.0.56]
	at org.apache.catalina.core.ApplicationFilterChain.doFilter(ApplicationFilterChain.java:162) [catalina.jar:9.0.56]
	at org.apache.tomcat.websocket.server.WsFilter.doFilter(WsFilter.java:53) [tomcat-websocket.jar:9.0.56]
	at org.apache.catalina.core.ApplicationFilterChain.internalDoFilter(ApplicationFilterChain.java:189) [catalina.jar:9.0.56]
	at org.apache.catalina.core.ApplicationFilterChain.doFilter(ApplicationFilterChain.java:162) [catalina.jar:9.0.56]
	at com.liferay.portal.kernel.servlet.filters.invoker.InvokerFilterChain.doFilter(InvokerFilterChain.java:124) [portal-kernel.jar:?]
	at com.liferay.portal.kernel.servlet.BaseFilter.processFilter(BaseFilter.java:147) [portal-kernel.jar:?]
	at com.liferay.change.tracking.internal.servlet.filter.CTCollectionPreviewFilter.processFilter(CTCollectionPreviewFilter.java:66) [bundleFile:?]
	at com.liferay.portal.kernel.servlet.BaseFilter.doFilter(BaseFilter.java:49) [portal-kernel.jar:?]
	at com.liferay.portal.kernel.servlet.filters.invoker.InvokerFilterChain.processDoFilter(InvokerFilterChain.java:215) [portal-kernel.jar:?]
	at com.liferay.portal.kernel.servlet.filters.invoker.InvokerFilterChain.doFilter(InvokerFilterChain.java:116) [portal-kernel.jar:?]
	at com.liferay.portal.servlet.filters.password.modified.PasswordModifiedFilter.processFilter(PasswordModifiedFilter.java:62) [portal-impl.jar:?]
	at com.liferay.portal.kernel.servlet.BaseFilter.doFilter(BaseFilter.java:49) [portal-kernel.jar:?]
	at com.liferay.portal.kernel.servlet.filters.invoker.InvokerFilterChain.processDoFilter(InvokerFilterChain.java:215) [portal-kernel.jar:?]
	at com.liferay.portal.kernel.servlet.filters.invoker.InvokerFilterChain.doFilter(InvokerFilterChain.java:116) [portal-kernel.jar:?]
	at com.liferay.portal.servlet.filters.lockout.LockoutFilter.processFilter(LockoutFilter.java:58) [portal-impl.jar:?]
	at com.liferay.portal.kernel.servlet.BaseFilter.doFilter(BaseFilter.java:49) [portal-kernel.jar:?]
	at com.liferay.portal.kernel.servlet.filters.invoker.InvokerFilterChain.processDoFilter(InvokerFilterChain.java:215) [portal-kernel.jar:?]
	at com.liferay.portal.kernel.servlet.filters.invoker.InvokerFilterChain.doFilter(InvokerFilterChain.java:116) [portal-kernel.jar:?]
	at com.liferay.portal.kernel.servlet.BaseFilter.processFilter(BaseFilter.java:147) [portal-kernel.jar:?]
	at com.liferay.portal.servlet.filters.secure.BaseAuthFilter.processFilter(BaseAuthFilter.java:339) [portal-impl.jar:?]
	at com.liferay.portal.kernel.servlet.BaseFilter.doFilter(BaseFilter.java:49) [portal-kernel.jar:?]
	at com.liferay.portal.kernel.servlet.filters.invoker.InvokerFilterChain.processDoFilter(InvokerFilterChain.java:215) [portal-kernel.jar:?]
	at com.liferay.portal.kernel.servlet.filters.invoker.InvokerFilterChain.doFilter(InvokerFilterChain.java:116) [portal-kernel.jar:?]
	at com.liferay.portal.kernel.servlet.BaseFilter.processFilter(BaseFilter.java:147) [portal-kernel.jar:?]
	at com.liferay.portal.monitoring.internal.servlet.filter.MonitoringFilter.processFilter(MonitoringFilter.java:139) [bundleFile:?]
	at com.liferay.portal.kernel.servlet.BaseFilter.doFilter(BaseFilter.java:49) [portal-kernel.jar:?]
	at com.liferay.portal.kernel.servlet.filters.invoker.InvokerFilterChain.processDoFilter(InvokerFilterChain.java:215) [portal-kernel.jar:?]
	at com.liferay.portal.kernel.servlet.filters.invoker.InvokerFilterChain.doFilter(InvokerFilterChain.java:116) [portal-kernel.jar:?]
	at org.tuckey.web.filters.urlrewrite.RuleChain.handleRewrite(RuleChain.java:176) [urlrewritefilter-4.0.4.jar:4.0.4]
	at org.tuckey.web.filters.urlrewrite.RuleChain.doRules(RuleChain.java:145) [urlrewritefilter-4.0.4.jar:4.0.4]
	at org.tuckey.web.filters.urlrewrite.UrlRewriter.processRequest(UrlRewriter.java:92) [urlrewritefilter-4.0.4.jar:4.0.4]
	at org.tuckey.web.filters.urlrewrite.UrlRewriteFilter.doFilter(UrlRewriteFilter.java:389) [urlrewritefilter-4.0.4.jar:4.0.4]
	at com.liferay.portal.url.rewrite.filter.internal.URLRewriteFilter.processFilter(URLRewriteFilter.java:99) [bundleFile:?]
	at com.liferay.portal.kernel.servlet.BaseFilter.doFilter(BaseFilter.java:49) [portal-kernel.jar:?]
	at com.liferay.portal.kernel.servlet.filters.invoker.InvokerFilterChain.processDoFilter(InvokerFilterChain.java:215) [portal-kernel.jar:?]
	at com.liferay.portal.kernel.servlet.filters.invoker.InvokerFilterChain.doFilter(InvokerFilterChain.java:116) [portal-kernel.jar:?]
	at com.liferay.portal.kernel.servlet.filters.invoker.InvokerFilter.doFilter(InvokerFilter.java:104) [portal-kernel.jar:?]
	at com.liferay.shielded.container.internal.proxy.FilterWrapper.doFilter(FilterWrapper.java:79) [com.liferay.shielded.container.impl.jar:?]
	at org.apache.catalina.core.ApplicationFilterChain.internalDoFilter(ApplicationFilterChain.java:189) [catalina.jar:9.0.56]
	at org.apache.catalina.core.ApplicationFilterChain.doFilter(ApplicationFilterChain.java:162) [catalina.jar:9.0.56]
	at org.apache.catalina.core.ApplicationDispatcher.invoke(ApplicationDispatcher.java:711) [catalina.jar:9.0.56]
	at org.apache.catalina.core.ApplicationDispatcher.processRequest(ApplicationDispatcher.java:459) [catalina.jar:9.0.56]
	at org.apache.catalina.core.ApplicationDispatcher.doForward(ApplicationDispatcher.java:385) [catalina.jar:9.0.56]
	at org.apache.catalina.core.ApplicationDispatcher.forward(ApplicationDispatcher.java:313) [catalina.jar:9.0.56]
	at com.liferay.friendly.url.internal.servlet.FriendlyURLServlet.service(FriendlyURLServlet.java:537) [bundleFile:?]
	at javax.servlet.http.HttpServlet.service(HttpServlet.java:764) [servlet-api.jar:4.0.FR]
	at com.liferay.portal.servlet.ServletAdapter.service(ServletAdapter.java:98) [portal-impl.jar:?]
	at javax.servlet.http.HttpServlet.service(HttpServlet.java:764) [servlet-api.jar:4.0.FR]
	at com.liferay.shielded.container.internal.proxy.ServletWrapper.service(ServletWrapper.java:113) [com.liferay.shielded.container.impl.jar:?]
	at org.apache.catalina.core.ApplicationFilterChain.internalDoFilter(ApplicationFilterChain.java:227) [catalina.jar:9.0.56]
	at org.apache.catalina.core.ApplicationFilterChain.doFilter(ApplicationFilterChain.java:162) [catalina.jar:9.0.56]
	at org.apache.tomcat.websocket.server.WsFilter.doFilter(WsFilter.java:53) [tomcat-websocket.jar:9.0.56]
	at org.apache.catalina.core.ApplicationFilterChain.internalDoFilter(ApplicationFilterChain.java:189) [catalina.jar:9.0.56]
	at org.apache.catalina.core.ApplicationFilterChain.doFilter(ApplicationFilterChain.java:162) [catalina.jar:9.0.56]
	at com.liferay.portal.kernel.servlet.filters.invoker.InvokerFilterChain.doFilter(InvokerFilterChain.java:124) [portal-kernel.jar:?]
	at com.liferay.portal.kernel.servlet.BaseFilter.processFilter(BaseFilter.java:147) [portal-kernel.jar:?]
	at com.liferay.change.tracking.internal.servlet.filter.CTCollectionPreviewFilter.processFilter(CTCollectionPreviewFilter.java:66) [bundleFile:?]
	at com.liferay.portal.kernel.servlet.BaseFilter.doFilter(BaseFilter.java:49) [portal-kernel.jar:?]
	at com.liferay.portal.kernel.servlet.filters.invoker.InvokerFilterChain.processDoFilter(InvokerFilterChain.java:215) [portal-kernel.jar:?]
	at com.liferay.portal.kernel.servlet.filters.invoker.InvokerFilterChain.doFilter(InvokerFilterChain.java:116) [portal-kernel.jar:?]
	at com.liferay.portal.kernel.servlet.BaseFilter.processFilter(BaseFilter.java:147) [portal-kernel.jar:?]
	at com.liferay.portal.servlet.filters.i18n.I18nFilter.processFilter(I18nFilter.java:364) [portal-impl.jar:?]
	at com.liferay.portal.kernel.servlet.BaseFilter.doFilter(BaseFilter.java:49) [portal-kernel.jar:?]
	at com.liferay.portal.kernel.servlet.filters.invoker.InvokerFilterChain.processDoFilter(InvokerFilterChain.java:215) [portal-kernel.jar:?]
	at com.liferay.portal.kernel.servlet.filters.invoker.InvokerFilterChain.doFilter(InvokerFilterChain.java:116) [portal-kernel.jar:?]
	at com.liferay.portal.servlet.filters.password.modified.PasswordModifiedFilter.processFilter(PasswordModifiedFilter.java:62) [portal-impl.jar:?]
	at com.liferay.portal.kernel.servlet.BaseFilter.doFilter(BaseFilter.java:49) [portal-kernel.jar:?]
	at com.liferay.portal.kernel.servlet.filters.invoker.InvokerFilterChain.processDoFilter(InvokerFilterChain.java:215) [portal-kernel.jar:?]
	at com.liferay.portal.kernel.servlet.filters.invoker.InvokerFilterChain.doFilter(InvokerFilterChain.java:116) [portal-kernel.jar:?]
	at com.liferay.portal.servlet.filters.lockout.LockoutFilter.processFilter(LockoutFilter.java:58) [portal-impl.jar:?]
	at com.liferay.portal.kernel.servlet.BaseFilter.doFilter(BaseFilter.java:49) [portal-kernel.jar:?]
	at com.liferay.portal.kernel.servlet.filters.invoker.InvokerFilterChain.processDoFilter(InvokerFilterChain.java:215) [portal-kernel.jar:?]
	at com.liferay.portal.kernel.servlet.filters.invoker.InvokerFilterChain.doFilter(InvokerFilterChain.java:116) [portal-kernel.jar:?]
	at com.liferay.portal.kernel.servlet.BaseFilter.processFilter(BaseFilter.java:147) [portal-kernel.jar:?]
	at com.liferay.portal.servlet.filters.secure.BaseAuthFilter.processFilter(BaseAuthFilter.java:339) [portal-impl.jar:?]
	at com.liferay.portal.kernel.servlet.BaseFilter.doFilter(BaseFilter.java:49) [portal-kernel.jar:?]
	at com.liferay.portal.kernel.servlet.filters.invoker.InvokerFilterChain.processDoFilter(InvokerFilterChain.java:215) [portal-kernel.jar:?]
	at com.liferay.portal.kernel.servlet.filters.invoker.InvokerFilterChain.doFilter(InvokerFilterChain.java:116) [portal-kernel.jar:?]
	at com.liferay.portal.kernel.servlet.BaseFilter.processFilter(BaseFilter.java:147) [portal-kernel.jar:?]
	at com.liferay.portal.servlet.filters.autologin.AutoLoginFilter.processFilter(AutoLoginFilter.java:262) [portal-impl.jar:?]
	at com.liferay.portal.kernel.servlet.BaseFilter.doFilter(BaseFilter.java:49) [portal-kernel.jar:?]
	at com.liferay.portal.kernel.servlet.filters.invoker.InvokerFilterChain.processDoFilter(InvokerFilterChain.java:215) [portal-kernel.jar:?]
	at com.liferay.portal.kernel.servlet.filters.invoker.InvokerFilterChain.doFilter(InvokerFilterChain.java:116) [portal-kernel.jar:?]
	at com.liferay.portal.kernel.servlet.BaseFilter.processFilter(BaseFilter.java:147) [portal-kernel.jar:?]
	at com.liferay.portal.sharepoint.SharepointFilter.processFilter(SharepointFilter.java:88) [portal-impl.jar:?]
	at com.liferay.portal.kernel.servlet.BaseFilter.doFilter(BaseFilter.java:49) [portal-kernel.jar:?]
	at com.liferay.portal.kernel.servlet.filters.invoker.InvokerFilterChain.processDoFilter(InvokerFilterChain.java:215) [portal-kernel.jar:?]
	at com.liferay.portal.kernel.servlet.filters.invoker.InvokerFilterChain.doFilter(InvokerFilterChain.java:116) [portal-kernel.jar:?]
	at com.liferay.portal.kernel.servlet.BaseFilter.processFilter(BaseFilter.java:147) [portal-kernel.jar:?]
	at com.liferay.portal.servlet.filters.virtualhost.VirtualHostFilter.processFilter(VirtualHostFilter.java:245) [portal-impl.jar:?]
	at com.liferay.portal.kernel.servlet.BaseFilter.doFilter(BaseFilter.java:49) [portal-kernel.jar:?]
	at com.liferay.portal.kernel.servlet.filters.invoker.InvokerFilterChain.processDoFilter(InvokerFilterChain.java:215) [portal-kernel.jar:?]
	at com.liferay.portal.kernel.servlet.filters.invoker.InvokerFilterChain.doFilter(InvokerFilterChain.java:116) [portal-kernel.jar:?]
	at com.liferay.portal.kernel.servlet.BaseFilter.processFilter(BaseFilter.java:147) [portal-kernel.jar:?]
	at com.liferay.portal.monitoring.internal.servlet.filter.MonitoringFilter.processFilter(MonitoringFilter.java:139) [bundleFile:?]
	at com.liferay.portal.kernel.servlet.BaseFilter.doFilter(BaseFilter.java:49) [portal-kernel.jar:?]
	at com.liferay.portal.kernel.servlet.filters.invoker.InvokerFilterChain.processDoFilter(InvokerFilterChain.java:215) [portal-kernel.jar:?]
	at com.liferay.portal.kernel.servlet.filters.invoker.InvokerFilterChain.doFilter(InvokerFilterChain.java:116) [portal-kernel.jar:?]
	at com.liferay.portal.kernel.servlet.filters.invoker.InvokerFilterChain.processDirectCallFilter(InvokerFilterChain.java:196) [portal-kernel.jar:?]
	at com.liferay.portal.kernel.servlet.filters.invoker.InvokerFilterChain.doFilter(InvokerFilterChain.java:99) [portal-kernel.jar:?]
	at com.liferay.portal.kernel.servlet.filters.invoker.InvokerFilterChain.processDirectCallFilter(InvokerFilterChain.java:196) [portal-kernel.jar:?]
	at com.liferay.portal.kernel.servlet.filters.invoker.InvokerFilterChain.doFilter(InvokerFilterChain.java:99) [portal-kernel.jar:?]
	at org.tuckey.web.filters.urlrewrite.RuleChain.handleRewrite(RuleChain.java:176) [urlrewritefilter-4.0.4.jar:4.0.4]
	at org.tuckey.web.filters.urlrewrite.RuleChain.doRules(RuleChain.java:145) [urlrewritefilter-4.0.4.jar:4.0.4]
	at org.tuckey.web.filters.urlrewrite.UrlRewriter.processRequest(UrlRewriter.java:92) [urlrewritefilter-4.0.4.jar:4.0.4]
	at org.tuckey.web.filters.urlrewrite.UrlRewriteFilter.doFilter(UrlRewriteFilter.java:389) [urlrewritefilter-4.0.4.jar:4.0.4]
	at com.liferay.portal.url.rewrite.filter.internal.URLRewriteFilter.processFilter(URLRewriteFilter.java:99) [bundleFile:?]
	at com.liferay.portal.kernel.servlet.BaseFilter.doFilter(BaseFilter.java:49) [portal-kernel.jar:?]
	at com.liferay.portal.kernel.servlet.filters.invoker.InvokerFilterChain.processDoFilter(InvokerFilterChain.java:215) [portal-kernel.jar:?]
	at com.liferay.portal.kernel.servlet.filters.invoker.InvokerFilterChain.doFilter(InvokerFilterChain.java:116) [portal-kernel.jar:?]
	at com.liferay.portal.kernel.servlet.filters.invoker.InvokerFilterChain.processDirectCallFilter(InvokerFilterChain.java:175) [portal-kernel.jar:?]
	at com.liferay.portal.kernel.servlet.filters.invoker.InvokerFilterChain.doFilter(InvokerFilterChain.java:99) [portal-kernel.jar:?]
	at com.liferay.portal.kernel.servlet.filters.invoker.InvokerFilterChain.processDirectCallFilter(InvokerFilterChain.java:175) [portal-kernel.jar:?]
	at com.liferay.portal.kernel.servlet.filters.invoker.InvokerFilterChain.doFilter(InvokerFilterChain.java:99) [portal-kernel.jar:?]
	at com.liferay.portal.kernel.servlet.filters.invoker.InvokerFilterChain.processDirectCallFilter(InvokerFilterChain.java:196) [portal-kernel.jar:?]
	at com.liferay.portal.kernel.servlet.filters.invoker.InvokerFilterChain.doFilter(InvokerFilterChain.java:99) [portal-kernel.jar:?]
	at com.liferay.portal.kernel.servlet.filters.invoker.InvokerFilter.doFilter(InvokerFilter.java:104) [portal-kernel.jar:?]
	at com.liferay.shielded.container.internal.proxy.FilterWrapper.doFilter(FilterWrapper.java:79) [com.liferay.shielded.container.impl.jar:?]
	at org.apache.catalina.core.ApplicationFilterChain.internalDoFilter(ApplicationFilterChain.java:189) [catalina.jar:9.0.56]
	at org.apache.catalina.core.ApplicationFilterChain.doFilter(ApplicationFilterChain.java:162) [catalina.jar:9.0.56]
	at org.apache.catalina.core.StandardWrapperValve.invoke(StandardWrapperValve.java:197) [catalina.jar:9.0.56]
	at org.apache.catalina.core.StandardContextValve.invoke(StandardContextValve.java:97) [catalina.jar:9.0.56]
	at org.apache.catalina.authenticator.AuthenticatorBase.invoke(AuthenticatorBase.java:540) [catalina.jar:9.0.56]
	at org.apache.catalina.core.StandardHostValve.invoke(StandardHostValve.java:135) [catalina.jar:9.0.56]
	at org.apache.catalina.valves.ErrorReportValve.invoke(ErrorReportValve.java:92) [catalina.jar:9.0.56]
	at org.apache.catalina.core.StandardEngineValve.invoke(StandardEngineValve.java:78) [catalina.jar:9.0.56]
	at org.apache.catalina.connector.CoyoteAdapter.service(CoyoteAdapter.java:357) [catalina.jar:9.0.56]
	at org.apache.coyote.http11.Http11Processor.service(Http11Processor.java:382) [tomcat-coyote.jar:9.0.56]
	at org.apache.coyote.AbstractProcessorLight.process(AbstractProcessorLight.java:65) [tomcat-coyote.jar:9.0.56]
	at org.apache.coyote.AbstractProtocol$ConnectionHandler.process(AbstractProtocol.java:895) [tomcat-coyote.jar:9.0.56]
	at org.apache.tomcat.util.net.NioEndpoint$SocketProcessor.doRun(NioEndpoint.java:1732) [tomcat-coyote.jar:9.0.56]
	at org.apache.tomcat.util.net.SocketProcessorBase.run(SocketProcessorBase.java:49) [tomcat-coyote.jar:9.0.56]
	at org.apache.tomcat.util.threads.ThreadPoolExecutor.runWorker(ThreadPoolExecutor.java:1191) [tomcat-util.jar:9.0.56]
	at org.apache.tomcat.util.threads.ThreadPoolExecutor$Worker.run(ThreadPoolExecutor.java:659) [tomcat-util.jar:9.0.56]
	at org.apache.tomcat.util.threads.TaskThread$WrappingRunnable.run(TaskThread.java:61) [tomcat-util.jar:9.0.56]
	at java.lang.Thread.run(Thread.java:750) [?:1.8.0_341]
Caused by: org.apache.jasper.JasperException: java.lang.NullPointerException
	at org.apache.jasper.servlet.JspServletWrapper.service(JspServletWrapper.java:440) ~[jasper.jar:9.0.56]
	at org.apache.jasper.servlet.JspServlet.serviceJspFile(JspServlet.java:473) ~[jasper.jar:9.0.56]
	at org.apache.jasper.servlet.JspServlet.service(JspServlet.java:377) ~[jasper.jar:9.0.56]
	at javax.servlet.http.HttpServlet.service(HttpServlet.java:764) ~[servlet-api.jar:4.0.FR]
	at com.liferay.portal.osgi.web.servlet.jsp.compiler.internal.JspServlet.service(JspServlet.java:328) ~[?:?]
	at com.liferay.portal.osgi.web.servlet.jsp.compiler.internal.JspServlet.service(JspServlet.java:340) ~[?:?]
	at org.eclipse.equinox.http.servlet.internal.registration.EndpointRegistration.service(EndpointRegistration.java:153) ~[?:?]
	at org.eclipse.equinox.http.servlet.internal.servlet.ResponseStateHandler.processRequest(ResponseStateHandler.java:62) ~[?:?]
	at org.eclipse.equinox.http.servlet.internal.context.DispatchTargets.doDispatch(DispatchTargets.java:120) ~[?:?]
	at org.eclipse.equinox.http.servlet.internal.servlet.RequestDispatcherAdaptor.include(RequestDispatcherAdaptor.java:48) ~[?:?]
	at com.liferay.portlet.internal.PortletRequestDispatcherImpl.dispatch(PortletRequestDispatcherImpl.java:291) ~[portal-impl.jar:?]
	... 239 more
Caused by: java.lang.NullPointerException
	at org.apache.jsp.detalle_jsp._jspService(detalle_jsp:167) ~[?:?]
	at org.apache.jasper.runtime.HttpJspBase.service(HttpJspBase.java:111) ~[jasper.jar:9.0.56]
	at javax.servlet.http.HttpServlet.service(HttpServlet.java:764) ~[servlet-api.jar:4.0.FR]
	at org.apache.jasper.servlet.JspServletWrapper.service(JspServletWrapper.java:411) ~[jasper.jar:9.0.56]
	at org.apache.jasper.servlet.JspServlet.serviceJspFile(JspServlet.java:473) ~[jasper.jar:9.0.56]
	at org.apache.jasper.servlet.JspServlet.service(JspServlet.java:377) ~[jasper.jar:9.0.56]
	at javax.servlet.http.HttpServlet.service(HttpServlet.java:764) ~[servlet-api.jar:4.0.FR]
	at com.liferay.portal.osgi.web.servlet.jsp.compiler.internal.JspServlet.service(JspServlet.java:328) ~[?:?]
	at com.liferay.portal.osgi.web.servlet.jsp.compiler.internal.JspServlet.service(JspServlet.java:340) ~[?:?]
	at org.eclipse.equinox.http.servlet.internal.registration.EndpointRegistration.service(EndpointRegistration.java:153) ~[?:?]
	at org.eclipse.equinox.http.servlet.internal.servlet.ResponseStateHandler.processRequest(ResponseStateHandler.java:62) ~[?:?]
	at org.eclipse.equinox.http.servlet.internal.context.DispatchTargets.doDispatch(DispatchTargets.java:120) ~[?:?]
	at org.eclipse.equinox.http.servlet.internal.servlet.RequestDispatcherAdaptor.include(RequestDispatcherAdaptor.java:48) ~[?:?]
	at com.liferay.portlet.internal.PortletRequestDispatcherImpl.dispatch(PortletRequestDispatcherImpl.java:291) ~[portal-impl.jar:?]
	... 239 more
2022-12-12 07:51:30.685 ERROR [http-nio-8080-exec-3][render_portlet_jsp:131] null
java.lang.NullPointerException: null
	at org.apache.jsp.detalle_jsp._jspService(detalle_jsp:167) ~[?:?]
	at org.apache.jasper.runtime.HttpJspBase.service(HttpJspBase.java:111) ~[jasper.jar:9.0.56]
	at javax.servlet.http.HttpServlet.service(HttpServlet.java:764) ~[servlet-api.jar:4.0.FR]
	at org.apache.jasper.servlet.JspServletWrapper.service(JspServletWrapper.java:411) ~[jasper.jar:9.0.56]
	at org.apache.jasper.servlet.JspServlet.serviceJspFile(JspServlet.java:473) ~[jasper.jar:9.0.56]
	at org.apache.jasper.servlet.JspServlet.service(JspServlet.java:377) ~[jasper.jar:9.0.56]
	at javax.servlet.http.HttpServlet.service(HttpServlet.java:764) ~[servlet-api.jar:4.0.FR]
	at com.liferay.portal.osgi.web.servlet.jsp.compiler.internal.JspServlet.service(JspServlet.java:328) ~[?:?]
	at com.liferay.portal.osgi.web.servlet.jsp.compiler.internal.JspServlet.service(JspServlet.java:340) ~[?:?]
	at org.eclipse.equinox.http.servlet.internal.registration.EndpointRegistration.service(EndpointRegistration.java:153) ~[?:?]
	at org.eclipse.equinox.http.servlet.internal.servlet.ResponseStateHandler.processRequest(ResponseStateHandler.java:62) ~[?:?]
	at org.eclipse.equinox.http.servlet.internal.context.DispatchTargets.doDispatch(DispatchTargets.java:120) ~[?:?]
	at org.eclipse.equinox.http.servlet.internal.servlet.RequestDispatcherAdaptor.include(RequestDispatcherAdaptor.java:48) ~[?:?]
	at com.liferay.portlet.internal.PortletRequestDispatcherImpl.dispatch(PortletRequestDispatcherImpl.java:291) ~[portal-impl.jar:?]
	at com.liferay.portlet.internal.PortletRequestDispatcherImpl.include(PortletRequestDispatcherImpl.java:123) ~[portal-impl.jar:?]
	at com.liferay.portal.kernel.portlet.bridges.mvc.MVCPortlet.include(MVCPortlet.java:620) ~[portal-kernel.jar:?]
	at com.liferay.portal.kernel.portlet.bridges.mvc.MVCPortlet.include(MVCPortlet.java:636) ~[portal-kernel.jar:?]
	at com.liferay.portal.kernel.portlet.bridges.mvc.MVCPortlet.doDispatch(MVCPortlet.java:506) ~[portal-kernel.jar:?]
	at javax.portlet.GenericPortlet.render(GenericPortlet.java:291) ~[portlet.jar:3.0.1]
	at com.liferay.portal.kernel.portlet.bridges.mvc.MVCPortlet.render(MVCPortlet.java:309) ~[portal-kernel.jar:?]
2022-12-12 08:10:37.078 INFO  [fileinstall-directory-watcher][BundleStartStopLogger:80] STOPPED es.capgemini.proyecto.pedidoform.portlet_1.0.0 [1608]
2022-12-12 08:10:37.289 INFO  [Refresh Thread: Equinox Container: df02e40d-dbe4-4667-a95c-dc177438cbf1][BundleStartStopLogger:77] STARTED es.capgemini.proyecto.pedidoform.portlet_1.0.0 [1608]
2022-12-12 08:12:06.387 INFO  [http-nio-8080-exec-1][jsp:169] ID Usuario: null
2022-12-12 14:24:10.931 WARN  [HikariPool-1 housekeeper][HikariPool:788] HikariPool-1 - Thread starvation or clock leap detected (housekeeper delta=2m25s376ms781s800ns).
2022-12-12 14:24:15.821 WARN  [HikariPool-2 housekeeper][HikariPool:788] HikariPool-2 - Thread starvation or clock leap detected (housekeeper delta=2m25s363ms1s800ns).
2022-12-12 15:14:29.452 WARN  [HikariPool-1 housekeeper][HikariPool:788] HikariPool-1 - Thread starvation or clock leap detected (housekeeper delta=20m17s373ms947s900ns).
2022-12-12 15:14:34.351 WARN  [HikariPool-2 housekeeper][HikariPool:788] HikariPool-2 - Thread starvation or clock leap detected (housekeeper delta=20m17s379ms883s700ns).
2022-12-12 15:51:13.033 WARN  [HikariPool-1 housekeeper][HikariPool:788] HikariPool-1 - Thread starvation or clock leap detected (housekeeper delta=6m41s917ms901s100ns).
2022-12-12 15:51:17.970 WARN  [HikariPool-2 housekeeper][HikariPool:788] HikariPool-2 - Thread starvation or clock leap detected (housekeeper delta=6m41s909ms464s500ns).
2022-12-12 15:51:22.504 WARN  [liferay/scheduler_dispatch-480][PoolBase:184] HikariPool-1 - Failed to validate connection org.mariadb.jdbc.MariaDbConnection@258b88f0 ((conn=9) Connection.setNetworkTimeout cannot be called on a closed connection). Possibly consider using a shorter maxLifetime value.
2022-12-12 15:51:22.504 WARN  [liferay/scheduler_dispatch-483][PoolBase:184] HikariPool-1 - Failed to validate connection org.mariadb.jdbc.MariaDbConnection@41c42f78 ((conn=8) Connection.setNetworkTimeout cannot be called on a closed connection). Possibly consider using a shorter maxLifetime value.
2022-12-12 15:51:22.520 WARN  [liferay/scheduler_dispatch-480][PoolBase:184] HikariPool-1 - Failed to validate connection org.mariadb.jdbc.MariaDbConnection@2608d9e3 ((conn=10) Connection.setNetworkTimeout cannot be called on a closed connection). Possibly consider using a shorter maxLifetime value.
2022-12-12 15:51:22.520 WARN  [liferay/scheduler_dispatch-480][PoolBase:184] HikariPool-1 - Failed to validate connection org.mariadb.jdbc.MariaDbConnection@63fe09f4 ((conn=11) Connection.setNetworkTimeout cannot be called on a closed connection). Possibly consider using a shorter maxLifetime value.
2022-12-12 18:18:26.174 INFO  [main][ThemeHotDeployListener:171] 1 theme for wecanbs-theme was unregistered
2022-12-12 18:18:26.186 INFO  [main][ThemeHotDeployListener:171] 1 theme for practica-theme was unregistered
2022-12-12 18:18:26.218 INFO  [main][ThemeHotDeployListener:171] 1 theme for admin-theme was unregistered
2022-12-12 18:18:26.218 INFO  [main][ThemeHotDeployListener:171] 1 theme for classic-theme was unregistered
2022-12-12 18:18:26.233 INFO  [main][ThemeHotDeployListener:171] 1 theme for dialect-theme was unregistered
2022-12-12 18:18:26.249 INFO  [main][ThemeHotDeployListener:171] 1 theme for minium-theme was unregistered
2022-12-12 18:18:26.253 INFO  [main][ThemeHotDeployListener:171] 1 theme for speedwell-theme was unregistered
