2022-10-24 06:04:47.593 INFO  [main][PortalContextLoaderListener:123] JVM arguments: -XX:MaxMetaspaceSize=768m -XX:MetaspaceSize=768m -Dcatalina.base=C:/Entornos/Entornos-7.4-local/liferay-ce-portal-7.4.3.44-ga44/tomcat-9.0.56 -Dcatalina.home=C:/Entornos/Entornos-7.4-local/liferay-ce-portal-7.4.3.44-ga44/tomcat-9.0.56 -Djdk.tls.ephemeralDHKeySize=2048 -Djava.protocol.handler.pkgs=org.apache.catalina.webresources -Dorg.apache.catalina.security.SecurityListener.UMASK=0027 -Dcom.sun.management.jmxremote -Dcom.sun.management.jmxremote.authenticate=false -Dcom.sun.management.jmxremote.port=8099 -Dcom.sun.management.jmxremote.ssl=false -Dfile.encoding=UTF8 -Djava.endorsed.dirs=C:/Entornos/Entornos-7.4-local/liferay-ce-portal-7.4.3.44-ga44/tomcat-9.0.56/endorsed -Djava.io.tmpdir=C:/Entornos/Entornos-7.4-local/liferay-ce-portal-7.4.3.44-ga44/tomcat-9.0.56/temp -Djava.net.preferIPv4Stack=true -Djava.util.logging.config.file=C:/Entornos/Entornos-7.4-local/liferay-ce-portal-7.4.3.44-ga44/tomcat-9.0.56/conf/logging.properties -Djava.util.logging.manager=org.apache.juli.ClassLoaderLogManager -Dorg.apache.catalina.loader.WebappClassLoader.ENABLE_CLEAR_REFERENCES=false -Duser.timezone=GMT -Xmx2560m
2022-10-24 06:04:53.915 INFO  [main][DialectDetector:153] Using dialect com.liferay.portal.dao.orm.hibernate.MariaDBDialect for MariaDB 10.11
2022-10-24 06:04:58.378 INFO  [main][ModuleFrameworkImpl:1279] Starting initial bundles
2022-10-24 06:04:58.927 INFO  [ModuleFramework-Static-Bundles-5][InterpolationConfigurationPlugin:109] Configured directory for secrets: C:/Entornos/Entornos-7.4-local/liferay-ce-portal-7.4.3.44-ga44/osgi/configs
2022-10-24 06:05:02.157 INFO  [main][ModuleFrameworkImpl:1576] Started initial bundles
2022-10-24 06:05:02.158 INFO  [main][ModuleFrameworkImpl:1625] Starting dynamic bundles
2022-10-24 06:05:27.323 INFO  [main][ModuleFrameworkImpl:1647] Started dynamic bundles
2022-10-24 06:05:27.323 INFO  [main][ModuleFrameworkImpl:1654] Starting web bundles
2022-10-24 06:05:30.754 INFO  [main][ModuleFrameworkImpl:1708] Started web bundles
2022-10-24 06:05:30.755 INFO  [main][ModuleFrameworkImpl:278] Navigate to Control Panel > System > Gogo Shell and enter "lb" to see all bundles
2022-10-24 06:05:30.771 INFO  [main][LoggingTimer:83] Starting com.liferay.portal.verify.VerifyProperties#verifySystemProperties
2022-10-24 06:05:30.773 INFO  [main][LoggingTimer:44] Completed com.liferay.portal.verify.VerifyProperties#verifySystemProperties in 2 ms
2022-10-24 06:05:30.774 INFO  [main][LoggingTimer:83] Starting com.liferay.portal.verify.VerifyProperties#verifyPortalProperties
2022-10-24 06:05:30.790 INFO  [main][LoggingTimer:44] Completed com.liferay.portal.verify.VerifyProperties#verifyPortalProperties in 16 ms
2022-10-24 06:05:30.791 INFO  [main][LoggingTimer:83] Starting com.liferay.portal.verify.VerifyProperties#verifyDocumentLibrary
2022-10-24 06:05:30.792 INFO  [main][LoggingTimer:44] Completed com.liferay.portal.verify.VerifyProperties#verifyDocumentLibrary in 1 ms
2022-10-24 06:05:31.502 INFO  [main][LoggingTimer:83] Starting com.liferay.portal.events.StartupHelperUtil#initResourceActions
2022-10-24 06:05:31.589 INFO  [main][LoggingTimer:44] Completed com.liferay.portal.events.StartupHelperUtil#initResourceActions in 87 ms
2022-10-24 06:05:35.464 WARN  [main][SidecarManager:103] Liferay automatically starts a child process of Elasticsearch named sidecar for convenient development and demonstration purposes. Do NOT use sidecar in production. Refer to the documentation for details on the limitations of sidecar and instructions on configuring a remote Elasticsearch connection in the Control Panel.
2022-10-24 06:06:21.032 INFO  [main][Sidecar:119] Sidecar Elasticsearch liferay started at 127.0.0.1:9201
2022-10-24 06:06:27.956 INFO  [main][StartupHelperUtil:86] There are no patches installed
2022-10-24 06:06:27.978 INFO  [main][LoggingTimer:83] Starting com.liferay.portal.events.StartupHelperUtil#initResourceActions
2022-10-24 06:06:28.018 INFO  [main][LoggingTimer:44] Completed com.liferay.portal.events.StartupHelperUtil#initResourceActions in 41 ms
2022-10-24 06:06:28.875 INFO  [main][AutoDeployDir:176] Auto deploy scanner started for C:\Entornos\Entornos-7.4-local\liferay-ce-portal-7.4.3.44-ga44\deploy
2022-10-24 06:06:38.210 INFO  [com.liferay.portal.osgi.web.wab.extender.internal.WabFactory-BundleTrackerOpener][ThemeHotDeployListener:108] 1 theme for speedwell-theme is available for use
2022-10-24 06:06:38.558 INFO  [com.liferay.portal.osgi.web.wab.extender.internal.WabFactory-BundleTrackerOpener][ThemeHotDeployListener:108] 1 theme for dialect-theme is available for use
2022-10-24 06:06:38.754 INFO  [com.liferay.portal.osgi.web.wab.extender.internal.WabFactory-BundleTrackerOpener][ThemeHotDeployListener:108] 1 theme for classic-theme is available for use
2022-10-24 06:06:38.947 INFO  [com.liferay.portal.osgi.web.wab.extender.internal.WabFactory-BundleTrackerOpener][ThemeHotDeployListener:108] 1 theme for admin-theme is available for use
2022-10-24 06:06:39.117 INFO  [com.liferay.portal.osgi.web.wab.extender.internal.WabFactory-BundleTrackerOpener][ThemeHotDeployListener:108] 1 theme for minium-theme is available for use
2022-10-24 06:07:10.037 INFO  [main][SystemCheckOSGiCommands:61] System check is enabled. You can run a system check with the command "system:check" in Gogo shell.
2022-10-24 06:07:10.052 INFO  [main][SystemCheckOSGiCommands:73] Running system check
2022-10-24 06:07:10.053 INFO  [main][SystemCheckOSGiCommands:95] Available checkers :[Declarative Service Soft Circular Dependency Checker, Declarative Service Unsatisfied Component Checker, Spring Extender Unavailable Component Checker]
2022-10-24 06:07:10.054 INFO  [main][SystemCheckOSGiCommands:111] Running "Declarative Service Soft Circular Dependency Checker". You can run this by itself with command "ds:softCircularDependency" in gogo shell.
2022-10-24 06:07:12.140 INFO  [main][SystemCheckOSGiCommands:123] Declarative Service Soft Circular Dependency Checker check result: No issues were found.
2022-10-24 06:07:12.142 INFO  [main][SystemCheckOSGiCommands:111] Running "Declarative Service Unsatisfied Component Checker". You can run this by itself with command "ds:unsatisfied" in gogo shell.
2022-10-24 06:07:33.007 INFO  [main][SystemCheckOSGiCommands:123] Declarative Service Unsatisfied Component Checker check result: No issues were found.
2022-10-24 06:07:33.007 INFO  [main][SystemCheckOSGiCommands:111] Running "Spring Extender Unavailable Component Checker". You can run this by itself with command "dm na" in gogo shell.
2022-10-24 06:07:33.009 INFO  [main][SystemCheckOSGiCommands:123] Spring Extender Unavailable Component Checker check result: No issues were found.
2022-10-24 07:01:33.604 WARN  [http-nio-8080-exec-3][SecurityPortletContainerWrapper:470] User 0 is not allowed to serve resource for http://localhost:8080/home on com_liferay_product_navigation_personal_menu_web_internal_portlet_PersonalMenuPortlet: User 0 must have ACCESS permission for Personal Menu com_liferay_product_navigation_personal_menu_web_internal_portlet_PersonalMenuPortlet 
2022-10-24 08:20:16.657 INFO  [fileinstall-directory-watcher][BundleStartStopLogger:77] STARTED es.capgemini.practicas.portlet.miprimerportlet_1.0.0 [1566]
2022-10-24 09:14:11.223 INFO  [fileinstall-directory-watcher][BundleStartStopLogger:77] STARTED es.capgemini.practicas.portlet_1.0.0 [1567]
2022-10-24 09:15:37.075 INFO  [fileinstall-directory-watcher][BundleStartStopLogger:80] STOPPED es.capgemini.practicas.portlet_1.0.0 [1567]
2022-10-24 09:15:37.389 INFO  [Refresh Thread: Equinox Container: f90e1fae-0932-4212-b29d-9da150c5d168][BundleStartStopLogger:77] STARTED es.capgemini.practicas.portlet_1.0.0 [1567]
2022-10-24 09:20:25.375 INFO  [fileinstall-directory-watcher][BundleStartStopLogger:80] STOPPED es.capgemini.practicas.portlet_1.0.0 [1567]
2022-10-24 09:20:25.477 INFO  [Refresh Thread: Equinox Container: f90e1fae-0932-4212-b29d-9da150c5d168][BundleStartStopLogger:77] STARTED es.capgemini.practicas.portlet_1.0.0 [1567]
2022-10-24 09:22:36.705 INFO  [fileinstall-directory-watcher][BundleStartStopLogger:80] STOPPED es.capgemini.practicas.portlet_1.0.0 [1567]
2022-10-24 09:23:12.121 INFO  [fileinstall-directory-watcher][BundleStartStopLogger:77] STARTED es.capgemini.practicas.portlet_1.0.0 [1568]
2022-10-24 09:28:04.824 INFO  [fileinstall-directory-watcher][BundleStartStopLogger:80] STOPPED es.capgemini.practicas.portlet_1.0.0 [1568]
2022-10-24 09:28:20.089 INFO  [fileinstall-directory-watcher][BundleStartStopLogger:77] STARTED es.capgemini.practicas.portlet_1.0.0 [1569]
2022-10-24 09:35:19.085 INFO  [fileinstall-directory-watcher][BundleStartStopLogger:80] STOPPED es.capgemini.practicas.portlet.miprimerportlet_1.0.0 [1566]
2022-10-24 09:35:29.302 INFO  [fileinstall-directory-watcher][BundleStartStopLogger:77] STARTED es.capgemini.practicas.portlet.miprimerportlet_1.0.0 [1570]
2022-10-24 09:38:15.873 INFO  [fileinstall-directory-watcher][BundleStartStopLogger:80] STOPPED es.capgemini.practicas.portlet_1.0.0 [1569]
2022-10-24 09:38:26.073 INFO  [fileinstall-directory-watcher][BundleStartStopLogger:77] STARTED es.capgemini.practicas.portlet_1.0.0 [1571]
2022-10-24 09:39:26.700 INFO  [fileinstall-directory-watcher][BundleStartStopLogger:80] STOPPED es.capgemini.practicas.portlet_1.0.0 [1571]
2022-10-24 09:39:26.808 INFO  [Refresh Thread: Equinox Container: f90e1fae-0932-4212-b29d-9da150c5d168][BundleStartStopLogger:77] STARTED es.capgemini.practicas.portlet_1.0.0 [1571]
2022-10-24 09:39:36.937 INFO  [fileinstall-directory-watcher][BundleStartStopLogger:80] STOPPED es.capgemini.practicas.portlet_1.0.0 [1571]
2022-10-24 09:39:47.232 INFO  [fileinstall-directory-watcher][BundleStartStopLogger:77] STARTED es.capgemini.practicas.portlet_1.0.0 [1572]
2022-10-24 09:49:43.249 INFO  [fileinstall-directory-watcher][BundleStartStopLogger:80] STOPPED es.capgemini.practicas.portlet_1.0.0 [1572]
2022-10-24 09:49:43.364 INFO  [Refresh Thread: Equinox Container: f90e1fae-0932-4212-b29d-9da150c5d168][BundleStartStopLogger:77] STARTED es.capgemini.practicas.portlet_1.0.0 [1572]
2022-10-24 10:11:12.975 WARN  [http-nio-8080-exec-3][SecurityPortletContainerWrapper:470] User 0 is not allowed to serve resource for http://localhost:8080/home on com_liferay_product_navigation_applications_menu_web_internal_portlet_ProductNavigationApplicationsMenuPortlet: User 0 must have ACCESS permission for Simulation com_liferay_product_navigation_applications_menu_web_internal_portlet_ProductNavigationApplicationsMenuPortlet 
2022-10-24 10:11:12.982 WARN  [http-nio-8080-exec-5][SecurityPortletContainerWrapper:470] User 0 is not allowed to serve resource for http://localhost:8080/home on com_liferay_layout_reports_web_internal_portlet_LayoutReportsPortlet: User 0 must have ACCESS permission for Page Audit com_liferay_layout_reports_web_internal_portlet_LayoutReportsPortlet 
2022-10-24 13:24:16.054 ERROR [http-nio-8080-exec-9][JSONWebServiceServiceAction:126] No JSON web service action with path /kaleo.kaleodefinition/get-kaleo-definitions and method GET for kaleo
2022-10-24 14:01:32.927 INFO  [fileinstall-directory-watcher][BundleStartStopLogger:80] STOPPED es.capgemini.practicas.portlet_1.0.0 [1572]
2022-10-24 15:21:59.889 INFO  [main][PortalContextLoaderListener:123] JVM arguments: -Xmx2560m -XX:MaxMetaspaceSize=768m -XX:MetaspaceSize=768m -Dcatalina.base=C:/Entornos/Entornos-7.4-local/liferay-ce-portal-7.4.3.44-ga44/tomcat-9.0.56 -Dcatalina.home=C:/Entornos/Entornos-7.4-local/liferay-ce-portal-7.4.3.44-ga44/tomcat-9.0.56 -Djdk.tls.ephemeralDHKeySize=2048 -Djava.protocol.handler.pkgs=org.apache.catalina.webresources -Dorg.apache.catalina.security.SecurityListener.UMASK=0027 -Dcom.sun.management.jmxremote -Dcom.sun.management.jmxremote.authenticate=false -Dcom.sun.management.jmxremote.port=8099 -Dcom.sun.management.jmxremote.ssl=false -Dfile.encoding=UTF8 -Djava.endorsed.dirs=C:/Entornos/Entornos-7.4-local/liferay-ce-portal-7.4.3.44-ga44/tomcat-9.0.56/endorsed -Djava.io.tmpdir=C:/Entornos/Entornos-7.4-local/liferay-ce-portal-7.4.3.44-ga44/tomcat-9.0.56/temp -Djava.net.preferIPv4Stack=true -Djava.util.logging.config.file=C:/Entornos/Entornos-7.4-local/liferay-ce-portal-7.4.3.44-ga44/tomcat-9.0.56/conf/logging.properties -Djava.util.logging.manager=org.apache.juli.ClassLoaderLogManager -Dorg.apache.catalina.loader.WebappClassLoader.ENABLE_CLEAR_REFERENCES=false -Duser.timezone=GMT
2022-10-24 15:22:02.862 INFO  [main][DialectDetector:153] Using dialect com.liferay.portal.dao.orm.hibernate.MariaDBDialect for MariaDB 10.11
2022-10-24 15:22:06.019 INFO  [main][ModuleFrameworkImpl:1279] Starting initial bundles
2022-10-24 15:22:06.402 INFO  [ModuleFramework-Static-Bundles-1][InterpolationConfigurationPlugin:109] Configured directory for secrets: C:/Entornos/Entornos-7.4-local/liferay-ce-portal-7.4.3.44-ga44/osgi/configs
2022-10-24 15:22:08.506 INFO  [main][ModuleFrameworkImpl:1576] Started initial bundles
2022-10-24 15:22:08.506 INFO  [main][ModuleFrameworkImpl:1625] Starting dynamic bundles
2022-10-24 15:22:20.652 INFO  [main][ModuleFrameworkImpl:1647] Started dynamic bundles
2022-10-24 15:22:20.656 INFO  [main][ModuleFrameworkImpl:1654] Starting web bundles
2022-10-24 15:22:22.493 INFO  [main][ModuleFrameworkImpl:1708] Started web bundles
2022-10-24 15:22:22.507 INFO  [main][ModuleFrameworkImpl:278] Navigate to Control Panel > System > Gogo Shell and enter "lb" to see all bundles
2022-10-24 15:22:22.509 INFO  [main][LoggingTimer:83] Starting com.liferay.portal.verify.VerifyProperties#verifySystemProperties
2022-10-24 15:22:22.509 INFO  [main][LoggingTimer:44] Completed com.liferay.portal.verify.VerifyProperties#verifySystemProperties in 0 ms
2022-10-24 15:22:22.509 INFO  [main][LoggingTimer:83] Starting com.liferay.portal.verify.VerifyProperties#verifyPortalProperties
2022-10-24 15:22:22.525 INFO  [main][LoggingTimer:44] Completed com.liferay.portal.verify.VerifyProperties#verifyPortalProperties in 16 ms
2022-10-24 15:22:22.525 INFO  [main][LoggingTimer:83] Starting com.liferay.portal.verify.VerifyProperties#verifyDocumentLibrary
2022-10-24 15:22:22.525 INFO  [main][LoggingTimer:44] Completed com.liferay.portal.verify.VerifyProperties#verifyDocumentLibrary in 0 ms
2022-10-24 15:22:22.863 INFO  [main][LoggingTimer:83] Starting com.liferay.portal.events.StartupHelperUtil#initResourceActions
2022-10-24 15:22:22.909 INFO  [main][LoggingTimer:44] Completed com.liferay.portal.events.StartupHelperUtil#initResourceActions in 46 ms
2022-10-24 15:22:24.883 WARN  [main][SidecarManager:103] Liferay automatically starts a child process of Elasticsearch named sidecar for convenient development and demonstration purposes. Do NOT use sidecar in production. Refer to the documentation for details on the limitations of sidecar and instructions on configuring a remote Elasticsearch connection in the Control Panel.
2022-10-24 15:22:44.934 INFO  [main][Sidecar:119] Sidecar Elasticsearch liferay started at 127.0.0.1:9201
2022-10-24 15:22:49.088 INFO  [main][StartupHelperUtil:86] There are no patches installed
2022-10-24 15:22:49.097 INFO  [main][LoggingTimer:83] Starting com.liferay.portal.events.StartupHelperUtil#initResourceActions
2022-10-24 15:22:49.138 INFO  [main][LoggingTimer:44] Completed com.liferay.portal.events.StartupHelperUtil#initResourceActions in 41 ms
2022-10-24 15:22:49.651 INFO  [main][AutoDeployDir:176] Auto deploy scanner started for C:\Entornos\Entornos-7.4-local\liferay-ce-portal-7.4.3.44-ga44\deploy
2022-10-24 15:22:56.144 INFO  [com.liferay.portal.osgi.web.wab.extender.internal.WabFactory-BundleTrackerOpener][ThemeHotDeployListener:108] 1 theme for speedwell-theme is available for use
2022-10-24 15:22:56.297 INFO  [com.liferay.portal.osgi.web.wab.extender.internal.WabFactory-BundleTrackerOpener][ThemeHotDeployListener:108] 1 theme for dialect-theme is available for use
2022-10-24 15:22:56.448 INFO  [com.liferay.portal.osgi.web.wab.extender.internal.WabFactory-BundleTrackerOpener][ThemeHotDeployListener:108] 1 theme for classic-theme is available for use
2022-10-24 15:22:56.576 INFO  [com.liferay.portal.osgi.web.wab.extender.internal.WabFactory-BundleTrackerOpener][ThemeHotDeployListener:108] 1 theme for admin-theme is available for use
2022-10-24 15:22:56.729 INFO  [com.liferay.portal.osgi.web.wab.extender.internal.WabFactory-BundleTrackerOpener][ThemeHotDeployListener:108] 1 theme for minium-theme is available for use
2022-10-24 15:23:14.425 INFO  [main][SystemCheckOSGiCommands:61] System check is enabled. You can run a system check with the command "system:check" in Gogo shell.
2022-10-24 15:23:14.437 INFO  [main][SystemCheckOSGiCommands:73] Running system check
2022-10-24 15:23:14.439 INFO  [main][SystemCheckOSGiCommands:95] Available checkers :[Declarative Service Soft Circular Dependency Checker, Declarative Service Unsatisfied Component Checker, Spring Extender Unavailable Component Checker]
2022-10-24 15:23:14.439 INFO  [main][SystemCheckOSGiCommands:111] Running "Declarative Service Soft Circular Dependency Checker". You can run this by itself with command "ds:softCircularDependency" in gogo shell.
2022-10-24 15:23:15.660 INFO  [main][SystemCheckOSGiCommands:123] Declarative Service Soft Circular Dependency Checker check result: No issues were found.
2022-10-24 15:23:15.660 INFO  [main][SystemCheckOSGiCommands:111] Running "Declarative Service Unsatisfied Component Checker". You can run this by itself with command "ds:unsatisfied" in gogo shell.
2022-10-24 15:23:30.578 INFO  [main][SystemCheckOSGiCommands:123] Declarative Service Unsatisfied Component Checker check result: No issues were found.
2022-10-24 15:23:30.584 INFO  [main][SystemCheckOSGiCommands:111] Running "Spring Extender Unavailable Component Checker". You can run this by itself with command "dm na" in gogo shell.
2022-10-24 15:23:30.586 INFO  [main][SystemCheckOSGiCommands:123] Spring Extender Unavailable Component Checker check result: No issues were found.
2022-10-24 15:24:50.431 INFO  [fileinstall-directory-watcher][BundleStartStopLogger:77] STARTED es.capgemini.practicas.miprimervideoportlet_1.0.0 [1573]
2022-10-24 15:25:26.684 INFO  [main][ThemeHotDeployListener:171] 1 theme for minium-theme was unregistered
2022-10-24 15:25:26.697 INFO  [main][ThemeHotDeployListener:171] 1 theme for admin-theme was unregistered
2022-10-24 15:25:26.708 INFO  [main][ThemeHotDeployListener:171] 1 theme for classic-theme was unregistered
2022-10-24 15:25:26.721 INFO  [main][ThemeHotDeployListener:171] 1 theme for dialect-theme was unregistered
2022-10-24 15:25:26.736 INFO  [main][ThemeHotDeployListener:171] 1 theme for speedwell-theme was unregistered
