2022-12-01 08:41:51.310 INFO  [main][PortalContextLoaderListener:123] JVM arguments: -XX:MaxMetaspaceSize=768m -XX:MetaspaceSize=768m -Dcatalina.base=C:/Entornos/Entornos-7.4-local/liferay-ce-portal-7.4.3.44-ga44/tomcat-9.0.56 -Dcatalina.home=C:/Entornos/Entornos-7.4-local/liferay-ce-portal-7.4.3.44-ga44/tomcat-9.0.56 -Djdk.tls.ephemeralDHKeySize=2048 -Djava.protocol.handler.pkgs=org.apache.catalina.webresources -Dorg.apache.catalina.security.SecurityListener.UMASK=0027 -Dcom.sun.management.jmxremote -Dcom.sun.management.jmxremote.authenticate=false -Dcom.sun.management.jmxremote.port=8099 -Dcom.sun.management.jmxremote.ssl=false -Dfile.encoding=UTF8 -Djava.endorsed.dirs=C:/Entornos/Entornos-7.4-local/liferay-ce-portal-7.4.3.44-ga44/tomcat-9.0.56/endorsed -Djava.io.tmpdir=C:/Entornos/Entornos-7.4-local/liferay-ce-portal-7.4.3.44-ga44/tomcat-9.0.56/temp -Djava.net.preferIPv4Stack=true -Djava.util.logging.config.file=C:/Entornos/Entornos-7.4-local/liferay-ce-portal-7.4.3.44-ga44/tomcat-9.0.56/conf/logging.properties -Djava.util.logging.manager=org.apache.juli.ClassLoaderLogManager -Dorg.apache.catalina.loader.WebappClassLoader.ENABLE_CLEAR_REFERENCES=false -Duser.timezone=GMT -Xmx2560m
2022-12-01 08:41:54.573 INFO  [main][DialectDetector:153] Using dialect com.liferay.portal.dao.orm.hibernate.MariaDBDialect for MariaDB 10.11
2022-12-01 08:41:56.770 INFO  [main][ModuleFrameworkImpl:1279] Starting initial bundles
2022-12-01 08:41:57.217 INFO  [ModuleFramework-Static-Bundles-4][InterpolationConfigurationPlugin:109] Configured directory for secrets: C:/Entornos/Entornos-7.4-local/liferay-ce-portal-7.4.3.44-ga44/osgi/configs
2022-12-01 08:41:58.949 INFO  [main][ModuleFrameworkImpl:1576] Started initial bundles
2022-12-01 08:41:58.949 INFO  [main][ModuleFrameworkImpl:1625] Starting dynamic bundles
2022-12-01 08:42:13.040 INFO  [main][ModuleFrameworkImpl:1647] Started dynamic bundles
2022-12-01 08:42:13.040 INFO  [main][ModuleFrameworkImpl:1654] Starting web bundles
2022-12-01 08:42:15.085 INFO  [main][ModuleFrameworkImpl:1708] Started web bundles
2022-12-01 08:42:15.086 INFO  [main][ModuleFrameworkImpl:278] Navigate to Control Panel > System > Gogo Shell and enter "lb" to see all bundles
2022-12-01 08:42:15.095 INFO  [main][LoggingTimer:83] Starting com.liferay.portal.verify.VerifyProperties#verifySystemProperties
2022-12-01 08:42:15.095 INFO  [main][LoggingTimer:44] Completed com.liferay.portal.verify.VerifyProperties#verifySystemProperties in 0 ms
2022-12-01 08:42:15.096 INFO  [main][LoggingTimer:83] Starting com.liferay.portal.verify.VerifyProperties#verifyPortalProperties
2022-12-01 08:42:15.106 INFO  [main][LoggingTimer:44] Completed com.liferay.portal.verify.VerifyProperties#verifyPortalProperties in 10 ms
2022-12-01 08:42:15.107 INFO  [main][LoggingTimer:83] Starting com.liferay.portal.verify.VerifyProperties#verifyDocumentLibrary
2022-12-01 08:42:15.107 INFO  [main][LoggingTimer:44] Completed com.liferay.portal.verify.VerifyProperties#verifyDocumentLibrary in 0 ms
2022-12-01 08:42:15.453 INFO  [main][LoggingTimer:83] Starting com.liferay.portal.events.StartupHelperUtil#initResourceActions
2022-12-01 08:42:15.505 INFO  [main][LoggingTimer:44] Completed com.liferay.portal.events.StartupHelperUtil#initResourceActions in 52 ms
2022-12-01 08:42:17.800 WARN  [main][SidecarManager:103] Liferay automatically starts a child process of Elasticsearch named sidecar for convenient development and demonstration purposes. Do NOT use sidecar in production. Refer to the documentation for details on the limitations of sidecar and instructions on configuring a remote Elasticsearch connection in the Control Panel.
2022-12-01 08:42:43.052 INFO  [main][Sidecar:119] Sidecar Elasticsearch liferay started at 127.0.0.1:9201
2022-12-01 08:42:47.872 INFO  [main][StartupHelperUtil:86] There are no patches installed
2022-12-01 08:42:47.890 INFO  [main][LoggingTimer:83] Starting com.liferay.portal.events.StartupHelperUtil#initResourceActions
2022-12-01 08:42:47.921 INFO  [main][LoggingTimer:44] Completed com.liferay.portal.events.StartupHelperUtil#initResourceActions in 31 ms
2022-12-01 08:42:48.443 INFO  [main][AutoDeployDir:176] Auto deploy scanner started for C:\Entornos\Entornos-7.4-local\liferay-ce-portal-7.4.3.44-ga44\deploy
2022-12-01 08:43:05.167 ERROR [main][ReleaseManagerImpl:188] Failed upgrade process for module es.capgemini.proyecto.procesopedidos.sb.service
com.liferay.portal.kernel.log.LogSanitizerException: com.liferay.portal.kernel.upgrade.UpgradeException: com.liferay.portal.kernel.upgrade.UpgradeException: Bundle es.capgemini.proyecto.procesopedidos.sb.service_1.0.0 [1605] has invalid content in tables.sql:_create table PROYECTO_pedidos (_	uuid_ VARCHAR(75) null,_	id_ LONG not null primary key,_	idUsuario LONG,_	email VARCHAR(75) null,_	nombre VARCHAR(75) null,_	via VARCHAR(75) null,_	direccion VARCHAR(75) null,_	pais VARCHAR(75) null,_	provincia VARCHAR(75) null,_	ciudad VARCHAR(75) null,_	codigoPostal VARCHAR(75) null,_	idProducto LONG,_	precio DOUBLE,_	cantidad INTEGER_); [Sanitized]
	at com.liferay.portal.spring.extender.internal.upgrade.InitialUpgradeExtender$InitialUpgradeStep.upgrade(InitialUpgradeExtender.java:239) ~[?:?]
	at com.liferay.portal.upgrade.internal.executor.UpgradeExecutor$UpgradeInfosRunnable.run(UpgradeExecutor.java:245) ~[bundleFile:?]
	at com.liferay.portal.output.stream.container.internal.OutputStreamContainerFactoryTrackerImpl.runWithSwappedLog(OutputStreamContainerFactoryTrackerImpl.java:134) ~[?:?]
	at com.liferay.portal.upgrade.internal.executor.SwappedLogExecutor.execute(SwappedLogExecutor.java:51) ~[bundleFile:?]
	at com.liferay.portal.upgrade.internal.executor.UpgradeExecutor.executeUpgradeInfos(UpgradeExecutor.java:161) ~[bundleFile:?]
	at com.liferay.portal.upgrade.internal.executor.UpgradeExecutor.execute(UpgradeExecutor.java:121) ~[bundleFile:?]
	at com.liferay.portal.upgrade.internal.release.ReleaseManagerImpl.activate(ReleaseManagerImpl.java:183) [bundleFile:?]
	at sun.reflect.NativeMethodAccessorImpl.invoke0(Native Method) ~[?:1.8.0_341]
	at sun.reflect.NativeMethodAccessorImpl.invoke(NativeMethodAccessorImpl.java:62) ~[?:1.8.0_341]
	at sun.reflect.DelegatingMethodAccessorImpl.invoke(DelegatingMethodAccessorImpl.java:43) ~[?:1.8.0_341]
	at java.lang.reflect.Method.invoke(Method.java:498) ~[?:1.8.0_341]
	at org.apache.felix.scr.impl.inject.methods.BaseMethod.invokeMethod(BaseMethod.java:228) [bundleFile:?]
	at org.apache.felix.scr.impl.inject.methods.BaseMethod.access$500(BaseMethod.java:41) [bundleFile:?]
	at org.apache.felix.scr.impl.inject.methods.BaseMethod$Resolved.invoke(BaseMethod.java:664) [bundleFile:?]
	at org.apache.felix.scr.impl.inject.methods.BaseMethod.invoke(BaseMethod.java:510) [bundleFile:?]
	at org.apache.felix.scr.impl.inject.methods.ActivateMethod.invoke(ActivateMethod.java:310) [bundleFile:?]
	at org.apache.felix.scr.impl.inject.methods.ActivateMethod.invoke(ActivateMethod.java:300) [bundleFile:?]
	at org.apache.felix.scr.impl.manager.SingleComponentManager.createImplementationObject(SingleComponentManager.java:341) [bundleFile:?]
	at org.apache.felix.scr.impl.manager.SingleComponentManager.createComponent(SingleComponentManager.java:114) [bundleFile:?]
	at org.apache.felix.scr.impl.manager.SingleComponentManager.getService(SingleComponentManager.java:983) [bundleFile:?]
	at org.apache.felix.scr.impl.manager.SingleComponentManager.getServiceInternal(SingleComponentManager.java:956) [bundleFile:?]
	at org.apache.felix.scr.impl.manager.SingleComponentManager.getService(SingleComponentManager.java:901) [bundleFile:?]
	at org.eclipse.osgi.internal.serviceregistry.ServiceFactoryUse$1.run(ServiceFactoryUse.java:212) [org.eclipse.osgi.jar:?]
	at java.security.AccessController.doPrivileged(Native Method) ~[?:1.8.0_341]
	at org.eclipse.osgi.internal.serviceregistry.ServiceFactoryUse.factoryGetService(ServiceFactoryUse.java:210) [org.eclipse.osgi.jar:?]
	at org.eclipse.osgi.internal.serviceregistry.ServiceFactoryUse.getService(ServiceFactoryUse.java:111) [org.eclipse.osgi.jar:?]
	at org.eclipse.osgi.internal.serviceregistry.ServiceConsumer$2.getService(ServiceConsumer.java:45) [org.eclipse.osgi.jar:?]
	at org.eclipse.osgi.internal.serviceregistry.ServiceRegistrationImpl.getService(ServiceRegistrationImpl.java:524) [org.eclipse.osgi.jar:?]
	at org.eclipse.osgi.internal.serviceregistry.ServiceRegistry.getService(ServiceRegistry.java:464) [org.eclipse.osgi.jar:?]
	at org.eclipse.osgi.internal.framework.BundleContextImpl.getService(BundleContextImpl.java:624) [org.eclipse.osgi.jar:?]
	at com.liferay.portal.kernel.module.util.ServiceTrackerFieldUpdaterCustomizer.doAddingService(ServiceTrackerFieldUpdaterCustomizer.java:96) [portal-kernel.jar:?]
	at com.liferay.portal.kernel.module.util.ServiceTrackerFieldUpdaterCustomizer.addingService(ServiceTrackerFieldUpdaterCustomizer.java:58) [portal-kernel.jar:?]
	at org.osgi.util.tracker.ServiceTracker$Tracked.customizerAdding(ServiceTracker.java:943) [org.eclipse.osgi.jar:?]
	at org.osgi.util.tracker.ServiceTracker$Tracked.customizerAdding(ServiceTracker.java:1) [org.eclipse.osgi.jar:?]
	at org.osgi.util.tracker.AbstractTracked.trackAdding(AbstractTracked.java:256) [org.eclipse.osgi.jar:?]
	at org.osgi.util.tracker.AbstractTracked.track(AbstractTracked.java:229) [org.eclipse.osgi.jar:?]
	at org.osgi.util.tracker.ServiceTracker$Tracked.serviceChanged(ServiceTracker.java:903) [org.eclipse.osgi.jar:?]
	at org.eclipse.osgi.internal.serviceregistry.FilteredServiceListener.serviceChanged(FilteredServiceListener.java:109) [org.eclipse.osgi.jar:?]
	at org.eclipse.osgi.internal.serviceregistry.ServiceRegistry.publishServiceEventPrivileged(ServiceRegistry.java:891) [org.eclipse.osgi.jar:?]
	at org.eclipse.osgi.internal.serviceregistry.ServiceRegistry.publishServiceEvent(ServiceRegistry.java:804) [org.eclipse.osgi.jar:?]
	at org.eclipse.osgi.internal.serviceregistry.ServiceRegistrationImpl.register(ServiceRegistrationImpl.java:127) [org.eclipse.osgi.jar:?]
	at org.eclipse.osgi.internal.serviceregistry.ServiceRegistry.registerService(ServiceRegistry.java:228) [org.eclipse.osgi.jar:?]
	at org.eclipse.osgi.internal.framework.BundleContextImpl.registerService(BundleContextImpl.java:469) [org.eclipse.osgi.jar:?]
	at org.apache.felix.scr.impl.manager.AbstractComponentManager$3.register(AbstractComponentManager.java:906) [bundleFile:?]
	at org.apache.felix.scr.impl.manager.AbstractComponentManager$3.register(AbstractComponentManager.java:892) [bundleFile:?]
	at org.apache.felix.scr.impl.manager.RegistrationManager.changeRegistration(RegistrationManager.java:128) [bundleFile:?]
	at org.apache.felix.scr.impl.manager.AbstractComponentManager.registerService(AbstractComponentManager.java:959) [bundleFile:?]
	at org.apache.felix.scr.impl.manager.AbstractComponentManager.activateInternal(AbstractComponentManager.java:732) [bundleFile:?]
	at org.apache.felix.scr.impl.manager.DependencyManager$SingleStaticCustomizer.addedService(DependencyManager.java:1053) [bundleFile:?]
	at org.apache.felix.scr.impl.manager.DependencyManager$SingleStaticCustomizer.addedService(DependencyManager.java:1007) [bundleFile:?]
	at org.apache.felix.scr.impl.manager.ServiceTracker$Tracked.customizerAdded(ServiceTracker.java:1216) [bundleFile:?]
	at org.apache.felix.scr.impl.manager.ServiceTracker$Tracked.customizerAdded(ServiceTracker.java:1137) [bundleFile:?]
	at org.apache.felix.scr.impl.manager.ServiceTracker$AbstractTracked.trackAdding(ServiceTracker.java:944) [bundleFile:?]
	at org.apache.felix.scr.impl.manager.ServiceTracker$AbstractTracked.track(ServiceTracker.java:880) [bundleFile:?]
	at org.apache.felix.scr.impl.manager.ServiceTracker$Tracked.serviceChanged(ServiceTracker.java:1168) [bundleFile:?]
	at org.apache.felix.scr.impl.BundleComponentActivator$ListenerInfo.serviceChanged(BundleComponentActivator.java:125) [bundleFile:?]
	at org.eclipse.osgi.internal.serviceregistry.FilteredServiceListener.serviceChanged(FilteredServiceListener.java:109) [org.eclipse.osgi.jar:?]
	at org.eclipse.osgi.internal.serviceregistry.ServiceRegistry.publishServiceEventPrivileged(ServiceRegistry.java:891) [org.eclipse.osgi.jar:?]
	at org.eclipse.osgi.internal.serviceregistry.ServiceRegistry.publishServiceEvent(ServiceRegistry.java:804) [org.eclipse.osgi.jar:?]
	at org.eclipse.osgi.internal.serviceregistry.ServiceRegistrationImpl.register(ServiceRegistrationImpl.java:127) [org.eclipse.osgi.jar:?]
	at org.eclipse.osgi.internal.serviceregistry.ServiceRegistry.registerService(ServiceRegistry.java:228) [org.eclipse.osgi.jar:?]
	at org.eclipse.osgi.internal.framework.BundleContextImpl.registerService(BundleContextImpl.java:469) [org.eclipse.osgi.jar:?]
	at org.apache.felix.scr.impl.manager.AbstractComponentManager$3.register(AbstractComponentManager.java:906) [bundleFile:?]
	at org.apache.felix.scr.impl.manager.AbstractComponentManager$3.register(AbstractComponentManager.java:892) [bundleFile:?]
	at org.apache.felix.scr.impl.manager.RegistrationManager.changeRegistration(RegistrationManager.java:128) [bundleFile:?]
	at org.apache.felix.scr.impl.manager.AbstractComponentManager.registerService(AbstractComponentManager.java:959) [bundleFile:?]
	at org.apache.felix.scr.impl.manager.AbstractComponentManager.activateInternal(AbstractComponentManager.java:732) [bundleFile:?]
	at org.apache.felix.scr.impl.manager.DependencyManager$SingleStaticCustomizer.addedService(DependencyManager.java:1053) [bundleFile:?]
	at org.apache.felix.scr.impl.manager.DependencyManager$SingleStaticCustomizer.addedService(DependencyManager.java:1007) [bundleFile:?]
	at org.apache.felix.scr.impl.manager.ServiceTracker$Tracked.customizerAdded(ServiceTracker.java:1216) [bundleFile:?]
	at org.apache.felix.scr.impl.manager.ServiceTracker$Tracked.customizerAdded(ServiceTracker.java:1137) [bundleFile:?]
	at org.apache.felix.scr.impl.manager.ServiceTracker$AbstractTracked.trackAdding(ServiceTracker.java:944) [bundleFile:?]
	at org.apache.felix.scr.impl.manager.ServiceTracker$AbstractTracked.track(ServiceTracker.java:880) [bundleFile:?]
	at org.apache.felix.scr.impl.manager.ServiceTracker$Tracked.serviceChanged(ServiceTracker.java:1168) [bundleFile:?]
	at org.apache.felix.scr.impl.BundleComponentActivator$ListenerInfo.serviceChanged(BundleComponentActivator.java:125) [bundleFile:?]
	at org.eclipse.osgi.internal.serviceregistry.FilteredServiceListener.serviceChanged(FilteredServiceListener.java:109) [org.eclipse.osgi.jar:?]
	at org.eclipse.osgi.internal.serviceregistry.ServiceRegistry.publishServiceEventPrivileged(ServiceRegistry.java:891) [org.eclipse.osgi.jar:?]
	at org.eclipse.osgi.internal.serviceregistry.ServiceRegistry.publishServiceEvent(ServiceRegistry.java:804) [org.eclipse.osgi.jar:?]
	at org.eclipse.osgi.internal.serviceregistry.ServiceRegistrationImpl.register(ServiceRegistrationImpl.java:127) [org.eclipse.osgi.jar:?]
	at org.eclipse.osgi.internal.serviceregistry.ServiceRegistry.registerService(ServiceRegistry.java:228) [org.eclipse.osgi.jar:?]
	at org.eclipse.osgi.internal.framework.BundleContextImpl.registerService(BundleContextImpl.java:469) [org.eclipse.osgi.jar:?]
	at org.apache.felix.scr.impl.manager.AbstractComponentManager$3.register(AbstractComponentManager.java:906) [bundleFile:?]
	at org.apache.felix.scr.impl.manager.AbstractComponentManager$3.register(AbstractComponentManager.java:892) [bundleFile:?]
	at org.apache.felix.scr.impl.manager.RegistrationManager.changeRegistration(RegistrationManager.java:128) [bundleFile:?]
	at org.apache.felix.scr.impl.manager.AbstractComponentManager.registerService(AbstractComponentManager.java:959) [bundleFile:?]
	at org.apache.felix.scr.impl.manager.AbstractComponentManager.activateInternal(AbstractComponentManager.java:732) [bundleFile:?]
	at org.apache.felix.scr.impl.manager.DependencyManager$SingleStaticCustomizer.addedService(DependencyManager.java:1053) [bundleFile:?]
	at org.apache.felix.scr.impl.manager.DependencyManager$SingleStaticCustomizer.addedService(DependencyManager.java:1007) [bundleFile:?]
	at org.apache.felix.scr.impl.manager.ServiceTracker$Tracked.customizerAdded(ServiceTracker.java:1216) [bundleFile:?]
	at org.apache.felix.scr.impl.manager.ServiceTracker$Tracked.customizerAdded(ServiceTracker.java:1137) [bundleFile:?]
	at org.apache.felix.scr.impl.manager.ServiceTracker$AbstractTracked.trackAdding(ServiceTracker.java:944) [bundleFile:?]
	at org.apache.felix.scr.impl.manager.ServiceTracker$AbstractTracked.track(ServiceTracker.java:880) [bundleFile:?]
	at org.apache.felix.scr.impl.manager.ServiceTracker$Tracked.serviceChanged(ServiceTracker.java:1168) [bundleFile:?]
	at org.apache.felix.scr.impl.BundleComponentActivator$ListenerInfo.serviceChanged(BundleComponentActivator.java:125) [bundleFile:?]
	at org.eclipse.osgi.internal.serviceregistry.FilteredServiceListener.serviceChanged(FilteredServiceListener.java:109) [org.eclipse.osgi.jar:?]
	at org.eclipse.osgi.internal.serviceregistry.ServiceRegistry.publishServiceEventPrivileged(ServiceRegistry.java:891) [org.eclipse.osgi.jar:?]
	at org.eclipse.osgi.internal.serviceregistry.ServiceRegistry.publishServiceEvent(ServiceRegistry.java:804) [org.eclipse.osgi.jar:?]
	at org.eclipse.osgi.internal.serviceregistry.ServiceRegistrationImpl.register(ServiceRegistrationImpl.java:127) [org.eclipse.osgi.jar:?]
	at org.eclipse.osgi.internal.serviceregistry.ServiceRegistry.registerService(ServiceRegistry.java:228) [org.eclipse.osgi.jar:?]
	at org.eclipse.osgi.internal.framework.BundleContextImpl.registerService(BundleContextImpl.java:469) [org.eclipse.osgi.jar:?]
	at org.apache.felix.scr.impl.manager.AbstractComponentManager$3.register(AbstractComponentManager.java:906) [bundleFile:?]
	at org.apache.felix.scr.impl.manager.AbstractComponentManager$3.register(AbstractComponentManager.java:892) [bundleFile:?]
	at org.apache.felix.scr.impl.manager.RegistrationManager.changeRegistration(RegistrationManager.java:128) [bundleFile:?]
	at org.apache.felix.scr.impl.manager.AbstractComponentManager.registerService(AbstractComponentManager.java:959) [bundleFile:?]
	at org.apache.felix.scr.impl.manager.AbstractComponentManager.activateInternal(AbstractComponentManager.java:732) [bundleFile:?]
	at org.apache.felix.scr.impl.manager.DependencyManager$SingleStaticCustomizer.addedService(DependencyManager.java:1053) [bundleFile:?]
	at org.apache.felix.scr.impl.manager.DependencyManager$SingleStaticCustomizer.addedService(DependencyManager.java:1007) [bundleFile:?]
	at org.apache.felix.scr.impl.manager.ServiceTracker$Tracked.customizerAdded(ServiceTracker.java:1216) [bundleFile:?]
	at org.apache.felix.scr.impl.manager.ServiceTracker$Tracked.customizerAdded(ServiceTracker.java:1137) [bundleFile:?]
	at org.apache.felix.scr.impl.manager.ServiceTracker$AbstractTracked.trackAdding(ServiceTracker.java:944) [bundleFile:?]
	at org.apache.felix.scr.impl.manager.ServiceTracker$AbstractTracked.track(ServiceTracker.java:880) [bundleFile:?]
	at org.apache.felix.scr.impl.manager.ServiceTracker$Tracked.serviceChanged(ServiceTracker.java:1168) [bundleFile:?]
	at org.apache.felix.scr.impl.BundleComponentActivator$ListenerInfo.serviceChanged(BundleComponentActivator.java:125) [bundleFile:?]
	at org.eclipse.osgi.internal.serviceregistry.FilteredServiceListener.serviceChanged(FilteredServiceListener.java:109) [org.eclipse.osgi.jar:?]
	at org.eclipse.osgi.internal.serviceregistry.ServiceRegistry.publishServiceEventPrivileged(ServiceRegistry.java:891) [org.eclipse.osgi.jar:?]
	at org.eclipse.osgi.internal.serviceregistry.ServiceRegistry.publishServiceEvent(ServiceRegistry.java:804) [org.eclipse.osgi.jar:?]
	at org.eclipse.osgi.internal.serviceregistry.ServiceRegistrationImpl.register(ServiceRegistrationImpl.java:127) [org.eclipse.osgi.jar:?]
	at org.eclipse.osgi.internal.serviceregistry.ServiceRegistry.registerService(ServiceRegistry.java:228) [org.eclipse.osgi.jar:?]
	at org.eclipse.osgi.internal.framework.BundleContextImpl.registerService(BundleContextImpl.java:469) [org.eclipse.osgi.jar:?]
	at org.eclipse.osgi.internal.framework.BundleContextImpl.registerService(BundleContextImpl.java:487) [org.eclipse.osgi.jar:?]
	at org.eclipse.osgi.internal.framework.BundleContextImpl.registerService(BundleContextImpl.java:1004) [org.eclipse.osgi.jar:?]
	at com.liferay.portal.tools.DBUpgrader._registerModuleServiceLifecycle(DBUpgrader.java:338) [portal-impl.jar:?]
	at com.liferay.portal.tools.DBUpgrader.upgradeModules(DBUpgrader.java:173) [portal-impl.jar:?]
	at com.liferay.portal.internal.servlet.MainServlet.init(MainServlet.java:395) [portal-impl.jar:?]
	at javax.servlet.GenericServlet.init(GenericServlet.java:158) [servlet-api.jar:4.0.FR]
	at com.liferay.shielded.container.internal.proxy.ServletWrapper.init(ServletWrapper.java:92) [com.liferay.shielded.container.impl.jar:?]
	at org.apache.catalina.core.StandardWrapper.initServlet(StandardWrapper.java:1164) [catalina.jar:9.0.56]
	at org.apache.catalina.core.StandardWrapper.load(StandardWrapper.java:1013) [catalina.jar:9.0.56]
	at org.apache.catalina.core.StandardContext.loadOnStartup(StandardContext.java:4957) [catalina.jar:9.0.56]
	at org.apache.catalina.core.StandardContext.startInternal(StandardContext.java:5264) [catalina.jar:9.0.56]
	at org.apache.catalina.util.LifecycleBase.start(LifecycleBase.java:183) [catalina.jar:9.0.56]
	at org.apache.catalina.core.ContainerBase.addChildInternal(ContainerBase.java:726) [catalina.jar:9.0.56]
	at org.apache.catalina.core.ContainerBase.addChild(ContainerBase.java:698) [catalina.jar:9.0.56]
	at org.apache.catalina.core.StandardHost.addChild(StandardHost.java:696) [catalina.jar:9.0.56]
	at org.apache.catalina.startup.HostConfig.deployDescriptor(HostConfig.java:690) [catalina.jar:9.0.56]
	at org.apache.catalina.startup.HostConfig$DeployDescriptor.run(HostConfig.java:1889) [catalina.jar:9.0.56]
	at java.util.concurrent.Executors$RunnableAdapter.call(Executors.java:511) [?:1.8.0_341]
	at java.util.concurrent.FutureTask.run(FutureTask.java:266) [?:1.8.0_341]
	at org.apache.tomcat.util.threads.InlineExecutorService.execute(InlineExecutorService.java:75) [tomcat-util.jar:9.0.56]
	at java.util.concurrent.AbstractExecutorService.submit(AbstractExecutorService.java:112) [?:1.8.0_341]
	at org.apache.catalina.startup.HostConfig.deployDescriptors(HostConfig.java:583) [catalina.jar:9.0.56]
	at org.apache.catalina.startup.HostConfig.deployApps(HostConfig.java:473) [catalina.jar:9.0.56]
	at org.apache.catalina.startup.HostConfig.start(HostConfig.java:1618) [catalina.jar:9.0.56]
	at org.apache.catalina.startup.HostConfig.lifecycleEvent(HostConfig.java:319) [catalina.jar:9.0.56]
	at org.apache.catalina.util.LifecycleBase.fireLifecycleEvent(LifecycleBase.java:123) [catalina.jar:9.0.56]
	at org.apache.catalina.util.LifecycleBase.setStateInternal(LifecycleBase.java:423) [catalina.jar:9.0.56]
	at org.apache.catalina.util.LifecycleBase.setState(LifecycleBase.java:366) [catalina.jar:9.0.56]
	at org.apache.catalina.core.ContainerBase.startInternal(ContainerBase.java:946) [catalina.jar:9.0.56]
	at org.apache.catalina.core.StandardHost.startInternal(StandardHost.java:835) [catalina.jar:9.0.56]
	at org.apache.catalina.util.LifecycleBase.start(LifecycleBase.java:183) [catalina.jar:9.0.56]
	at org.apache.catalina.core.ContainerBase$StartChild.call(ContainerBase.java:1396) [catalina.jar:9.0.56]
	at org.apache.catalina.core.ContainerBase$StartChild.call(ContainerBase.java:1386) [catalina.jar:9.0.56]
	at java.util.concurrent.FutureTask.run(FutureTask.java:266) [?:1.8.0_341]
	at org.apache.tomcat.util.threads.InlineExecutorService.execute(InlineExecutorService.java:75) [tomcat-util.jar:9.0.56]
	at java.util.concurrent.AbstractExecutorService.submit(AbstractExecutorService.java:134) [?:1.8.0_341]
	at org.apache.catalina.core.ContainerBase.startInternal(ContainerBase.java:919) [catalina.jar:9.0.56]
	at org.apache.catalina.core.StandardEngine.startInternal(StandardEngine.java:263) [catalina.jar:9.0.56]
	at org.apache.catalina.util.LifecycleBase.start(LifecycleBase.java:183) [catalina.jar:9.0.56]
	at org.apache.catalina.core.StandardService.startInternal(StandardService.java:432) [catalina.jar:9.0.56]
	at org.apache.catalina.util.LifecycleBase.start(LifecycleBase.java:183) [catalina.jar:9.0.56]
	at org.apache.catalina.core.StandardServer.startInternal(StandardServer.java:927) [catalina.jar:9.0.56]
	at org.apache.catalina.util.LifecycleBase.start(LifecycleBase.java:183) [catalina.jar:9.0.56]
	at org.apache.catalina.startup.Catalina.start(Catalina.java:772) [catalina.jar:9.0.56]
	at sun.reflect.NativeMethodAccessorImpl.invoke0(Native Method) ~[?:1.8.0_341]
	at sun.reflect.NativeMethodAccessorImpl.invoke(NativeMethodAccessorImpl.java:62) ~[?:1.8.0_341]
	at sun.reflect.DelegatingMethodAccessorImpl.invoke(DelegatingMethodAccessorImpl.java:43) ~[?:1.8.0_341]
	at java.lang.reflect.Method.invoke(Method.java:498) ~[?:1.8.0_341]
	at org.apache.catalina.startup.Bootstrap.start(Bootstrap.java:345) [bootstrap.jar:9.0.56]
	at org.apache.catalina.startup.Bootstrap.main(Bootstrap.java:476) [bootstrap.jar:9.0.56]
Caused by: com.liferay.portal.kernel.log.LogSanitizerException: com.liferay.portal.kernel.upgrade.UpgradeException: Bundle es.capgemini.proyecto.procesopedidos.sb.service_1.0.0 [1605] has invalid content in tables.sql:_create table PROYECTO_pedidos (_	uuid_ VARCHAR(75) null,_	id_ LONG not null primary key,_	idUsuario LONG,_	email VARCHAR(75) null,_	nombre VARCHAR(75) null,_	via VARCHAR(75) null,_	direccion VARCHAR(75) null,_	pais VARCHAR(75) null,_	provincia VARCHAR(75) null,_	ciudad VARCHAR(75) null,_	codigoPostal VARCHAR(75) null,_	idProducto LONG,_	precio DOUBLE,_	cantidad INTEGER_); [Sanitized]
	at com.liferay.portal.spring.extender.internal.upgrade.InitialUpgradeExtender$InitialUpgradeStep._upgrade(InitialUpgradeExtender.java:281) ~[?:?]
	at com.liferay.portal.spring.extender.internal.upgrade.InitialUpgradeExtender$InitialUpgradeStep.lambda$upgrade$0(InitialUpgradeExtender.java:235) ~[?:?]
	at com.liferay.portal.db.partition.DBPartitionUtil.forEachCompanyId(DBPartitionUtil.java:118) ~[portal-impl.jar:?]
	at com.liferay.portal.dao.db.BaseDB.process(BaseDB.java:356) ~[portal-impl.jar:?]
	at com.liferay.portal.spring.extender.internal.upgrade.InitialUpgradeExtender$InitialUpgradeStep.upgrade(InitialUpgradeExtender.java:224) ~[?:?]
	... 168 more
Caused by: java.sql.SQLSyntaxErrorException: (conn=23) Table 'proyecto_pedidos' already exists
	at org.mariadb.jdbc.internal.util.exceptions.ExceptionFactory.createException(ExceptionFactory.java:62) ~[mariadb.jar:?]
	at org.mariadb.jdbc.internal.util.exceptions.ExceptionFactory.create(ExceptionFactory.java:158) ~[mariadb.jar:?]
	at org.mariadb.jdbc.MariaDbStatement.executeExceptionEpilogue(MariaDbStatement.java:266) ~[mariadb.jar:?]
	at org.mariadb.jdbc.MariaDbStatement.executeInternal(MariaDbStatement.java:366) ~[mariadb.jar:?]
	at org.mariadb.jdbc.MariaDbStatement.executeUpdate(MariaDbStatement.java:630) ~[mariadb.jar:?]
	at com.zaxxer.hikari.pool.ProxyStatement.executeUpdate(ProxyStatement.java:119) ~[hikaricp.jar:?]
	at com.zaxxer.hikari.pool.HikariProxyStatement.executeUpdate(HikariProxyStatement.java) ~[hikaricp.jar:?]
	at com.liferay.portal.dao.db.BaseDB.runSQL(BaseDB.java:413) ~[portal-impl.jar:?]
	at com.liferay.portal.dao.db.BaseDB.runSQL(BaseDB.java:379) ~[portal-impl.jar:?]
	at com.liferay.portal.dao.db.BaseDB.runSQLTemplateString(BaseDB.java:513) ~[portal-impl.jar:?]
	at com.liferay.portal.spring.extender.internal.upgrade.InitialUpgradeExtender$InitialUpgradeStep._upgrade(InitialUpgradeExtender.java:277) ~[?:?]
	at com.liferay.portal.spring.extender.internal.upgrade.InitialUpgradeExtender$InitialUpgradeStep.lambda$upgrade$0(InitialUpgradeExtender.java:235) ~[?:?]
	at com.liferay.portal.db.partition.DBPartitionUtil.forEachCompanyId(DBPartitionUtil.java:118) ~[portal-impl.jar:?]
	at com.liferay.portal.dao.db.BaseDB.process(BaseDB.java:356) ~[portal-impl.jar:?]
	at com.liferay.portal.spring.extender.internal.upgrade.InitialUpgradeExtender$InitialUpgradeStep.upgrade(InitialUpgradeExtender.java:224) ~[?:?]
	... 168 more
Caused by: org.mariadb.jdbc.internal.util.exceptions.MariaDbSqlException: Table 'proyecto_pedidos' already exists
	at org.mariadb.jdbc.internal.util.exceptions.MariaDbSqlException.of(MariaDbSqlException.java:34) ~[mariadb.jar:?]
	at org.mariadb.jdbc.internal.protocol.AbstractQueryProtocol.exceptionWithQuery(AbstractQueryProtocol.java:194) ~[mariadb.jar:?]
	at org.mariadb.jdbc.internal.protocol.AbstractQueryProtocol.executeQuery(AbstractQueryProtocol.java:262) ~[mariadb.jar:?]
	at org.mariadb.jdbc.MariaDbStatement.executeInternal(MariaDbStatement.java:360) ~[mariadb.jar:?]
	at org.mariadb.jdbc.MariaDbStatement.executeUpdate(MariaDbStatement.java:630) ~[mariadb.jar:?]
	at com.zaxxer.hikari.pool.ProxyStatement.executeUpdate(ProxyStatement.java:119) ~[hikaricp.jar:?]
	at com.zaxxer.hikari.pool.HikariProxyStatement.executeUpdate(HikariProxyStatement.java) ~[hikaricp.jar:?]
	at com.liferay.portal.dao.db.BaseDB.runSQL(BaseDB.java:413) ~[portal-impl.jar:?]
	at com.liferay.portal.dao.db.BaseDB.runSQL(BaseDB.java:379) ~[portal-impl.jar:?]
	at com.liferay.portal.dao.db.BaseDB.runSQLTemplateString(BaseDB.java:513) ~[portal-impl.jar:?]
	at com.liferay.portal.spring.extender.internal.upgrade.InitialUpgradeExtender$InitialUpgradeStep._upgrade(InitialUpgradeExtender.java:277) ~[?:?]
	at com.liferay.portal.spring.extender.internal.upgrade.InitialUpgradeExtender$InitialUpgradeStep.lambda$upgrade$0(InitialUpgradeExtender.java:235) ~[?:?]
	at com.liferay.portal.db.partition.DBPartitionUtil.forEachCompanyId(DBPartitionUtil.java:118) ~[portal-impl.jar:?]
	at com.liferay.portal.dao.db.BaseDB.process(BaseDB.java:356) ~[portal-impl.jar:?]
	at com.liferay.portal.spring.extender.internal.upgrade.InitialUpgradeExtender$InitialUpgradeStep.upgrade(InitialUpgradeExtender.java:224) ~[?:?]
	... 168 more
Caused by: java.sql.SQLException: Table 'proyecto_pedidos' already exists
	at org.mariadb.jdbc.internal.protocol.AbstractQueryProtocol.readErrorPacket(AbstractQueryProtocol.java:1694) ~[mariadb.jar:?]
	at org.mariadb.jdbc.internal.protocol.AbstractQueryProtocol.readPacket(AbstractQueryProtocol.java:1556) ~[mariadb.jar:?]
	at org.mariadb.jdbc.internal.protocol.AbstractQueryProtocol.getResult(AbstractQueryProtocol.java:1519) ~[mariadb.jar:?]
	at org.mariadb.jdbc.internal.protocol.AbstractQueryProtocol.executeQuery(AbstractQueryProtocol.java:256) ~[mariadb.jar:?]
	at org.mariadb.jdbc.MariaDbStatement.executeInternal(MariaDbStatement.java:360) ~[mariadb.jar:?]
	at org.mariadb.jdbc.MariaDbStatement.executeUpdate(MariaDbStatement.java:630) ~[mariadb.jar:?]
	at com.zaxxer.hikari.pool.ProxyStatement.executeUpdate(ProxyStatement.java:119) ~[hikaricp.jar:?]
	at com.zaxxer.hikari.pool.HikariProxyStatement.executeUpdate(HikariProxyStatement.java) ~[hikaricp.jar:?]
	at com.liferay.portal.dao.db.BaseDB.runSQL(BaseDB.java:413) ~[portal-impl.jar:?]
	at com.liferay.portal.dao.db.BaseDB.runSQL(BaseDB.java:379) ~[portal-impl.jar:?]
	at com.liferay.portal.dao.db.BaseDB.runSQLTemplateString(BaseDB.java:513) ~[portal-impl.jar:?]
	at com.liferay.portal.spring.extender.internal.upgrade.InitialUpgradeExtender$InitialUpgradeStep._upgrade(InitialUpgradeExtender.java:277) ~[?:?]
	at com.liferay.portal.spring.extender.internal.upgrade.InitialUpgradeExtender$InitialUpgradeStep.lambda$upgrade$0(InitialUpgradeExtender.java:235) ~[?:?]
	at com.liferay.portal.db.partition.DBPartitionUtil.forEachCompanyId(DBPartitionUtil.java:118) ~[portal-impl.jar:?]
	at com.liferay.portal.dao.db.BaseDB.process(BaseDB.java:356) ~[portal-impl.jar:?]
	at com.liferay.portal.spring.extender.internal.upgrade.InitialUpgradeExtender$InitialUpgradeStep.upgrade(InitialUpgradeExtender.java:224) ~[?:?]
	... 168 more
2022-12-01 08:43:13.057 INFO  [com.liferay.portal.osgi.web.wab.extender.internal.WabFactory-BundleTrackerOpener][ThemeHotDeployListener:108] 1 theme for speedwell-theme is available for use
2022-12-01 08:43:13.180 INFO  [com.liferay.portal.osgi.web.wab.extender.internal.WabFactory-BundleTrackerOpener][ThemeHotDeployListener:108] 1 theme for minium-theme is available for use
2022-12-01 08:43:13.281 INFO  [com.liferay.portal.osgi.web.wab.extender.internal.WabFactory-BundleTrackerOpener][ThemeHotDeployListener:108] 1 theme for dialect-theme is available for use
2022-12-01 08:43:13.373 INFO  [com.liferay.portal.osgi.web.wab.extender.internal.WabFactory-BundleTrackerOpener][ThemeHotDeployListener:108] 1 theme for classic-theme is available for use
2022-12-01 08:43:13.473 INFO  [com.liferay.portal.osgi.web.wab.extender.internal.WabFactory-BundleTrackerOpener][ThemeHotDeployListener:108] 1 theme for admin-theme is available for use
2022-12-01 08:43:13.578 INFO  [com.liferay.portal.osgi.web.wab.extender.internal.WabFactory-BundleTrackerOpener][ThemeHotDeployListener:108] 1 theme for practica-theme is available for use
2022-12-01 08:43:13.684 INFO  [com.liferay.portal.osgi.web.wab.extender.internal.WabFactory-BundleTrackerOpener][ThemeHotDeployListener:108] 1 theme for wecanbs-theme is available for use
2022-12-01 08:43:16.988 INFO  [main][SystemCheckOSGiCommands:61] System check is enabled. You can run a system check with the command "system:check" in Gogo shell.
2022-12-01 08:43:16.989 INFO  [main][SystemCheckOSGiCommands:73] Running system check
2022-12-01 08:43:16.989 INFO  [main][SystemCheckOSGiCommands:95] Available checkers :[Declarative Service Soft Circular Dependency Checker, Declarative Service Unsatisfied Component Checker, Spring Extender Unavailable Component Checker]
2022-12-01 08:43:16.990 INFO  [main][SystemCheckOSGiCommands:111] Running "Declarative Service Soft Circular Dependency Checker". You can run this by itself with command "ds:softCircularDependency" in gogo shell.
2022-12-01 08:43:18.246 INFO  [main][SystemCheckOSGiCommands:123] Declarative Service Soft Circular Dependency Checker check result: No issues were found.
2022-12-01 08:43:18.246 INFO  [main][SystemCheckOSGiCommands:111] Running "Declarative Service Unsatisfied Component Checker". You can run this by itself with command "ds:unsatisfied" in gogo shell.
2022-12-01 08:43:34.325 WARN  [main][SystemCheckOSGiCommands:134] Declarative Service Unsatisfied Component Checker check result: _Bundle {id: 1605, name: es.capgemini.proyecto.procesopedidos.sb.service, version: 1.0.0}_	Declarative Service {id: 5842, name: es.capgemini.proyecto.procesopedidos.sb.service.persistence.impl.PedidosPersistenceImpl, unsatisfied references: _		{name: Configuration, target: (&(origin.bundle.symbolic.name=es.capgemini.proyecto.procesopedidos.sb.service)(name=service))}_	}_	Declarative Service {id: 5839, name: es.capgemini.proyecto.procesopedidos.sb.service.impl.PedidosLocalServiceImpl, unsatisfied references: _		{name: pedidosPersistence, target: null}_	}_	Declarative Service {id: 5840, name: es.capgemini.proyecto.procesopedidos.sb.service.impl.PedidosServiceImpl, unsatisfied references: _		{name: pedidosLocalService, target: null}_		{name: pedidosPersistence, target: null}_	} [Sanitized]
2022-12-01 08:43:34.325 INFO  [main][SystemCheckOSGiCommands:111] Running "Spring Extender Unavailable Component Checker". You can run this by itself with command "dm na" in gogo shell.
2022-12-01 08:43:34.328 WARN  [main][SystemCheckOSGiCommands:134] Spring Extender Unavailable Component Checker check result: _Bundle {id: 1605, name: es.capgemini.proyecto.procesopedidos.sb.service, version: 1.0.0}._	Component with ID 179 is unavailable due to missing required dependencies:_		service dependency [com.liferay.portal.kernel.model.Release (&(release.bundle.symbolic.name=es.capgemini.proyecto.procesopedidos.sb.service)(&(release.schema.version>=1.0.0)(!(release.schema.version>=2.0.0)))(|(!(release.state=*))(release.state=0)))] [Sanitized]
2022-12-01 08:43:34.416 WARN  [main][MainServlet:410] Required upgrades in modules are pending. Run the upgrade process or type upgrade:checkAll in the Gogo shell to get more information.
2022-12-01 09:07:41.243 INFO  [fileinstall-directory-watcher][BundleStartStopLogger:80] STOPPED es.capgemini.proyecto.pedidoform.portlet_1.0.0 [1598]
2022-12-01 09:07:41.496 INFO  [Refresh Thread: Equinox Container: 84bfd615-804b-4f75-8b87-4f1d9408dbae][BundleStartStopLogger:77] STARTED es.capgemini.proyecto.pedidoform.portlet_1.0.0 [1598]
2022-12-01 09:21:17.074 WARN  [http-nio-8080-exec-3][MVCPortlet:299] No render mappings found for MVC render command name "/pedido/tramitar" for portlet es_capgemini_proyecto_pedidoform_portlet_PedidoFormPortlet_INSTANCE_spod
2022-12-01 09:21:17.078 ERROR [http-nio-8080-exec-3][render_portlet_jsp:131] null
java.lang.NullPointerException: null
	at es.capgemini.proyecto.pedidoform.portlet.portlet.PedidoFormPortlet.doView(PedidoFormPortlet.java:48) ~[?:?]
	at com.liferay.portal.kernel.portlet.LiferayPortlet.doDispatch(LiferayPortlet.java:286) ~[portal-kernel.jar:?]
	at com.liferay.portal.kernel.portlet.bridges.mvc.MVCPortlet.doDispatch(MVCPortlet.java:509) ~[portal-kernel.jar:?]
	at javax.portlet.GenericPortlet.render(GenericPortlet.java:291) ~[portlet.jar:3.0.1]
	at com.liferay.portal.kernel.portlet.bridges.mvc.MVCPortlet.render(MVCPortlet.java:309) ~[portal-kernel.jar:?]
	at com.liferay.portlet.internal.FilterChainImpl.doFilter(FilterChainImpl.java:127) ~[portal-impl.jar:?]
	at com.liferay.portlet.ScriptDataPortletFilter.doFilter(ScriptDataPortletFilter.java:58) ~[portal-impl.jar:?]
	at com.liferay.portlet.internal.FilterChainImpl.doFilter(FilterChainImpl.java:124) ~[portal-impl.jar:?]
	at com.liferay.portal.kernel.portlet.PortletFilterUtil.doFilter(PortletFilterUtil.java:71) ~[portal-kernel.jar:?]
	at com.liferay.portal.kernel.servlet.PortletServlet.service(PortletServlet.java:113) ~[portal-kernel.jar:?]
	at javax.servlet.http.HttpServlet.service(HttpServlet.java:764) ~[servlet-api.jar:4.0.FR]
	at org.eclipse.equinox.http.servlet.internal.registration.EndpointRegistration.service(EndpointRegistration.java:153) ~[?:?]
	at org.eclipse.equinox.http.servlet.internal.servlet.ResponseStateHandler.processRequest(ResponseStateHandler.java:62) ~[?:?]
	at org.eclipse.equinox.http.servlet.internal.context.DispatchTargets.doDispatch(DispatchTargets.java:120) ~[?:?]
	at org.eclipse.equinox.http.servlet.internal.servlet.RequestDispatcherAdaptor.include(RequestDispatcherAdaptor.java:48) ~[?:?]
	at com.liferay.portlet.internal.InvokerPortletImpl.invoke(InvokerPortletImpl.java:576) ~[portal-impl.jar:?]
	at com.liferay.portlet.internal.InvokerPortletImpl.invokeRender(InvokerPortletImpl.java:666) ~[portal-impl.jar:?]
	at com.liferay.portlet.internal.InvokerPortletImpl.render(InvokerPortletImpl.java:351) ~[portal-impl.jar:?]
	at com.liferay.portal.monitoring.internal.portlet.MonitoringInvokerPortlet.lambda$render$0(MonitoringInvokerPortlet.java:259) ~[?:?]
	at com.liferay.portal.monitoring.internal.portlet.MonitoringInvokerPortlet._render(MonitoringInvokerPortlet.java:363) ~[?:?]
2022-12-01 09:23:39.953 INFO  [fileinstall-directory-watcher][BundleStartStopLogger:80] STOPPED es.capgemini.proyecto.pedidoform.portlet_1.0.0 [1598]
2022-12-01 09:23:40.141 INFO  [Refresh Thread: Equinox Container: 84bfd615-804b-4f75-8b87-4f1d9408dbae][BundleStartStopLogger:77] STARTED es.capgemini.proyecto.pedidoform.portlet_1.0.0 [1598]
2022-12-01 09:23:58.511 WARN  [http-nio-8080-exec-9][MVCPortlet:299] No render mappings found for MVC render command name "/pedido/tramitar" for portlet es_capgemini_proyecto_pedidoform_portlet_PedidoFormPortlet_INSTANCE_spod
2022-12-01 09:23:58.513 ERROR [http-nio-8080-exec-9][render_portlet_jsp:131] null
java.lang.NullPointerException: null
	at es.capgemini.proyecto.pedidoform.portlet.portlet.PedidoFormPortlet.doView(PedidoFormPortlet.java:48) ~[?:?]
	at com.liferay.portal.kernel.portlet.LiferayPortlet.doDispatch(LiferayPortlet.java:286) ~[portal-kernel.jar:?]
	at com.liferay.portal.kernel.portlet.bridges.mvc.MVCPortlet.doDispatch(MVCPortlet.java:509) ~[portal-kernel.jar:?]
	at javax.portlet.GenericPortlet.render(GenericPortlet.java:291) ~[portlet.jar:3.0.1]
	at com.liferay.portal.kernel.portlet.bridges.mvc.MVCPortlet.render(MVCPortlet.java:309) ~[portal-kernel.jar:?]
	at com.liferay.portlet.internal.FilterChainImpl.doFilter(FilterChainImpl.java:127) ~[portal-impl.jar:?]
	at com.liferay.portlet.ScriptDataPortletFilter.doFilter(ScriptDataPortletFilter.java:58) ~[portal-impl.jar:?]
	at com.liferay.portlet.internal.FilterChainImpl.doFilter(FilterChainImpl.java:124) ~[portal-impl.jar:?]
	at com.liferay.portal.kernel.portlet.PortletFilterUtil.doFilter(PortletFilterUtil.java:71) ~[portal-kernel.jar:?]
	at com.liferay.portal.kernel.servlet.PortletServlet.service(PortletServlet.java:113) ~[portal-kernel.jar:?]
	at javax.servlet.http.HttpServlet.service(HttpServlet.java:764) ~[servlet-api.jar:4.0.FR]
	at org.eclipse.equinox.http.servlet.internal.registration.EndpointRegistration.service(EndpointRegistration.java:153) ~[?:?]
	at org.eclipse.equinox.http.servlet.internal.servlet.ResponseStateHandler.processRequest(ResponseStateHandler.java:62) ~[?:?]
	at org.eclipse.equinox.http.servlet.internal.context.DispatchTargets.doDispatch(DispatchTargets.java:120) ~[?:?]
	at org.eclipse.equinox.http.servlet.internal.servlet.RequestDispatcherAdaptor.include(RequestDispatcherAdaptor.java:48) ~[?:?]
	at com.liferay.portlet.internal.InvokerPortletImpl.invoke(InvokerPortletImpl.java:576) ~[portal-impl.jar:?]
	at com.liferay.portlet.internal.InvokerPortletImpl.invokeRender(InvokerPortletImpl.java:666) ~[portal-impl.jar:?]
	at com.liferay.portlet.internal.InvokerPortletImpl.render(InvokerPortletImpl.java:351) ~[portal-impl.jar:?]
	at com.liferay.portal.monitoring.internal.portlet.MonitoringInvokerPortlet.lambda$render$0(MonitoringInvokerPortlet.java:259) ~[?:?]
	at com.liferay.portal.monitoring.internal.portlet.MonitoringInvokerPortlet._render(MonitoringInvokerPortlet.java:363) ~[?:?]
2022-12-01 09:51:20.371 INFO  [fileinstall-directory-watcher][BundleStartStopLogger:80] STOPPED es.capgemini.proyecto.pedidoform.portlet_1.0.0 [1598]
2022-12-01 09:51:20.551 INFO  [Refresh Thread: Equinox Container: 84bfd615-804b-4f75-8b87-4f1d9408dbae][BundleStartStopLogger:77] STARTED es.capgemini.proyecto.pedidoform.portlet_1.0.0 [1598]
2022-12-01 09:53:01.349 WARN  [http-nio-8080-exec-10][MVCPortlet:299] No render mappings found for MVC render command name "/pedido/tramitar" for portlet es_capgemini_proyecto_pedidoform_portlet_PedidoFormPortlet_INSTANCE_spod
2022-12-01 09:53:01.358 INFO  [http-nio-8080-exec-10][PedidoFormPortlet:41] null
2022-12-01 09:53:01.360 INFO  [http-nio-8080-exec-10][PedidoFormPortlet:43] {"mvccVersion": 1, "ctCollectionId": 0, "uuid": "d94d31af-7f82-db38-b3c3-c8205b5fba83", "id": 78699, "resourcePrimKey": 77617, "groupId": 76433, "companyId": 20097, "userId": 42104, "userName": "Test Test", "createDate": "Wed Nov 23 13:07:02 GMT 2022", "modifiedDate": "Thu Nov 24 08:58:15 GMT 2022", "externalReferenceCode": "715c35b8-e720-088e-429e-6c20faecaaa5", "folderId": 0, "classNameId": 0, "classPK": 0, "treePath": "/", "articleId": "77615", "version": 1.1, "urlTitle": "annabis-handcann-q10-crema-de-manos-natural-de-c%C3%A1%C3%B1amo-hidratante-y-regeneradora", "DDMStructureKey": "76760", "DDMTemplateKey": "76789", "defaultLanguageId": "es_ES", "layoutUuid": "", "displayDate": "Wed Nov 23 13:05:00 GMT 2022", "expirationDate": null, "reviewDate": null, "indexable": true, "smallImage": false, "smallImageId": 0, "smallImageURL": "", "lastPublishDate": null, "status": 0, "statusByUserId": 42104, "statusByUserName": "Test Test", "statusDate": "Thu Nov 24 08:58:15 GMT 2022"}
2022-12-01 09:53:01.360 INFO  [http-nio-8080-exec-10][PedidoFormPortlet:48] 77615
2022-12-01 09:53:01.360 ERROR [http-nio-8080-exec-10][render_portlet_jsp:131] null
java.lang.NullPointerException: null
	at es.capgemini.proyecto.pedidoform.portlet.portlet.PedidoFormPortlet.doView(PedidoFormPortlet.java:51) ~[?:?]
	at com.liferay.portal.kernel.portlet.LiferayPortlet.doDispatch(LiferayPortlet.java:286) ~[portal-kernel.jar:?]
	at com.liferay.portal.kernel.portlet.bridges.mvc.MVCPortlet.doDispatch(MVCPortlet.java:509) ~[portal-kernel.jar:?]
	at javax.portlet.GenericPortlet.render(GenericPortlet.java:291) ~[portlet.jar:3.0.1]
	at com.liferay.portal.kernel.portlet.bridges.mvc.MVCPortlet.render(MVCPortlet.java:309) ~[portal-kernel.jar:?]
	at com.liferay.portlet.internal.FilterChainImpl.doFilter(FilterChainImpl.java:127) ~[portal-impl.jar:?]
	at com.liferay.portlet.ScriptDataPortletFilter.doFilter(ScriptDataPortletFilter.java:58) ~[portal-impl.jar:?]
	at com.liferay.portlet.internal.FilterChainImpl.doFilter(FilterChainImpl.java:124) ~[portal-impl.jar:?]
	at com.liferay.portal.kernel.portlet.PortletFilterUtil.doFilter(PortletFilterUtil.java:71) ~[portal-kernel.jar:?]
	at com.liferay.portal.kernel.servlet.PortletServlet.service(PortletServlet.java:113) ~[portal-kernel.jar:?]
	at javax.servlet.http.HttpServlet.service(HttpServlet.java:764) ~[servlet-api.jar:4.0.FR]
	at org.eclipse.equinox.http.servlet.internal.registration.EndpointRegistration.service(EndpointRegistration.java:153) ~[?:?]
	at org.eclipse.equinox.http.servlet.internal.servlet.ResponseStateHandler.processRequest(ResponseStateHandler.java:62) ~[?:?]
	at org.eclipse.equinox.http.servlet.internal.context.DispatchTargets.doDispatch(DispatchTargets.java:120) ~[?:?]
	at org.eclipse.equinox.http.servlet.internal.servlet.RequestDispatcherAdaptor.include(RequestDispatcherAdaptor.java:48) ~[?:?]
	at com.liferay.portlet.internal.InvokerPortletImpl.invoke(InvokerPortletImpl.java:576) ~[portal-impl.jar:?]
	at com.liferay.portlet.internal.InvokerPortletImpl.invokeRender(InvokerPortletImpl.java:666) ~[portal-impl.jar:?]
	at com.liferay.portlet.internal.InvokerPortletImpl.render(InvokerPortletImpl.java:351) ~[portal-impl.jar:?]
	at com.liferay.portal.monitoring.internal.portlet.MonitoringInvokerPortlet.lambda$render$0(MonitoringInvokerPortlet.java:259) ~[?:?]
	at com.liferay.portal.monitoring.internal.portlet.MonitoringInvokerPortlet._render(MonitoringInvokerPortlet.java:363) ~[?:?]
2022-12-01 09:54:22.298 INFO  [fileinstall-directory-watcher][BundleStartStopLogger:80] STOPPED es.capgemini.proyecto.pedidoform.portlet_1.0.0 [1598]
2022-12-01 09:54:22.461 INFO  [Refresh Thread: Equinox Container: 84bfd615-804b-4f75-8b87-4f1d9408dbae][BundleStartStopLogger:77] STARTED es.capgemini.proyecto.pedidoform.portlet_1.0.0 [1598]
2022-12-01 09:55:42.797 INFO  [http-nio-8080-exec-2][PedidoFormPortlet:41] null
2022-12-01 09:55:42.813 INFO  [http-nio-8080-exec-2][PedidoFormPortlet:43] {"mvccVersion": 1, "ctCollectionId": 0, "uuid": "d94d31af-7f82-db38-b3c3-c8205b5fba83", "id": 78699, "resourcePrimKey": 77617, "groupId": 76433, "companyId": 20097, "userId": 42104, "userName": "Test Test", "createDate": "Wed Nov 23 13:07:02 GMT 2022", "modifiedDate": "Thu Nov 24 08:58:15 GMT 2022", "externalReferenceCode": "715c35b8-e720-088e-429e-6c20faecaaa5", "folderId": 0, "classNameId": 0, "classPK": 0, "treePath": "/", "articleId": "77615", "version": 1.1, "urlTitle": "annabis-handcann-q10-crema-de-manos-natural-de-c%C3%A1%C3%B1amo-hidratante-y-regeneradora", "DDMStructureKey": "76760", "DDMTemplateKey": "76789", "defaultLanguageId": "es_ES", "layoutUuid": "", "displayDate": "Wed Nov 23 13:05:00 GMT 2022", "expirationDate": null, "reviewDate": null, "indexable": true, "smallImage": false, "smallImageId": 0, "smallImageURL": "", "lastPublishDate": null, "status": 0, "statusByUserId": 42104, "statusByUserName": "Test Test", "statusDate": "Thu Nov 24 08:58:15 GMT 2022"}
2022-12-01 09:55:42.814 INFO  [http-nio-8080-exec-2][PedidoFormPortlet:48] 77615
2022-12-01 09:55:42.815 ERROR [http-nio-8080-exec-2][render_portlet_jsp:131] null
java.lang.NullPointerException: null
	at es.capgemini.proyecto.pedidoform.portlet.portlet.PedidoFormPortlet.render(PedidoFormPortlet.java:51) ~[?:?]
	at com.liferay.portlet.internal.FilterChainImpl.doFilter(FilterChainImpl.java:127) ~[portal-impl.jar:?]
	at com.liferay.portlet.ScriptDataPortletFilter.doFilter(ScriptDataPortletFilter.java:58) ~[portal-impl.jar:?]
	at com.liferay.portlet.internal.FilterChainImpl.doFilter(FilterChainImpl.java:124) ~[portal-impl.jar:?]
	at com.liferay.portal.kernel.portlet.PortletFilterUtil.doFilter(PortletFilterUtil.java:71) ~[portal-kernel.jar:?]
	at com.liferay.portal.kernel.servlet.PortletServlet.service(PortletServlet.java:113) ~[portal-kernel.jar:?]
	at javax.servlet.http.HttpServlet.service(HttpServlet.java:764) ~[servlet-api.jar:4.0.FR]
	at org.eclipse.equinox.http.servlet.internal.registration.EndpointRegistration.service(EndpointRegistration.java:153) ~[?:?]
	at org.eclipse.equinox.http.servlet.internal.servlet.ResponseStateHandler.processRequest(ResponseStateHandler.java:62) ~[?:?]
	at org.eclipse.equinox.http.servlet.internal.context.DispatchTargets.doDispatch(DispatchTargets.java:120) ~[?:?]
	at org.eclipse.equinox.http.servlet.internal.servlet.RequestDispatcherAdaptor.include(RequestDispatcherAdaptor.java:48) ~[?:?]
	at com.liferay.portlet.internal.InvokerPortletImpl.invoke(InvokerPortletImpl.java:576) ~[portal-impl.jar:?]
	at com.liferay.portlet.internal.InvokerPortletImpl.invokeRender(InvokerPortletImpl.java:666) ~[portal-impl.jar:?]
	at com.liferay.portlet.internal.InvokerPortletImpl.render(InvokerPortletImpl.java:351) ~[portal-impl.jar:?]
	at com.liferay.portal.monitoring.internal.portlet.MonitoringInvokerPortlet.lambda$render$0(MonitoringInvokerPortlet.java:259) ~[?:?]
	at com.liferay.portal.monitoring.internal.portlet.MonitoringInvokerPortlet._render(MonitoringInvokerPortlet.java:363) ~[?:?]
	at com.liferay.portal.monitoring.internal.portlet.MonitoringInvokerPortlet.render(MonitoringInvokerPortlet.java:257) ~[?:?]
	at org.apache.jsp.html.portal.render_005fportlet_jsp._jspService(render_005fportlet_jsp.java:1413) ~[?:?]
	at org.apache.jasper.runtime.HttpJspBase.service(HttpJspBase.java:70) ~[jasper.jar:9.0.56]
	at javax.servlet.http.HttpServlet.service(HttpServlet.java:764) ~[servlet-api.jar:4.0.FR]
2022-12-01 16:22:04.183 INFO  [main][ThemeHotDeployListener:171] 1 theme for wecanbs-theme was unregistered
2022-12-01 16:22:04.229 INFO  [main][ThemeHotDeployListener:171] 1 theme for practica-theme was unregistered
2022-12-01 16:22:04.246 INFO  [main][ThemeHotDeployListener:171] 1 theme for admin-theme was unregistered
2022-12-01 16:22:04.270 INFO  [main][ThemeHotDeployListener:171] 1 theme for classic-theme was unregistered
2022-12-01 16:22:04.287 INFO  [main][ThemeHotDeployListener:171] 1 theme for dialect-theme was unregistered
2022-12-01 16:22:04.304 INFO  [main][ThemeHotDeployListener:171] 1 theme for minium-theme was unregistered
2022-12-01 16:22:04.321 INFO  [main][ThemeHotDeployListener:171] 1 theme for speedwell-theme was unregistered
