2022-10-25 06:10:50.219 INFO  [main][SystemCheckOSGiCommands:61] System check is enabled. You can run a system check with the command "system:check" in Gogo shell.
2022-10-25 06:10:50.225 INFO  [main][SystemCheckOSGiCommands:73] Running system check
2022-10-25 06:10:50.227 INFO  [main][SystemCheckOSGiCommands:95] Available checkers :[Declarative Service Soft Circular Dependency Checker, Declarative Service Unsatisfied Component Checker, Spring Extender Unavailable Component Checker]
2022-10-25 06:10:50.228 INFO  [main][SystemCheckOSGiCommands:111] Running "Declarative Service Soft Circular Dependency Checker". You can run this by itself with command "ds:softCircularDependency" in gogo shell.
2022-10-25 06:10:52.817 INFO  [main][SystemCheckOSGiCommands:123] Declarative Service Soft Circular Dependency Checker check result: No issues were found.
2022-10-25 06:10:52.818 INFO  [main][SystemCheckOSGiCommands:111] Running "Declarative Service Unsatisfied Component Checker". You can run this by itself with command "ds:unsatisfied" in gogo shell.
2022-10-25 06:11:17.536 INFO  [main][SystemCheckOSGiCommands:123] Declarative Service Unsatisfied Component Checker check result: No issues were found.
2022-10-25 06:11:17.537 INFO  [main][SystemCheckOSGiCommands:111] Running "Spring Extender Unavailable Component Checker". You can run this by itself with command "dm na" in gogo shell.
2022-10-25 06:11:17.539 INFO  [main][SystemCheckOSGiCommands:123] Spring Extender Unavailable Component Checker check result: No issues were found.
2022-10-25 08:33:41.259 INFO  [main][BaseAutoDeployListener:43] Copying themes for C:\Entornos\Entornos-7.4-local\liferay-ce-portal-7.4.3.44-ga44\tomcat-9.0.56\temp\20221025083341188MHPQQSLV\speedwell-theme.war
2022-10-25 08:33:48.123 INFO  [main][BaseAutoDeployListener:50] Themes for C:\Entornos\Entornos-7.4-local\liferay-ce-portal-7.4.3.44-ga44\tomcat-9.0.56\temp\20221025083341188MHPQQSLV\speedwell-theme.war copied successfully
2022-10-25 08:33:54.024 INFO  [main][ThemeHotDeployListener:108] 1 theme for speedwell-theme is available for use
2022-10-25 08:33:54.062 INFO  [main][BundleStartStopLogger:77] STARTED speedwell-theme_4.0.39 [1559]
2022-10-25 08:33:54.109 INFO  [main][BaseAutoDeployListener:43] Copying themes for C:\Entornos\Entornos-7.4-local\liferay-ce-portal-7.4.3.44-ga44\tomcat-9.0.56\temp\20221025083354062IBFBTPNF\minium-theme.war
2022-10-25 08:34:00.992 INFO  [main][BaseAutoDeployListener:50] Themes for C:\Entornos\Entornos-7.4-local\liferay-ce-portal-7.4.3.44-ga44\tomcat-9.0.56\temp\20221025083354062IBFBTPNF\minium-theme.war copied successfully
2022-10-25 08:34:06.041 INFO  [main][ThemeHotDeployListener:108] 1 theme for minium-theme is available for use
2022-10-25 08:34:06.062 INFO  [main][BundleStartStopLogger:77] STARTED minium-theme_5.0.41 [1560]
2022-10-25 08:34:06.093 INFO  [main][BaseAutoDeployListener:43] Copying themes for C:\Entornos\Entornos-7.4-local\liferay-ce-portal-7.4.3.44-ga44\tomcat-9.0.56\temp\20221025083406062JDLEXQEB\dialect-theme.war
2022-10-25 08:34:12.742 INFO  [main][BaseAutoDeployListener:50] Themes for C:\Entornos\Entornos-7.4-local\liferay-ce-portal-7.4.3.44-ga44\tomcat-9.0.56\temp\20221025083406062JDLEXQEB\dialect-theme.war copied successfully
2022-10-25 08:34:17.540 INFO  [main][ThemeHotDeployListener:108] 1 theme for dialect-theme is available for use
2022-10-25 08:34:17.594 INFO  [main][BundleStartStopLogger:77] STARTED dialect-theme_5.0.41 [1561]
2022-10-25 08:34:17.625 INFO  [main][BaseAutoDeployListener:43] Copying themes for C:\Entornos\Entornos-7.4-local\liferay-ce-portal-7.4.3.44-ga44\tomcat-9.0.56\temp\20221025083417594WGABLVYM\classic-theme.war
2022-10-25 08:34:23.972 INFO  [main][BaseAutoDeployListener:50] Themes for C:\Entornos\Entornos-7.4-local\liferay-ce-portal-7.4.3.44-ga44\tomcat-9.0.56\temp\20221025083417594WGABLVYM\classic-theme.war copied successfully
2022-10-25 08:34:28.444 INFO  [main][ThemeHotDeployListener:108] 1 theme for classic-theme is available for use
2022-10-25 08:34:28.566 INFO  [main][BundleStartStopLogger:77] STARTED classic-theme_5.0.52 [1562]
2022-10-25 08:34:28.597 INFO  [main][BaseAutoDeployListener:43] Copying themes for C:\Entornos\Entornos-7.4-local\liferay-ce-portal-7.4.3.44-ga44\tomcat-9.0.56\temp\20221025083428566KBPWNSFD\admin-theme.war
2022-10-25 08:34:35.127 INFO  [main][BaseAutoDeployListener:50] Themes for C:\Entornos\Entornos-7.4-local\liferay-ce-portal-7.4.3.44-ga44\tomcat-9.0.56\temp\20221025083428566KBPWNSFD\admin-theme.war copied successfully
2022-10-25 08:34:39.621 INFO  [main][ThemeHotDeployListener:108] 1 theme for admin-theme is available for use
2022-10-25 08:34:39.642 INFO  [main][BundleStartStopLogger:77] STARTED admin-theme_5.0.40 [1563]
2022-10-25 08:34:43.825 INFO  [main][SystemCheckOSGiCommands:61] System check is enabled. You can run a system check with the command "system:check" in Gogo shell.
2022-10-25 08:34:43.830 INFO  [main][SystemCheckOSGiCommands:73] Running system check
2022-10-25 08:34:43.831 INFO  [main][SystemCheckOSGiCommands:95] Available checkers :[Declarative Service Soft Circular Dependency Checker, Declarative Service Unsatisfied Component Checker, Spring Extender Unavailable Component Checker]
2022-10-25 08:34:43.831 INFO  [main][SystemCheckOSGiCommands:111] Running "Declarative Service Soft Circular Dependency Checker". You can run this by itself with command "ds:softCircularDependency" in gogo shell.
2022-10-25 08:34:45.058 INFO  [main][SystemCheckOSGiCommands:123] Declarative Service Soft Circular Dependency Checker check result: No issues were found.
2022-10-25 08:34:45.074 INFO  [main][SystemCheckOSGiCommands:111] Running "Declarative Service Unsatisfied Component Checker". You can run this by itself with command "ds:unsatisfied" in gogo shell.
2022-10-25 08:35:01.632 INFO  [main][SystemCheckOSGiCommands:123] Declarative Service Unsatisfied Component Checker check result: No issues were found.
2022-10-25 08:35:01.637 INFO  [main][SystemCheckOSGiCommands:111] Running "Spring Extender Unavailable Component Checker". You can run this by itself with command "dm na" in gogo shell.
2022-10-25 08:35:01.639 INFO  [main][SystemCheckOSGiCommands:123] Spring Extender Unavailable Component Checker check result: No issues were found.
2022-10-25 08:39:48.067 WARN  [http-nio-8080-exec-3][extend_session_jsp:611] Unable to extend the HTTP session.
2022-10-25 10:20:04.325 WARN  [http-nio-8080-exec-6][SecurityPortletContainerWrapper:470] User 0 is not allowed to serve resource for http://localhost:8080/home on com_liferay_product_navigation_personal_menu_web_internal_portlet_PersonalMenuPortlet: User 0 must have ACCESS permission for Personal Menu com_liferay_product_navigation_personal_menu_web_internal_portlet_PersonalMenuPortlet 
2022-10-25 13:07:48.446 WARN  [http-nio-8080-exec-7][SecurityPortletContainerWrapper:470] User 0 is not allowed to serve resource for http://localhost:8080/home on com_liferay_layout_reports_web_internal_portlet_LayoutReportsPortlet: User 0 must have ACCESS permission for Page Audit com_liferay_layout_reports_web_internal_portlet_LayoutReportsPortlet 
2022-10-25 13:49:25.544 ERROR [http-nio-8080-exec-9][PortletRequestDispatcherImpl:304] Unable to dispatch request: PWC6033: Error in Javac compilation for JSP__PWC6197: An error occurred at line: 9 in the jsp file: /detalle.jsp_PWC6199: Generated servlet error:_cannot find symbol_  symbol:   variable groupId_  location: class org.apache.jsp.detalle_jsp__ [Sanitized]
2022-10-25 13:49:25.545 ERROR [http-nio-8080-exec-9][PortletServlet:117] null
com.liferay.portal.kernel.log.LogSanitizerException: javax.portlet.PortletException: org.apache.jasper.JasperException: PWC6033: Error in Javac compilation for JSP__PWC6197: An error occurred at line: 9 in the jsp file: /detalle.jsp_PWC6199: Generated servlet error:_cannot find symbol_  symbol:   variable groupId_  location: class org.apache.jsp.detalle_jsp__ [Sanitized]
	at com.liferay.portlet.internal.PortletRequestDispatcherImpl.dispatch(PortletRequestDispatcherImpl.java:307) ~[portal-impl.jar:?]
	at com.liferay.portlet.internal.PortletRequestDispatcherImpl.include(PortletRequestDispatcherImpl.java:123) ~[portal-impl.jar:?]
	at com.liferay.portal.kernel.portlet.bridges.mvc.MVCPortlet.include(MVCPortlet.java:620) ~[portal-kernel.jar:?]
	at com.liferay.portal.kernel.portlet.bridges.mvc.MVCPortlet.include(MVCPortlet.java:636) ~[portal-kernel.jar:?]
	at com.liferay.portal.kernel.portlet.bridges.mvc.MVCPortlet.doDispatch(MVCPortlet.java:506) ~[portal-kernel.jar:?]
	at javax.portlet.GenericPortlet.render(GenericPortlet.java:291) ~[portlet.jar:3.0.1]
	at com.liferay.portal.kernel.portlet.bridges.mvc.MVCPortlet.render(MVCPortlet.java:309) ~[portal-kernel.jar:?]
	at com.liferay.portlet.internal.FilterChainImpl.doFilter(FilterChainImpl.java:127) ~[portal-impl.jar:?]
	at com.liferay.portlet.ScriptDataPortletFilter.doFilter(ScriptDataPortletFilter.java:58) ~[portal-impl.jar:?]
	at com.liferay.portlet.internal.FilterChainImpl.doFilter(FilterChainImpl.java:124) ~[portal-impl.jar:?]
	at com.liferay.portal.kernel.portlet.PortletFilterUtil.doFilter(PortletFilterUtil.java:71) ~[portal-kernel.jar:?]
	at com.liferay.portal.kernel.servlet.PortletServlet.service(PortletServlet.java:113) ~[portal-kernel.jar:?]
	at javax.servlet.http.HttpServlet.service(HttpServlet.java:764) ~[servlet-api.jar:4.0.FR]
	at org.eclipse.equinox.http.servlet.internal.registration.EndpointRegistration.service(EndpointRegistration.java:153) ~[?:?]
	at org.eclipse.equinox.http.servlet.internal.servlet.ResponseStateHandler.processRequest(ResponseStateHandler.java:62) ~[?:?]
	at org.eclipse.equinox.http.servlet.internal.context.DispatchTargets.doDispatch(DispatchTargets.java:120) ~[?:?]
	at org.eclipse.equinox.http.servlet.internal.servlet.RequestDispatcherAdaptor.include(RequestDispatcherAdaptor.java:48) ~[?:?]
	at com.liferay.portlet.internal.InvokerPortletImpl.invoke(InvokerPortletImpl.java:576) ~[portal-impl.jar:?]
	at com.liferay.portlet.internal.InvokerPortletImpl.invokeRender(InvokerPortletImpl.java:666) ~[portal-impl.jar:?]
	at com.liferay.portlet.internal.InvokerPortletImpl.render(InvokerPortletImpl.java:351) ~[portal-impl.jar:?]
	at com.liferay.portal.monitoring.internal.portlet.MonitoringInvokerPortlet.lambda$render$0(MonitoringInvokerPortlet.java:259) ~[?:?]
	at com.liferay.portal.monitoring.internal.portlet.MonitoringInvokerPortlet._render(MonitoringInvokerPortlet.java:363) ~[?:?]
	at com.liferay.portal.monitoring.internal.portlet.MonitoringInvokerPortlet.render(MonitoringInvokerPortlet.java:257) ~[?:?]
	at org.apache.jsp.html.portal.render_005fportlet_jsp._jspService(render_005fportlet_jsp.java:1413) ~[?:?]
	at org.apache.jasper.runtime.HttpJspBase.service(HttpJspBase.java:70) ~[jasper.jar:9.0.56]
	at javax.servlet.http.HttpServlet.service(HttpServlet.java:764) ~[servlet-api.jar:4.0.FR]
	at com.liferay.portal.servlet.DirectRequestDispatcher.include(DirectRequestDispatcher.java:64) ~[portal-impl.jar:?]
	at com.liferay.portal.servlet.DirectRequestDispatcherFactoryImpl$IndirectRequestDispatcher.include(DirectRequestDispatcherFactoryImpl.java:190) ~[portal-impl.jar:?]
	at com.liferay.portal.servlet.ClassLoaderRequestDispatcherWrapper.doDispatch(ClassLoaderRequestDispatcherWrapper.java:79) ~[portal-impl.jar:?]
	at com.liferay.portal.servlet.ClassLoaderRequestDispatcherWrapper.include(ClassLoaderRequestDispatcherWrapper.java:53) ~[portal-impl.jar:?]
	at com.liferay.portal.servlet.TransferHeadersHelperImpl$TransferHeadersRequestDispatcher.include(TransferHeadersHelperImpl.java:162) ~[portal-impl.jar:?]
	at com.liferay.portlet.internal.PortletContainerImpl._render(PortletContainerImpl.java:899) ~[portal-impl.jar:?]
	at com.liferay.portlet.internal.PortletContainerImpl.lambda$render$2(PortletContainerImpl.java:223) ~[portal-impl.jar:?]
	at com.liferay.portlet.internal.PortletContainerImpl._preserveGroupIds(PortletContainerImpl.java:421) ~[portal-impl.jar:?]
	at com.liferay.portlet.internal.PortletContainerImpl.render(PortletContainerImpl.java:211) ~[portal-impl.jar:?]
	at com.liferay.portlet.SecurityPortletContainerWrapper.render(SecurityPortletContainerWrapper.java:134) ~[portal-impl.jar:?]
	at com.liferay.portlet.RestrictPortletContainerWrapper.lambda$render$0(RestrictPortletContainerWrapper.java:124) ~[portal-impl.jar:?]
	at com.liferay.portlet.RestrictPortletContainerWrapper._render(RestrictPortletContainerWrapper.java:185) [portal-impl.jar:?]
	at com.liferay.portlet.RestrictPortletContainerWrapper.render(RestrictPortletContainerWrapper.java:122) [portal-impl.jar:?]
	at com.liferay.portal.kernel.portlet.PortletContainerUtil.render(PortletContainerUtil.java:214) [portal-kernel.jar:?]
	at com.liferay.taglib.portletext.RuntimeTag.doTag(RuntimeTag.java:388) [bundleFile:?]
	at com.liferay.fragment.internal.renderer.FragmentPortletRendererImpl.renderPortlet(FragmentPortletRendererImpl.java:70) [bundleFile:?]
	at com.liferay.fragment.entry.processor.portlet.PortletFragmentEntryProcessor._renderWidgetHTML(PortletFragmentEntryProcessor.java:423) [bundleFile:?]
	at com.liferay.fragment.entry.processor.portlet.PortletFragmentEntryProcessor.processFragmentEntryLinkHTML(PortletFragmentEntryProcessor.java:122) [bundleFile:?]
	at com.liferay.fragment.internal.processor.FragmentEntryProcessorRegistryImpl.processFragmentEntryLinkHTML(FragmentEntryProcessorRegistryImpl.java:148) [bundleFile:?]
	at com.liferay.fragment.internal.renderer.FragmentEntryFragmentRenderer._renderFragmentEntryLink(FragmentEntryFragmentRenderer.java:414) [bundleFile:?]
	at com.liferay.fragment.internal.renderer.FragmentEntryFragmentRenderer.render(FragmentEntryFragmentRenderer.java:113) [bundleFile:?]
	at com.liferay.fragment.internal.renderer.FragmentRendererControllerImpl.render(FragmentRendererControllerImpl.java:107) [bundleFile:?]
	at com.liferay.layout.taglib.servlet.taglib.RenderLayoutStructureTag._renderFragmentStyledLayoutStructureItem(RenderLayoutStructureTag.java:952) [bundleFile:?]
	at com.liferay.layout.taglib.servlet.taglib.RenderLayoutStructureTag._renderLayoutStructure(RenderLayoutStructureTag.java:1058) [bundleFile:?]
	at com.liferay.layout.taglib.servlet.taglib.RenderLayoutStructureTag._renderLayoutStructure(RenderLayoutStructureTag.java:1099) [bundleFile:?]
	at com.liferay.layout.taglib.servlet.taglib.RenderLayoutStructureTag.processStartTag(RenderLayoutStructureTag.java:164) [bundleFile:?]
	at com.liferay.taglib.util.IncludeTag.doStartTag(IncludeTag.java:116) [bundleFile:?]
	at org.apache.jsp.render_005ffragment_005flayout.page_jsp._jspService(page_jsp:249) [?:?]
	at org.apache.jasper.runtime.HttpJspBase.service(HttpJspBase.java:111) [javax.servlet.jsp-2.3.3-b02.LIFERAY-PATCHED-9.jar:9.0.56]
	at javax.servlet.http.HttpServlet.service(HttpServlet.java:764) [servlet-api.jar:4.0.FR]
	at org.apache.jasper.servlet.JspServletWrapper.service(JspServletWrapper.java:411) [javax.servlet.jsp-2.3.3-b02.LIFERAY-PATCHED-9.jar:9.0.56]
	at org.apache.jasper.servlet.JspServlet.serviceJspFile(JspServlet.java:473) [javax.servlet.jsp-2.3.3-b02.LIFERAY-PATCHED-9.jar:9.0.56]
	at org.apache.jasper.servlet.JspServlet.service(JspServlet.java:377) [javax.servlet.jsp-2.3.3-b02.LIFERAY-PATCHED-9.jar:9.0.56]
	at javax.servlet.http.HttpServlet.service(HttpServlet.java:764) [servlet-api.jar:4.0.FR]
	at com.liferay.portal.osgi.web.servlet.jsp.compiler.internal.JspServlet.service(JspServlet.java:328) [bundleFile:?]
	at com.liferay.portal.osgi.web.servlet.jsp.compiler.internal.JspServlet.service(JspServlet.java:340) [bundleFile:?]
	at org.eclipse.equinox.http.servlet.internal.registration.EndpointRegistration.service(EndpointRegistration.java:153) [bundleFile:?]
	at org.eclipse.equinox.http.servlet.internal.servlet.ResponseStateHandler.processRequest(ResponseStateHandler.java:62) [bundleFile:?]
	at org.eclipse.equinox.http.servlet.internal.context.DispatchTargets.doDispatch(DispatchTargets.java:120) [bundleFile:?]
	at org.eclipse.equinox.http.servlet.internal.servlet.RequestDispatcherAdaptor.include(RequestDispatcherAdaptor.java:48) [bundleFile:?]
	at com.liferay.portal.servlet.DirectServletPathRegisterDispatcher.include(DirectServletPathRegisterDispatcher.java:67) [portal-impl.jar:?]
	at com.liferay.portal.servlet.DirectRequestDispatcherFactoryImpl$IndirectRequestDispatcher.include(DirectRequestDispatcherFactoryImpl.java:190) [portal-impl.jar:?]
	at com.liferay.portal.servlet.ClassLoaderRequestDispatcherWrapper.doDispatch(ClassLoaderRequestDispatcherWrapper.java:79) [portal-impl.jar:?]
	at com.liferay.portal.servlet.ClassLoaderRequestDispatcherWrapper.include(ClassLoaderRequestDispatcherWrapper.java:53) [portal-impl.jar:?]
	at com.liferay.taglib.util.IncludeTag.includePage(IncludeTag.java:409) [bundleFile:?]
	at com.liferay.taglib.util.IncludeTag.include(IncludeTag.java:384) [bundleFile:?]
	at com.liferay.taglib.util.IncludeTag.doInclude(IncludeTag.java:217) [bundleFile:?]
	at com.liferay.taglib.util.IncludeTag.doEndTag(IncludeTag.java:88) [bundleFile:?]
	at org.apache.jsp.layout.view.content_jsp._jspService(content_jsp:172) [?:?]
	at org.apache.jasper.runtime.HttpJspBase.service(HttpJspBase.java:111) [javax.servlet.jsp-2.3.3-b02.LIFERAY-PATCHED-9.jar:9.0.56]
	at javax.servlet.http.HttpServlet.service(HttpServlet.java:764) [servlet-api.jar:4.0.FR]
	at org.apache.jasper.servlet.JspServletWrapper.service(JspServletWrapper.java:411) [javax.servlet.jsp-2.3.3-b02.LIFERAY-PATCHED-9.jar:9.0.56]
	at org.apache.jasper.servlet.JspServlet.serviceJspFile(JspServlet.java:473) [javax.servlet.jsp-2.3.3-b02.LIFERAY-PATCHED-9.jar:9.0.56]
	at org.apache.jasper.servlet.JspServlet.service(JspServlet.java:377) [javax.servlet.jsp-2.3.3-b02.LIFERAY-PATCHED-9.jar:9.0.56]
	at javax.servlet.http.HttpServlet.service(HttpServlet.java:764) [servlet-api.jar:4.0.FR]
	at com.liferay.portal.osgi.web.servlet.jsp.compiler.internal.JspServlet.service(JspServlet.java:328) [bundleFile:?]
	at com.liferay.portal.osgi.web.servlet.jsp.compiler.internal.JspServlet.service(JspServlet.java:340) [bundleFile:?]
	at org.eclipse.equinox.http.servlet.internal.registration.EndpointRegistration.service(EndpointRegistration.java:153) [bundleFile:?]
	at org.eclipse.equinox.http.servlet.internal.servlet.ResponseStateHandler.processRequest(ResponseStateHandler.java:62) [bundleFile:?]
	at org.eclipse.equinox.http.servlet.internal.context.DispatchTargets.doDispatch(DispatchTargets.java:120) [bundleFile:?]
	at org.eclipse.equinox.http.servlet.internal.servlet.RequestDispatcherAdaptor.include(RequestDispatcherAdaptor.java:48) [bundleFile:?]
	at com.liferay.portal.servlet.TransferHeadersHelperImpl$TransferHeadersRequestDispatcher.include(TransferHeadersHelperImpl.java:162) [portal-impl.jar:?]
	at com.liferay.layout.type.controller.content.internal.layout.type.controller.ContentLayoutTypeController.includeLayoutContent(ContentLayoutTypeController.java:216) [bundleFile:?]
	at com.liferay.portal.model.impl.LayoutImpl.includeLayoutContent(LayoutImpl.java:954) [portal-impl.jar:?]
	at com.liferay.portal.action.LayoutAction.processLayout(LayoutAction.java:434) [portal-impl.jar:?]
	at com.liferay.portal.action.LayoutAction.execute(LayoutAction.java:174) [portal-impl.jar:?]
	at com.liferay.portal.struts.PortalRequestProcessor._process(PortalRequestProcessor.java:395) [portal-impl.jar:?]
	at com.liferay.portal.struts.PortalRequestProcessor.process(PortalRequestProcessor.java:151) [portal-impl.jar:?]
	at com.liferay.portal.internal.servlet.MainServlet.doGet(MainServlet.java:200) [portal-impl.jar:?]
	at javax.servlet.http.HttpServlet.service(HttpServlet.java:655) [servlet-api.jar:4.0.FR]
	at com.liferay.portal.internal.servlet.MainServlet.service(MainServlet.java:600) [portal-impl.jar:?]
	at javax.servlet.http.HttpServlet.service(HttpServlet.java:764) [servlet-api.jar:4.0.FR]
	at com.liferay.shielded.container.internal.proxy.ServletWrapper.service(ServletWrapper.java:113) [com.liferay.shielded.container.impl.jar:?]
	at org.apache.catalina.core.ApplicationFilterChain.internalDoFilter(ApplicationFilterChain.java:227) [catalina.jar:9.0.56]
	at org.apache.catalina.core.ApplicationFilterChain.doFilter(ApplicationFilterChain.java:162) [catalina.jar:9.0.56]
	at org.apache.tomcat.websocket.server.WsFilter.doFilter(WsFilter.java:53) [tomcat-websocket.jar:9.0.56]
	at org.apache.catalina.core.ApplicationFilterChain.internalDoFilter(ApplicationFilterChain.java:189) [catalina.jar:9.0.56]
	at org.apache.catalina.core.ApplicationFilterChain.doFilter(ApplicationFilterChain.java:162) [catalina.jar:9.0.56]
	at com.liferay.portal.kernel.servlet.filters.invoker.InvokerFilterChain.doFilter(InvokerFilterChain.java:124) [portal-kernel.jar:?]
	at com.liferay.portal.kernel.servlet.BaseFilter.processFilter(BaseFilter.java:147) [portal-kernel.jar:?]
	at com.liferay.change.tracking.internal.servlet.filter.CTCollectionPreviewFilter.processFilter(CTCollectionPreviewFilter.java:66) [bundleFile:?]
	at com.liferay.portal.kernel.servlet.BaseFilter.doFilter(BaseFilter.java:49) [portal-kernel.jar:?]
	at com.liferay.portal.kernel.servlet.filters.invoker.InvokerFilterChain.processDoFilter(InvokerFilterChain.java:215) [portal-kernel.jar:?]
	at com.liferay.portal.kernel.servlet.filters.invoker.InvokerFilterChain.doFilter(InvokerFilterChain.java:116) [portal-kernel.jar:?]
	at com.liferay.portal.servlet.filters.password.modified.PasswordModifiedFilter.processFilter(PasswordModifiedFilter.java:62) [portal-impl.jar:?]
	at com.liferay.portal.kernel.servlet.BaseFilter.doFilter(BaseFilter.java:49) [portal-kernel.jar:?]
	at com.liferay.portal.kernel.servlet.filters.invoker.InvokerFilterChain.processDoFilter(InvokerFilterChain.java:215) [portal-kernel.jar:?]
	at com.liferay.portal.kernel.servlet.filters.invoker.InvokerFilterChain.doFilter(InvokerFilterChain.java:116) [portal-kernel.jar:?]
	at com.liferay.portal.servlet.filters.lockout.LockoutFilter.processFilter(LockoutFilter.java:58) [portal-impl.jar:?]
	at com.liferay.portal.kernel.servlet.BaseFilter.doFilter(BaseFilter.java:49) [portal-kernel.jar:?]
	at com.liferay.portal.kernel.servlet.filters.invoker.InvokerFilterChain.processDoFilter(InvokerFilterChain.java:215) [portal-kernel.jar:?]
	at com.liferay.portal.kernel.servlet.filters.invoker.InvokerFilterChain.doFilter(InvokerFilterChain.java:116) [portal-kernel.jar:?]
	at com.liferay.portal.kernel.servlet.BaseFilter.processFilter(BaseFilter.java:147) [portal-kernel.jar:?]
	at com.liferay.portal.servlet.filters.secure.BaseAuthFilter.processFilter(BaseAuthFilter.java:339) [portal-impl.jar:?]
	at com.liferay.portal.kernel.servlet.BaseFilter.doFilter(BaseFilter.java:49) [portal-kernel.jar:?]
	at com.liferay.portal.kernel.servlet.filters.invoker.InvokerFilterChain.processDoFilter(InvokerFilterChain.java:215) [portal-kernel.jar:?]
	at com.liferay.portal.kernel.servlet.filters.invoker.InvokerFilterChain.doFilter(InvokerFilterChain.java:116) [portal-kernel.jar:?]
	at com.liferay.portal.kernel.servlet.BaseFilter.processFilter(BaseFilter.java:147) [portal-kernel.jar:?]
	at com.liferay.portal.monitoring.internal.servlet.filter.MonitoringFilter.processFilter(MonitoringFilter.java:139) [bundleFile:?]
	at com.liferay.portal.kernel.servlet.BaseFilter.doFilter(BaseFilter.java:49) [portal-kernel.jar:?]
	at com.liferay.portal.kernel.servlet.filters.invoker.InvokerFilterChain.processDoFilter(InvokerFilterChain.java:215) [portal-kernel.jar:?]
	at com.liferay.portal.kernel.servlet.filters.invoker.InvokerFilterChain.doFilter(InvokerFilterChain.java:116) [portal-kernel.jar:?]
	at org.tuckey.web.filters.urlrewrite.RuleChain.handleRewrite(RuleChain.java:176) [urlrewritefilter-4.0.4.jar:4.0.4]
	at org.tuckey.web.filters.urlrewrite.RuleChain.doRules(RuleChain.java:145) [urlrewritefilter-4.0.4.jar:4.0.4]
	at org.tuckey.web.filters.urlrewrite.UrlRewriter.processRequest(UrlRewriter.java:92) [urlrewritefilter-4.0.4.jar:4.0.4]
	at org.tuckey.web.filters.urlrewrite.UrlRewriteFilter.doFilter(UrlRewriteFilter.java:389) [urlrewritefilter-4.0.4.jar:4.0.4]
	at com.liferay.portal.url.rewrite.filter.internal.URLRewriteFilter.processFilter(URLRewriteFilter.java:99) [bundleFile:?]
	at com.liferay.portal.kernel.servlet.BaseFilter.doFilter(BaseFilter.java:49) [portal-kernel.jar:?]
	at com.liferay.portal.kernel.servlet.filters.invoker.InvokerFilterChain.processDoFilter(InvokerFilterChain.java:215) [portal-kernel.jar:?]
	at com.liferay.portal.kernel.servlet.filters.invoker.InvokerFilterChain.doFilter(InvokerFilterChain.java:116) [portal-kernel.jar:?]
	at com.liferay.portal.kernel.servlet.filters.invoker.InvokerFilter.doFilter(InvokerFilter.java:104) [portal-kernel.jar:?]
	at com.liferay.shielded.container.internal.proxy.FilterWrapper.doFilter(FilterWrapper.java:79) [com.liferay.shielded.container.impl.jar:?]
	at org.apache.catalina.core.ApplicationFilterChain.internalDoFilter(ApplicationFilterChain.java:189) [catalina.jar:9.0.56]
	at org.apache.catalina.core.ApplicationFilterChain.doFilter(ApplicationFilterChain.java:162) [catalina.jar:9.0.56]
	at org.apache.catalina.core.ApplicationDispatcher.invoke(ApplicationDispatcher.java:711) [catalina.jar:9.0.56]
	at org.apache.catalina.core.ApplicationDispatcher.processRequest(ApplicationDispatcher.java:459) [catalina.jar:9.0.56]
	at org.apache.catalina.core.ApplicationDispatcher.doForward(ApplicationDispatcher.java:385) [catalina.jar:9.0.56]
	at org.apache.catalina.core.ApplicationDispatcher.forward(ApplicationDispatcher.java:313) [catalina.jar:9.0.56]
	at com.liferay.friendly.url.internal.servlet.FriendlyURLServlet.service(FriendlyURLServlet.java:537) [bundleFile:?]
	at javax.servlet.http.HttpServlet.service(HttpServlet.java:764) [servlet-api.jar:4.0.FR]
	at com.liferay.portal.servlet.ServletAdapter.service(ServletAdapter.java:98) [portal-impl.jar:?]
	at javax.servlet.http.HttpServlet.service(HttpServlet.java:764) [servlet-api.jar:4.0.FR]
	at com.liferay.shielded.container.internal.proxy.ServletWrapper.service(ServletWrapper.java:113) [com.liferay.shielded.container.impl.jar:?]
	at org.apache.catalina.core.ApplicationFilterChain.internalDoFilter(ApplicationFilterChain.java:227) [catalina.jar:9.0.56]
	at org.apache.catalina.core.ApplicationFilterChain.doFilter(ApplicationFilterChain.java:162) [catalina.jar:9.0.56]
	at org.apache.tomcat.websocket.server.WsFilter.doFilter(WsFilter.java:53) [tomcat-websocket.jar:9.0.56]
	at org.apache.catalina.core.ApplicationFilterChain.internalDoFilter(ApplicationFilterChain.java:189) [catalina.jar:9.0.56]
	at org.apache.catalina.core.ApplicationFilterChain.doFilter(ApplicationFilterChain.java:162) [catalina.jar:9.0.56]
	at com.liferay.portal.kernel.servlet.filters.invoker.InvokerFilterChain.doFilter(InvokerFilterChain.java:124) [portal-kernel.jar:?]
	at com.liferay.portal.kernel.servlet.BaseFilter.processFilter(BaseFilter.java:147) [portal-kernel.jar:?]
	at com.liferay.change.tracking.internal.servlet.filter.CTCollectionPreviewFilter.processFilter(CTCollectionPreviewFilter.java:66) [bundleFile:?]
	at com.liferay.portal.kernel.servlet.BaseFilter.doFilter(BaseFilter.java:49) [portal-kernel.jar:?]
	at com.liferay.portal.kernel.servlet.filters.invoker.InvokerFilterChain.processDoFilter(InvokerFilterChain.java:215) [portal-kernel.jar:?]
	at com.liferay.portal.kernel.servlet.filters.invoker.InvokerFilterChain.doFilter(InvokerFilterChain.java:116) [portal-kernel.jar:?]
	at com.liferay.portal.kernel.servlet.BaseFilter.processFilter(BaseFilter.java:147) [portal-kernel.jar:?]
	at com.liferay.portal.servlet.filters.i18n.I18nFilter.processFilter(I18nFilter.java:364) [portal-impl.jar:?]
	at com.liferay.portal.kernel.servlet.BaseFilter.doFilter(BaseFilter.java:49) [portal-kernel.jar:?]
	at com.liferay.portal.kernel.servlet.filters.invoker.InvokerFilterChain.processDoFilter(InvokerFilterChain.java:215) [portal-kernel.jar:?]
	at com.liferay.portal.kernel.servlet.filters.invoker.InvokerFilterChain.doFilter(InvokerFilterChain.java:116) [portal-kernel.jar:?]
	at com.liferay.portal.servlet.filters.password.modified.PasswordModifiedFilter.processFilter(PasswordModifiedFilter.java:62) [portal-impl.jar:?]
	at com.liferay.portal.kernel.servlet.BaseFilter.doFilter(BaseFilter.java:49) [portal-kernel.jar:?]
	at com.liferay.portal.kernel.servlet.filters.invoker.InvokerFilterChain.processDoFilter(InvokerFilterChain.java:215) [portal-kernel.jar:?]
	at com.liferay.portal.kernel.servlet.filters.invoker.InvokerFilterChain.doFilter(InvokerFilterChain.java:116) [portal-kernel.jar:?]
	at com.liferay.portal.servlet.filters.lockout.LockoutFilter.processFilter(LockoutFilter.java:58) [portal-impl.jar:?]
	at com.liferay.portal.kernel.servlet.BaseFilter.doFilter(BaseFilter.java:49) [portal-kernel.jar:?]
	at com.liferay.portal.kernel.servlet.filters.invoker.InvokerFilterChain.processDoFilter(InvokerFilterChain.java:215) [portal-kernel.jar:?]
	at com.liferay.portal.kernel.servlet.filters.invoker.InvokerFilterChain.doFilter(InvokerFilterChain.java:116) [portal-kernel.jar:?]
	at com.liferay.portal.kernel.servlet.BaseFilter.processFilter(BaseFilter.java:147) [portal-kernel.jar:?]
	at com.liferay.portal.servlet.filters.secure.BaseAuthFilter.processFilter(BaseAuthFilter.java:339) [portal-impl.jar:?]
	at com.liferay.portal.kernel.servlet.BaseFilter.doFilter(BaseFilter.java:49) [portal-kernel.jar:?]
	at com.liferay.portal.kernel.servlet.filters.invoker.InvokerFilterChain.processDoFilter(InvokerFilterChain.java:215) [portal-kernel.jar:?]
	at com.liferay.portal.kernel.servlet.filters.invoker.InvokerFilterChain.doFilter(InvokerFilterChain.java:116) [portal-kernel.jar:?]
	at com.liferay.portal.kernel.servlet.BaseFilter.processFilter(BaseFilter.java:147) [portal-kernel.jar:?]
	at com.liferay.portal.servlet.filters.autologin.AutoLoginFilter.processFilter(AutoLoginFilter.java:262) [portal-impl.jar:?]
	at com.liferay.portal.kernel.servlet.BaseFilter.doFilter(BaseFilter.java:49) [portal-kernel.jar:?]
	at com.liferay.portal.kernel.servlet.filters.invoker.InvokerFilterChain.processDoFilter(InvokerFilterChain.java:215) [portal-kernel.jar:?]
	at com.liferay.portal.kernel.servlet.filters.invoker.InvokerFilterChain.doFilter(InvokerFilterChain.java:116) [portal-kernel.jar:?]
	at com.liferay.portal.kernel.servlet.BaseFilter.processFilter(BaseFilter.java:147) [portal-kernel.jar:?]
	at com.liferay.portal.monitoring.internal.servlet.filter.MonitoringFilter.processFilter(MonitoringFilter.java:139) [bundleFile:?]
	at com.liferay.portal.kernel.servlet.BaseFilter.doFilter(BaseFilter.java:49) [portal-kernel.jar:?]
	at com.liferay.portal.kernel.servlet.filters.invoker.InvokerFilterChain.processDoFilter(InvokerFilterChain.java:215) [portal-kernel.jar:?]
	at com.liferay.portal.kernel.servlet.filters.invoker.InvokerFilterChain.doFilter(InvokerFilterChain.java:116) [portal-kernel.jar:?]
	at org.tuckey.web.filters.urlrewrite.RuleChain.handleRewrite(RuleChain.java:176) [urlrewritefilter-4.0.4.jar:4.0.4]
	at org.tuckey.web.filters.urlrewrite.RuleChain.doRules(RuleChain.java:145) [urlrewritefilter-4.0.4.jar:4.0.4]
	at org.tuckey.web.filters.urlrewrite.UrlRewriter.processRequest(UrlRewriter.java:92) [urlrewritefilter-4.0.4.jar:4.0.4]
	at org.tuckey.web.filters.urlrewrite.UrlRewriteFilter.doFilter(UrlRewriteFilter.java:389) [urlrewritefilter-4.0.4.jar:4.0.4]
	at com.liferay.portal.url.rewrite.filter.internal.URLRewriteFilter.processFilter(URLRewriteFilter.java:99) [bundleFile:?]
	at com.liferay.portal.kernel.servlet.BaseFilter.doFilter(BaseFilter.java:49) [portal-kernel.jar:?]
	at com.liferay.portal.kernel.servlet.filters.invoker.InvokerFilterChain.processDoFilter(InvokerFilterChain.java:215) [portal-kernel.jar:?]
	at com.liferay.portal.kernel.servlet.filters.invoker.InvokerFilterChain.doFilter(InvokerFilterChain.java:116) [portal-kernel.jar:?]
	at com.liferay.portal.kernel.servlet.filters.invoker.InvokerFilter.doFilter(InvokerFilter.java:104) [portal-kernel.jar:?]
	at com.liferay.shielded.container.internal.proxy.FilterWrapper.doFilter(FilterWrapper.java:79) [com.liferay.shielded.container.impl.jar:?]
	at org.apache.catalina.core.ApplicationFilterChain.internalDoFilter(ApplicationFilterChain.java:189) [catalina.jar:9.0.56]
	at org.apache.catalina.core.ApplicationFilterChain.doFilter(ApplicationFilterChain.java:162) [catalina.jar:9.0.56]
	at org.apache.catalina.core.ApplicationDispatcher.invoke(ApplicationDispatcher.java:711) [catalina.jar:9.0.56]
	at org.apache.catalina.core.ApplicationDispatcher.processRequest(ApplicationDispatcher.java:459) [catalina.jar:9.0.56]
	at org.apache.catalina.core.ApplicationDispatcher.doForward(ApplicationDispatcher.java:385) [catalina.jar:9.0.56]
	at org.apache.catalina.core.ApplicationDispatcher.forward(ApplicationDispatcher.java:313) [catalina.jar:9.0.56]
	at com.liferay.portal.servlet.filters.virtualhost.VirtualHostFilter.processFilter(VirtualHostFilter.java:378) [portal-impl.jar:?]
	at com.liferay.portal.kernel.servlet.BaseFilter.doFilter(BaseFilter.java:49) [portal-kernel.jar:?]
	at com.liferay.portal.kernel.servlet.filters.invoker.InvokerFilterChain.processDoFilter(InvokerFilterChain.java:215) [portal-kernel.jar:?]
	at com.liferay.portal.kernel.servlet.filters.invoker.InvokerFilterChain.doFilter(InvokerFilterChain.java:116) [portal-kernel.jar:?]
	at com.liferay.portal.kernel.servlet.filters.invoker.InvokerFilterChain.processDirectCallFilter(InvokerFilterChain.java:196) [portal-kernel.jar:?]
	at com.liferay.portal.kernel.servlet.filters.invoker.InvokerFilterChain.doFilter(InvokerFilterChain.java:99) [portal-kernel.jar:?]
	at com.liferay.portal.kernel.servlet.filters.invoker.InvokerFilterChain.processDirectCallFilter(InvokerFilterChain.java:196) [portal-kernel.jar:?]
	at com.liferay.portal.kernel.servlet.filters.invoker.InvokerFilterChain.doFilter(InvokerFilterChain.java:99) [portal-kernel.jar:?]
	at org.tuckey.web.filters.urlrewrite.RuleChain.handleRewrite(RuleChain.java:176) [urlrewritefilter-4.0.4.jar:4.0.4]
	at org.tuckey.web.filters.urlrewrite.RuleChain.doRules(RuleChain.java:145) [urlrewritefilter-4.0.4.jar:4.0.4]
	at org.tuckey.web.filters.urlrewrite.UrlRewriter.processRequest(UrlRewriter.java:92) [urlrewritefilter-4.0.4.jar:4.0.4]
	at org.tuckey.web.filters.urlrewrite.UrlRewriteFilter.doFilter(UrlRewriteFilter.java:389) [urlrewritefilter-4.0.4.jar:4.0.4]
	at com.liferay.portal.url.rewrite.filter.internal.URLRewriteFilter.processFilter(URLRewriteFilter.java:99) [bundleFile:?]
	at com.liferay.portal.kernel.servlet.BaseFilter.doFilter(BaseFilter.java:49) [portal-kernel.jar:?]
	at com.liferay.portal.kernel.servlet.filters.invoker.InvokerFilterChain.processDoFilter(InvokerFilterChain.java:215) [portal-kernel.jar:?]
	at com.liferay.portal.kernel.servlet.filters.invoker.InvokerFilterChain.doFilter(InvokerFilterChain.java:116) [portal-kernel.jar:?]
	at com.liferay.portal.kernel.servlet.filters.invoker.InvokerFilterChain.processDirectCallFilter(InvokerFilterChain.java:175) [portal-kernel.jar:?]
	at com.liferay.portal.kernel.servlet.filters.invoker.InvokerFilterChain.doFilter(InvokerFilterChain.java:99) [portal-kernel.jar:?]
	at com.liferay.portal.kernel.servlet.filters.invoker.InvokerFilterChain.processDirectCallFilter(InvokerFilterChain.java:175) [portal-kernel.jar:?]
	at com.liferay.portal.kernel.servlet.filters.invoker.InvokerFilterChain.doFilter(InvokerFilterChain.java:99) [portal-kernel.jar:?]
	at com.liferay.portal.kernel.servlet.filters.invoker.InvokerFilterChain.processDirectCallFilter(InvokerFilterChain.java:196) [portal-kernel.jar:?]
	at com.liferay.portal.kernel.servlet.filters.invoker.InvokerFilterChain.doFilter(InvokerFilterChain.java:99) [portal-kernel.jar:?]
	at com.liferay.portal.kernel.servlet.filters.invoker.InvokerFilter.doFilter(InvokerFilter.java:104) [portal-kernel.jar:?]
	at com.liferay.shielded.container.internal.proxy.FilterWrapper.doFilter(FilterWrapper.java:79) [com.liferay.shielded.container.impl.jar:?]
	at org.apache.catalina.core.ApplicationFilterChain.internalDoFilter(ApplicationFilterChain.java:189) [catalina.jar:9.0.56]
	at org.apache.catalina.core.ApplicationFilterChain.doFilter(ApplicationFilterChain.java:162) [catalina.jar:9.0.56]
	at org.apache.catalina.core.StandardWrapperValve.invoke(StandardWrapperValve.java:197) [catalina.jar:9.0.56]
	at org.apache.catalina.core.StandardContextValve.invoke(StandardContextValve.java:97) [catalina.jar:9.0.56]
	at org.apache.catalina.authenticator.AuthenticatorBase.invoke(AuthenticatorBase.java:540) [catalina.jar:9.0.56]
	at org.apache.catalina.core.StandardHostValve.invoke(StandardHostValve.java:135) [catalina.jar:9.0.56]
	at org.apache.catalina.valves.ErrorReportValve.invoke(ErrorReportValve.java:92) [catalina.jar:9.0.56]
	at org.apache.catalina.core.StandardEngineValve.invoke(StandardEngineValve.java:78) [catalina.jar:9.0.56]
	at org.apache.catalina.connector.CoyoteAdapter.service(CoyoteAdapter.java:357) [catalina.jar:9.0.56]
	at org.apache.coyote.http11.Http11Processor.service(Http11Processor.java:382) [tomcat-coyote.jar:9.0.56]
	at org.apache.coyote.AbstractProcessorLight.process(AbstractProcessorLight.java:65) [tomcat-coyote.jar:9.0.56]
	at org.apache.coyote.AbstractProtocol$ConnectionHandler.process(AbstractProtocol.java:895) [tomcat-coyote.jar:9.0.56]
	at org.apache.tomcat.util.net.NioEndpoint$SocketProcessor.doRun(NioEndpoint.java:1732) [tomcat-coyote.jar:9.0.56]
	at org.apache.tomcat.util.net.SocketProcessorBase.run(SocketProcessorBase.java:49) [tomcat-coyote.jar:9.0.56]
	at org.apache.tomcat.util.threads.ThreadPoolExecutor.runWorker(ThreadPoolExecutor.java:1191) [tomcat-util.jar:9.0.56]
	at org.apache.tomcat.util.threads.ThreadPoolExecutor$Worker.run(ThreadPoolExecutor.java:659) [tomcat-util.jar:9.0.56]
	at org.apache.tomcat.util.threads.TaskThread$WrappingRunnable.run(TaskThread.java:61) [tomcat-util.jar:9.0.56]
	at java.lang.Thread.run(Thread.java:750) [?:1.8.0_341]
Caused by: com.liferay.portal.kernel.log.LogSanitizerException: org.apache.jasper.JasperException: PWC6033: Error in Javac compilation for JSP__PWC6197: An error occurred at line: 9 in the jsp file: /detalle.jsp_PWC6199: Generated servlet error:_cannot find symbol_  symbol:   variable groupId_  location: class org.apache.jsp.detalle_jsp__ [Sanitized]
	at org.apache.jasper.compiler.DefaultErrorHandler.javacError(DefaultErrorHandler.java:129) ~[jasper.jar:9.0.56]
	at org.apache.jasper.compiler.ErrorDispatcher.javacError(ErrorDispatcher.java:299) ~[jasper.jar:9.0.56]
	at org.apache.jasper.compiler.Compiler.generateClass(Compiler.java:392) ~[jasper.jar:9.0.56]
	at org.apache.jasper.compiler.Compiler.compile(Compiler.java:453) ~[jasper.jar:9.0.56]
	at com.liferay.portal.osgi.web.servlet.jsp.compiler.internal.CompilerWrapper.compile(CompilerWrapper.java:74) ~[?:?]
	at org.apache.jasper.JspCompilationContext.compile(JspCompilationContext.java:645) ~[jasper.jar:9.0.56]
	at org.apache.jasper.servlet.JspServletWrapper.service(JspServletWrapper.java:375) ~[jasper.jar:9.0.56]
	at org.apache.jasper.servlet.JspServlet.serviceJspFile(JspServlet.java:473) ~[jasper.jar:9.0.56]
	at org.apache.jasper.servlet.JspServlet.service(JspServlet.java:377) ~[jasper.jar:9.0.56]
	at javax.servlet.http.HttpServlet.service(HttpServlet.java:764) ~[servlet-api.jar:4.0.FR]
	at com.liferay.portal.osgi.web.servlet.jsp.compiler.internal.JspServlet.service(JspServlet.java:328) ~[?:?]
	at com.liferay.portal.osgi.web.servlet.jsp.compiler.internal.JspServlet.service(JspServlet.java:340) ~[?:?]
	at org.eclipse.equinox.http.servlet.internal.registration.EndpointRegistration.service(EndpointRegistration.java:153) ~[?:?]
	at org.eclipse.equinox.http.servlet.internal.servlet.ResponseStateHandler.processRequest(ResponseStateHandler.java:62) ~[?:?]
	at org.eclipse.equinox.http.servlet.internal.context.DispatchTargets.doDispatch(DispatchTargets.java:120) ~[?:?]
	at org.eclipse.equinox.http.servlet.internal.servlet.RequestDispatcherAdaptor.include(RequestDispatcherAdaptor.java:48) ~[?:?]
	at com.liferay.portlet.internal.PortletRequestDispatcherImpl.dispatch(PortletRequestDispatcherImpl.java:291) ~[portal-impl.jar:?]
	... 245 more
2022-10-25 13:49:25.597 ERROR [http-nio-8080-exec-9][render_portlet_jsp:131] null
com.liferay.portal.kernel.log.LogSanitizerException: org.apache.jasper.JasperException: PWC6033: Error in Javac compilation for JSP__PWC6197: An error occurred at line: 9 in the jsp file: /detalle.jsp_PWC6199: Generated servlet error:_cannot find symbol_  symbol:   variable groupId_  location: class org.apache.jsp.detalle_jsp__ [Sanitized]
	at org.apache.jasper.compiler.DefaultErrorHandler.javacError(DefaultErrorHandler.java:129) ~[jasper.jar:9.0.56]
	at org.apache.jasper.compiler.ErrorDispatcher.javacError(ErrorDispatcher.java:299) ~[jasper.jar:9.0.56]
	at org.apache.jasper.compiler.Compiler.generateClass(Compiler.java:392) ~[jasper.jar:9.0.56]
	at org.apache.jasper.compiler.Compiler.compile(Compiler.java:453) ~[jasper.jar:9.0.56]
	at com.liferay.portal.osgi.web.servlet.jsp.compiler.internal.CompilerWrapper.compile(CompilerWrapper.java:74) ~[?:?]
	at org.apache.jasper.JspCompilationContext.compile(JspCompilationContext.java:645) ~[jasper.jar:9.0.56]
	at org.apache.jasper.servlet.JspServletWrapper.service(JspServletWrapper.java:375) ~[jasper.jar:9.0.56]
	at org.apache.jasper.servlet.JspServlet.serviceJspFile(JspServlet.java:473) ~[jasper.jar:9.0.56]
	at org.apache.jasper.servlet.JspServlet.service(JspServlet.java:377) ~[jasper.jar:9.0.56]
	at javax.servlet.http.HttpServlet.service(HttpServlet.java:764) ~[servlet-api.jar:4.0.FR]
	at com.liferay.portal.osgi.web.servlet.jsp.compiler.internal.JspServlet.service(JspServlet.java:328) ~[?:?]
	at com.liferay.portal.osgi.web.servlet.jsp.compiler.internal.JspServlet.service(JspServlet.java:340) ~[?:?]
	at org.eclipse.equinox.http.servlet.internal.registration.EndpointRegistration.service(EndpointRegistration.java:153) ~[?:?]
	at org.eclipse.equinox.http.servlet.internal.servlet.ResponseStateHandler.processRequest(ResponseStateHandler.java:62) ~[?:?]
	at org.eclipse.equinox.http.servlet.internal.context.DispatchTargets.doDispatch(DispatchTargets.java:120) ~[?:?]
	at org.eclipse.equinox.http.servlet.internal.servlet.RequestDispatcherAdaptor.include(RequestDispatcherAdaptor.java:48) ~[?:?]
	at com.liferay.portlet.internal.PortletRequestDispatcherImpl.dispatch(PortletRequestDispatcherImpl.java:291) ~[portal-impl.jar:?]
	at com.liferay.portlet.internal.PortletRequestDispatcherImpl.include(PortletRequestDispatcherImpl.java:123) ~[portal-impl.jar:?]
	at com.liferay.portal.kernel.portlet.bridges.mvc.MVCPortlet.include(MVCPortlet.java:620) ~[portal-kernel.jar:?]
	at com.liferay.portal.kernel.portlet.bridges.mvc.MVCPortlet.include(MVCPortlet.java:636) ~[portal-kernel.jar:?]
2022-10-25 14:10:26.888 INFO  [main][SystemCheckOSGiCommands:61] System check is enabled. You can run a system check with the command "system:check" in Gogo shell.
2022-10-25 14:10:26.890 INFO  [main][SystemCheckOSGiCommands:73] Running system check
2022-10-25 14:10:26.891 INFO  [main][SystemCheckOSGiCommands:95] Available checkers :[Declarative Service Soft Circular Dependency Checker, Declarative Service Unsatisfied Component Checker, Spring Extender Unavailable Component Checker]
2022-10-25 14:10:26.891 INFO  [main][SystemCheckOSGiCommands:111] Running "Declarative Service Soft Circular Dependency Checker". You can run this by itself with command "ds:softCircularDependency" in gogo shell.
2022-10-25 14:10:28.229 INFO  [main][SystemCheckOSGiCommands:123] Declarative Service Soft Circular Dependency Checker check result: No issues were found.
2022-10-25 14:10:28.230 INFO  [main][SystemCheckOSGiCommands:111] Running "Declarative Service Unsatisfied Component Checker". You can run this by itself with command "ds:unsatisfied" in gogo shell.
2022-10-25 14:10:45.832 INFO  [main][SystemCheckOSGiCommands:123] Declarative Service Unsatisfied Component Checker check result: No issues were found.
2022-10-25 14:10:45.832 INFO  [main][SystemCheckOSGiCommands:111] Running "Spring Extender Unavailable Component Checker". You can run this by itself with command "dm na" in gogo shell.
2022-10-25 14:10:45.834 INFO  [main][SystemCheckOSGiCommands:123] Spring Extender Unavailable Component Checker check result: No issues were found.
